License Id=7fc7b39b-acb6-48a2-bab9-e73cf3f5a506","1004","0","16384","4","0","0","36028797018963968","325","Microsoft-Windows-Security-SPP","e23b33b0-c8c9-472c-a5f9-f2bdfea0f156","Application","0","0","ServerDC2",,"3/18/2025 6:37:23 AM",,,"Application","System.UInt32[]","System.Diagnostics.Eventing.Reader.EventBookmark","Information",,,"System.Collections.ObjectModel.ReadOnlyCollection`1[System.String]","System.Collections.Generic.List`1[System.Diagnostics.Eventing.Reader.EventProperty]"
"The Software Protection service has successfully installed the license.
License Title=Windows(R) UL oob License (Private)
License Id=ce8949fd-8786-4e87-9831-9d081f7a863f","1004","0","16384","4","0","0","36028797018963968","324","Microsoft-Windows-Security-SPP","e23b33b0-c8c9-472c-a5f9-f2bdfea0f156","Application","0","0","ServerDC2",,"3/18/2025 6:37:23 AM",,,"Application","System.UInt32[]","System.Diagnostics.Eventing.Reader.EventBookmark","Information",,,"System.Collections.ObjectModel.ReadOnlyCollection`1[System.String]","System.Collections.Generic.List`1[System.Diagnostics.Eventing.Reader.EventProperty]"
"The Software Protection service has successfully installed the license.
License Title=Windows(R) UL oob License (Public)
License Id=a6516613-5028-488d-8a39-f6805ec42ff0","1004","0","16384","4","0","0","36028797018963968","323","Microsoft-Windows-Security-SPP","e23b33b0-c8c9-472c-a5f9-f2bdfea0f156","Application","0","0","ServerDC2",,"3/18/2025 6:37:23 AM",,,"Application","System.UInt32[]","System.Diagnostics.Eventing.Reader.EventBookmark","Information",,,"System.Collections.ObjectModel.ReadOnlyCollection`1[System.String]","System.Collections.Generic.List`1[System.Diagnostics.Eventing.Reader.EventProperty]"
"The Software Protection service has successfully installed the license.
License Title=Windows(R) Publishing License (Private)
License Id=bb6c77b5-65a0-4d20-b2d7-034671b4ab6c","1004","0","16384","4","0","0","36028797018963968","322","Microsoft-Windows-Security-SPP","e23b33b0-c8c9-472c-a5f9-f2bdfea0f156","Application","0","0","ServerDC2",,"3/18/2025 6:37:23 AM",,,"Application","System.UInt32[]","System.Diagnostics.Eventing.Reader.EventBookmark","Information",,,"System.Collections.ObjectModel.ReadOnlyCollection`1[System.String]","System.Collections.Generic.List`1[System.Diagnostics.Eventing.Reader.EventProperty]"
"The Software Protection service has successfully installed the license.
License Title=Windows(R) Publishing License (Public)
License Id=3983fb02-7188-4755-8b8b-f9300f19c73c","1004","0","16384","4","0","0","36028797018963968","321","Microsoft-Windows-Security-SPP","e23b33b0-c8c9-472c-a5f9-f2bdfea0f156","Application","0","0","ServerDC2",,"3/18/2025 6:37:23 AM",,,"Application","System.UInt32[]","System.Diagnostics.Eventing.Reader.EventBookmark","Information",,,"System.Collections.ObjectModel.ReadOnlyCollection`1[System.String]","System.Collections.Generic.List`1[System.Diagnostics.Eventing.Reader.EventProperty]"
"The Software Protection service has successfully installed the license.
License Title=Windows(R) UL store License (Private)
License Id=ee5d4d16-d96c-4ec0-8190-a5bf21844f9d","1004","0","16384","4","0","0","36028797018963968","320","Microsoft-Windows-Security-SPP","e23b33b0-c8c9-472c-a5f9-f2bdfea0f156","Application","0","0","ServerDC2",,"3/18/2025 6:37:23 AM",,,"Application","System.UInt32[]","System.Diagnostics.Eventing.Reader.EventBookmark","Information",,,"System.Collections.ObjectModel.ReadOnlyCollection`1[System.String]","System.Collections.Generic.List`1[System.Diagnostics.Eventing.Reader.EventProperty]"
"The Software Protection service has successfully installed the license.
License Title=Windows(R) UL store License (Public)
License Id=28fcb314-5af1-4421-8466-1493a0baaa55","1004","0","16384","4","0","0","36028797018963968","319","Microsoft-Windows-Security-SPP","e23b33b0-c8c9-472c-a5f9-f2bdfea0f156","Application","0","0","ServerDC2",,"3/18/2025 6:37:23 AM",,,"Application","System.UInt32[]","System.Diagnostics.Eventing.Reader.EventBookmark","Information",,,"System.Collections.ObjectModel.ReadOnlyCollection`1[System.String]","System.Collections.Generic.List`1[System.Diagnostics.Eventing.Reader.EventProperty]"
"The Software Protection service has successfully installed the license.
License Title=Windows(R) UL phone License (Private)
License Id=b60b1bb6-e173-486a-9b9b-97de75b1bc1a","1004","0","16384","4","0","0","36028797018963968","318","Microsoft-Windows-Security-SPP","e23b33b0-c8c9-472c-a5f9-f2bdfea0f156","Application","0","0","ServerDC2",,"3/18/2025 6:37:23 AM",,,"Application","System.UInt32[]","System.Diagnostics.Eventing.Reader.EventBookmark","Information",,,"System.Collections.ObjectModel.ReadOnlyCollection`1[System.String]","System.Collections.Generic.List`1[System.Diagnostics.Eventing.Reader.EventProperty]"
"The Software Protection service has successfully installed the license.
License Title=Windows(R) UL phone License (Public)
License Id=f008b9d0-50c4-4856-b6ff-c09e884825d0","1004","0","16384","4","0","0","36028797018963968","317","Microsoft-Windows-Security-SPP","e23b33b0-c8c9-472c-a5f9-f2bdfea0f156","Application","0","0","ServerDC2",,"3/18/2025 6:37:23 AM",,,"Application","System.UInt32[]","System.Diagnostics.Eventing.Reader.EventBookmark","Information",,,"System.Collections.ObjectModel.ReadOnlyCollection`1[System.String]","System.Collections.Generic.List`1[System.Diagnostics.Eventing.Reader.EventProperty]"
"The Software Protection service has successfully installed the license.
License Title=Windows(R) UL oob License (Private)
License Id=8de53e69-39be-471a-ba15-18dcff40c175","1004","0","16384","4","0","0","36028797018963968","316","Microsoft-Windows-Security-SPP","e23b33b0-c8c9-472c-a5f9-f2bdfea0f156","Application","0","0","ServerDC2",,"3/18/2025 6:37:23 AM",,,"Application","System.UInt32[]","System.Diagnostics.Eventing.Reader.EventBookmark","Information",,,"System.Collections.ObjectModel.ReadOnlyCollection`1[System.String]","System.Collections.Generic.List`1[System.Diagnostics.Eventing.Reader.EventProperty]"
"The Software Protection service has successfully installed the license.
License Title=Windows(R) UL oob License (Public)
License Id=d5930409-25df-45f3-aa67-2df13ab50032","1004","0","16384","4","0","0","36028797018963968","315","Microsoft-Windows-Security-SPP","e23b33b0-c8c9-472c-a5f9-f2bdfea0f156","Application","0","0","ServerDC2",,"3/18/2025 6:37:23 AM",,,"Application","System.UInt32[]","System.Diagnostics.Eventing.Reader.EventBookmark","Information",,,"System.Collections.ObjectModel.ReadOnlyCollection`1[System.String]","System.Collections.Generic.List`1[System.Diagnostics.Eventing.Reader.EventProperty]"
"The Software Protection service has successfully installed the license.
License Title=Windows(R) Publishing License (Private)
License Id=dd2dcf7b-0b6a-444a-95d8-fe939dbe0411","1004","0","16384","4","0","0","36028797018963968","314","Microsoft-Windows-Security-SPP","e23b33b0-c8c9-472c-a5f9-f2bdfea0f156","Application","0","0","ServerDC2",,"3/18/2025 6:37:23 AM",,,"Application","System.UInt32[]","System.Diagnostics.Eventing.Reader.EventBookmark","Information",,,"System.Collections.ObjectModel.ReadOnlyCollection`1[System.String]","System.Collections.Generic.List`1[System.Diagnostics.Eventing.Reader.EventProperty]"
"The Software Protection service has successfully installed the license.
License Title=Windows(R) Publishing License (Public)
License Id=846202b9-6fe9-4e27-9894-4d41ab16e149","1004","0","16384","4","0","0","36028797018963968","313","Microsoft-Windows-Security-SPP","e23b33b0-c8c9-472c-a5f9-f2bdfea0f156","Application","0","0","ServerDC2",,"3/18/2025 6:37:23 AM",,,"Application","System.UInt32[]","System.Diagnostics.Eventing.Reader.EventBookmark","Information",,,"System.Collections.ObjectModel.ReadOnlyCollection`1[System.String]","System.Collections.Generic.List`1[System.Diagnostics.Eventing.Reader.EventProperty]"
"The Software Protection service has successfully installed the license.
License Title=Windows(R) UL store License (Private)
License Id=57514a0c-82c4-406c-ba9e-a35850b4e81d","1004","0","16384","4","0","0","36028797018963968","312","Microsoft-Windows-Security-SPP","e23b33b0-c8c9-472c-a5f9-f2bdfea0f156","Application","0","0","ServerDC2",,"3/18/2025 6:37:23 AM",,,"Application","System.UInt32[]","System.Diagnostics.Eventing.Reader.EventBookmark","Information",,,"System.Collections.ObjectModel.ReadOnlyCollection`1[System.String]","System.Collections.Generic.List`1[System.Diagnostics.Eventing.Reader.EventProperty]"
"The Software Protection service has successfully installed the license.
License Title=Windows(R) UL store License (Public)
License Id=e1902084-584e-42df-9c9b-46b867db1ee3","1004","0","16384","4","0","0","36028797018963968","311","Microsoft-Windows-Security-SPP","e23b33b0-c8c9-472c-a5f9-f2bdfea0f156","Application","0","0","ServerDC2",,"3/18/2025 6:37:23 AM",,,"Application","System.UInt32[]","System.Diagnostics.Eventing.Reader.EventBookmark","Information",,,"System.Collections.ObjectModel.ReadOnlyCollection`1[System.String]","System.Collections.Generic.List`1[System.Diagnostics.Eventing.Reader.EventProperty]"
"The Software Protection service has successfully installed the license.
License Title=Windows(R) UL phone License (Private)
License Id=a31999f6-50eb-4006-acf7-1d94a8e37b22","1004","0","16384","4","0","0","36028797018963968","310","Microsoft-Windows-Security-SPP","e23b33b0-c8c9-472c-a5f9-f2bdfea0f156","Application","0","0","ServerDC2",,"3/18/2025 6:37:23 AM",,,"Application","System.UInt32[]","System.Diagnostics.Eventing.Reader.EventBookmark","Information",,,"System.Collections.ObjectModel.ReadOnlyCollection`1[System.String]","System.Collections.Generic.List`1[System.Diagnostics.Eventing.Reader.EventProperty]"
"The Software Protection service has successfully installed the license.
License Title=Windows(R) UL phone License (Public)
License Id=2ba743bc-f2b2-4061-8ac8-6817f76d3f05","1004","0","16384","4","0","0","36028797018963968","309","Microsoft-Windows-Security-SPP","e23b33b0-c8c9-472c-a5f9-f2bdfea0f156","Application","0","0","ServerDC2",,"3/18/2025 6:37:23 AM",,,"Application","System.UInt32[]","System.Diagnostics.Eventing.Reader.EventBookmark","Information",,,"System.Collections.ObjectModel.ReadOnlyCollection`1[System.String]","System.Collections.Generic.List`1[System.Diagnostics.Eventing.Reader.EventProperty]"
"The Software Protection service has successfully installed the license.
License Title=Windows(R) UL oob License (Private)
License Id=41173286-d3e4-4955-b201-2b0fe4d465b6","1004","0","16384","4","0","0","36028797018963968","308","Microsoft-Windows-Security-SPP","e23b33b0-c8c9-472c-a5f9-f2bdfea0f156","Application","0","0","ServerDC2",,"3/18/2025 6:37:23 AM",,,"Application","System.UInt32[]","System.Diagnostics.Eventing.Reader.EventBookmark","Information",,,"System.Collections.ObjectModel.ReadOnlyCollection`1[System.String]","System.Collections.Generic.List`1[System.Diagnostics.Eventing.Reader.EventProperty]"
"The Software Protection service has successfully installed the license.
License Title=Windows(R) UL oob License (Public)
License Id=76554710-ca92-4321-b9aa-a9aa58b20601","1004","0","16384","4","0","0","36028797018963968","307","Microsoft-Windows-Security-SPP","e23b33b0-c8c9-472c-a5f9-f2bdfea0f156","Application","0","0","ServerDC2",,"3/18/2025 6:37:23 AM",,,"Application","System.UInt32[]","System.Diagnostics.Eventing.Reader.EventBookmark","Information",,,"System.Collections.ObjectModel.ReadOnlyCollection`1[System.String]","System.Collections.Generic.List`1[System.Diagnostics.Eventing.Reader.EventProperty]"
"The Software Protection service has successfully installed the license.
License Title=Windows(R) Publishing License (Private)
License Id=30bcb387-80da-4bf1-b50e-4a24e2d29d58","1004","0","16384","4","0","0","36028797018963968","306","Microsoft-Windows-Security-SPP","e23b33b0-c8c9-472c-a5f9-f2bdfea0f156","Application","0","0","ServerDC2",,"3/18/2025 6:37:23 AM",,,"Application","System.UInt32[]","System.Diagnostics.Eventing.Reader.EventBookmark","Information",,,"System.Collections.ObjectModel.ReadOnlyCollection`1[System.String]","System.Collections.Generic.List`1[System.Diagnostics.Eventing.Reader.EventProperty]"
"The Software Protection service has successfully installed the license.
License Title=Windows(R) Publishing License (Public)
License Id=69534a65-0b57-4bc6-abd6-77c03551b2e1","1004","0","16384","4","0","0","36028797018963968","305","Microsoft-Windows-Security-SPP","e23b33b0-c8c9-472c-a5f9-f2bdfea0f156","Application","0","0","ServerDC2",,"3/18/2025 6:37:23 AM",,,"Application","System.UInt32[]","System.Diagnostics.Eventing.Reader.EventBookmark","Information",,,"System.Collections.ObjectModel.ReadOnlyCollection`1[System.String]","System.Collections.Generic.List`1[System.Diagnostics.Eventing.Reader.EventProperty]"
"The Software Protection service has successfully installed the license.
License Title=Windows(R) UL store License (Private)
License Id=8060a74c-f937-45e4-99e1-32b74ad7e8b9","1004","0","16384","4","0","0","36028797018963968","304","Microsoft-Windows-Security-SPP","e23b33b0-c8c9-472c-a5f9-f2bdfea0f156","Application","0","0","ServerDC2",,"3/18/2025 6:37:23 AM",,,"Application","System.UInt32[]","System.Diagnostics.Eventing.Reader.EventBookmark","Information",,,"System.Collections.ObjectModel.ReadOnlyCollection`1[System.String]","System.Collections.Generic.List`1[System.Diagnostics.Eventing.Reader.EventProperty]"
"The Software Protection service has successfully installed the license.
License Title=Windows(R) UL store License (Public)
License Id=d4fb9fc9-132b-4b12-bdb9-1915cb3fcc03","1004","0","16384","4","0","0","36028797018963968","303","Microsoft-Windows-Security-SPP","e23b33b0-c8c9-472c-a5f9-f2bdfea0f156","Application","0","0","ServerDC2",,"3/18/2025 6:37:23 AM",,,"Application","System.UInt32[]","System.Diagnostics.Eventing.Reader.EventBookmark","Information",,,"System.Collections.ObjectModel.ReadOnlyCollection`1[System.String]","System.Collections.Generic.List`1[System.Diagnostics.Eventing.Reader.EventProperty]"
"The Software Protection service has successfully installed the license.
License Title=Windows(R) UL phone License (Private)
License Id=3c95e50a-61ff-4e74-a2a5-54d622cb92a5","1004","0","16384","4","0","0","36028797018963968","302","Microsoft-Windows-Security-SPP","e23b33b0-c8c9-472c-a5f9-f2bdfea0f156","Application","0","0","ServerDC2",,"3/18/2025 6:37:23 AM",,,"Application","System.UInt32[]","System.Diagnostics.Eventing.Reader.EventBookmark","Information",,,"System.Collections.ObjectModel.ReadOnlyCollection`1[System.String]","System.Collections.Generic.List`1[System.Diagnostics.Eventing.Reader.EventProperty]"
"The Software Protection service has successfully installed the license.
License Title=Windows(R) UL phone License (Public)
License Id=d91d5c57-c6b3-47ca-900f-34da088d9525","1004","0","16384","4","0","0","36028797018963968","301","Microsoft-Windows-Security-SPP","e23b33b0-c8c9-472c-a5f9-f2bdfea0f156","Application","0","0","ServerDC2",,"3/18/2025 6:37:23 AM",,,"Application","System.UInt32[]","System.Diagnostics.Eventing.Reader.EventBookmark","Information",,,"System.Collections.ObjectModel.ReadOnlyCollection`1[System.String]","System.Collections.Generic.List`1[System.Diagnostics.Eventing.Reader.EventProperty]"
"The Software Protection service has successfully installed the license.
License Title=Windows(R) UL oob License (Private)
License Id=ce8d1c2c-17f3-4666-b78e-fa1076e406fc","1004","0","16384","4","0","0","36028797018963968","300","Microsoft-Windows-Security-SPP","e23b33b0-c8c9-472c-a5f9-f2bdfea0f156","Application","0","0","ServerDC2",,"3/18/2025 6:37:23 AM",,,"Application","System.UInt32[]","System.Diagnostics.Eventing.Reader.EventBookmark","Information",,,"System.Collections.ObjectModel.ReadOnlyCollection`1[System.String]","System.Collections.Generic.List`1[System.Diagnostics.Eventing.Reader.EventProperty]"
"The Software Protection service has successfully installed the license.
License Title=Windows(R) UL oob License (Public)
License Id=60aa22ab-1703-433b-8ef0-3e7a44fbddb1","1004","0","16384","4","0","0","36028797018963968","299","Microsoft-Windows-Security-SPP","e23b33b0-c8c9-472c-a5f9-f2bdfea0f156","Application","0","0","ServerDC2",,"3/18/2025 6:37:23 AM",,,"Application","System.UInt32[]","System.Diagnostics.Eventing.Reader.EventBookmark","Information",,,"System.Collections.ObjectModel.ReadOnlyCollection`1[System.String]","System.Collections.Generic.List`1[System.Diagnostics.Eventing.Reader.EventProperty]"
"The Software Protection service has successfully installed the license.
License Title=Windows(R) Publishing License (Private)
License Id=2c870303-3028-475c-bea0-12e9336ee5e6","1004","0","16384","4","0","0","36028797018963968","298","Microsoft-Windows-Security-SPP","e23b33b0-c8c9-472c-a5f9-f2bdfea0f156","Application","0","0","ServerDC2",,"3/18/2025 6:37:23 AM",,,"Application","System.UInt32[]","System.Diagnostics.Eventing.Reader.EventBookmark","Information",,,"System.Collections.ObjectModel.ReadOnlyCollection`1[System.String]","System.Collections.Generic.List`1[System.Diagnostics.Eventing.Reader.EventProperty]"
"The Software Protection service has successfully installed the license.
License Title=Windows(R) Publishing License (Public)
License Id=7c9f2075-add3-423f-b658-236dc8c94314","1004","0","16384","4","0","0","36028797018963968","297","Microsoft-Windows-Security-SPP","e23b33b0-c8c9-472c-a5f9-f2bdfea0f156","Application","0","0","ServerDC2",,"3/18/2025 6:37:23 AM",,,"Application","System.UInt32[]","System.Diagnostics.Eventing.Reader.EventBookmark","Information",,,"System.Collections.ObjectModel.ReadOnlyCollection`1[System.String]","System.Collections.Generic.List`1[System.Diagnostics.Eventing.Reader.EventProperty]"
"The Software Protection service has successfully installed the license.
License Title=Windows(R) UL store License (Private)
License Id=6eb9ca17-1bef-4c4c-b627-2eac7133a798","1004","0","16384","4","0","0","36028797018963968","296","Microsoft-Windows-Security-SPP","e23b33b0-c8c9-472c-a5f9-f2bdfea0f156","Application","0","0","ServerDC2",,"3/18/2025 6:37:23 AM",,,"Application","System.UInt32[]","System.Diagnostics.Eventing.Reader.EventBookmark","Information",,,"System.Collections.ObjectModel.ReadOnlyCollection`1[System.String]","System.Collections.Generic.List`1[System.Diagnostics.Eventing.Reader.EventProperty]"
"The Software Protection service has successfully installed the license.
License Title=Windows(R) UL store License (Public)
License Id=5bc4fac7-f362-4265-8f2c-d66c22fa10dd","1004","0","16384","4","0","0","36028797018963968","295","Microsoft-Windows-Security-SPP","e23b33b0-c8c9-472c-a5f9-f2bdfea0f156","Application","0","0","ServerDC2",,"3/18/2025 6:37:23 AM",,,"Application","System.UInt32[]","System.Diagnostics.Eventing.Reader.EventBookmark","Information",,,"System.Collections.ObjectModel.ReadOnlyCollection`1[System.String]","System.Collections.Generic.List`1[System.Diagnostics.Eventing.Reader.EventProperty]"
"The Software Protection service has successfully installed the license.
License Title=Windows(R) UL phone License (Private)
License Id=5118c9af-ddda-4917-9120-75768c00a431","1004","0","16384","4","0","0","36028797018963968","294","Microsoft-Windows-Security-SPP","e23b33b0-c8c9-472c-a5f9-f2bdfea0f156","Application","0","0","ServerDC2",,"3/18/2025 6:37:23 AM",,,"Application","System.UInt32[]","System.Diagnostics.Eventing.Reader.EventBookmark","Information",,,"System.Collections.ObjectModel.ReadOnlyCollection`1[System.String]","System.Collections.Generic.List`1[System.Diagnostics.Eventing.Reader.EventProperty]"
"The Software Protection service has successfully installed the license.
License Title=Windows(R) UL phone License (Public)
License Id=0b0e945c-8c5f-44aa-8aff-d79acf570b57","1004","0","16384","4","0","0","36028797018963968","293","Microsoft-Windows-Security-SPP","e23b33b0-c8c9-472c-a5f9-f2bdfea0f156","Application","0","0","ServerDC2",,"3/18/2025 6:37:23 AM",,,"Application","System.UInt32[]","System.Diagnostics.Eventing.Reader.EventBookmark","Information",,,"System.Collections.ObjectModel.ReadOnlyCollection`1[System.String]","System.Collections.Generic.List`1[System.Diagnostics.Eventing.Reader.EventProperty]"
"The Software Protection service has successfully installed the license.
License Title=Windows(R) UL oob License (Private)
License Id=3c45b374-4f9a-4c7d-9316-b5e1c4a650e0","1004","0","16384","4","0","0","36028797018963968","292","Microsoft-Windows-Security-SPP","e23b33b0-c8c9-472c-a5f9-f2bdfea0f156","Application","0","0","ServerDC2",,"3/18/2025 6:37:23 AM",,,"Application","System.UInt32[]","System.Diagnostics.Eventing.Reader.EventBookmark","Information",,,"System.Collections.ObjectModel.ReadOnlyCollection`1[System.String]","System.Collections.Generic.List`1[System.Diagnostics.Eventing.Reader.EventProperty]"
"The Software Protection service has successfully installed the license.
License Title=Windows(R) UL oob License (Public)
License Id=1e0c8fc4-56d9-4daa-8145-d0576a01866a","1004","0","16384","4","0","0","36028797018963968","291","Microsoft-Windows-Security-SPP","e23b33b0-c8c9-472c-a5f9-f2bdfea0f156","Application","0","0","ServerDC2",,"3/18/2025 6:37:23 AM",,,"Application","System.UInt32[]","System.Diagnostics.Eventing.Reader.EventBookmark","Information",,,"System.Collections.ObjectModel.ReadOnlyCollection`1[System.String]","System.Collections.Generic.List`1[System.Diagnostics.Eventing.Reader.EventProperty]"
"The Software Protection service has successfully installed the license.
License Title=Windows(R) Publishing License (Private)
License Id=a76e749a-69ab-48cc-b18f-31874e76bd76","1004","0","16384","4","0","0","36028797018963968","290","Microsoft-Windows-Security-SPP","e23b33b0-c8c9-472c-a5f9-f2bdfea0f156","Application","0","0","ServerDC2",,"3/18/2025 6:37:23 AM",,,"Application","System.UInt32[]","System.Diagnostics.Eventing.Reader.EventBookmark","Information",,,"System.Collections.ObjectModel.ReadOnlyCollection`1[System.String]","System.Collections.Generic.List`1[System.Diagnostics.Eventing.Reader.EventProperty]"
"The Software Protection service has successfully installed the license.
License Title=Windows(R) Publishing License (Public)
License Id=1f547440-37d0-4bf6-a7ab-40628a79091e","1004","0","16384","4","0","0","36028797018963968","289","Microsoft-Windows-Security-SPP","e23b33b0-c8c9-472c-a5f9-f2bdfea0f156","Application","0","0","ServerDC2",,"3/18/2025 6:37:23 AM",,,"Application","System.UInt32[]","System.Diagnostics.Eventing.Reader.EventBookmark","Information",,,"System.Collections.ObjectModel.ReadOnlyCollection`1[System.String]","System.Collections.Generic.List`1[System.Diagnostics.Eventing.Reader.EventProperty]"
"The Software Protection service has successfully installed the license.
License Title=Windows(R) UL store License (Private)
License Id=c12d9eb0-4482-428e-900c-d3f6d5690922","1004","0","16384","4","0","0","36028797018963968","288","Microsoft-Windows-Security-SPP","e23b33b0-c8c9-472c-a5f9-f2bdfea0f156","Application","0","0","ServerDC2",,"3/18/2025 6:37:23 AM",,,"Application","System.UInt32[]","System.Diagnostics.Eventing.Reader.EventBookmark","Information",,,"System.Collections.ObjectModel.ReadOnlyCollection`1[System.String]","System.Collections.Generic.List`1[System.Diagnostics.Eventing.Reader.EventProperty]"
"The Software Protection service has successfully installed the license.
License Title=Windows(R) UL store License (Public)
License Id=4e246d62-9b43-415b-bd4a-d1fbca71da84","1004","0","16384","4","0","0","36028797018963968","287","Microsoft-Windows-Security-SPP","e23b33b0-c8c9-472c-a5f9-f2bdfea0f156","Application","0","0","ServerDC2",,"3/18/2025 6:37:23 AM",,,"Application","System.UInt32[]","System.Diagnostics.Eventing.Reader.EventBookmark","Information",,,"System.Collections.ObjectModel.ReadOnlyCollection`1[System.String]","System.Collections.Generic.List`1[System.Diagnostics.Eventing.Reader.EventProperty]"
"The Software Protection service has successfully installed the license.
License Title=Windows(R) UL phone License (Private)
License Id=434f635c-5f40-4255-884d-495639683927","1004","0","16384","4","0","0","36028797018963968","286","Microsoft-Windows-Security-SPP","e23b33b0-c8c9-472c-a5f9-f2bdfea0f156","Application","0","0","ServerDC2",,"3/18/2025 6:37:23 AM",,,"Application","System.UInt32[]","System.Diagnostics.Eventing.Reader.EventBookmark","Information",,,"System.Collections.ObjectModel.ReadOnlyCollection`1[System.String]","System.Collections.Generic.List`1[System.Diagnostics.Eventing.Reader.EventProperty]"
"The Software Protection service has successfully installed the license.
License Title=Windows(R) UL phone License (Public)
License Id=0492a304-15f7-4538-be50-975ce47c3b83","1004","0","16384","4","0","0","36028797018963968","285","Microsoft-Windows-Security-SPP","e23b33b0-c8c9-472c-a5f9-f2bdfea0f156","Application","0","0","ServerDC2",,"3/18/2025 6:37:23 AM",,,"Application","System.UInt32[]","System.Diagnostics.Eventing.Reader.EventBookmark","Information",,,"System.Collections.ObjectModel.ReadOnlyCollection`1[System.String]","System.Collections.Generic.List`1[System.Diagnostics.Eventing.Reader.EventProperty]"
"The Software Protection service has successfully installed the license.
License Title=Windows(R) UL oob License (Private)
License Id=857ed0cd-96f7-4837-84f3-6e47542ec1ff","1004","0","16384","4","0","0","36028797018963968","284","Microsoft-Windows-Security-SPP","e23b33b0-c8c9-472c-a5f9-f2bdfea0f156","Application","0","0","ServerDC2",,"3/18/2025 6:37:23 AM",,,"Application","System.UInt32[]","System.Diagnostics.Eventing.Reader.EventBookmark","Information",,,"System.Collections.ObjectModel.ReadOnlyCollection`1[System.String]","System.Collections.Generic.List`1[System.Diagnostics.Eventing.Reader.EventProperty]"
"The Software Protection service has successfully installed the license.
License Title=Windows(R) UL oob License (Public)
License Id=9d5cf00b-baa0-4381-aa48-df0d262fdbef","1004","0","16384","4","0","0","36028797018963968","283","Microsoft-Windows-Security-SPP","e23b33b0-c8c9-472c-a5f9-f2bdfea0f156","Application","0","0","ServerDC2",,"3/18/2025 6:37:23 AM",,,"Application","System.UInt32[]","System.Diagnostics.Eventing.Reader.EventBookmark","Information",,,"System.Collections.ObjectModel.ReadOnlyCollection`1[System.String]","System.Collections.Generic.List`1[System.Diagnostics.Eventing.Reader.EventProperty]"
"The Software Protection service has successfully installed the license.
License Title=Windows(R) Publishing License (Private)
License Id=2ae8a353-79b8-4f8d-b03e-d27d3acaf370","1004","0","16384","4","0","0","36028797018963968","282","Microsoft-Windows-Security-SPP","e23b33b0-c8c9-472c-a5f9-f2bdfea0f156","Application","0","0","ServerDC2",,"3/18/2025 6:37:23 AM",,,"Application","System.UInt32[]","System.Diagnostics.Eventing.Reader.EventBookmark","Information",,,"System.Collections.ObjectModel.ReadOnlyCollection`1[System.String]","System.Collections.Generic.List`1[System.Diagnostics.Eventing.Reader.EventProperty]"
"The Software Protection service has successfully installed the license.
License Title=Windows(R) Publishing License (Public)
License Id=12bc4de1-0b0d-4b68-8c59-23465c8af10d","1004","0","16384","4","0","0","36028797018963968","281","Microsoft-Windows-Security-SPP","e23b33b0-c8c9-472c-a5f9-f2bdfea0f156","Application","0","0","ServerDC2",,"3/18/2025 6:37:23 AM",,,"Application","System.UInt32[]","System.Diagnostics.Eventing.Reader.EventBookmark","Information",,,"System.Collections.ObjectModel.ReadOnlyCollection`1[System.String]","System.Collections.Generic.List`1[System.Diagnostics.Eventing.Reader.EventProperty]"
"The Software Protection service has successfully installed the license.
License Title=Windows(R) UL store License (Private)
License Id=305b0d37-d431-4aa2-b66e-cd2135ff33c4","1004","0","16384","4","0","0","36028797018963968","280","Microsoft-Windows-Security-SPP","e23b33b0-c8c9-472c-a5f9-f2bdfea0f156","Application","0","0","ServerDC2",,"3/18/2025 6:37:23 AM",,,"Application","System.UInt32[]","System.Diagnostics.Eventing.Reader.EventBookmark","Information",,,"System.Collections.ObjectModel.ReadOnlyCollection`1[System.String]","System.Collections.Generic.List`1[System.Diagnostics.Eventing.Reader.EventProperty]"
"The Software Protection service has successfully installed the license.
License Title=Windows(R) UL store License (Public)
License Id=fc67e64d-5c6c-4eb3-b477-123c63f0046a","1004","0","16384","4","0","0","36028797018963968","279","Microsoft-Windows-Security-SPP","e23b33b0-c8c9-472c-a5f9-f2bdfea0f156","Application","0","0","ServerDC2",,"3/18/2025 6:37:23 AM",,,"Application","System.UInt32[]","System.Diagnostics.Eventing.Reader.EventBookmark","Information",,,"System.Collections.ObjectModel.ReadOnlyCollection`1[System.String]","System.Collections.Generic.List`1[System.Diagnostics.Eventing.Reader.EventProperty]"
"The Software Protection service has successfully installed the license.
License Title=Windows(R) UL phone License (Private)
License Id=35b4fb4e-392f-45f3-b21c-eb067ee2e748","1004","0","16384","4","0","0","36028797018963968","278","Microsoft-Windows-Security-SPP","e23b33b0-c8c9-472c-a5f9-f2bdfea0f156","Application","0","0","ServerDC2",,"3/18/2025 6:37:23 AM",,,"Application","System.UInt32[]","System.Diagnostics.Eventing.Reader.EventBookmark","Information",,,"System.Collections.ObjectModel.ReadOnlyCollection`1[System.String]","System.Collections.Generic.List`1[System.Diagnostics.Eventing.Reader.EventProperty]"
"The Software Protection service has successfully installed the license.
License Title=Windows(R) UL phone License (Public)
License Id=b6e82a0d-d0ed-4f2a-a158-586ff2b64f12","1004","0","16384","4","0","0","36028797018963968","277","Microsoft-Windows-Security-SPP","e23b33b0-c8c9-472c-a5f9-f2bdfea0f156","Application","0","0","ServerDC2",,"3/18/2025 6:37:23 AM",,,"Application","System.UInt32[]","System.Diagnostics.Eventing.Reader.EventBookmark","Information",,,"System.Collections.ObjectModel.ReadOnlyCollection`1[System.String]","System.Collections.Generic.List`1[System.Diagnostics.Eventing.Reader.EventProperty]"
"The Software Protection service has successfully installed the license.
License Title=Windows(R) UL oob License (Private)
License Id=44747603-66c9-4312-8096-5b908476027c","1004","0","16384","4","0","0","36028797018963968","276","Microsoft-Windows-Security-SPP","e23b33b0-c8c9-472c-a5f9-f2bdfea0f156","Application","0","0","ServerDC2",,"3/18/2025 6:37:23 AM",,,"Application","System.UInt32[]","System.Diagnostics.Eventing.Reader.EventBookmark","Information",,,"System.Collections.ObjectModel.ReadOnlyCollection`1[System.String]","System.Collections.Generic.List`1[System.Diagnostics.Eventing.Reader.EventProperty]"
"The Software Protection service has successfully installed the license.
License Title=Windows(R) UL oob License (Public)
License Id=ca24e59c-94fb-4c10-a58a-76c6f0a37afb","1004","0","16384","4","0","0","36028797018963968","275","Microsoft-Windows-Security-SPP","e23b33b0-c8c9-472c-a5f9-f2bdfea0f156","Application","0","0","ServerDC2",,"3/18/2025 6:37:23 AM",,,"Application","System.UInt32[]","System.Diagnostics.Eventing.Reader.EventBookmark","Information",,,"System.Collections.ObjectModel.ReadOnlyCollection`1[System.String]","System.Collections.Generic.List`1[System.Diagnostics.Eventing.Reader.EventProperty]"
"The Software Protection service has successfully installed the license.
License Title=Windows(R) Publishing License (Private)
License Id=1c492bf5-4d7f-45b5-b2a3-827c748f683d","1004","0","16384","4","0","0","36028797018963968","274","Microsoft-Windows-Security-SPP","e23b33b0-c8c9-472c-a5f9-f2bdfea0f156","Application","0","0","ServerDC2",,"3/18/2025 6:37:23 AM",,,"Application","System.UInt32[]","System.Diagnostics.Eventing.Reader.EventBookmark","Information",,,"System.Collections.ObjectModel.ReadOnlyCollection`1[System.String]","System.Collections.Generic.List`1[System.Diagnostics.Eventing.Reader.EventProperty]"
"The Software Protection service has successfully installed the license.
License Title=Windows(R) Publishing License (Public)
License Id=121d8110-1b3d-4dd7-8315-5fb940fa8b9c","1004","0","16384","4","0","0","36028797018963968","273","Microsoft-Windows-Security-SPP","e23b33b0-c8c9-472c-a5f9-f2bdfea0f156","Application","0","0","ServerDC2",,"3/18/2025 6:37:23 AM",,,"Application","System.UInt32[]","System.Diagnostics.Eventing.Reader.EventBookmark","Information",,,"System.Collections.ObjectModel.ReadOnlyCollection`1[System.String]","System.Collections.Generic.List`1[System.Diagnostics.Eventing.Reader.EventProperty]"
"The Software Protection service has successfully installed the license.
License Title=Windows(R) UL store License (Private)
License Id=f5ecc876-2e82-40ca-b48e-eacde641e22d","1004","0","16384","4","0","0","36028797018963968","272","Microsoft-Windows-Security-SPP","e23b33b0-c8c9-472c-a5f9-f2bdfea0f156","Application","0","0","ServerDC2",,"3/18/2025 6:37:23 AM",,,"Application","System.UInt32[]","System.Diagnostics.Eventing.Reader.EventBookmark","Information",,,"System.Collections.ObjectModel.ReadOnlyCollection`1[System.String]","System.Collections.Generic.List`1[System.Diagnostics.Eventing.Reader.EventProperty]"
"The Software Protection service has successfully installed the license.
License Title=Windows(R) UL store License (Public)
License Id=9a2cf922-2a87-44b0-8c93-da1506399074","1004","0","16384","4","0","0","36028797018963968","271","Microsoft-Windows-Security-SPP","e23b33b0-c8c9-472c-a5f9-f2bdfea0f156","Application","0","0","ServerDC2",,"3/18/2025 6:37:23 AM",,,"Application","System.UInt32[]","System.Diagnostics.Eventing.Reader.EventBookmark","Information",,,"System.Collections.ObjectModel.ReadOnlyCollection`1[System.String]","System.Collections.Generic.List`1[System.Diagnostics.Eventing.Reader.EventProperty]"
"The Software Protection service has successfully installed the license.
License Title=Windows(R) UL phone License (Private)
License Id=ac8aa933-2672-43ab-9bac-cb2b8e36f76c","1004","0","16384","4","0","0","36028797018963968","270","Microsoft-Windows-Security-SPP","e23b33b0-c8c9-472c-a5f9-f2bdfea0f156","Application","0","0","ServerDC2",,"3/18/2025 6:37:23 AM",,,"Application","System.UInt32[]","System.Diagnostics.Eventing.Reader.EventBookmark","Information",,,"System.Collections.ObjectModel.ReadOnlyCollection`1[System.String]","System.Collections.Generic.List`1[System.Diagnostics.Eventing.Reader.EventProperty]"
"The Software Protection service has successfully installed the license.
License Title=Windows(R) UL phone License (Public)
License Id=2084685f-bbdb-46ad-afc6-3e5abedd69fd","1004","0","16384","4","0","0","36028797018963968","269","Microsoft-Windows-Security-SPP","e23b33b0-c8c9-472c-a5f9-f2bdfea0f156","Application","0","0","ServerDC2",,"3/18/2025 6:37:23 AM",,,"Application","System.UInt32[]","System.Diagnostics.Eventing.Reader.EventBookmark","Information",,,"System.Collections.ObjectModel.ReadOnlyCollection`1[System.String]","System.Collections.Generic.List`1[System.Diagnostics.Eventing.Reader.EventProperty]"
"The Software Protection service has successfully installed the license.
License Title=Windows(R) UL oob License (Private)
License Id=08b0502f-7a12-4d83-b8c1-434f5bbadae9","1004","0","16384","4","0","0","36028797018963968","268","Microsoft-Windows-Security-SPP","e23b33b0-c8c9-472c-a5f9-f2bdfea0f156","Application","0","0","ServerDC2",,"3/18/2025 6:37:23 AM",,,"Application","System.UInt32[]","System.Diagnostics.Eventing.Reader.EventBookmark","Information",,,"System.Collections.ObjectModel.ReadOnlyCollection`1[System.String]","System.Collections.Generic.List`1[System.Diagnostics.Eventing.Reader.EventProperty]"
"The Software Protection service has successfully installed the license.
License Title=Windows(R) UL oob License (Public)
License Id=0ca36599-b488-4d85-9380-af87ad408a65","1004","0","16384","4","0","0","36028797018963968","267","Microsoft-Windows-Security-SPP","e23b33b0-c8c9-472c-a5f9-f2bdfea0f156","Application","0","0","ServerDC2",,"3/18/2025 6:37:23 AM",,,"Application","System.UInt32[]","System.Diagnostics.Eventing.Reader.EventBookmark","Information",,,"System.Collections.ObjectModel.ReadOnlyCollection`1[System.String]","System.Collections.Generic.List`1[System.Diagnostics.Eventing.Reader.EventProperty]"
"The Software Protection service has successfully installed the license.
License Title=Windows(R) Publishing License (Private)
License Id=1691251a-4b9a-4bdc-81a4-7bc96e67674c","1004","0","16384","4","0","0","36028797018963968","266","Microsoft-Windows-Security-SPP","e23b33b0-c8c9-472c-a5f9-f2bdfea0f156","Application","0","0","ServerDC2",,"3/18/2025 6:37:23 AM",,,"Application","System.UInt32[]","System.Diagnostics.Eventing.Reader.EventBookmark","Information",,,"System.Collections.ObjectModel.ReadOnlyCollection`1[System.String]","System.Collections.Generic.List`1[System.Diagnostics.Eventing.Reader.EventProperty]"
"The Software Protection service has successfully installed the license.
License Title=Windows(R) Publishing License (Public)
License Id=0cfcced2-8da9-42df-b6ec-b9c69493d6e6","1004","0","16384","4","0","0","36028797018963968","265","Microsoft-Windows-Security-SPP","e23b33b0-c8c9-472c-a5f9-f2bdfea0f156","Application","0","0","ServerDC2",,"3/18/2025 6:37:23 AM",,,"Application","System.UInt32[]","System.Diagnostics.Eventing.Reader.EventBookmark","Information",,,"System.Collections.ObjectModel.ReadOnlyCollection`1[System.String]","System.Collections.Generic.List`1[System.Diagnostics.Eventing.Reader.EventProperty]"
"The Software Protection service has successfully installed the license.
License Title=Windows(R) UL store License (Private)
License Id=483bef78-314f-4b24-b15f-93cc0ff103c5","1004","0","16384","4","0","0","36028797018963968","264","Microsoft-Windows-Security-SPP","e23b33b0-c8c9-472c-a5f9-f2bdfea0f156","Application","0","0","ServerDC2",,"3/18/2025 6:37:23 AM",,,"Application","System.UInt32[]","System.Diagnostics.Eventing.Reader.EventBookmark","Information",,,"System.Collections.ObjectModel.ReadOnlyCollection`1[System.String]","System.Collections.Generic.List`1[System.Diagnostics.Eventing.Reader.EventProperty]"
"The Software Protection service has successfully installed the license.
License Title=Windows(R) UL store License (Public)
License Id=349ed51f-358b-40de-b996-9a41bff080fd","1004","0","16384","4","0","0","36028797018963968","263","Microsoft-Windows-Security-SPP","e23b33b0-c8c9-472c-a5f9-f2bdfea0f156","Application","0","0","ServerDC2",,"3/18/2025 6:37:23 AM",,,"Application","System.UInt32[]","System.Diagnostics.Eventing.Reader.EventBookmark","Information",,,"System.Collections.ObjectModel.ReadOnlyCollection`1[System.String]","System.Collections.Generic.List`1[System.Diagnostics.Eventing.Reader.EventProperty]"
"The Software Protection service has successfully installed the license.
License Title=Windows(R) UL phone License (Private)
License Id=2d524edd-93c8-418d-9c35-46e71b0230e2","1004","0","16384","4","0","0","36028797018963968","262","Microsoft-Windows-Security-SPP","e23b33b0-c8c9-472c-a5f9-f2bdfea0f156","Application","0","0","ServerDC2",,"3/18/2025 6:37:23 AM",,,"Application","System.UInt32[]","System.Diagnostics.Eventing.Reader.EventBookmark","Information",,,"System.Collections.ObjectModel.ReadOnlyCollection`1[System.String]","System.Collections.Generic.List`1[System.Diagnostics.Eventing.Reader.EventProperty]"
"The Software Protection service has successfully installed the license.
License Title=Windows(R) UL phone License (Public)
License Id=79fa8584-bf58-442b-bf8a-a65d34912144","1004","0","16384","4","0","0","36028797018963968","261","Microsoft-Windows-Security-SPP","e23b33b0-c8c9-472c-a5f9-f2bdfea0f156","Application","0","0","ServerDC2",,"3/18/2025 6:37:23 AM",,,"Application","System.UInt32[]","System.Diagnostics.Eventing.Reader.EventBookmark","Information",,,"System.Collections.ObjectModel.ReadOnlyCollection`1[System.String]","System.Collections.Generic.List`1[System.Diagnostics.Eventing.Reader.EventProperty]"
"The Software Protection service has successfully installed the license.
License Title=Windows(R) UL oob License (Private)
License Id=e9e224da-c9ab-47b8-94e9-bbee48bb8cd0","1004","0","16384","4","0","0","36028797018963968","260","Microsoft-Windows-Security-SPP","e23b33b0-c8c9-472c-a5f9-f2bdfea0f156","Application","0","0","ServerDC2",,"3/18/2025 6:37:23 AM",,,"Application","System.UInt32[]","System.Diagnostics.Eventing.Reader.EventBookmark","Information",,,"System.Collections.ObjectModel.ReadOnlyCollection`1[System.String]","System.Collections.Generic.List`1[System.Diagnostics.Eventing.Reader.EventProperty]"
"The Software Protection service has successfully installed the license.
License Title=Windows(R) UL oob License (Public)
License Id=c350063e-5b2f-448b-a25e-adf15304d4e3","1004","0","16384","4","0","0","36028797018963968","259","Microsoft-Windows-Security-SPP","e23b33b0-c8c9-472c-a5f9-f2bdfea0f156","Application","0","0","ServerDC2",,"3/18/2025 6:37:23 AM",,,"Application","System.UInt32[]","System.Diagnostics.Eventing.Reader.EventBookmark","Information",,,"System.Collections.ObjectModel.ReadOnlyCollection`1[System.String]","System.Collections.Generic.List`1[System.Diagnostics.Eventing.Reader.EventProperty]"
"The Software Protection service has successfully installed the license.
License Title=Windows(R) Publishing License (Private)
License Id=ee08b399-e3f5-4429-91ca-2918ab399962","1004","0","16384","4","0","0","36028797018963968","258","Microsoft-Windows-Security-SPP","e23b33b0-c8c9-472c-a5f9-f2bdfea0f156","Application","0","0","ServerDC2",,"3/18/2025 6:37:23 AM",,,"Application","System.UInt32[]","System.Diagnostics.Eventing.Reader.EventBookmark","Information",,,"System.Collections.ObjectModel.ReadOnlyCollection`1[System.String]","System.Collections.Generic.List`1[System.Diagnostics.Eventing.Reader.EventProperty]"
"The Software Protection service has successfully installed the license.
License Title=Windows(R) Publishing License (Public)
License Id=ee9ef69c-1806-47c6-9b3d-f4b561315fcc","1004","0","16384","4","0","0","36028797018963968","257","Microsoft-Windows-Security-SPP","e23b33b0-c8c9-472c-a5f9-f2bdfea0f156","Application","0","0","ServerDC2",,"3/18/2025 6:37:23 AM",,,"Application","System.UInt32[]","System.Diagnostics.Eventing.Reader.EventBookmark","Information",,,"System.Collections.ObjectModel.ReadOnlyCollection`1[System.String]","System.Collections.Generic.List`1[System.Diagnostics.Eventing.Reader.EventProperty]"
"The Software Protection service has successfully installed the license.
License Title=Windows(R) UL store License (Private)
License Id=71c9629e-1b25-43ae-aad8-98860c2ea8d5","1004","0","16384","4","0","0","36028797018963968","256","Microsoft-Windows-Security-SPP","e23b33b0-c8c9-472c-a5f9-f2bdfea0f156","Application","0","0","ServerDC2",,"3/18/2025 6:37:23 AM",,,"Application","System.UInt32[]","System.Diagnostics.Eventing.Reader.EventBookmark","Information",,,"System.Collections.ObjectModel.ReadOnlyCollection`1[System.String]","System.Collections.Generic.List`1[System.Diagnostics.Eventing.Reader.EventProperty]"
"The Software Protection service has successfully installed the license.
License Title=Windows(R) UL store License (Public)
License Id=9e587004-6310-49b9-a7ee-277aa28e0c79","1004","0","16384","4","0","0","36028797018963968","255","Microsoft-Windows-Security-SPP","e23b33b0-c8c9-472c-a5f9-f2bdfea0f156","Application","0","0","ServerDC2",,"3/18/2025 6:37:23 AM",,,"Application","System.UInt32[]","System.Diagnostics.Eventing.Reader.EventBookmark","Information",,,"System.Collections.ObjectModel.ReadOnlyCollection`1[System.String]","System.Collections.Generic.List`1[System.Diagnostics.Eventing.Reader.EventProperty]"
"The Software Protection service has successfully installed the license.
License Title=Windows(R) UL phone License (Private)
License Id=8a7a6656-5083-4881-b515-e2388ff1756a","1004","0","16384","4","0","0","36028797018963968","254","Microsoft-Windows-Security-SPP","e23b33b0-c8c9-472c-a5f9-f2bdfea0f156","Application","0","0","ServerDC2",,"3/18/2025 6:37:23 AM",,,"Application","System.UInt32[]","System.Diagnostics.Eventing.Reader.EventBookmark","Information",,,"System.Collections.ObjectModel.ReadOnlyCollection`1[System.String]","System.Collections.Generic.List`1[System.Diagnostics.Eventing.Reader.EventProperty]"
"The Software Protection service has successfully installed the license.
License Title=Windows(R) UL phone License (Public)
License Id=0473eeb7-26a7-41e3-ab7b-59e1357f16e8","1004","0","16384","4","0","0","36028797018963968","253","Microsoft-Windows-Security-SPP","e23b33b0-c8c9-472c-a5f9-f2bdfea0f156","Application","0","0","ServerDC2",,"3/18/2025 6:37:23 AM",,,"Application","System.UInt32[]","System.Diagnostics.Eventing.Reader.EventBookmark","Information",,,"System.Collections.ObjectModel.ReadOnlyCollection`1[System.String]","System.Collections.Generic.List`1[System.Diagnostics.Eventing.Reader.EventProperty]"
"The Software Protection service has successfully installed the license.
License Title=Windows(R) UL oob License (Private)
License Id=289022cc-7bfd-48bf-b298-93dbe6e3f9d3","1004","0","16384","4","0","0","36028797018963968","252","Microsoft-Windows-Security-SPP","e23b33b0-c8c9-472c-a5f9-f2bdfea0f156","Application","0","0","ServerDC2",,"3/18/2025 6:37:23 AM",,,"Application","System.UInt32[]","System.Diagnostics.Eventing.Reader.EventBookmark","Information",,,"System.Collections.ObjectModel.ReadOnlyCollection`1[System.String]","System.Collections.Generic.List`1[System.Diagnostics.Eventing.Reader.EventProperty]"
"The Software Protection service has successfully installed the license.
License Title=Windows(R) UL oob License (Public)
License Id=1f6c3964-893c-49a8-80c1-3dfd8189c3a9","1004","0","16384","4","0","0","36028797018963968","251","Microsoft-Windows-Security-SPP","e23b33b0-c8c9-472c-a5f9-f2bdfea0f156","Application","0","0","ServerDC2",,"3/18/2025 6:37:23 AM",,,"Application","System.UInt32[]","System.Diagnostics.Eventing.Reader.EventBookmark","Information",,,"System.Collections.ObjectModel.ReadOnlyCollection`1[System.String]","System.Collections.Generic.List`1[System.Diagnostics.Eventing.Reader.EventProperty]"
"The Software Protection service has successfully installed the license.
License Title=Windows(R) Publishing License (Private)
License Id=ae1141ea-9ce1-4825-ab38-5ae18be28c11","1004","0","16384","4","0","0","36028797018963968","250","Microsoft-Windows-Security-SPP","e23b33b0-c8c9-472c-a5f9-f2bdfea0f156","Application","0","0","ServerDC2",,"3/18/2025 6:37:23 AM",,,"Application","System.UInt32[]","System.Diagnostics.Eventing.Reader.EventBookmark","Information",,,"System.Collections.ObjectModel.ReadOnlyCollection`1[System.String]","System.Collections.Generic.List`1[System.Diagnostics.Eventing.Reader.EventProperty]"
"The Software Protection service has successfully installed the license.
License Title=Windows(R) Publishing License (Public)
License Id=b1525c26-576d-4ef8-b792-8818f9a53846","1004","0","16384","4","0","0","36028797018963968","249","Microsoft-Windows-Security-SPP","e23b33b0-c8c9-472c-a5f9-f2bdfea0f156","Application","0","0","ServerDC2",,"3/18/2025 6:37:23 AM",,,"Application","System.UInt32[]","System.Diagnostics.Eventing.Reader.EventBookmark","Information",,,"System.Collections.ObjectModel.ReadOnlyCollection`1[System.String]","System.Collections.Generic.List`1[System.Diagnostics.Eventing.Reader.EventProperty]"
"The Software Protection service has successfully installed the license.
License Title=Windows(R) UL oem License (Private)
License Id=e3493860-2d58-4c0d-8ccf-70cb4566594f","1004","0","16384","4","0","0","36028797018963968","248","Microsoft-Windows-Security-SPP","e23b33b0-c8c9-472c-a5f9-f2bdfea0f156","Application","0","0","ServerDC2",,"3/18/2025 6:37:23 AM",,,"Application","System.UInt32[]","System.Diagnostics.Eventing.Reader.EventBookmark","Information",,,"System.Collections.ObjectModel.ReadOnlyCollection`1[System.String]","System.Collections.Generic.List`1[System.Diagnostics.Eventing.Reader.EventProperty]"
"The Software Protection service has successfully installed the license.
License Title=Windows(R) UL oem License (Public)
License Id=f6b6c3eb-1ff0-40a9-83e1-77a0f5e935b5","1004","0","16384","4","0","0","36028797018963968","247","Microsoft-Windows-Security-SPP","e23b33b0-c8c9-472c-a5f9-f2bdfea0f156","Application","0","0","ServerDC2",,"3/18/2025 6:37:23 AM",,,"Application","System.UInt32[]","System.Diagnostics.Eventing.Reader.EventBookmark","Information",,,"System.Collections.ObjectModel.ReadOnlyCollection`1[System.String]","System.Collections.Generic.List`1[System.Diagnostics.Eventing.Reader.EventProperty]"
"The Software Protection service has successfully installed the license.
License Title=Windows(R) UL oob License (Private)
License Id=3d6a24e3-d851-4930-a85a-6f17f94e4412","1004","0","16384","4","0","0","36028797018963968","246","Microsoft-Windows-Security-SPP","e23b33b0-c8c9-472c-a5f9-f2bdfea0f156","Application","0","0","ServerDC2",,"3/18/2025 6:37:23 AM",,,"Application","System.UInt32[]","System.Diagnostics.Eventing.Reader.EventBookmark","Information",,,"System.Collections.ObjectModel.ReadOnlyCollection`1[System.String]","System.Collections.Generic.List`1[System.Diagnostics.Eventing.Reader.EventProperty]"
"The Software Protection service has successfully installed the license.
License Title=Windows(R) UL oob License (Public)
