License Id=a4294352-ce1c-4bf2-9f6d-10efe421eea7","1004","0","16384","4","0","0","36028797018963968","85","Microsoft-Windows-Security-SPP","e23b33b0-c8c9-472c-a5f9-f2bdfea0f156","Application","0","0","ServerDC2",,"3/18/2025 6:37:23 AM",,,"Application","System.UInt32[]","System.Diagnostics.Eventing.Reader.EventBookmark","Information",,,"System.Collections.ObjectModel.ReadOnlyCollection`1[System.String]","System.Collections.Generic.List`1[System.Diagnostics.Eventing.Reader.EventProperty]"
"The Software Protection service has successfully installed the license.
License Title=Windows(R) UL oob License (Private)
License Id=3c215f69-6d1b-4e8d-8d1b-78b8289e89a2","1004","0","16384","4","0","0","36028797018963968","84","Microsoft-Windows-Security-SPP","e23b33b0-c8c9-472c-a5f9-f2bdfea0f156","Application","0","0","ServerDC2",,"3/18/2025 6:37:23 AM",,,"Application","System.UInt32[]","System.Diagnostics.Eventing.Reader.EventBookmark","Information",,,"System.Collections.ObjectModel.ReadOnlyCollection`1[System.String]","System.Collections.Generic.List`1[System.Diagnostics.Eventing.Reader.EventProperty]"
"The Software Protection service has successfully installed the license.
License Title=Windows(R) UL oob License (Public)
License Id=15327010-b92f-43e9-b3a4-6b066124c111","1004","0","16384","4","0","0","36028797018963968","83","Microsoft-Windows-Security-SPP","e23b33b0-c8c9-472c-a5f9-f2bdfea0f156","Application","0","0","ServerDC2",,"3/18/2025 6:37:23 AM",,,"Application","System.UInt32[]","System.Diagnostics.Eventing.Reader.EventBookmark","Information",,,"System.Collections.ObjectModel.ReadOnlyCollection`1[System.String]","System.Collections.Generic.List`1[System.Diagnostics.Eventing.Reader.EventProperty]"
"The Software Protection service has successfully installed the license.
License Title=Windows(R) Publishing License (Private)
License Id=81572056-5cc7-4b60-b1f7-eea7cc2d6649","1004","0","16384","4","0","0","36028797018963968","82","Microsoft-Windows-Security-SPP","e23b33b0-c8c9-472c-a5f9-f2bdfea0f156","Application","0","0","ServerDC2",,"3/18/2025 6:37:23 AM",,,"Application","System.UInt32[]","System.Diagnostics.Eventing.Reader.EventBookmark","Information",,,"System.Collections.ObjectModel.ReadOnlyCollection`1[System.String]","System.Collections.Generic.List`1[System.Diagnostics.Eventing.Reader.EventProperty]"
"The Software Protection service has successfully installed the license.
License Title=Windows(R) Publishing License (Public)
License Id=1d235722-34e2-407a-ba63-e06998cc47fa","1004","0","16384","4","0","0","36028797018963968","81","Microsoft-Windows-Security-SPP","e23b33b0-c8c9-472c-a5f9-f2bdfea0f156","Application","0","0","ServerDC2",,"3/18/2025 6:37:23 AM",,,"Application","System.UInt32[]","System.Diagnostics.Eventing.Reader.EventBookmark","Information",,,"System.Collections.ObjectModel.ReadOnlyCollection`1[System.String]","System.Collections.Generic.List`1[System.Diagnostics.Eventing.Reader.EventProperty]"
"The Software Protection service has successfully installed the license.
License Title=windowsapp Ruleset Data
License Id=1a032e1d-5164-4a23-a256-7d01267aba81","1004","0","16384","4","0","0","36028797018963968","80","Microsoft-Windows-Security-SPP","e23b33b0-c8c9-472c-a5f9-f2bdfea0f156","Application","0","0","ServerDC2",,"3/18/2025 6:37:23 AM",,,"Application","System.UInt32[]","System.Diagnostics.Eventing.Reader.EventBookmark","Information",,,"System.Collections.ObjectModel.ReadOnlyCollection`1[System.String]","System.Collections.Generic.List`1[System.Diagnostics.Eventing.Reader.EventProperty]"
"The Software Protection service has successfully installed the license.
License Title=platformglobal Ruleset Data
License Id=3726cac4-b752-4eb5-9c07-50c143a14c3e","1004","0","16384","4","0","0","36028797018963968","79","Microsoft-Windows-Security-SPP","e23b33b0-c8c9-472c-a5f9-f2bdfea0f156","Application","0","0","ServerDC2",,"3/18/2025 6:37:23 AM",,,"Application","System.UInt32[]","System.Diagnostics.Eventing.Reader.EventBookmark","Information",,,"System.Collections.ObjectModel.ReadOnlyCollection`1[System.String]","System.Collections.Generic.List`1[System.Diagnostics.Eventing.Reader.EventProperty]"
"The Software Protection service has successfully installed the license.
License Title=XrML 2.1 License - Product Key Configuration
License Id=06a4dd30-84b7-4fd2-b859-f1eddb0858f5","1004","0","16384","4","0","0","36028797018963968","78","Microsoft-Windows-Security-SPP","e23b33b0-c8c9-472c-a5f9-f2bdfea0f156","Application","0","0","ServerDC2",,"3/18/2025 6:37:23 AM",,,"Application","System.UInt32[]","System.Diagnostics.Eventing.Reader.EventBookmark","Information",,,"System.Collections.ObjectModel.ReadOnlyCollection`1[System.String]","System.Collections.Generic.List`1[System.Diagnostics.Eventing.Reader.EventProperty]"
"The Software Protection service has successfully installed the license.
License Title=XrML 2.1 License - Product Key Configuration
License Id=3b67dd0c-521d-4dbb-8c1a-c75d120fc2fb","1004","0","16384","4","0","0","36028797018963968","77","Microsoft-Windows-Security-SPP","e23b33b0-c8c9-472c-a5f9-f2bdfea0f156","Application","0","0","ServerDC2",,"3/18/2025 6:37:22 AM",,,"Application","System.UInt32[]","System.Diagnostics.Eventing.Reader.EventBookmark","Information",,,"System.Collections.ObjectModel.ReadOnlyCollection`1[System.String]","System.Collections.Generic.List`1[System.Diagnostics.Eventing.Reader.EventProperty]"
"The Software Protection service has successfully installed the license.
License Title=XrML 2.1 License - Product Key Configuration
License Id=71ce6518-3581-46da-948d-083c57061836","1004","0","16384","4","0","0","36028797018963968","76","Microsoft-Windows-Security-SPP","e23b33b0-c8c9-472c-a5f9-f2bdfea0f156","Application","0","0","ServerDC2",,"3/18/2025 6:37:22 AM",,,"Application","System.UInt32[]","System.Diagnostics.Eventing.Reader.EventBookmark","Information",,,"System.Collections.ObjectModel.ReadOnlyCollection`1[System.String]","System.Collections.Generic.List`1[System.Diagnostics.Eventing.Reader.EventProperty]"
"Initialization status for service objects.
C:\Windows\system32\sppwinob.dll, msft:spp/windowsfunctionality/agent/7.0, 0x00000000, 0x00000000
C:\Windows\system32\sppobjs.dll, msft:rm/algorithm/inherited/1.0, 0x00000000, 0x00000000
C:\Windows\system32\sppobjs.dll, msft:rm/algorithm/phone/1.0, 0x00000000, 0x00000000
C:\Windows\system32\sppobjs.dll, msft:rm/algorithm/pkey/detect, 0x00000000, 0x00000000
C:\Windows\system32\sppobjs.dll, msft:spp/ActionScheduler/1.0, 0x00000000, 0x00000000
C:\Windows\system32\sppobjs.dll, msft:spp/TaskScheduler/1.0, 0x00000000, 0x00000000
C:\Windows\system32\sppobjs.dll, msft:spp/statecollector/pkey, 0x00000000, 0x00000000
C:\Windows\system32\sppobjs.dll, msft:spp/volume/services/kms/1.0, 0x00000000, 0x00000000
C:\Windows\system32\sppobjs.dll, msft:spp/volume/services/kms/activationinfo/1.0, 0x00000000, 0x00000000
","1066","0","16384","4","0","0","36028797018963968","75","Microsoft-Windows-Security-SPP","e23b33b0-c8c9-472c-a5f9-f2bdfea0f156","Application","0","0","ServerDC2",,"3/18/2025 6:37:22 AM",,,"Application","System.UInt32[]","System.Diagnostics.Eventing.Reader.EventBookmark","Information",,,"System.Collections.ObjectModel.ReadOnlyCollection`1[System.String]","System.Collections.Generic.List`1[System.Diagnostics.Eventing.Reader.EventProperty]"
"Offline downlevel migration succeeded.","16394","0","49152","4","0","0","36028797018963968","74","Microsoft-Windows-Security-SPP","e23b33b0-c8c9-472c-a5f9-f2bdfea0f156","Application","0","0","ServerDC2",,"3/18/2025 6:37:22 AM",,,"Application","System.UInt32[]","System.Diagnostics.Eventing.Reader.EventBookmark","Information",,,"System.Collections.ObjectModel.ReadOnlyCollection`1[System.String]","System.Collections.Generic.List`1[System.Diagnostics.Eventing.Reader.EventProperty]"
"The Software Protection service is starting.
Parameters:TriggerStarted:6","900","0","16384","4","0","0","36028797018963968","73","Microsoft-Windows-Security-SPP","e23b33b0-c8c9-472c-a5f9-f2bdfea0f156","Application","0","0","ServerDC2",,"3/18/2025 6:37:22 AM",,,"Application","System.UInt32[]","System.Diagnostics.Eventing.Reader.EventBookmark","Information",,,"System.Collections.ObjectModel.ReadOnlyCollection`1[System.String]","System.Collections.Generic.List`1[System.Diagnostics.Eventing.Reader.EventProperty]"
"Windows Management Instrumentation Service subsystems initialized successfully","5617","2",,"4","0","0","-9223372036854775808","72","Microsoft-Windows-WMI","1edeee53-0afe-4609-b846-d8c0b2075b1f","Application","2332","2912","ServerDC2","S-1-5-18","3/18/2025 6:37:21 AM",,,"Application","System.UInt32[]","System.Diagnostics.Eventing.Reader.EventBookmark","Information","Info",,"System.Collections.ObjectModel.ReadOnlyCollection`1[System.String]","System.Collections.Generic.List`1[System.Diagnostics.Eventing.Reader.EventProperty]"
"The Desktop Window Manager has registered the session port.","9027",,"16384","4","0",,"36028797018963968","71","Desktop Window Manager",,"Application",,,"ServerDC2",,"3/18/2025 6:37:21 AM",,,"Application","System.UInt32[]","System.Diagnostics.Eventing.Reader.EventBookmark","Information",,,"System.Collections.ObjectModel.ReadOnlyCollection`1[System.String]","System.Collections.Generic.List`1[System.Diagnostics.Eventing.Reader.EventProperty]"
"Windows Management Instrumentation Service started sucessfully","5615","2",,"4","0","0","-9223372036854775808","70","Microsoft-Windows-WMI","1edeee53-0afe-4609-b846-d8c0b2075b1f","Application","2332","2520","ServerDC2","S-1-5-18","3/18/2025 6:37:20 AM",,,"Application","System.UInt32[]","System.Diagnostics.Eventing.Reader.EventBookmark","Information","Info",,"System.Collections.ObjectModel.ReadOnlyCollection`1[System.String]","System.Collections.Generic.List`1[System.Diagnostics.Eventing.Reader.EventProperty]"
"The User Profile Service has started successfully.  

","1531","0",,"4","0","0","-9223372036854775808","69","Microsoft-Windows-User Profiles Service","89b1e9f0-5aff-44a6-9b44-0a07a7ce5845","Application","1276","1368","ServerDC2","S-1-5-18","3/18/2025 6:37:19 AM",,,"Application","System.UInt32[]","System.Diagnostics.Eventing.Reader.EventBookmark","Information","Info",,"System.Collections.ObjectModel.ReadOnlyCollection`1[System.String]","System.Collections.Generic.List`1[System.Diagnostics.Eventing.Reader.EventProperty]"
"The EventSystem sub system is suppressing duplicate event log entries for a duration of 86400 seconds.  The suppression timeout can be controlled by a REG_DWORD value named SuppressDuplicateDuration under the following registry key: HKLM\Software\Microsoft\EventSystem\EventLog.","4625","0","16384","4","0","0","36028797018963968","68","Microsoft-Windows-EventSystem","899daace-4868-4295-afcd-9eb8fb497561","Application","0","0","ServerDC2",,"3/18/2025 6:37:19 AM",,,"Application","System.UInt32[]","System.Diagnostics.Eventing.Reader.EventBookmark","Information",,,"System.Collections.ObjectModel.ReadOnlyCollection`1[System.String]","System.Collections.Generic.List`1[System.Diagnostics.Eventing.Reader.EventProperty]"
"The User Profile Service has stopped.  

","1532","0",,"4","0","0","-9223372036854775808","67","Microsoft-Windows-User Profiles Service","89b1e9f0-5aff-44a6-9b44-0a07a7ce5845","Application","1556","1656","ServerDC2","S-1-5-18","3/18/2025 6:37:03 AM",,,"Application","System.UInt32[]","System.Diagnostics.Eventing.Reader.EventBookmark","Information","Info",,"System.Collections.ObjectModel.ReadOnlyCollection`1[System.String]","System.Collections.Generic.List`1[System.Diagnostics.Eventing.Reader.EventProperty]"
"The MS DTC service is stopping.","4111","0","16384","4","1","0","36028797018963968","66","Microsoft-Windows-MSDTC","719be4ed-e9bc-4dd8-a7cf-c85ce8e4975d","Application","0","0","ServerDC2",,"3/18/2025 6:37:03 AM",,,"Application","System.UInt32[]","System.Diagnostics.Eventing.Reader.EventBookmark","Information",,"SVC","System.Collections.ObjectModel.ReadOnlyCollection`1[System.String]","System.Collections.Generic.List`1[System.Diagnostics.Eventing.Reader.EventProperty]"
"The winlogon notification subscriber <SessionEnv> was unavailable to handle a notification event.","6000","0","32768","4","0","0","36028797018963968","65","Microsoft-Windows-Winlogon","dbe9b383-7cf3-4331-91cc-a3cb16a3b538","Application","0","0","ServerDC2",,"3/18/2025 6:36:03 AM",,,"Application","System.UInt32[]","System.Diagnostics.Eventing.Reader.EventBookmark","Information",,,"System.Collections.ObjectModel.ReadOnlyCollection`1[System.String]","System.Collections.Generic.List`1[System.Diagnostics.Eventing.Reader.EventProperty]"
"The winlogon notification subscriber <WSearch> was unavailable to handle a notification event.","6000","0","32768","4","0","0","36028797018963968","64","Microsoft-Windows-Winlogon","dbe9b383-7cf3-4331-91cc-a3cb16a3b538","Application","0","0","ServerDC2",,"3/18/2025 6:36:03 AM",,,"Application","System.UInt32[]","System.Diagnostics.Eventing.Reader.EventBookmark","Information",,,"System.Collections.ObjectModel.ReadOnlyCollection`1[System.String]","System.Collections.Generic.List`1[System.Diagnostics.Eventing.Reader.EventProperty]"
"The VSS service is shutting down due to idle timeout. ","8224",,"0","4","0",,"36028797018963968","63","VSS",,"Application",,,"ServerDC2",,"3/18/2025 6:18:04 AM",,,"Application","System.UInt32[]","System.Diagnostics.Eventing.Reader.EventBookmark","Information","Info",,"System.Collections.ObjectModel.ReadOnlyCollection`1[System.String]","System.Collections.Generic.List`1[System.Diagnostics.Eventing.Reader.EventProperty]"
"Successfully scheduled Software Protection service for re-start at 2025-03-19T02:53:20Z. Reason: RulesEngine.","16384","0","16384","4","0","0","36028797018963968","62","Microsoft-Windows-Security-SPP","e23b33b0-c8c9-472c-a5f9-f2bdfea0f156","Application","0","0","ServerDC2",,"3/18/2025 6:16:20 AM",,,"Application","System.UInt32[]","System.Diagnostics.Eventing.Reader.EventBookmark","Information",,,"System.Collections.ObjectModel.ReadOnlyCollection`1[System.String]","System.Collections.Generic.List`1[System.Diagnostics.Eventing.Reader.EventProperty]"
"Offline downlevel migration succeeded.","16394","0","49152","4","0","0","36028797018963968","61","Microsoft-Windows-Security-SPP","e23b33b0-c8c9-472c-a5f9-f2bdfea0f156","Application","0","0","ServerDC2",,"3/18/2025 6:15:49 AM",,,"Application","System.UInt32[]","System.Diagnostics.Eventing.Reader.EventBookmark","Information",,,"System.Collections.ObjectModel.ReadOnlyCollection`1[System.String]","System.Collections.Generic.List`1[System.Diagnostics.Eventing.Reader.EventProperty]"
"Successfully scheduled Software Protection service for re-start at 2025-03-19T02:53:35Z. Reason: RulesEngine.","16384","0","16384","4","0","0","36028797018963968","60","Microsoft-Windows-Security-SPP","e23b33b0-c8c9-472c-a5f9-f2bdfea0f156","Application","0","0","ServerDC2",,"3/18/2025 6:15:35 AM",,,"Application","System.UInt32[]","System.Diagnostics.Eventing.Reader.EventBookmark","Information",,,"System.Collections.ObjectModel.ReadOnlyCollection`1[System.String]","System.Collections.Generic.List`1[System.Diagnostics.Eventing.Reader.EventProperty]"
"Offline downlevel migration succeeded.","16394","0","49152","4","0","0","36028797018963968","59","Microsoft-Windows-Security-SPP","e23b33b0-c8c9-472c-a5f9-f2bdfea0f156","Application","0","0","ServerDC2",,"3/18/2025 6:15:05 AM",,,"Application","System.UInt32[]","System.Diagnostics.Eventing.Reader.EventBookmark","Information",,,"System.Collections.ObjectModel.ReadOnlyCollection`1[System.String]","System.Collections.Generic.List`1[System.Diagnostics.Eventing.Reader.EventProperty]"
"Successfully scheduled Software Protection service for re-start at 2025-03-19T02:54:04Z. Reason: RulesEngine.","16384","0","16384","4","0","0","36028797018963968","58","Microsoft-Windows-Security-SPP","e23b33b0-c8c9-472c-a5f9-f2bdfea0f156","Application","0","0","ServerDC2",,"3/18/2025 6:15:04 AM",,,"Application","System.UInt32[]","System.Diagnostics.Eventing.Reader.EventBookmark","Information",,,"System.Collections.ObjectModel.ReadOnlyCollection`1[System.String]","System.Collections.Generic.List`1[System.Diagnostics.Eventing.Reader.EventProperty]"
"Offline downlevel migration succeeded.","16394","0","49152","4","0","0","36028797018963968","57","Microsoft-Windows-Security-SPP","e23b33b0-c8c9-472c-a5f9-f2bdfea0f156","Application","0","0","ServerDC2",,"3/18/2025 6:14:05 AM",,,"Application","System.UInt32[]","System.Diagnostics.Eventing.Reader.EventBookmark","Information",,,"System.Collections.ObjectModel.ReadOnlyCollection`1[System.String]","System.Collections.Generic.List`1[System.Diagnostics.Eventing.Reader.EventProperty]"
"Successfully scheduled Software Protection service for re-start at 2025-03-19T02:53:58Z. Reason: RulesEngine.","16384","0","16384","4","0","0","36028797018963968","56","Microsoft-Windows-Security-SPP","e23b33b0-c8c9-472c-a5f9-f2bdfea0f156","Application","0","0","ServerDC2",,"3/18/2025 6:13:58 AM",,,"Application","System.UInt32[]","System.Diagnostics.Eventing.Reader.EventBookmark","Information",,,"System.Collections.ObjectModel.ReadOnlyCollection`1[System.String]","System.Collections.Generic.List`1[System.Diagnostics.Eventing.Reader.EventProperty]"
"Duplicate definition of policy found. Policy name=Security-SPP-IgnoreDeferredActivation  Priority=500","1034","0","16384","4","0","0","36028797018963968","55","Microsoft-Windows-Security-SPP","e23b33b0-c8c9-472c-a5f9-f2bdfea0f156","Application","0","0","ServerDC2",,"3/18/2025 6:13:28 AM",,,"Application","System.UInt32[]","System.Diagnostics.Eventing.Reader.EventBookmark","Information",,,"System.Collections.ObjectModel.ReadOnlyCollection`1[System.String]","System.Collections.Generic.List`1[System.Diagnostics.Eventing.Reader.EventProperty]"
"Duplicate definition of policy found. Policy name=AAD-WindowsCore-AddAccountRestrictions  Priority=100","1034","0","16384","4","0","0","36028797018963968","54","Microsoft-Windows-Security-SPP","e23b33b0-c8c9-472c-a5f9-f2bdfea0f156","Application","0","0","ServerDC2",,"3/18/2025 6:13:28 AM",,,"Application","System.UInt32[]","System.Diagnostics.Eventing.Reader.EventBookmark","Information",,,"System.Collections.ObjectModel.ReadOnlyCollection`1[System.String]","System.Collections.Generic.List`1[System.Diagnostics.Eventing.Reader.EventProperty]"
"Offline downlevel migration succeeded.","16394","0","49152","4","0","0","36028797018963968","53","Microsoft-Windows-Security-SPP","e23b33b0-c8c9-472c-a5f9-f2bdfea0f156","Application","0","0","ServerDC2",,"3/18/2025 6:13:28 AM",,,"Application","System.UInt32[]","System.Diagnostics.Eventing.Reader.EventBookmark","Information",,,"System.Collections.ObjectModel.ReadOnlyCollection`1[System.String]","System.Collections.Generic.List`1[System.Diagnostics.Eventing.Reader.EventProperty]"
"The VSS service is shutting down due to idle timeout. ","8224",,"0","4","0",,"36028797018963968","52","VSS",,"Application",,,"ServerDC2",,"3/18/2025 6:09:01 AM",,,"Application","System.UInt32[]","System.Diagnostics.Eventing.Reader.EventBookmark","Information","Info",,"System.Collections.ObjectModel.ReadOnlyCollection`1[System.String]","System.Collections.Generic.List`1[System.Diagnostics.Eventing.Reader.EventProperty]"
"Successfully scheduled Software Protection service for re-start at 2025-03-19T02:53:26Z. Reason: RulesEngine.","16384","0","16384","4","0","0","36028797018963968","51","Microsoft-Windows-Security-SPP","e23b33b0-c8c9-472c-a5f9-f2bdfea0f156","Application","0","0","ServerDC2",,"3/18/2025 6:06:26 AM",,,"Application","System.UInt32[]","System.Diagnostics.Eventing.Reader.EventBookmark","Information",,,"System.Collections.ObjectModel.ReadOnlyCollection`1[System.String]","System.Collections.Generic.List`1[System.Diagnostics.Eventing.Reader.EventProperty]"
"Offline downlevel migration succeeded.","16394","0","49152","4","0","0","36028797018963968","50","Microsoft-Windows-Security-SPP","e23b33b0-c8c9-472c-a5f9-f2bdfea0f156","Application","0","0","ServerDC2",,"3/18/2025 6:05:56 AM",,,"Application","System.UInt32[]","System.Diagnostics.Eventing.Reader.EventBookmark","Information",,,"System.Collections.ObjectModel.ReadOnlyCollection`1[System.String]","System.Collections.Generic.List`1[System.Diagnostics.Eventing.Reader.EventProperty]"
"Successfully scheduled Software Protection service for re-start at 2025-03-19T02:54:02Z. Reason: RulesEngine.","16384","0","16384","4","0","0","36028797018963968","49","Microsoft-Windows-Security-SPP","e23b33b0-c8c9-472c-a5f9-f2bdfea0f156","Application","0","0","ServerDC2",,"3/18/2025 6:05:02 AM",,,"Application","System.UInt32[]","System.Diagnostics.Eventing.Reader.EventBookmark","Information",,,"System.Collections.ObjectModel.ReadOnlyCollection`1[System.String]","System.Collections.Generic.List`1[System.Diagnostics.Eventing.Reader.EventProperty]"
"Offline downlevel migration succeeded.","16394","0","49152","4","0","0","36028797018963968","48","Microsoft-Windows-Security-SPP","e23b33b0-c8c9-472c-a5f9-f2bdfea0f156","Application","0","0","ServerDC2",,"3/18/2025 6:04:05 AM",,,"Application","System.UInt32[]","System.Diagnostics.Eventing.Reader.EventBookmark","Information",,,"System.Collections.ObjectModel.ReadOnlyCollection`1[System.String]","System.Collections.Generic.List`1[System.Diagnostics.Eventing.Reader.EventProperty]"
"Successfully scheduled Software Protection service for re-start at 2025-03-19T02:53:36Z. Reason: RulesEngine.","16384","0","16384","4","0","0","36028797018963968","47","Microsoft-Windows-Security-SPP","e23b33b0-c8c9-472c-a5f9-f2bdfea0f156","Application","0","0","ServerDC2",,"3/18/2025 3:55:36 AM",,,"Application","System.UInt32[]","System.Diagnostics.Eventing.Reader.EventBookmark","Information",,,"System.Collections.ObjectModel.ReadOnlyCollection`1[System.String]","System.Collections.Generic.List`1[System.Diagnostics.Eventing.Reader.EventProperty]"
"Offline downlevel migration succeeded.","16394","0","49152","4","0","0","36028797018963968","46","Microsoft-Windows-Security-SPP","e23b33b0-c8c9-472c-a5f9-f2bdfea0f156","Application","0","0","ServerDC2",,"3/18/2025 3:55:05 AM",,,"Application","System.UInt32[]","System.Diagnostics.Eventing.Reader.EventBookmark","Information",,,"System.Collections.ObjectModel.ReadOnlyCollection`1[System.String]","System.Collections.Generic.List`1[System.Diagnostics.Eventing.Reader.EventProperty]"
"Successfully scheduled Software Protection service for re-start at 2025-03-19T02:54:14Z. Reason: RulesEngine.","16384","0","16384","4","0","0","36028797018963968","45","Microsoft-Windows-Security-SPP","e23b33b0-c8c9-472c-a5f9-f2bdfea0f156","Application","0","0","ServerDC2",,"3/18/2025 12:25:14 AM",,,"Application","System.UInt32[]","System.Diagnostics.Eventing.Reader.EventBookmark","Information",,,"System.Collections.ObjectModel.ReadOnlyCollection`1[System.String]","System.Collections.Generic.List`1[System.Diagnostics.Eventing.Reader.EventProperty]"
"Offline downlevel migration succeeded.","16394","0","49152","4","0","0","36028797018963968","44","Microsoft-Windows-Security-SPP","e23b33b0-c8c9-472c-a5f9-f2bdfea0f156","Application","0","0","ServerDC2",,"3/18/2025 12:24:35 AM",,,"Application","System.UInt32[]","System.Diagnostics.Eventing.Reader.EventBookmark","Information",,,"System.Collections.ObjectModel.ReadOnlyCollection`1[System.String]","System.Collections.Generic.List`1[System.Diagnostics.Eventing.Reader.EventProperty]"
"Successful auto update of third-party root list with effective date: ?Monday, ?January ?27, ?2025 7:46:32 PM.","4111","0","0","4","0","0","-9187343239835811840","43","Microsoft-Windows-CAPI2","5bbca4a8-b209-48dc-a8c7-b23d3e5216fb","Application","1216","2168","ServerDC2",,"3/17/2025 10:09:41 PM",,,"Application","System.UInt32[]","System.Diagnostics.Eventing.Reader.EventBookmark","Information","Info",,"System.Collections.ObjectModel.ReadOnlyCollection`1[System.String]","System.Collections.Generic.List`1[System.Diagnostics.Eventing.Reader.EventProperty]"
"Successful auto delete of third-party root certificate:: Subject: <OU=Class 3 Public Primary Certification Authority, O=""VeriSign, Inc."", C=US> Sha1 thumbprint: <4F65566336DB6598581D584A596C87934D5F2AB4>.","4108","0","0","4","0","0","-9187343239835811840","42","Microsoft-Windows-CAPI2","5bbca4a8-b209-48dc-a8c7-b23d3e5216fb","Application","1216","2168","ServerDC2",,"3/17/2025 10:09:41 PM",,,"Application","System.UInt32[]","System.Diagnostics.Eventing.Reader.EventBookmark","Information","Info",,"System.Collections.ObjectModel.ReadOnlyCollection`1[System.String]","System.Collections.Generic.List`1[System.Diagnostics.Eventing.Reader.EventProperty]"
"Successful auto property update of third-party root certificate:: Subject: <OU=Class 3 Public Primary Certification Authority, O=""VeriSign, Inc."", C=US> Sha1 thumbprint: <742C3192E607E424EB4549542BE1BBC53E6174E2>.","4109","0","0","4","0","0","-9187343239835811840","41","Microsoft-Windows-CAPI2","5bbca4a8-b209-48dc-a8c7-b23d3e5216fb","Application","1216","2168","ServerDC2",,"3/17/2025 10:09:41 PM",,,"Application","System.UInt32[]","System.Diagnostics.Eventing.Reader.EventBookmark","Information","Info",,"System.Collections.ObjectModel.ReadOnlyCollection`1[System.String]","System.Collections.Generic.List`1[System.Diagnostics.Eventing.Reader.EventProperty]"
".NET Runtime Optimization Service (4.0.30319.0) - Installed from repository: mscorlib","1130",,"0","0","0",,"36028797018963968","40",".NET Runtime Optimization Service",,"Application",,,"ServerDC2",,"3/17/2025 10:05:28 PM",,,"Application","System.UInt32[]","System.Diagnostics.Eventing.Reader.EventBookmark","Information","Info",,"System.Collections.ObjectModel.ReadOnlyCollection`1[System.String]","System.Collections.Generic.List`1[System.Diagnostics.Eventing.Reader.EventProperty]"
".NET Runtime Optimization Service (4.0.30319.0) - Installed from repository: mscorlib","1130",,"0","0","0",,"36028797018963968","39",".NET Runtime Optimization Service",,"Application",,,"ServerDC2",,"3/17/2025 10:04:06 PM",,,"Application","System.UInt32[]","System.Diagnostics.Eventing.Reader.EventBookmark","Information","Info",,"System.Collections.ObjectModel.ReadOnlyCollection`1[System.String]","System.Collections.Generic.List`1[System.Diagnostics.Eventing.Reader.EventProperty]"
"Performance counters for the WmiApRpl (WmiApRpl) service were loaded successfully. The Record Data in the data section contains the new index values assigned to this service.","1000","0",,"4","0","0","-9223372036854775808","38","Microsoft-Windows-LoadPerf","122ee297-bb47-41ae-b265-1ca8d1886d40","Application","5928","5656","ServerDC2","S-1-5-18","3/17/2025 9:57:49 PM",,,"Application","System.UInt32[]","System.Diagnostics.Eventing.Reader.EventBookmark","Information","Info",,"System.Collections.ObjectModel.ReadOnlyCollection`1[System.String]","System.Collections.Generic.List`1[System.Diagnostics.Eventing.Reader.EventProperty]"
"Successfully scheduled Software Protection service for re-start at 2025-03-19T02:54:09Z. Reason: RulesEngine.","16384","0","16384","4","0","0","36028797018963968","37","Microsoft-Windows-Security-SPP","e23b33b0-c8c9-472c-a5f9-f2bdfea0f156","Application","0","0","ServerDC2",,"3/17/2025 9:56:09 PM",,,"Application","System.UInt32[]","System.Diagnostics.Eventing.Reader.EventBookmark","Information",,,"System.Collections.ObjectModel.ReadOnlyCollection`1[System.String]","System.Collections.Generic.List`1[System.Diagnostics.Eventing.Reader.EventProperty]"
"Offline downlevel migration succeeded.","16394","0","49152","4","0","0","36028797018963968","36","Microsoft-Windows-Security-SPP","e23b33b0-c8c9-472c-a5f9-f2bdfea0f156","Application","0","0","ServerDC2",,"3/17/2025 9:55:39 PM",,,"Application","System.UInt32[]","System.Diagnostics.Eventing.Reader.EventBookmark","Information",,,"System.Collections.ObjectModel.ReadOnlyCollection`1[System.String]","System.Collections.Generic.List`1[System.Diagnostics.Eventing.Reader.EventProperty]"
"The Software Protection service is starting.
Parameters:<explicit>","900","0","16384","4","0","0","36028797018963968","35","Microsoft-Windows-Security-SPP","e23b33b0-c8c9-472c-a5f9-f2bdfea0f156","Application","0","0","ServerDC2",,"3/17/2025 9:55:39 PM",,,"Application","System.UInt32[]","System.Diagnostics.Eventing.Reader.EventBookmark","Information",,,"System.Collections.ObjectModel.ReadOnlyCollection`1[System.String]","System.Collections.Generic.List`1[System.Diagnostics.Eventing.Reader.EventProperty]"
"MSDTC started with the following settings: Security Configuration (OFF = 0 and ON = 1): Allow Remote Administrator = 0, Network Clients = 0, Transaction Manager Communication:  Allow Inbound Transactions = 0, Allow Outbound Transactions = 0, Transaction Internet Protocol (TIP) = 0,  Enable XA Transactions = 0,  Enable SNA LU 6.2 Transactions = 1,  MSDTC Communications Security = Mutual Authentication Required, Account = NT AUTHORITY\NetworkService,  Firewall Exclusion Detected = 0 Transaction Bridge Installed = 0 Filtering Duplicate Events = 1","4202","0","16384","4","2","0","36028797018963968","34","Microsoft-Windows-MSDTC 2","5d9e0020-3761-4f36-90c8-38ce6511bd12","Application","0","0","ServerDC2",,"3/17/2025 9:55:39 PM",,,"Application","System.UInt32[]","System.Diagnostics.Eventing.Reader.EventBookmark","Information",,"TM","System.Collections.ObjectModel.ReadOnlyCollection`1[System.String]","System.Collections.Generic.List`1[System.Diagnostics.Eventing.Reader.EventProperty]"
"Successful auto update of pin rules with effective date: ?Wednesday, ?May ?31, ?2017 6:28:59 PM.","4113","0","0","4","0","0","-9187343239835811840","33","Microsoft-Windows-CAPI2","5bbca4a8-b209-48dc-a8c7-b23d3e5216fb","Application","1216","3796","ServerDC2",,"3/17/2025 9:55:27 PM",,,"Application","System.UInt32[]","System.Diagnostics.Eventing.Reader.EventBookmark","Information","Info",,"System.Collections.ObjectModel.ReadOnlyCollection`1[System.String]","System.Collections.Generic.List`1[System.Diagnostics.Eventing.Reader.EventProperty]"
"Successfully scheduled Software Protection service for re-start at 2025-03-19T02:53:51Z. Reason: RulesEngine.","16384","0","16384","4","0","0","36028797018963968","32","Microsoft-Windows-Security-SPP","e23b33b0-c8c9-472c-a5f9-f2bdfea0f156","Application","0","0","ServerDC2",,"3/17/2025 9:54:51 PM",,,"Application","System.UInt32[]","System.Diagnostics.Eventing.Reader.EventBookmark","Information",,,"System.Collections.ObjectModel.ReadOnlyCollection`1[System.String]","System.Collections.Generic.List`1[System.Diagnostics.Eventing.Reader.EventProperty]"
"Successful auto update of third-party root certificate:: Subject: <CN=DigiCert Global Root G3, OU=www.digicert.com, O=DigiCert Inc, C=US> Sha1 thumbprint: <7E04DE896A3E666D00E687D33FFAD93BE83D349E>.","4097","0","0","4","0","0","-9187343239835811840","31","Microsoft-Windows-CAPI2","5bbca4a8-b209-48dc-a8c7-b23d3e5216fb","Application","1216","3620","ServerDC2",,"3/17/2025 9:54:37 PM",,,"Application","System.UInt32[]","System.Diagnostics.Eventing.Reader.EventBookmark","Information","Info",,"System.Collections.ObjectModel.ReadOnlyCollection`1[System.String]","System.Collections.Generic.List`1[System.Diagnostics.Eventing.Reader.EventProperty]"
"Successful auto update of third-party root certificate:: Subject: <CN=DigiCert Global Root G2, OU=www.digicert.com, O=DigiCert Inc, C=US> Sha1 thumbprint: <DF3C24F9BFD666761B268073FE06D1CC8D4F82A4>.","4097","0","0","4","0","0","-9187343239835811840","30","Microsoft-Windows-CAPI2","5bbca4a8-b209-48dc-a8c7-b23d3e5216fb","Application","1216","3620","ServerDC2",,"3/17/2025 9:54:36 PM",,,"Application","System.UInt32[]","System.Diagnostics.Eventing.Reader.EventBookmark","Information","Info",,"System.Collections.ObjectModel.ReadOnlyCollection`1[System.String]","System.Collections.Generic.List`1[System.Diagnostics.Eventing.Reader.EventProperty]"
"License Activation (slui.exe) failed with the following error code:
hr=0x8007232B
Command-line arguments:
RuleId=eeba1977-569e-4571-b639-7623d8bfecc0;Action=AutoActivate;AppId=55c92734-d682-4d71-983e-d6ec3f16059f;SkuId=de32eafd-aaee-4662-9444-c1befb41bde2;NotificationInterval=1440;Trigger=UserLogon;SessionId=1","8198","0","49152","2","0","0","36028797018963968","29","Microsoft-Windows-Security-SPP","e23b33b0-c8c9-472c-a5f9-f2bdfea0f156","Application","0","0","ServerDC2",,"3/17/2025 9:54:19 PM",,,"Application","System.UInt32[]","System.Diagnostics.Eventing.Reader.EventBookmark","Error",,,"System.Collections.ObjectModel.ReadOnlyCollection`1[System.String]","System.Collections.Generic.List`1[System.Diagnostics.Eventing.Reader.EventProperty]"
"The Software Protection service has completed licensing status check.
Application Id=55c92734-d682-4d71-983e-d6ec3f16059f
Licensing Status=
1: 22105925-48c3-4ff4-a294-f654bb27e390, 1, 0 [(0 [0xC004F014, 0, 0], [(?)(?)(?)(?)(?)(?)(?)(?)])(1 )(2 )(3 )]
2: 281c216a-5957-439b-adf2-aff4098a2bdd, 1, 0 [(0 [0xC004F014, 0, 0], [(?)(?)(?)(?)(?)(?)(?)(?)])(1 )(2 )(3 )]
3: 2e7a9ad1-a849-4b56-babe-17d5a29fe4b4, 1, 0 [(0 [0xC004F014, 0, 0], [(?)(?)(?)(?)(?)(?)(?)(?)])(1 )(2 )(3 )]
4: 3c006fa7-3b03-45a4-93da-63ddc1bdce11, 1, 0 [(0 [0xC004F014, 0, 0], [(?)(?)(?)(?)(?)(?)(?)(?)])(1 )(2 )(3 )]
5: 4285bbda-6219-4c1a-98e9-859e60d669fb, 1, 0 [(0 [0xC004F014, 0, 0], [(?)(?)(?)(?)(?)(?)(?)(?)])(1 )(2 )(3 )]
6: 44a5b4c3-e4b1-483b-81e8-0f78f4d98283, 1, 0 [(0 [0xC004F014, 0, 0], [(?)(?)(?)(?)(?)(?)(?)(?)])(1 )(2 )(3 )]
7: 661f7658-7035-4b4c-9f35-010682943ec2, 1, 0 [(0 [0xC004F014, 0, 0], [(?)(?)(?)(?)(?)(?)(?)(?)])(1 )(2 )(3 )]
8: 8ea56c31-fe6e-4d56-9d17-8dc1ab35dd8b, 1, 0 [(0 [0xC004F014, 0, 0], [(?)(?)(?)(?)(?)(?)(?)(?)])(1 )(2 )(3 )]
9: 92114319-12ea-4bca-9d63-8740de9feff3, 1, 0 [(0 [0xC004F014, 0, 0], [(?)(?)(?)(?)(?)(?)(?)(?)])(1 )(2 )(3 )]
10: 9db83b52-9904-4326-8957-ebe6feedf37c, 1, 0 [(0 [0xC004F014, 0, 0], [(?)(?)(?)(?)(?)(?)(?)(?)])(1 )(2 )(3 )]
11: c2d23e1f-ee3e-4533-9094-e6dc0b8aa049, 1, 0 [(0 [0xC004F014, 0, 0], [(?)(?)(?)(?)(?)(?)(?)(?)])(1 )(2 )(3 )]
12: d07edbd8-02cb-49b1-8358-f2de7afd8a4d, 1, 0 [(0 [0xC004F014, 0, 0], [(?)(?)(?)(?)(?)(?)(?)(?)])(1 )(2 )(3 )]
13: de32eafd-aaee-4662-9444-c1befb41bde2, 1, 1 [(0 [0xC004E003, 0, 0], [( 2 0xC004F056 0 0 msft:rm/algorithm/volume/1.0 0x00000000 0)( 1 0x00000000)(?)( 2 0xC004F056 0 0 msft:rm/algorithm/volume/1.0 0x00000000 0)(?)(?)(?)(?)])(1 )(2 )(3 [0x00000000, 0, 0], [( 6 0xC004F009 0 0)( 1 0x00000000)( 6 0xC004F009 0 0)(?)(?)(?)( 10 0x00000000 msft:rm/algorithm/flags/1.0)( 11 0x00000000 0xC004F056)])]
14: e73aabfa-12bc-4705-b551-2dd076bebc7d, 1, 0 [(0 [0xC004F014, 0, 0], [(?)(?)(?)(?)(?)(?)(?)(?)])(1 )(2 )(3 )]
15: e936f630-5125-4a39-b1de-544d6c036491, 1, 0 [(0 [0xC004F014, 0, 0], [(?)(?)(?)(?)(?)(?)(?)(?)])(1 )(2 )(3 )]
16: fd946594-6f0d-4c5c-9bf7-f5f628ecd0b9, 1, 0 [(0 [0xC004F014, 0, 0], [(?)(?)(?)(?)(?)(?)(?)(?)])(1 )(2 )(3 )]

","1003","0","16384","4","0","0","36028797018963968","28","Microsoft-Windows-Security-SPP","e23b33b0-c8c9-472c-a5f9-f2bdfea0f156","Application","0","0","ServerDC2",,"3/17/2025 9:54:19 PM",,,"Application","System.UInt32[]","System.Diagnostics.Eventing.Reader.EventBookmark","Information",,,"System.Collections.ObjectModel.ReadOnlyCollection`1[System.String]","System.Collections.Generic.List`1[System.Diagnostics.Eventing.Reader.EventProperty]"
"The Software Protection service has completed licensing status check.
Application Id=55c92734-d682-4d71-983e-d6ec3f16059f
Licensing Status=
1: 22105925-48c3-4ff4-a294-f654bb27e390, 1, 0 [(0 [0xC004F014, 0, 0], [(?)(?)(?)(?)(?)(?)(?)(?)])(1 )(2 )(3 )]
2: 281c216a-5957-439b-adf2-aff4098a2bdd, 1, 0 [(0 [0xC004F014, 0, 0], [(?)(?)(?)(?)(?)(?)(?)(?)])(1 )(2 )(3 )]
3: 2e7a9ad1-a849-4b56-babe-17d5a29fe4b4, 1, 0 [(0 [0xC004F014, 0, 0], [(?)(?)(?)(?)(?)(?)(?)(?)])(1 )(2 )(3 )]
4: 3c006fa7-3b03-45a4-93da-63ddc1bdce11, 1, 0 [(0 [0xC004F014, 0, 0], [(?)(?)(?)(?)(?)(?)(?)(?)])(1 )(2 )(3 )]
5: 4285bbda-6219-4c1a-98e9-859e60d669fb, 1, 0 [(0 [0xC004F014, 0, 0], [(?)(?)(?)(?)(?)(?)(?)(?)])(1 )(2 )(3 )]
6: 44a5b4c3-e4b1-483b-81e8-0f78f4d98283, 1, 0 [(0 [0xC004F014, 0, 0], [(?)(?)(?)(?)(?)(?)(?)(?)])(1 )(2 )(3 )]
7: 661f7658-7035-4b4c-9f35-010682943ec2, 1, 0 [(0 [0xC004F014, 0, 0], [(?)(?)(?)(?)(?)(?)(?)(?)])(1 )(2 )(3 )]
8: 8ea56c31-fe6e-4d56-9d17-8dc1ab35dd8b, 1, 0 [(0 [0xC004F014, 0, 0], [(?)(?)(?)(?)(?)(?)(?)(?)])(1 )(2 )(3 )]
9: 92114319-12ea-4bca-9d63-8740de9feff3, 1, 0 [(0 [0xC004F014, 0, 0], [(?)(?)(?)(?)(?)(?)(?)(?)])(1 )(2 )(3 )]
10: 9db83b52-9904-4326-8957-ebe6feedf37c, 1, 0 [(0 [0xC004F014, 0, 0], [(?)(?)(?)(?)(?)(?)(?)(?)])(1 )(2 )(3 )]
11: c2d23e1f-ee3e-4533-9094-e6dc0b8aa049, 1, 0 [(0 [0xC004F014, 0, 0], [(?)(?)(?)(?)(?)(?)(?)(?)])(1 )(2 )(3 )]
12: d07edbd8-02cb-49b1-8358-f2de7afd8a4d, 1, 0 [(0 [0xC004F014, 0, 0], [(?)(?)(?)(?)(?)(?)(?)(?)])(1 )(2 )(3 )]
13: de32eafd-aaee-4662-9444-c1befb41bde2, 1, 1 [(0 [0xC004E003, 0, 0], [( 2 0xC004F056 0 0 msft:rm/algorithm/volume/1.0 0x00000000 0)( 1 0x00000000)(?)( 2 0xC004F056 0 0 msft:rm/algorithm/volume/1.0 0x00000000 0)(?)(?)(?)(?)])(1 )(2 )(3 [0x00000000, 0, 0], [( 6 0xC004F009 0 0)( 1 0x00000000)( 6 0xC004F009 0 0)(?)(?)(?)( 10 0x00000000 msft:rm/algorithm/flags/1.0)( 11 0x00000000 0xC004F056)])]
14: e73aabfa-12bc-4705-b551-2dd076bebc7d, 1, 0 [(0 [0xC004F014, 0, 0], [(?)(?)(?)(?)(?)(?)(?)(?)])(1 )(2 )(3 )]
15: e936f630-5125-4a39-b1de-544d6c036491, 1, 0 [(0 [0xC004F014, 0, 0], [(?)(?)(?)(?)(?)(?)(?)(?)])(1 )(2 )(3 )]
16: fd946594-6f0d-4c5c-9bf7-f5f628ecd0b9, 1, 0 [(0 [0xC004F014, 0, 0], [(?)(?)(?)(?)(?)(?)(?)(?)])(1 )(2 )(3 )]

","1003","0","16384","4","0","0","36028797018963968","27","Microsoft-Windows-Security-SPP","e23b33b0-c8c9-472c-a5f9-f2bdfea0f156","Application","0","0","ServerDC2",,"3/17/2025 9:54:19 PM",,,"Application","System.UInt32[]","System.Diagnostics.Eventing.Reader.EventBookmark","Information",,,"System.Collections.ObjectModel.ReadOnlyCollection`1[System.String]","System.Collections.Generic.List`1[System.Diagnostics.Eventing.Reader.EventProperty]"
"The Software Protection service has completed licensing status check.
Application Id=55c92734-d682-4d71-983e-d6ec3f16059f
Licensing Status=
1: 22105925-48c3-4ff4-a294-f654bb27e390, 1, 0 [(0 [0xC004F014, 0, 0], [(?)(?)(?)(?)(?)(?)(?)(?)])(1 )(2 )(3 )]
2: 281c216a-5957-439b-adf2-aff4098a2bdd, 1, 0 [(0 [0xC004F014, 0, 0], [(?)(?)(?)(?)(?)(?)(?)(?)])(1 )(2 )(3 )]
3: 2e7a9ad1-a849-4b56-babe-17d5a29fe4b4, 1, 0 [(0 [0xC004F014, 0, 0], [(?)(?)(?)(?)(?)(?)(?)(?)])(1 )(2 )(3 )]
4: 3c006fa7-3b03-45a4-93da-63ddc1bdce11, 1, 0 [(0 [0xC004F014, 0, 0], [(?)(?)(?)(?)(?)(?)(?)(?)])(1 )(2 )(3 )]
5: 4285bbda-6219-4c1a-98e9-859e60d669fb, 1, 0 [(0 [0xC004F014, 0, 0], [(?)(?)(?)(?)(?)(?)(?)(?)])(1 )(2 )(3 )]
6: 44a5b4c3-e4b1-483b-81e8-0f78f4d98283, 1, 0 [(0 [0xC004F014, 0, 0], [(?)(?)(?)(?)(?)(?)(?)(?)])(1 )(2 )(3 )]
7: 661f7658-7035-4b4c-9f35-010682943ec2, 1, 0 [(0 [0xC004F014, 0, 0], [(?)(?)(?)(?)(?)(?)(?)(?)])(1 )(2 )(3 )]
8: 8ea56c31-fe6e-4d56-9d17-8dc1ab35dd8b, 1, 0 [(0 [0xC004F014, 0, 0], [(?)(?)(?)(?)(?)(?)(?)(?)])(1 )(2 )(3 )]
9: 92114319-12ea-4bca-9d63-8740de9feff3, 1, 0 [(0 [0xC004F014, 0, 0], [(?)(?)(?)(?)(?)(?)(?)(?)])(1 )(2 )(3 )]
10: 9db83b52-9904-4326-8957-ebe6feedf37c, 1, 0 [(0 [0xC004F014, 0, 0], [(?)(?)(?)(?)(?)(?)(?)(?)])(1 )(2 )(3 )]
11: c2d23e1f-ee3e-4533-9094-e6dc0b8aa049, 1, 0 [(0 [0xC004F014, 0, 0], [(?)(?)(?)(?)(?)(?)(?)(?)])(1 )(2 )(3 )]
12: d07edbd8-02cb-49b1-8358-f2de7afd8a4d, 1, 0 [(0 [0xC004F014, 0, 0], [(?)(?)(?)(?)(?)(?)(?)(?)])(1 )(2 )(3 )]
13: de32eafd-aaee-4662-9444-c1befb41bde2, 1, 1 [(0 [0xC004E003, 0, 0], [( 2 0xC004F056 0 0 msft:rm/algorithm/volume/1.0 0x00000000 0)( 1 0x00000000)(?)( 2 0xC004F056 0 0 msft:rm/algorithm/volume/1.0 0x00000000 0)(?)(?)(?)(?)])(1 )(2 )(3 [0x00000000, 0, 0], [( 6 0xC004F009 0 0)( 1 0x00000000)( 6 0xC004F009 0 0)(?)(?)(?)( 10 0x00000000 msft:rm/algorithm/flags/1.0)( 11 0x00000000 0xC004F056)])]
14: e73aabfa-12bc-4705-b551-2dd076bebc7d, 1, 0 [(0 [0xC004F014, 0, 0], [(?)(?)(?)(?)(?)(?)(?)(?)])(1 )(2 )(3 )]
15: e936f630-5125-4a39-b1de-544d6c036491, 1, 0 [(0 [0xC004F014, 0, 0], [(?)(?)(?)(?)(?)(?)(?)(?)])(1 )(2 )(3 )]
16: fd946594-6f0d-4c5c-9bf7-f5f628ecd0b9, 1, 0 [(0 [0xC004F014, 0, 0], [(?)(?)(?)(?)(?)(?)(?)(?)])(1 )(2 )(3 )]

","1003","0","16384","4","0","0","36028797018963968","26","Microsoft-Windows-Security-SPP","e23b33b0-c8c9-472c-a5f9-f2bdfea0f156","Application","0","0","ServerDC2",,"3/17/2025 9:54:17 PM",,,"Application","System.UInt32[]","System.Diagnostics.Eventing.Reader.EventBookmark","Information",,,"System.Collections.ObjectModel.ReadOnlyCollection`1[System.String]","System.Collections.Generic.List`1[System.Diagnostics.Eventing.Reader.EventProperty]"
"The rules engine successfully re-evaluated the schedule.
Kernel policies:
Security-SPP-Action-StateData (REG_SZ) =AppId=55c92734-d682-4d71-983e-d6ec3f16059f;LastConsumptionReason=0xc004f056;LastNotificationId=VolumeUnlicensed;LicenseState=SL_LICENSING_STATUS_NOTIFICATION;PartialProductKey=J464C;ProductKeyType=Volume:GVLK;SkuId=de32eafd-aaee-4662-9444-c1befb41bde2;ruleId=eeba1977-569e-4571-b639-7623d8bfecc0;uxDifferentiator=ENVIRONMENT;volumeActivationOrder=normal","8230","0","16384","4","0","0","36028797018963968","25","Microsoft-Windows-Security-SPP","e23b33b0-c8c9-472c-a5f9-f2bdfea0f156","Application","0","0","ServerDC2",,"3/17/2025 9:54:15 PM",,,"Application","System.UInt32[]","System.Diagnostics.Eventing.Reader.EventBookmark","Information",,,"System.Collections.ObjectModel.ReadOnlyCollection`1[System.String]","System.Collections.Generic.List`1[System.Diagnostics.Eventing.Reader.EventProperty]"
"Offline downlevel migration succeeded.","16394","0","49152","4","0","0","36028797018963968","24","Microsoft-Windows-Security-SPP","e23b33b0-c8c9-472c-a5f9-f2bdfea0f156","Application","0","0","ServerDC2",,"3/17/2025 9:54:12 PM",,,"Application","System.UInt32[]","System.Diagnostics.Eventing.Reader.EventBookmark","Information",,,"System.Collections.ObjectModel.ReadOnlyCollection`1[System.String]","System.Collections.Generic.List`1[System.Diagnostics.Eventing.Reader.EventProperty]"
"Successful auto update of third-party root certificate:: Subject: <CN=DigiCert Global Root CA, OU=www.digicert.com, O=DigiCert Inc, C=US> Sha1 thumbprint: <A8985D3A65E5E5C4B2D7D66D40C6DD2FB19C5436>.","4097","0","0","4","0","0","-9187343239835811840","23","Microsoft-Windows-CAPI2","5bbca4a8-b209-48dc-a8c7-b23d3e5216fb","Application","1216","1252","ServerDC2",,"3/17/2025 9:54:10 PM",,,"Application","System.UInt32[]","System.Diagnostics.Eventing.Reader.EventBookmark","Information","Info",,"System.Collections.ObjectModel.ReadOnlyCollection`1[System.String]","System.Collections.Generic.List`1[System.Diagnostics.Eventing.Reader.EventProperty]"
"Successful auto update of disallowed certificate list with effective date: ?Wednesday, ?December ?4, ?2024 1:00:14 PM.","4112","0","0","4","0","0","-9187343239835811840","22","Microsoft-Windows-CAPI2","5bbca4a8-b209-48dc-a8c7-b23d3e5216fb","Application","1216","1248","ServerDC2",,"3/17/2025 9:54:10 PM",,,"Application","System.UInt32[]","System.Diagnostics.Eventing.Reader.EventBookmark","Information","Info",,"System.Collections.ObjectModel.ReadOnlyCollection`1[System.String]","System.Collections.Generic.List`1[System.Diagnostics.Eventing.Reader.EventProperty]"
"The winlogon notification subscriber <SessionEnv> was unavailable to handle a notification event.","6000","0","32768","4","0","0","36028797018963968","21","Microsoft-Windows-Winlogon","dbe9b383-7cf3-4331-91cc-a3cb16a3b538","Application","0","0","ServerDC2",,"3/17/2025 9:54:09 PM",,,"Application","System.UInt32[]","System.Diagnostics.Eventing.Reader.EventBookmark","Information",,,"System.Collections.ObjectModel.ReadOnlyCollection`1[System.String]","System.Collections.Generic.List`1[System.Diagnostics.Eventing.Reader.EventProperty]"
"Windows Search Service has created default configuration for new user 'SERVERDC2\vboxuser' .
","5","0","16384","4","0","0","36028797018963968","20","Microsoft-Windows-Search-ProfileNotify","fc6f77dd-769a-470e-bcf9-1b6555a118be","Application","0","0","ServerDC2",,"3/17/2025 9:54:09 PM",,,"Application","System.UInt32[]","System.Diagnostics.Eventing.Reader.EventBookmark","Information",,,"System.Collections.ObjectModel.ReadOnlyCollection`1[System.String]","System.Collections.Generic.List`1[System.Diagnostics.Eventing.Reader.EventProperty]"
"The winlogon notification subscriber <SessionEnv> was unavailable to handle a critical notification event.","6003","0","32768","4","0","0","36028797018963968","19","Microsoft-Windows-Winlogon","dbe9b383-7cf3-4331-91cc-a3cb16a3b538","Application","0","0","ServerDC2",,"3/17/2025 9:54:08 PM",,,"Application","System.UInt32[]","System.Diagnostics.Eventing.Reader.EventBookmark","Information",,,"System.Collections.ObjectModel.ReadOnlyCollection`1[System.String]","System.Collections.Generic.List`1[System.Diagnostics.Eventing.Reader.EventProperty]"
"The Software Protection service has stopped.
","903","0","16384","0","0","0","36028797018963968","18","Microsoft-Windows-Security-SPP","e23b33b0-c8c9-472c-a5f9-f2bdfea0f156","Application","0","0","ServerDC2",,"3/17/2025 9:54:07 PM",,,"Application","System.UInt32[]","System.Diagnostics.Eventing.Reader.EventBookmark","Information",,,"System.Collections.ObjectModel.ReadOnlyCollection`1[System.String]","System.Collections.Generic.List`1[System.Diagnostics.Eventing.Reader.EventProperty]"
"Successfully scheduled Software Protection service for re-start at 2025-03-18T04:57:07Z. Reason: RulesEngine.","16384","0","16384","4","0","0","36028797018963968","17","Microsoft-Windows-Security-SPP","e23b33b0-c8c9-472c-a5f9-f2bdfea0f156","Application","0","0","ServerDC2",,"3/17/2025 9:54:07 PM",,,"Application","System.UInt32[]","System.Diagnostics.Eventing.Reader.EventBookmark","Information",,,"System.Collections.ObjectModel.ReadOnlyCollection`1[System.String]","System.Collections.Generic.List`1[System.Diagnostics.Eventing.Reader.EventProperty]"
"Catalog Database (1216,D,35) Catalog Database: Flush map file ""C:\Windows\system32\CatRoot2\{F750E6C3-38EE-11D1-85E5-00C04FC295EE}\catdb.jfm"" will be deleted. Reason: ReadHdrFailed.","636",,"0","3","1",,"36028797018963968","16","ESENT",,"Application",,,"ServerDC2",,"3/17/2025 9:53:52 PM",,,"Application","System.UInt32[]","System.Diagnostics.Eventing.Reader.EventBookmark","Warning","Info","General","System.Collections.ObjectModel.ReadOnlyCollection`1[System.String]","System.Collections.Generic.List`1[System.Diagnostics.Eventing.Reader.EventProperty]"
"Catalog Database (1216,D,35) Catalog Database: Error -1919 validating header page on flush map file ""C:\Windows\system32\CatRoot2\{F750E6C3-38EE-11D1-85E5-00C04FC295EE}\catdb.jfm"". The flush map file will be invalidated. 
Additional information: [SignDbHdrFromDb:Create time:00/00/1900 00:00:00.000 Rand:0 Computer:] [SignFmHdrFromDb:Create time:00/00/1900 00:00:00.000 Rand:0 Computer:] [SignDbHdrFromFm:Create time:03/18/2025 02:53:48.705 Rand:852726209 Computer:] [SignFmHdrFromFm:Create time:03/18/2025 02:53:52.502 Rand:792034158 Computer:]","640",,"0","3","1",,"36028797018963968","15","ESENT",,"Application",,,"ServerDC2",,"3/17/2025 9:53:52 PM",,,"Application","System.UInt32[]","System.Diagnostics.Eventing.Reader.EventBookmark","Warning","Info","General","System.Collections.ObjectModel.ReadOnlyCollection`1[System.String]","System.Collections.Generic.List`1[System.Diagnostics.Eventing.Reader.EventProperty]"
"Catalog Database (1216,D,35) Catalog Database: Flush map file ""C:\Windows\system32\CatRoot2\{127D0A1D-4EF2-11D1-8608-00C04FC295EE}\catdb.jfm"" will be deleted. Reason: ReadHdrFailed.","636",,"0","3","1",,"36028797018963968","14","ESENT",,"Application",,,"ServerDC2",,"3/17/2025 9:53:52 PM",,,"Application","System.UInt32[]","System.Diagnostics.Eventing.Reader.EventBookmark","Warning","Info","General","System.Collections.ObjectModel.ReadOnlyCollection`1[System.String]","System.Collections.Generic.List`1[System.Diagnostics.Eventing.Reader.EventProperty]"
"Catalog Database (1216,D,35) Catalog Database: Error -1919 validating header page on flush map file ""C:\Windows\system32\CatRoot2\{127D0A1D-4EF2-11D1-8608-00C04FC295EE}\catdb.jfm"". The flush map file will be invalidated. 
Additional information: [SignDbHdrFromDb:Create time:00/00/1900 00:00:00.000 Rand:0 Computer:] [SignFmHdrFromDb:Create time:00/00/1900 00:00:00.000 Rand:0 Computer:] [SignDbHdrFromFm:Create time:03/18/2025 02:53:48.705 Rand:172852905 Computer:] [SignFmHdrFromFm:Create time:03/18/2025 02:53:49.095 Rand:176209276 Computer:]","640",,"0","3","1",,"36028797018963968","13","ESENT",,"Application",,,"ServerDC2",,"3/17/2025 9:53:52 PM",,,"Application","System.UInt32[]","System.Diagnostics.Eventing.Reader.EventBookmark","Warning","Info","General","System.Collections.ObjectModel.ReadOnlyCollection`1[System.String]","System.Collections.Generic.List`1[System.Diagnostics.Eventing.Reader.EventProperty]"
"Windows Management Instrumentation Service subsystems initialized successfully","5617","2",,"4","0","0","-9223372036854775808","12","Microsoft-Windows-WMI","1edeee53-0afe-4609-b846-d8c0b2075b1f","Application","2680","3088","ServerDC2","S-1-5-18","3/17/2025 9:53:39 PM","af842ba5-97c1-0000-372e-84afc197db01",,"Application","System.UInt32[]","System.Diagnostics.Eventing.Reader.EventBookmark","Information","Info",,"System.Collections.ObjectModel.ReadOnlyCollection`1[System.String]","System.Collections.Generic.List`1[System.Diagnostics.Eventing.Reader.EventProperty]"
"Windows Management Instrumentation Service started sucessfully","5615","2",,"4","0","0","-9223372036854775808","11","Microsoft-Windows-WMI","1edeee53-0afe-4609-b846-d8c0b2075b1f","Application","2680","2832","ServerDC2","S-1-5-18","3/17/2025 9:53:37 PM",,,"Application","System.UInt32[]","System.Diagnostics.Eventing.Reader.EventBookmark","Information","Info",,"System.Collections.ObjectModel.ReadOnlyCollection`1[System.String]","System.Collections.Generic.List`1[System.Diagnostics.Eventing.Reader.EventProperty]"
