License Id=25776ea7-e4d0-4515-ae95-f44d5673ac5c","1004","0","16384","4","0","0","36028797018963968","165","Microsoft-Windows-Security-SPP","e23b33b0-c8c9-472c-a5f9-f2bdfea0f156","Application","0","0","ServerDC2",,"3/18/2025 6:37:23 AM",,,"Application","System.UInt32[]","System.Diagnostics.Eventing.Reader.EventBookmark","Information",,,"System.Collections.ObjectModel.ReadOnlyCollection`1[System.String]","System.Collections.Generic.List`1[System.Diagnostics.Eventing.Reader.EventProperty]"
"The Software Protection service has successfully installed the license.
License Title=Windows(R) UL oob License (Private)
License Id=0e235011-c6c6-441b-a46b-d83e8cd1b700","1004","0","16384","4","0","0","36028797018963968","164","Microsoft-Windows-Security-SPP","e23b33b0-c8c9-472c-a5f9-f2bdfea0f156","Application","0","0","ServerDC2",,"3/18/2025 6:37:23 AM",,,"Application","System.UInt32[]","System.Diagnostics.Eventing.Reader.EventBookmark","Information",,,"System.Collections.ObjectModel.ReadOnlyCollection`1[System.String]","System.Collections.Generic.List`1[System.Diagnostics.Eventing.Reader.EventProperty]"
"The Software Protection service has successfully installed the license.
License Title=Windows(R) UL oob License (Public)
License Id=e25a5660-f6b4-4cd6-8939-a49e7ff3ec23","1004","0","16384","4","0","0","36028797018963968","163","Microsoft-Windows-Security-SPP","e23b33b0-c8c9-472c-a5f9-f2bdfea0f156","Application","0","0","ServerDC2",,"3/18/2025 6:37:23 AM",,,"Application","System.UInt32[]","System.Diagnostics.Eventing.Reader.EventBookmark","Information",,,"System.Collections.ObjectModel.ReadOnlyCollection`1[System.String]","System.Collections.Generic.List`1[System.Diagnostics.Eventing.Reader.EventProperty]"
"The Software Protection service has successfully installed the license.
License Title=Windows(R) Publishing License (Private)
License Id=eff2981d-3241-4b38-af05-a9354661efd8","1004","0","16384","4","0","0","36028797018963968","162","Microsoft-Windows-Security-SPP","e23b33b0-c8c9-472c-a5f9-f2bdfea0f156","Application","0","0","ServerDC2",,"3/18/2025 6:37:23 AM",,,"Application","System.UInt32[]","System.Diagnostics.Eventing.Reader.EventBookmark","Information",,,"System.Collections.ObjectModel.ReadOnlyCollection`1[System.String]","System.Collections.Generic.List`1[System.Diagnostics.Eventing.Reader.EventProperty]"
"The Software Protection service has successfully installed the license.
License Title=Windows(R) Publishing License (Public)
License Id=21ed3eb0-7aec-4ed5-9f13-a32f44a6cfd3","1004","0","16384","4","0","0","36028797018963968","161","Microsoft-Windows-Security-SPP","e23b33b0-c8c9-472c-a5f9-f2bdfea0f156","Application","0","0","ServerDC2",,"3/18/2025 6:37:23 AM",,,"Application","System.UInt32[]","System.Diagnostics.Eventing.Reader.EventBookmark","Information",,,"System.Collections.ObjectModel.ReadOnlyCollection`1[System.String]","System.Collections.Generic.List`1[System.Diagnostics.Eventing.Reader.EventProperty]"
"The Software Protection service has successfully installed the license.
License Title=Windows(R) UL store License (Private)
License Id=3e4fb268-e569-4989-a690-7fa8bc06d524","1004","0","16384","4","0","0","36028797018963968","160","Microsoft-Windows-Security-SPP","e23b33b0-c8c9-472c-a5f9-f2bdfea0f156","Application","0","0","ServerDC2",,"3/18/2025 6:37:23 AM",,,"Application","System.UInt32[]","System.Diagnostics.Eventing.Reader.EventBookmark","Information",,,"System.Collections.ObjectModel.ReadOnlyCollection`1[System.String]","System.Collections.Generic.List`1[System.Diagnostics.Eventing.Reader.EventProperty]"
"The Software Protection service has successfully installed the license.
License Title=Windows(R) UL store License (Public)
License Id=9086d763-2340-49a8-95b4-4f06f4f7811c","1004","0","16384","4","0","0","36028797018963968","159","Microsoft-Windows-Security-SPP","e23b33b0-c8c9-472c-a5f9-f2bdfea0f156","Application","0","0","ServerDC2",,"3/18/2025 6:37:23 AM",,,"Application","System.UInt32[]","System.Diagnostics.Eventing.Reader.EventBookmark","Information",,,"System.Collections.ObjectModel.ReadOnlyCollection`1[System.String]","System.Collections.Generic.List`1[System.Diagnostics.Eventing.Reader.EventProperty]"
"The Software Protection service has successfully installed the license.
License Title=Windows(R) UL phone License (Private)
License Id=9673881d-4740-45f1-a5c0-97dcbf5491f0","1004","0","16384","4","0","0","36028797018963968","158","Microsoft-Windows-Security-SPP","e23b33b0-c8c9-472c-a5f9-f2bdfea0f156","Application","0","0","ServerDC2",,"3/18/2025 6:37:23 AM",,,"Application","System.UInt32[]","System.Diagnostics.Eventing.Reader.EventBookmark","Information",,,"System.Collections.ObjectModel.ReadOnlyCollection`1[System.String]","System.Collections.Generic.List`1[System.Diagnostics.Eventing.Reader.EventProperty]"
"The Software Protection service has successfully installed the license.
License Title=Windows(R) UL phone License (Public)
License Id=9baf7b79-6df9-47f1-8d2f-1ab0aa994b51","1004","0","16384","4","0","0","36028797018963968","157","Microsoft-Windows-Security-SPP","e23b33b0-c8c9-472c-a5f9-f2bdfea0f156","Application","0","0","ServerDC2",,"3/18/2025 6:37:23 AM",,,"Application","System.UInt32[]","System.Diagnostics.Eventing.Reader.EventBookmark","Information",,,"System.Collections.ObjectModel.ReadOnlyCollection`1[System.String]","System.Collections.Generic.List`1[System.Diagnostics.Eventing.Reader.EventProperty]"
"The Software Protection service has successfully installed the license.
License Title=Windows(R) UL oob License (Private)
License Id=b677d087-aefd-4a00-b668-e2af3fe2eb4a","1004","0","16384","4","0","0","36028797018963968","156","Microsoft-Windows-Security-SPP","e23b33b0-c8c9-472c-a5f9-f2bdfea0f156","Application","0","0","ServerDC2",,"3/18/2025 6:37:23 AM",,,"Application","System.UInt32[]","System.Diagnostics.Eventing.Reader.EventBookmark","Information",,,"System.Collections.ObjectModel.ReadOnlyCollection`1[System.String]","System.Collections.Generic.List`1[System.Diagnostics.Eventing.Reader.EventProperty]"
"The Software Protection service has successfully installed the license.
License Title=Windows(R) UL oob License (Public)
License Id=63b078d6-5789-4bca-ab21-614dd37ec22f","1004","0","16384","4","0","0","36028797018963968","155","Microsoft-Windows-Security-SPP","e23b33b0-c8c9-472c-a5f9-f2bdfea0f156","Application","0","0","ServerDC2",,"3/18/2025 6:37:23 AM",,,"Application","System.UInt32[]","System.Diagnostics.Eventing.Reader.EventBookmark","Information",,,"System.Collections.ObjectModel.ReadOnlyCollection`1[System.String]","System.Collections.Generic.List`1[System.Diagnostics.Eventing.Reader.EventProperty]"
"The Software Protection service has successfully installed the license.
License Title=Windows(R) Publishing License (Private)
License Id=18bc346a-cdda-4f65-a88b-d4b82a1296c0","1004","0","16384","4","0","0","36028797018963968","154","Microsoft-Windows-Security-SPP","e23b33b0-c8c9-472c-a5f9-f2bdfea0f156","Application","0","0","ServerDC2",,"3/18/2025 6:37:23 AM",,,"Application","System.UInt32[]","System.Diagnostics.Eventing.Reader.EventBookmark","Information",,,"System.Collections.ObjectModel.ReadOnlyCollection`1[System.String]","System.Collections.Generic.List`1[System.Diagnostics.Eventing.Reader.EventProperty]"
"The Software Protection service has successfully installed the license.
License Title=Windows(R) Publishing License (Public)
License Id=c8773598-bcf1-4245-ad0b-dd14f12c163a","1004","0","16384","4","0","0","36028797018963968","153","Microsoft-Windows-Security-SPP","e23b33b0-c8c9-472c-a5f9-f2bdfea0f156","Application","0","0","ServerDC2",,"3/18/2025 6:37:23 AM",,,"Application","System.UInt32[]","System.Diagnostics.Eventing.Reader.EventBookmark","Information",,,"System.Collections.ObjectModel.ReadOnlyCollection`1[System.String]","System.Collections.Generic.List`1[System.Diagnostics.Eventing.Reader.EventProperty]"
"The Software Protection service has successfully installed the license.
License Title=Windows(R) UL store License (Private)
License Id=6fa70873-fc8f-48c0-a8b6-70bb6f16332d","1004","0","16384","4","0","0","36028797018963968","152","Microsoft-Windows-Security-SPP","e23b33b0-c8c9-472c-a5f9-f2bdfea0f156","Application","0","0","ServerDC2",,"3/18/2025 6:37:23 AM",,,"Application","System.UInt32[]","System.Diagnostics.Eventing.Reader.EventBookmark","Information",,,"System.Collections.ObjectModel.ReadOnlyCollection`1[System.String]","System.Collections.Generic.List`1[System.Diagnostics.Eventing.Reader.EventProperty]"
"The Software Protection service has successfully installed the license.
License Title=Windows(R) UL store License (Public)
License Id=d6d52fa7-aca5-41c2-af44-5aabf8bdcabf","1004","0","16384","4","0","0","36028797018963968","151","Microsoft-Windows-Security-SPP","e23b33b0-c8c9-472c-a5f9-f2bdfea0f156","Application","0","0","ServerDC2",,"3/18/2025 6:37:23 AM",,,"Application","System.UInt32[]","System.Diagnostics.Eventing.Reader.EventBookmark","Information",,,"System.Collections.ObjectModel.ReadOnlyCollection`1[System.String]","System.Collections.Generic.List`1[System.Diagnostics.Eventing.Reader.EventProperty]"
"The Software Protection service has successfully installed the license.
License Title=Windows(R) UL phone License (Private)
License Id=a4a9497c-75cf-43fe-aca4-1d2dd69bd417","1004","0","16384","4","0","0","36028797018963968","150","Microsoft-Windows-Security-SPP","e23b33b0-c8c9-472c-a5f9-f2bdfea0f156","Application","0","0","ServerDC2",,"3/18/2025 6:37:23 AM",,,"Application","System.UInt32[]","System.Diagnostics.Eventing.Reader.EventBookmark","Information",,,"System.Collections.ObjectModel.ReadOnlyCollection`1[System.String]","System.Collections.Generic.List`1[System.Diagnostics.Eventing.Reader.EventProperty]"
"The Software Protection service has successfully installed the license.
License Title=Windows(R) UL phone License (Public)
License Id=99176ebe-5458-41b9-ad02-d1c197af8255","1004","0","16384","4","0","0","36028797018963968","149","Microsoft-Windows-Security-SPP","e23b33b0-c8c9-472c-a5f9-f2bdfea0f156","Application","0","0","ServerDC2",,"3/18/2025 6:37:23 AM",,,"Application","System.UInt32[]","System.Diagnostics.Eventing.Reader.EventBookmark","Information",,,"System.Collections.ObjectModel.ReadOnlyCollection`1[System.String]","System.Collections.Generic.List`1[System.Diagnostics.Eventing.Reader.EventProperty]"
"The Software Protection service has successfully installed the license.
License Title=Windows(R) UL oob License (Private)
License Id=5181e912-a988-4512-aa05-77bc9e3bad5d","1004","0","16384","4","0","0","36028797018963968","148","Microsoft-Windows-Security-SPP","e23b33b0-c8c9-472c-a5f9-f2bdfea0f156","Application","0","0","ServerDC2",,"3/18/2025 6:37:23 AM",,,"Application","System.UInt32[]","System.Diagnostics.Eventing.Reader.EventBookmark","Information",,,"System.Collections.ObjectModel.ReadOnlyCollection`1[System.String]","System.Collections.Generic.List`1[System.Diagnostics.Eventing.Reader.EventProperty]"
"The Software Protection service has successfully installed the license.
License Title=Windows(R) UL oob License (Public)
License Id=6150c54a-d612-4217-8b47-ada3dbce76cf","1004","0","16384","4","0","0","36028797018963968","147","Microsoft-Windows-Security-SPP","e23b33b0-c8c9-472c-a5f9-f2bdfea0f156","Application","0","0","ServerDC2",,"3/18/2025 6:37:23 AM",,,"Application","System.UInt32[]","System.Diagnostics.Eventing.Reader.EventBookmark","Information",,,"System.Collections.ObjectModel.ReadOnlyCollection`1[System.String]","System.Collections.Generic.List`1[System.Diagnostics.Eventing.Reader.EventProperty]"
"The Software Protection service has successfully installed the license.
License Title=Windows(R) Publishing License (Private)
License Id=2ab64da8-c4a4-465b-845a-09765dbc6787","1004","0","16384","4","0","0","36028797018963968","146","Microsoft-Windows-Security-SPP","e23b33b0-c8c9-472c-a5f9-f2bdfea0f156","Application","0","0","ServerDC2",,"3/18/2025 6:37:23 AM",,,"Application","System.UInt32[]","System.Diagnostics.Eventing.Reader.EventBookmark","Information",,,"System.Collections.ObjectModel.ReadOnlyCollection`1[System.String]","System.Collections.Generic.List`1[System.Diagnostics.Eventing.Reader.EventProperty]"
"The Software Protection service has successfully installed the license.
License Title=Windows(R) Publishing License (Public)
License Id=ce262854-9c4b-4ae9-bd5d-fa42cf0146ed","1004","0","16384","4","0","0","36028797018963968","145","Microsoft-Windows-Security-SPP","e23b33b0-c8c9-472c-a5f9-f2bdfea0f156","Application","0","0","ServerDC2",,"3/18/2025 6:37:23 AM",,,"Application","System.UInt32[]","System.Diagnostics.Eventing.Reader.EventBookmark","Information",,,"System.Collections.ObjectModel.ReadOnlyCollection`1[System.String]","System.Collections.Generic.List`1[System.Diagnostics.Eventing.Reader.EventProperty]"
"The Software Protection service has successfully installed the license.
License Title=Windows(R) UL store License (Private)
License Id=55370f25-fbf4-4932-bfc8-ae43d8b96942","1004","0","16384","4","0","0","36028797018963968","144","Microsoft-Windows-Security-SPP","e23b33b0-c8c9-472c-a5f9-f2bdfea0f156","Application","0","0","ServerDC2",,"3/18/2025 6:37:23 AM",,,"Application","System.UInt32[]","System.Diagnostics.Eventing.Reader.EventBookmark","Information",,,"System.Collections.ObjectModel.ReadOnlyCollection`1[System.String]","System.Collections.Generic.List`1[System.Diagnostics.Eventing.Reader.EventProperty]"
"The Software Protection service has successfully installed the license.
License Title=Windows(R) UL store License (Public)
License Id=638e9986-ec4f-4f02-92e4-9789909c2a95","1004","0","16384","4","0","0","36028797018963968","143","Microsoft-Windows-Security-SPP","e23b33b0-c8c9-472c-a5f9-f2bdfea0f156","Application","0","0","ServerDC2",,"3/18/2025 6:37:23 AM",,,"Application","System.UInt32[]","System.Diagnostics.Eventing.Reader.EventBookmark","Information",,,"System.Collections.ObjectModel.ReadOnlyCollection`1[System.String]","System.Collections.Generic.List`1[System.Diagnostics.Eventing.Reader.EventProperty]"
"The Software Protection service has successfully installed the license.
License Title=Windows(R) UL phone License (Private)
License Id=1d192b87-d1fa-4e40-b469-95be62965b1e","1004","0","16384","4","0","0","36028797018963968","142","Microsoft-Windows-Security-SPP","e23b33b0-c8c9-472c-a5f9-f2bdfea0f156","Application","0","0","ServerDC2",,"3/18/2025 6:37:23 AM",,,"Application","System.UInt32[]","System.Diagnostics.Eventing.Reader.EventBookmark","Information",,,"System.Collections.ObjectModel.ReadOnlyCollection`1[System.String]","System.Collections.Generic.List`1[System.Diagnostics.Eventing.Reader.EventProperty]"
"The Software Protection service has successfully installed the license.
License Title=Windows(R) UL phone License (Public)
License Id=7ac392ee-6407-41e3-9949-f53345b6161e","1004","0","16384","4","0","0","36028797018963968","141","Microsoft-Windows-Security-SPP","e23b33b0-c8c9-472c-a5f9-f2bdfea0f156","Application","0","0","ServerDC2",,"3/18/2025 6:37:23 AM",,,"Application","System.UInt32[]","System.Diagnostics.Eventing.Reader.EventBookmark","Information",,,"System.Collections.ObjectModel.ReadOnlyCollection`1[System.String]","System.Collections.Generic.List`1[System.Diagnostics.Eventing.Reader.EventProperty]"
"The Software Protection service has successfully installed the license.
License Title=Windows(R) UL oob License (Private)
License Id=a4ed2727-8e26-432a-bf8e-97925b044a05","1004","0","16384","4","0","0","36028797018963968","140","Microsoft-Windows-Security-SPP","e23b33b0-c8c9-472c-a5f9-f2bdfea0f156","Application","0","0","ServerDC2",,"3/18/2025 6:37:23 AM",,,"Application","System.UInt32[]","System.Diagnostics.Eventing.Reader.EventBookmark","Information",,,"System.Collections.ObjectModel.ReadOnlyCollection`1[System.String]","System.Collections.Generic.List`1[System.Diagnostics.Eventing.Reader.EventProperty]"
"The Software Protection service has successfully installed the license.
License Title=Windows(R) UL oob License (Public)
License Id=64c9e01e-f124-405b-8c5b-2e0ca7013de6","1004","0","16384","4","0","0","36028797018963968","139","Microsoft-Windows-Security-SPP","e23b33b0-c8c9-472c-a5f9-f2bdfea0f156","Application","0","0","ServerDC2",,"3/18/2025 6:37:23 AM",,,"Application","System.UInt32[]","System.Diagnostics.Eventing.Reader.EventBookmark","Information",,,"System.Collections.ObjectModel.ReadOnlyCollection`1[System.String]","System.Collections.Generic.List`1[System.Diagnostics.Eventing.Reader.EventProperty]"
"The Software Protection service has successfully installed the license.
License Title=Windows(R) Publishing License (Private)
License Id=67de15be-ec3c-497e-a657-bacb492da56e","1004","0","16384","4","0","0","36028797018963968","138","Microsoft-Windows-Security-SPP","e23b33b0-c8c9-472c-a5f9-f2bdfea0f156","Application","0","0","ServerDC2",,"3/18/2025 6:37:23 AM",,,"Application","System.UInt32[]","System.Diagnostics.Eventing.Reader.EventBookmark","Information",,,"System.Collections.ObjectModel.ReadOnlyCollection`1[System.String]","System.Collections.Generic.List`1[System.Diagnostics.Eventing.Reader.EventProperty]"
"The Software Protection service has successfully installed the license.
License Title=Windows(R) Publishing License (Public)
License Id=af528eb9-a6fd-4bd0-a26f-e4f25976c25b","1004","0","16384","4","0","0","36028797018963968","137","Microsoft-Windows-Security-SPP","e23b33b0-c8c9-472c-a5f9-f2bdfea0f156","Application","0","0","ServerDC2",,"3/18/2025 6:37:23 AM",,,"Application","System.UInt32[]","System.Diagnostics.Eventing.Reader.EventBookmark","Information",,,"System.Collections.ObjectModel.ReadOnlyCollection`1[System.String]","System.Collections.Generic.List`1[System.Diagnostics.Eventing.Reader.EventProperty]"
"The Software Protection service has successfully installed the license.
License Title=Windows(R) UL store License (Private)
License Id=8fa22177-b73a-4f58-be1d-03fa317268f5","1004","0","16384","4","0","0","36028797018963968","136","Microsoft-Windows-Security-SPP","e23b33b0-c8c9-472c-a5f9-f2bdfea0f156","Application","0","0","ServerDC2",,"3/18/2025 6:37:23 AM",,,"Application","System.UInt32[]","System.Diagnostics.Eventing.Reader.EventBookmark","Information",,,"System.Collections.ObjectModel.ReadOnlyCollection`1[System.String]","System.Collections.Generic.List`1[System.Diagnostics.Eventing.Reader.EventProperty]"
"The Software Protection service has successfully installed the license.
License Title=Windows(R) UL store License (Public)
License Id=cb639757-af42-4273-a1f5-1599fdd3eba2","1004","0","16384","4","0","0","36028797018963968","135","Microsoft-Windows-Security-SPP","e23b33b0-c8c9-472c-a5f9-f2bdfea0f156","Application","0","0","ServerDC2",,"3/18/2025 6:37:23 AM",,,"Application","System.UInt32[]","System.Diagnostics.Eventing.Reader.EventBookmark","Information",,,"System.Collections.ObjectModel.ReadOnlyCollection`1[System.String]","System.Collections.Generic.List`1[System.Diagnostics.Eventing.Reader.EventProperty]"
"The Software Protection service has successfully installed the license.
License Title=Windows(R) UL phone License (Private)
License Id=7f47c87f-b4b3-4243-b515-e2cee61e2b0f","1004","0","16384","4","0","0","36028797018963968","134","Microsoft-Windows-Security-SPP","e23b33b0-c8c9-472c-a5f9-f2bdfea0f156","Application","0","0","ServerDC2",,"3/18/2025 6:37:23 AM",,,"Application","System.UInt32[]","System.Diagnostics.Eventing.Reader.EventBookmark","Information",,,"System.Collections.ObjectModel.ReadOnlyCollection`1[System.String]","System.Collections.Generic.List`1[System.Diagnostics.Eventing.Reader.EventProperty]"
"The Software Protection service has successfully installed the license.
License Title=Windows(R) UL phone License (Public)
License Id=bfee31b6-5164-4486-af37-4b265057e6eb","1004","0","16384","4","0","0","36028797018963968","133","Microsoft-Windows-Security-SPP","e23b33b0-c8c9-472c-a5f9-f2bdfea0f156","Application","0","0","ServerDC2",,"3/18/2025 6:37:23 AM",,,"Application","System.UInt32[]","System.Diagnostics.Eventing.Reader.EventBookmark","Information",,,"System.Collections.ObjectModel.ReadOnlyCollection`1[System.String]","System.Collections.Generic.List`1[System.Diagnostics.Eventing.Reader.EventProperty]"
"The Software Protection service has successfully installed the license.
License Title=Windows(R) UL oob License (Private)
License Id=c8d7fdb4-4565-4dae-a2cc-6a684f2e730b","1004","0","16384","4","0","0","36028797018963968","132","Microsoft-Windows-Security-SPP","e23b33b0-c8c9-472c-a5f9-f2bdfea0f156","Application","0","0","ServerDC2",,"3/18/2025 6:37:23 AM",,,"Application","System.UInt32[]","System.Diagnostics.Eventing.Reader.EventBookmark","Information",,,"System.Collections.ObjectModel.ReadOnlyCollection`1[System.String]","System.Collections.Generic.List`1[System.Diagnostics.Eventing.Reader.EventProperty]"
"The Software Protection service has successfully installed the license.
License Title=Windows(R) UL oob License (Public)
License Id=9087e14b-cfd1-47b2-81ba-7dba92af4a8f","1004","0","16384","4","0","0","36028797018963968","131","Microsoft-Windows-Security-SPP","e23b33b0-c8c9-472c-a5f9-f2bdfea0f156","Application","0","0","ServerDC2",,"3/18/2025 6:37:23 AM",,,"Application","System.UInt32[]","System.Diagnostics.Eventing.Reader.EventBookmark","Information",,,"System.Collections.ObjectModel.ReadOnlyCollection`1[System.String]","System.Collections.Generic.List`1[System.Diagnostics.Eventing.Reader.EventProperty]"
"The Software Protection service has successfully installed the license.
License Title=Windows(R) Publishing License (Private)
License Id=d5ee5555-a514-48c7-bbce-42da4f7df828","1004","0","16384","4","0","0","36028797018963968","130","Microsoft-Windows-Security-SPP","e23b33b0-c8c9-472c-a5f9-f2bdfea0f156","Application","0","0","ServerDC2",,"3/18/2025 6:37:23 AM",,,"Application","System.UInt32[]","System.Diagnostics.Eventing.Reader.EventBookmark","Information",,,"System.Collections.ObjectModel.ReadOnlyCollection`1[System.String]","System.Collections.Generic.List`1[System.Diagnostics.Eventing.Reader.EventProperty]"
"The Software Protection service has successfully installed the license.
License Title=Windows(R) Publishing License (Public)
License Id=cbf9558a-7405-4a99-9fb8-9444843f7de4","1004","0","16384","4","0","0","36028797018963968","129","Microsoft-Windows-Security-SPP","e23b33b0-c8c9-472c-a5f9-f2bdfea0f156","Application","0","0","ServerDC2",,"3/18/2025 6:37:23 AM",,,"Application","System.UInt32[]","System.Diagnostics.Eventing.Reader.EventBookmark","Information",,,"System.Collections.ObjectModel.ReadOnlyCollection`1[System.String]","System.Collections.Generic.List`1[System.Diagnostics.Eventing.Reader.EventProperty]"
"The Software Protection service has successfully installed the license.
License Title=Windows(R) UL store License (Private)
License Id=c379be12-bb15-4ed8-95a8-50a3a3bcd923","1004","0","16384","4","0","0","36028797018963968","128","Microsoft-Windows-Security-SPP","e23b33b0-c8c9-472c-a5f9-f2bdfea0f156","Application","0","0","ServerDC2",,"3/18/2025 6:37:23 AM",,,"Application","System.UInt32[]","System.Diagnostics.Eventing.Reader.EventBookmark","Information",,,"System.Collections.ObjectModel.ReadOnlyCollection`1[System.String]","System.Collections.Generic.List`1[System.Diagnostics.Eventing.Reader.EventProperty]"
"The Software Protection service has successfully installed the license.
License Title=Windows(R) UL store License (Public)
License Id=ba67c027-be5e-45ee-9ae9-9bf3b866c4e3","1004","0","16384","4","0","0","36028797018963968","127","Microsoft-Windows-Security-SPP","e23b33b0-c8c9-472c-a5f9-f2bdfea0f156","Application","0","0","ServerDC2",,"3/18/2025 6:37:23 AM",,,"Application","System.UInt32[]","System.Diagnostics.Eventing.Reader.EventBookmark","Information",,,"System.Collections.ObjectModel.ReadOnlyCollection`1[System.String]","System.Collections.Generic.List`1[System.Diagnostics.Eventing.Reader.EventProperty]"
"The Software Protection service has successfully installed the license.
License Title=Windows(R) UL phone License (Private)
License Id=bfec0493-d180-435f-a03a-bbe7b390d140","1004","0","16384","4","0","0","36028797018963968","126","Microsoft-Windows-Security-SPP","e23b33b0-c8c9-472c-a5f9-f2bdfea0f156","Application","0","0","ServerDC2",,"3/18/2025 6:37:23 AM",,,"Application","System.UInt32[]","System.Diagnostics.Eventing.Reader.EventBookmark","Information",,,"System.Collections.ObjectModel.ReadOnlyCollection`1[System.String]","System.Collections.Generic.List`1[System.Diagnostics.Eventing.Reader.EventProperty]"
"The Software Protection service has successfully installed the license.
License Title=Windows(R) UL phone License (Public)
License Id=99f95e99-d1e2-4c2a-a201-388a0a4a5b7d","1004","0","16384","4","0","0","36028797018963968","125","Microsoft-Windows-Security-SPP","e23b33b0-c8c9-472c-a5f9-f2bdfea0f156","Application","0","0","ServerDC2",,"3/18/2025 6:37:23 AM",,,"Application","System.UInt32[]","System.Diagnostics.Eventing.Reader.EventBookmark","Information",,,"System.Collections.ObjectModel.ReadOnlyCollection`1[System.String]","System.Collections.Generic.List`1[System.Diagnostics.Eventing.Reader.EventProperty]"
"The Software Protection service has successfully installed the license.
License Title=Windows(R) UL oob License (Private)
License Id=68398153-c52c-43d2-9a90-019b7c851ee3","1004","0","16384","4","0","0","36028797018963968","124","Microsoft-Windows-Security-SPP","e23b33b0-c8c9-472c-a5f9-f2bdfea0f156","Application","0","0","ServerDC2",,"3/18/2025 6:37:23 AM",,,"Application","System.UInt32[]","System.Diagnostics.Eventing.Reader.EventBookmark","Information",,,"System.Collections.ObjectModel.ReadOnlyCollection`1[System.String]","System.Collections.Generic.List`1[System.Diagnostics.Eventing.Reader.EventProperty]"
"The Software Protection service has successfully installed the license.
License Title=Windows(R) UL oob License (Public)
License Id=367f84f4-ee97-470c-b133-852141bc671c","1004","0","16384","4","0","0","36028797018963968","123","Microsoft-Windows-Security-SPP","e23b33b0-c8c9-472c-a5f9-f2bdfea0f156","Application","0","0","ServerDC2",,"3/18/2025 6:37:23 AM",,,"Application","System.UInt32[]","System.Diagnostics.Eventing.Reader.EventBookmark","Information",,,"System.Collections.ObjectModel.ReadOnlyCollection`1[System.String]","System.Collections.Generic.List`1[System.Diagnostics.Eventing.Reader.EventProperty]"
"The Software Protection service has successfully installed the license.
License Title=Windows(R) Publishing License (Private)
License Id=c1f8c4ed-39e8-4304-8bef-ff4353fdb152","1004","0","16384","4","0","0","36028797018963968","122","Microsoft-Windows-Security-SPP","e23b33b0-c8c9-472c-a5f9-f2bdfea0f156","Application","0","0","ServerDC2",,"3/18/2025 6:37:23 AM",,,"Application","System.UInt32[]","System.Diagnostics.Eventing.Reader.EventBookmark","Information",,,"System.Collections.ObjectModel.ReadOnlyCollection`1[System.String]","System.Collections.Generic.List`1[System.Diagnostics.Eventing.Reader.EventProperty]"
"The Software Protection service has successfully installed the license.
License Title=Windows(R) Publishing License (Public)
License Id=606c8a97-73ac-4e50-898c-9e220b4a73eb","1004","0","16384","4","0","0","36028797018963968","121","Microsoft-Windows-Security-SPP","e23b33b0-c8c9-472c-a5f9-f2bdfea0f156","Application","0","0","ServerDC2",,"3/18/2025 6:37:23 AM",,,"Application","System.UInt32[]","System.Diagnostics.Eventing.Reader.EventBookmark","Information",,,"System.Collections.ObjectModel.ReadOnlyCollection`1[System.String]","System.Collections.Generic.List`1[System.Diagnostics.Eventing.Reader.EventProperty]"
"The Software Protection service has successfully installed the license.
License Title=Windows(R) UL store License (Private)
License Id=d9e120fd-f4e1-4ac5-af96-e767b8d67f55","1004","0","16384","4","0","0","36028797018963968","120","Microsoft-Windows-Security-SPP","e23b33b0-c8c9-472c-a5f9-f2bdfea0f156","Application","0","0","ServerDC2",,"3/18/2025 6:37:23 AM",,,"Application","System.UInt32[]","System.Diagnostics.Eventing.Reader.EventBookmark","Information",,,"System.Collections.ObjectModel.ReadOnlyCollection`1[System.String]","System.Collections.Generic.List`1[System.Diagnostics.Eventing.Reader.EventProperty]"
"The Software Protection service has successfully installed the license.
License Title=Windows(R) UL store License (Public)
License Id=78bdd24b-4253-4686-ba3b-0aedf5efff4c","1004","0","16384","4","0","0","36028797018963968","119","Microsoft-Windows-Security-SPP","e23b33b0-c8c9-472c-a5f9-f2bdfea0f156","Application","0","0","ServerDC2",,"3/18/2025 6:37:23 AM",,,"Application","System.UInt32[]","System.Diagnostics.Eventing.Reader.EventBookmark","Information",,,"System.Collections.ObjectModel.ReadOnlyCollection`1[System.String]","System.Collections.Generic.List`1[System.Diagnostics.Eventing.Reader.EventProperty]"
"The Software Protection service has successfully installed the license.
License Title=Windows(R) UL phone License (Private)
License Id=103f5889-8f09-48a0-9de2-d1836c274222","1004","0","16384","4","0","0","36028797018963968","118","Microsoft-Windows-Security-SPP","e23b33b0-c8c9-472c-a5f9-f2bdfea0f156","Application","0","0","ServerDC2",,"3/18/2025 6:37:23 AM",,,"Application","System.UInt32[]","System.Diagnostics.Eventing.Reader.EventBookmark","Information",,,"System.Collections.ObjectModel.ReadOnlyCollection`1[System.String]","System.Collections.Generic.List`1[System.Diagnostics.Eventing.Reader.EventProperty]"
"The Software Protection service has successfully installed the license.
License Title=Windows(R) UL phone License (Public)
License Id=7f2148b5-b1bc-4448-ba43-9e01f24821ca","1004","0","16384","4","0","0","36028797018963968","117","Microsoft-Windows-Security-SPP","e23b33b0-c8c9-472c-a5f9-f2bdfea0f156","Application","0","0","ServerDC2",,"3/18/2025 6:37:23 AM",,,"Application","System.UInt32[]","System.Diagnostics.Eventing.Reader.EventBookmark","Information",,,"System.Collections.ObjectModel.ReadOnlyCollection`1[System.String]","System.Collections.Generic.List`1[System.Diagnostics.Eventing.Reader.EventProperty]"
"The Software Protection service has successfully installed the license.
License Title=Windows(R) UL oob License (Private)
License Id=37b213fc-60f2-4491-b71f-8cc8708b6fe9","1004","0","16384","4","0","0","36028797018963968","116","Microsoft-Windows-Security-SPP","e23b33b0-c8c9-472c-a5f9-f2bdfea0f156","Application","0","0","ServerDC2",,"3/18/2025 6:37:23 AM",,,"Application","System.UInt32[]","System.Diagnostics.Eventing.Reader.EventBookmark","Information",,,"System.Collections.ObjectModel.ReadOnlyCollection`1[System.String]","System.Collections.Generic.List`1[System.Diagnostics.Eventing.Reader.EventProperty]"
"The Software Protection service has successfully installed the license.
License Title=Windows(R) UL oob License (Public)
License Id=45ce0c33-e6b2-4125-b63f-bc2618e72fcd","1004","0","16384","4","0","0","36028797018963968","115","Microsoft-Windows-Security-SPP","e23b33b0-c8c9-472c-a5f9-f2bdfea0f156","Application","0","0","ServerDC2",,"3/18/2025 6:37:23 AM",,,"Application","System.UInt32[]","System.Diagnostics.Eventing.Reader.EventBookmark","Information",,,"System.Collections.ObjectModel.ReadOnlyCollection`1[System.String]","System.Collections.Generic.List`1[System.Diagnostics.Eventing.Reader.EventProperty]"
"The Software Protection service has successfully installed the license.
License Title=Windows(R) Publishing License (Private)
License Id=c7667e81-1830-44dc-b3ac-5e18f7c47f71","1004","0","16384","4","0","0","36028797018963968","114","Microsoft-Windows-Security-SPP","e23b33b0-c8c9-472c-a5f9-f2bdfea0f156","Application","0","0","ServerDC2",,"3/18/2025 6:37:23 AM",,,"Application","System.UInt32[]","System.Diagnostics.Eventing.Reader.EventBookmark","Information",,,"System.Collections.ObjectModel.ReadOnlyCollection`1[System.String]","System.Collections.Generic.List`1[System.Diagnostics.Eventing.Reader.EventProperty]"
"The Software Protection service has successfully installed the license.
License Title=Windows(R) Publishing License (Public)
License Id=c9cd3f86-1777-4c3c-90de-f929d0f50a55","1004","0","16384","4","0","0","36028797018963968","113","Microsoft-Windows-Security-SPP","e23b33b0-c8c9-472c-a5f9-f2bdfea0f156","Application","0","0","ServerDC2",,"3/18/2025 6:37:23 AM",,,"Application","System.UInt32[]","System.Diagnostics.Eventing.Reader.EventBookmark","Information",,,"System.Collections.ObjectModel.ReadOnlyCollection`1[System.String]","System.Collections.Generic.List`1[System.Diagnostics.Eventing.Reader.EventProperty]"
"The Software Protection service has successfully installed the license.
License Title=Windows(R) UL store License (Private)
License Id=fed67c29-216e-4e0b-bcb3-c6e5ed504843","1004","0","16384","4","0","0","36028797018963968","112","Microsoft-Windows-Security-SPP","e23b33b0-c8c9-472c-a5f9-f2bdfea0f156","Application","0","0","ServerDC2",,"3/18/2025 6:37:23 AM",,,"Application","System.UInt32[]","System.Diagnostics.Eventing.Reader.EventBookmark","Information",,,"System.Collections.ObjectModel.ReadOnlyCollection`1[System.String]","System.Collections.Generic.List`1[System.Diagnostics.Eventing.Reader.EventProperty]"
"The Software Protection service has successfully installed the license.
License Title=Windows(R) UL store License (Public)
License Id=60abcd57-8083-4a60-823b-a3cb9777e88b","1004","0","16384","4","0","0","36028797018963968","111","Microsoft-Windows-Security-SPP","e23b33b0-c8c9-472c-a5f9-f2bdfea0f156","Application","0","0","ServerDC2",,"3/18/2025 6:37:23 AM",,,"Application","System.UInt32[]","System.Diagnostics.Eventing.Reader.EventBookmark","Information",,,"System.Collections.ObjectModel.ReadOnlyCollection`1[System.String]","System.Collections.Generic.List`1[System.Diagnostics.Eventing.Reader.EventProperty]"
"The Software Protection service has successfully installed the license.
License Title=Windows(R) UL phone License (Private)
License Id=7b0a6838-6e1f-42a0-8479-10228b30013b","1004","0","16384","4","0","0","36028797018963968","110","Microsoft-Windows-Security-SPP","e23b33b0-c8c9-472c-a5f9-f2bdfea0f156","Application","0","0","ServerDC2",,"3/18/2025 6:37:23 AM",,,"Application","System.UInt32[]","System.Diagnostics.Eventing.Reader.EventBookmark","Information",,,"System.Collections.ObjectModel.ReadOnlyCollection`1[System.String]","System.Collections.Generic.List`1[System.Diagnostics.Eventing.Reader.EventProperty]"
"The Software Protection service has successfully installed the license.
License Title=Windows(R) UL phone License (Public)
License Id=fa453a9b-9aca-4e51-ad6b-0994ab16725f","1004","0","16384","4","0","0","36028797018963968","109","Microsoft-Windows-Security-SPP","e23b33b0-c8c9-472c-a5f9-f2bdfea0f156","Application","0","0","ServerDC2",,"3/18/2025 6:37:23 AM",,,"Application","System.UInt32[]","System.Diagnostics.Eventing.Reader.EventBookmark","Information",,,"System.Collections.ObjectModel.ReadOnlyCollection`1[System.String]","System.Collections.Generic.List`1[System.Diagnostics.Eventing.Reader.EventProperty]"
"The Software Protection service has successfully installed the license.
License Title=Windows(R) UL oob License (Private)
License Id=e48c9ed4-7d80-40b8-a8a9-bfe6c1f3f3c8","1004","0","16384","4","0","0","36028797018963968","108","Microsoft-Windows-Security-SPP","e23b33b0-c8c9-472c-a5f9-f2bdfea0f156","Application","0","0","ServerDC2",,"3/18/2025 6:37:23 AM",,,"Application","System.UInt32[]","System.Diagnostics.Eventing.Reader.EventBookmark","Information",,,"System.Collections.ObjectModel.ReadOnlyCollection`1[System.String]","System.Collections.Generic.List`1[System.Diagnostics.Eventing.Reader.EventProperty]"
"The Software Protection service has successfully installed the license.
License Title=Windows(R) UL oob License (Public)
License Id=a5099aad-1c9c-4d57-8dc7-6b3284d20295","1004","0","16384","4","0","0","36028797018963968","107","Microsoft-Windows-Security-SPP","e23b33b0-c8c9-472c-a5f9-f2bdfea0f156","Application","0","0","ServerDC2",,"3/18/2025 6:37:23 AM",,,"Application","System.UInt32[]","System.Diagnostics.Eventing.Reader.EventBookmark","Information",,,"System.Collections.ObjectModel.ReadOnlyCollection`1[System.String]","System.Collections.Generic.List`1[System.Diagnostics.Eventing.Reader.EventProperty]"
"The Software Protection service has successfully installed the license.
License Title=Windows(R) Publishing License (Private)
License Id=5b23ea50-8346-4175-b87c-91b25bd242bd","1004","0","16384","4","0","0","36028797018963968","106","Microsoft-Windows-Security-SPP","e23b33b0-c8c9-472c-a5f9-f2bdfea0f156","Application","0","0","ServerDC2",,"3/18/2025 6:37:23 AM",,,"Application","System.UInt32[]","System.Diagnostics.Eventing.Reader.EventBookmark","Information",,,"System.Collections.ObjectModel.ReadOnlyCollection`1[System.String]","System.Collections.Generic.List`1[System.Diagnostics.Eventing.Reader.EventProperty]"
"The Software Protection service has successfully installed the license.
License Title=Windows(R) Publishing License (Public)
License Id=55359dd6-e5b7-4f21-8b36-6d6227d2920e","1004","0","16384","4","0","0","36028797018963968","105","Microsoft-Windows-Security-SPP","e23b33b0-c8c9-472c-a5f9-f2bdfea0f156","Application","0","0","ServerDC2",,"3/18/2025 6:37:23 AM",,,"Application","System.UInt32[]","System.Diagnostics.Eventing.Reader.EventBookmark","Information",,,"System.Collections.ObjectModel.ReadOnlyCollection`1[System.String]","System.Collections.Generic.List`1[System.Diagnostics.Eventing.Reader.EventProperty]"
"The Software Protection service has successfully installed the license.
License Title=Windows(R) UL store License (Private)
License Id=e310bca9-b6e0-4d18-a49b-1260f78ef511","1004","0","16384","4","0","0","36028797018963968","104","Microsoft-Windows-Security-SPP","e23b33b0-c8c9-472c-a5f9-f2bdfea0f156","Application","0","0","ServerDC2",,"3/18/2025 6:37:23 AM",,,"Application","System.UInt32[]","System.Diagnostics.Eventing.Reader.EventBookmark","Information",,,"System.Collections.ObjectModel.ReadOnlyCollection`1[System.String]","System.Collections.Generic.List`1[System.Diagnostics.Eventing.Reader.EventProperty]"
"The Software Protection service has successfully installed the license.
License Title=Windows(R) UL store License (Public)
License Id=f9bcab91-760f-4427-b31a-e30dee235f51","1004","0","16384","4","0","0","36028797018963968","103","Microsoft-Windows-Security-SPP","e23b33b0-c8c9-472c-a5f9-f2bdfea0f156","Application","0","0","ServerDC2",,"3/18/2025 6:37:23 AM",,,"Application","System.UInt32[]","System.Diagnostics.Eventing.Reader.EventBookmark","Information",,,"System.Collections.ObjectModel.ReadOnlyCollection`1[System.String]","System.Collections.Generic.List`1[System.Diagnostics.Eventing.Reader.EventProperty]"
"The Software Protection service has successfully installed the license.
License Title=Windows(R) UL phone License (Private)
License Id=f302442e-5a3b-4d15-9643-a3d153ae7598","1004","0","16384","4","0","0","36028797018963968","102","Microsoft-Windows-Security-SPP","e23b33b0-c8c9-472c-a5f9-f2bdfea0f156","Application","0","0","ServerDC2",,"3/18/2025 6:37:23 AM",,,"Application","System.UInt32[]","System.Diagnostics.Eventing.Reader.EventBookmark","Information",,,"System.Collections.ObjectModel.ReadOnlyCollection`1[System.String]","System.Collections.Generic.List`1[System.Diagnostics.Eventing.Reader.EventProperty]"
"The Software Protection service has successfully installed the license.
License Title=Windows(R) UL phone License (Public)
License Id=3e8f3170-2707-4074-b0d2-43f11ec3d6d9","1004","0","16384","4","0","0","36028797018963968","101","Microsoft-Windows-Security-SPP","e23b33b0-c8c9-472c-a5f9-f2bdfea0f156","Application","0","0","ServerDC2",,"3/18/2025 6:37:23 AM",,,"Application","System.UInt32[]","System.Diagnostics.Eventing.Reader.EventBookmark","Information",,,"System.Collections.ObjectModel.ReadOnlyCollection`1[System.String]","System.Collections.Generic.List`1[System.Diagnostics.Eventing.Reader.EventProperty]"
"The Software Protection service has successfully installed the license.
License Title=Windows(R) UL oob License (Private)
License Id=c6fbaee1-b077-4935-a58c-e1302f646fbf","1004","0","16384","4","0","0","36028797018963968","100","Microsoft-Windows-Security-SPP","e23b33b0-c8c9-472c-a5f9-f2bdfea0f156","Application","0","0","ServerDC2",,"3/18/2025 6:37:23 AM",,,"Application","System.UInt32[]","System.Diagnostics.Eventing.Reader.EventBookmark","Information",,,"System.Collections.ObjectModel.ReadOnlyCollection`1[System.String]","System.Collections.Generic.List`1[System.Diagnostics.Eventing.Reader.EventProperty]"
"The Software Protection service has successfully installed the license.
License Title=Windows(R) UL oob License (Public)
License Id=4818326c-2193-4cbf-9697-f79966fdb08f","1004","0","16384","4","0","0","36028797018963968","99","Microsoft-Windows-Security-SPP","e23b33b0-c8c9-472c-a5f9-f2bdfea0f156","Application","0","0","ServerDC2",,"3/18/2025 6:37:23 AM",,,"Application","System.UInt32[]","System.Diagnostics.Eventing.Reader.EventBookmark","Information",,,"System.Collections.ObjectModel.ReadOnlyCollection`1[System.String]","System.Collections.Generic.List`1[System.Diagnostics.Eventing.Reader.EventProperty]"
"The Software Protection service has successfully installed the license.
License Title=Windows(R) Publishing License (Private)
License Id=10b84944-e42f-4960-ad33-15a25c9b73a7","1004","0","16384","4","0","0","36028797018963968","98","Microsoft-Windows-Security-SPP","e23b33b0-c8c9-472c-a5f9-f2bdfea0f156","Application","0","0","ServerDC2",,"3/18/2025 6:37:23 AM",,,"Application","System.UInt32[]","System.Diagnostics.Eventing.Reader.EventBookmark","Information",,,"System.Collections.ObjectModel.ReadOnlyCollection`1[System.String]","System.Collections.Generic.List`1[System.Diagnostics.Eventing.Reader.EventProperty]"
"The Software Protection service has successfully installed the license.
License Title=Windows(R) Publishing License (Public)
License Id=028f7ff0-9002-4673-881f-1626fa3d0bea","1004","0","16384","4","0","0","36028797018963968","97","Microsoft-Windows-Security-SPP","e23b33b0-c8c9-472c-a5f9-f2bdfea0f156","Application","0","0","ServerDC2",,"3/18/2025 6:37:23 AM",,,"Application","System.UInt32[]","System.Diagnostics.Eventing.Reader.EventBookmark","Information",,,"System.Collections.ObjectModel.ReadOnlyCollection`1[System.String]","System.Collections.Generic.List`1[System.Diagnostics.Eventing.Reader.EventProperty]"
"The Software Protection service has successfully installed the license.
License Title=Windows(R) UL store License (Private)
License Id=cce6ff7c-f53c-47aa-897e-8def397dd2c2","1004","0","16384","4","0","0","36028797018963968","96","Microsoft-Windows-Security-SPP","e23b33b0-c8c9-472c-a5f9-f2bdfea0f156","Application","0","0","ServerDC2",,"3/18/2025 6:37:23 AM",,,"Application","System.UInt32[]","System.Diagnostics.Eventing.Reader.EventBookmark","Information",,,"System.Collections.ObjectModel.ReadOnlyCollection`1[System.String]","System.Collections.Generic.List`1[System.Diagnostics.Eventing.Reader.EventProperty]"
"The Software Protection service has successfully installed the license.
License Title=Windows(R) UL store License (Public)
License Id=33aa4578-c2ef-4ca2-9923-3b2c7bdc8390","1004","0","16384","4","0","0","36028797018963968","95","Microsoft-Windows-Security-SPP","e23b33b0-c8c9-472c-a5f9-f2bdfea0f156","Application","0","0","ServerDC2",,"3/18/2025 6:37:23 AM",,,"Application","System.UInt32[]","System.Diagnostics.Eventing.Reader.EventBookmark","Information",,,"System.Collections.ObjectModel.ReadOnlyCollection`1[System.String]","System.Collections.Generic.List`1[System.Diagnostics.Eventing.Reader.EventProperty]"
"The Software Protection service has successfully installed the license.
License Title=Windows(R) UL phone License (Private)
License Id=bde7b9c7-2cb8-4ed7-aa75-d8a9e6b9bb89","1004","0","16384","4","0","0","36028797018963968","94","Microsoft-Windows-Security-SPP","e23b33b0-c8c9-472c-a5f9-f2bdfea0f156","Application","0","0","ServerDC2",,"3/18/2025 6:37:23 AM",,,"Application","System.UInt32[]","System.Diagnostics.Eventing.Reader.EventBookmark","Information",,,"System.Collections.ObjectModel.ReadOnlyCollection`1[System.String]","System.Collections.Generic.List`1[System.Diagnostics.Eventing.Reader.EventProperty]"
"The Software Protection service has successfully installed the license.
License Title=Windows(R) UL phone License (Public)
License Id=60721d3f-29c1-4361-a936-3126c7b70e8f","1004","0","16384","4","0","0","36028797018963968","93","Microsoft-Windows-Security-SPP","e23b33b0-c8c9-472c-a5f9-f2bdfea0f156","Application","0","0","ServerDC2",,"3/18/2025 6:37:23 AM",,,"Application","System.UInt32[]","System.Diagnostics.Eventing.Reader.EventBookmark","Information",,,"System.Collections.ObjectModel.ReadOnlyCollection`1[System.String]","System.Collections.Generic.List`1[System.Diagnostics.Eventing.Reader.EventProperty]"
"The Software Protection service has successfully installed the license.
License Title=Windows(R) UL oob License (Private)
License Id=460acb2d-de7e-4281-b734-ce6d20a9a81a","1004","0","16384","4","0","0","36028797018963968","92","Microsoft-Windows-Security-SPP","e23b33b0-c8c9-472c-a5f9-f2bdfea0f156","Application","0","0","ServerDC2",,"3/18/2025 6:37:23 AM",,,"Application","System.UInt32[]","System.Diagnostics.Eventing.Reader.EventBookmark","Information",,,"System.Collections.ObjectModel.ReadOnlyCollection`1[System.String]","System.Collections.Generic.List`1[System.Diagnostics.Eventing.Reader.EventProperty]"
"The Software Protection service has successfully installed the license.
License Title=Windows(R) UL oob License (Public)
License Id=42bd017d-4cad-4b43-a942-5aa6defbf20b","1004","0","16384","4","0","0","36028797018963968","91","Microsoft-Windows-Security-SPP","e23b33b0-c8c9-472c-a5f9-f2bdfea0f156","Application","0","0","ServerDC2",,"3/18/2025 6:37:23 AM",,,"Application","System.UInt32[]","System.Diagnostics.Eventing.Reader.EventBookmark","Information",,,"System.Collections.ObjectModel.ReadOnlyCollection`1[System.String]","System.Collections.Generic.List`1[System.Diagnostics.Eventing.Reader.EventProperty]"
"The Software Protection service has successfully installed the license.
License Title=Windows(R) Publishing License (Private)
License Id=b687b8fd-45c7-4de1-89ae-0575afcda8cc","1004","0","16384","4","0","0","36028797018963968","90","Microsoft-Windows-Security-SPP","e23b33b0-c8c9-472c-a5f9-f2bdfea0f156","Application","0","0","ServerDC2",,"3/18/2025 6:37:23 AM",,,"Application","System.UInt32[]","System.Diagnostics.Eventing.Reader.EventBookmark","Information",,,"System.Collections.ObjectModel.ReadOnlyCollection`1[System.String]","System.Collections.Generic.List`1[System.Diagnostics.Eventing.Reader.EventProperty]"
"The Software Protection service has successfully installed the license.
License Title=Windows(R) Publishing License (Public)
License Id=bb0cf6af-77ba-4db1-ae94-f3f3a225173d","1004","0","16384","4","0","0","36028797018963968","89","Microsoft-Windows-Security-SPP","e23b33b0-c8c9-472c-a5f9-f2bdfea0f156","Application","0","0","ServerDC2",,"3/18/2025 6:37:23 AM",,,"Application","System.UInt32[]","System.Diagnostics.Eventing.Reader.EventBookmark","Information",,,"System.Collections.ObjectModel.ReadOnlyCollection`1[System.String]","System.Collections.Generic.List`1[System.Diagnostics.Eventing.Reader.EventProperty]"
"The Software Protection service has successfully installed the license.
License Title=Windows(R) UL store License (Private)
License Id=019c33ae-67f1-4fd2-a8fd-05a04f8f31f0","1004","0","16384","4","0","0","36028797018963968","88","Microsoft-Windows-Security-SPP","e23b33b0-c8c9-472c-a5f9-f2bdfea0f156","Application","0","0","ServerDC2",,"3/18/2025 6:37:23 AM",,,"Application","System.UInt32[]","System.Diagnostics.Eventing.Reader.EventBookmark","Information",,,"System.Collections.ObjectModel.ReadOnlyCollection`1[System.String]","System.Collections.Generic.List`1[System.Diagnostics.Eventing.Reader.EventProperty]"
"The Software Protection service has successfully installed the license.
License Title=Windows(R) UL store License (Public)
License Id=dde7461f-f7c0-4938-b9fd-f9bf4ea2d92a","1004","0","16384","4","0","0","36028797018963968","87","Microsoft-Windows-Security-SPP","e23b33b0-c8c9-472c-a5f9-f2bdfea0f156","Application","0","0","ServerDC2",,"3/18/2025 6:37:23 AM",,,"Application","System.UInt32[]","System.Diagnostics.Eventing.Reader.EventBookmark","Information",,,"System.Collections.ObjectModel.ReadOnlyCollection`1[System.String]","System.Collections.Generic.List`1[System.Diagnostics.Eventing.Reader.EventProperty]"
"The Software Protection service has successfully installed the license.
License Title=Windows(R) UL phone License (Private)
License Id=3077a305-5b47-4598-aa64-911e1ce2f08a","1004","0","16384","4","0","0","36028797018963968","86","Microsoft-Windows-Security-SPP","e23b33b0-c8c9-472c-a5f9-f2bdfea0f156","Application","0","0","ServerDC2",,"3/18/2025 6:37:23 AM",,,"Application","System.UInt32[]","System.Diagnostics.Eventing.Reader.EventBookmark","Information",,,"System.Collections.ObjectModel.ReadOnlyCollection`1[System.String]","System.Collections.Generic.List`1[System.Diagnostics.Eventing.Reader.EventProperty]"
"The Software Protection service has successfully installed the license.
License Title=Windows(R) UL phone License (Public)
