License Id=3a487620-ac54-400d-a512-e93f205967d0","1004","0","16384","4","0","0","36028797018963968","245","Microsoft-Windows-Security-SPP","e23b33b0-c8c9-472c-a5f9-f2bdfea0f156","Application","0","0","ServerDC2",,"3/18/2025 6:37:23 AM",,,"Application","System.UInt32[]","System.Diagnostics.Eventing.Reader.EventBookmark","Information",,,"System.Collections.ObjectModel.ReadOnlyCollection`1[System.String]","System.Collections.Generic.List`1[System.Diagnostics.Eventing.Reader.EventProperty]"
"The Software Protection service has successfully installed the license.
License Title=Windows(R) UL oem License (Private)
License Id=b1e08853-b879-4fd1-a84b-81933ecf3976","1004","0","16384","4","0","0","36028797018963968","244","Microsoft-Windows-Security-SPP","e23b33b0-c8c9-472c-a5f9-f2bdfea0f156","Application","0","0","ServerDC2",,"3/18/2025 6:37:23 AM",,,"Application","System.UInt32[]","System.Diagnostics.Eventing.Reader.EventBookmark","Information",,,"System.Collections.ObjectModel.ReadOnlyCollection`1[System.String]","System.Collections.Generic.List`1[System.Diagnostics.Eventing.Reader.EventProperty]"
"The Software Protection service has successfully installed the license.
License Title=Windows(R) UL oem License (Public)
License Id=eabddb7a-047c-41b6-b76d-6daefd539900","1004","0","16384","4","0","0","36028797018963968","243","Microsoft-Windows-Security-SPP","e23b33b0-c8c9-472c-a5f9-f2bdfea0f156","Application","0","0","ServerDC2",,"3/18/2025 6:37:23 AM",,,"Application","System.UInt32[]","System.Diagnostics.Eventing.Reader.EventBookmark","Information",,,"System.Collections.ObjectModel.ReadOnlyCollection`1[System.String]","System.Collections.Generic.List`1[System.Diagnostics.Eventing.Reader.EventProperty]"
"The Software Protection service has successfully installed the license.
License Title=Windows(R) UL oob License (Private)
License Id=fbfa23d6-d200-4a88-957d-18e1556d4f01","1004","0","16384","4","0","0","36028797018963968","242","Microsoft-Windows-Security-SPP","e23b33b0-c8c9-472c-a5f9-f2bdfea0f156","Application","0","0","ServerDC2",,"3/18/2025 6:37:23 AM",,,"Application","System.UInt32[]","System.Diagnostics.Eventing.Reader.EventBookmark","Information",,,"System.Collections.ObjectModel.ReadOnlyCollection`1[System.String]","System.Collections.Generic.List`1[System.Diagnostics.Eventing.Reader.EventProperty]"
"The Software Protection service has successfully installed the license.
License Title=Windows(R) UL oob License (Public)
License Id=46ee4028-0cd8-41f3-98ea-fd1e1a4186a1","1004","0","16384","4","0","0","36028797018963968","241","Microsoft-Windows-Security-SPP","e23b33b0-c8c9-472c-a5f9-f2bdfea0f156","Application","0","0","ServerDC2",,"3/18/2025 6:37:23 AM",,,"Application","System.UInt32[]","System.Diagnostics.Eventing.Reader.EventBookmark","Information",,,"System.Collections.ObjectModel.ReadOnlyCollection`1[System.String]","System.Collections.Generic.List`1[System.Diagnostics.Eventing.Reader.EventProperty]"
"The Software Protection service has successfully installed the license.
License Title=Windows(R) UL store License (Private)
License Id=d583275f-7f64-47a6-bdcb-01698084bf28","1004","0","16384","4","0","0","36028797018963968","240","Microsoft-Windows-Security-SPP","e23b33b0-c8c9-472c-a5f9-f2bdfea0f156","Application","0","0","ServerDC2",,"3/18/2025 6:37:23 AM",,,"Application","System.UInt32[]","System.Diagnostics.Eventing.Reader.EventBookmark","Information",,,"System.Collections.ObjectModel.ReadOnlyCollection`1[System.String]","System.Collections.Generic.List`1[System.Diagnostics.Eventing.Reader.EventProperty]"
"The Software Protection service has successfully installed the license.
License Title=Windows(R) UL store License (Public)
License Id=f6c38b10-4b2e-4121-b07b-2772d059d4ee","1004","0","16384","4","0","0","36028797018963968","239","Microsoft-Windows-Security-SPP","e23b33b0-c8c9-472c-a5f9-f2bdfea0f156","Application","0","0","ServerDC2",,"3/18/2025 6:37:23 AM",,,"Application","System.UInt32[]","System.Diagnostics.Eventing.Reader.EventBookmark","Information",,,"System.Collections.ObjectModel.ReadOnlyCollection`1[System.String]","System.Collections.Generic.List`1[System.Diagnostics.Eventing.Reader.EventProperty]"
"The Software Protection service has successfully installed the license.
License Title=Windows(R) UL phone License (Private)
License Id=d618e55f-deaa-4f87-981f-6876d02083d0","1004","0","16384","4","0","0","36028797018963968","238","Microsoft-Windows-Security-SPP","e23b33b0-c8c9-472c-a5f9-f2bdfea0f156","Application","0","0","ServerDC2",,"3/18/2025 6:37:23 AM",,,"Application","System.UInt32[]","System.Diagnostics.Eventing.Reader.EventBookmark","Information",,,"System.Collections.ObjectModel.ReadOnlyCollection`1[System.String]","System.Collections.Generic.List`1[System.Diagnostics.Eventing.Reader.EventProperty]"
"The Software Protection service has successfully installed the license.
License Title=Windows(R) UL phone License (Public)
License Id=ef335d5a-0ec6-4aca-b9ff-ead2fc19e6af","1004","0","16384","4","0","0","36028797018963968","237","Microsoft-Windows-Security-SPP","e23b33b0-c8c9-472c-a5f9-f2bdfea0f156","Application","0","0","ServerDC2",,"3/18/2025 6:37:23 AM",,,"Application","System.UInt32[]","System.Diagnostics.Eventing.Reader.EventBookmark","Information",,,"System.Collections.ObjectModel.ReadOnlyCollection`1[System.String]","System.Collections.Generic.List`1[System.Diagnostics.Eventing.Reader.EventProperty]"
"The Software Protection service has successfully installed the license.
License Title=Windows(R) UL oob License (Private)
License Id=8945c3c6-c24a-4d2d-8364-1c0c5a8b8093","1004","0","16384","4","0","0","36028797018963968","236","Microsoft-Windows-Security-SPP","e23b33b0-c8c9-472c-a5f9-f2bdfea0f156","Application","0","0","ServerDC2",,"3/18/2025 6:37:23 AM",,,"Application","System.UInt32[]","System.Diagnostics.Eventing.Reader.EventBookmark","Information",,,"System.Collections.ObjectModel.ReadOnlyCollection`1[System.String]","System.Collections.Generic.List`1[System.Diagnostics.Eventing.Reader.EventProperty]"
"The Software Protection service has successfully installed the license.
License Title=Windows(R) UL oob License (Public)
License Id=5f85f9ee-d09a-431a-b7c2-ec876dd0a08d","1004","0","16384","4","0","0","36028797018963968","235","Microsoft-Windows-Security-SPP","e23b33b0-c8c9-472c-a5f9-f2bdfea0f156","Application","0","0","ServerDC2",,"3/18/2025 6:37:23 AM",,,"Application","System.UInt32[]","System.Diagnostics.Eventing.Reader.EventBookmark","Information",,,"System.Collections.ObjectModel.ReadOnlyCollection`1[System.String]","System.Collections.Generic.List`1[System.Diagnostics.Eventing.Reader.EventProperty]"
"The Software Protection service has successfully installed the license.
License Title=Windows(R) Publishing License (Private)
License Id=acc80673-cff1-4881-8aa0-209a445ed8ad","1004","0","16384","4","0","0","36028797018963968","234","Microsoft-Windows-Security-SPP","e23b33b0-c8c9-472c-a5f9-f2bdfea0f156","Application","0","0","ServerDC2",,"3/18/2025 6:37:23 AM",,,"Application","System.UInt32[]","System.Diagnostics.Eventing.Reader.EventBookmark","Information",,,"System.Collections.ObjectModel.ReadOnlyCollection`1[System.String]","System.Collections.Generic.List`1[System.Diagnostics.Eventing.Reader.EventProperty]"
"The Software Protection service has successfully installed the license.
License Title=Windows(R) Publishing License (Public)
License Id=94575920-9b38-49cd-8065-8af421710b8c","1004","0","16384","4","0","0","36028797018963968","233","Microsoft-Windows-Security-SPP","e23b33b0-c8c9-472c-a5f9-f2bdfea0f156","Application","0","0","ServerDC2",,"3/18/2025 6:37:23 AM",,,"Application","System.UInt32[]","System.Diagnostics.Eventing.Reader.EventBookmark","Information",,,"System.Collections.ObjectModel.ReadOnlyCollection`1[System.String]","System.Collections.Generic.List`1[System.Diagnostics.Eventing.Reader.EventProperty]"
"The Software Protection service has successfully installed the license.
License Title=Windows(R) UL store License (Private)
License Id=bf75114d-8dba-46a5-9327-3275c4093499","1004","0","16384","4","0","0","36028797018963968","232","Microsoft-Windows-Security-SPP","e23b33b0-c8c9-472c-a5f9-f2bdfea0f156","Application","0","0","ServerDC2",,"3/18/2025 6:37:23 AM",,,"Application","System.UInt32[]","System.Diagnostics.Eventing.Reader.EventBookmark","Information",,,"System.Collections.ObjectModel.ReadOnlyCollection`1[System.String]","System.Collections.Generic.List`1[System.Diagnostics.Eventing.Reader.EventProperty]"
"The Software Protection service has successfully installed the license.
License Title=Windows(R) UL store License (Public)
License Id=2e16c1dd-27a2-4203-959c-689b1459147c","1004","0","16384","4","0","0","36028797018963968","231","Microsoft-Windows-Security-SPP","e23b33b0-c8c9-472c-a5f9-f2bdfea0f156","Application","0","0","ServerDC2",,"3/18/2025 6:37:23 AM",,,"Application","System.UInt32[]","System.Diagnostics.Eventing.Reader.EventBookmark","Information",,,"System.Collections.ObjectModel.ReadOnlyCollection`1[System.String]","System.Collections.Generic.List`1[System.Diagnostics.Eventing.Reader.EventProperty]"
"The Software Protection service has successfully installed the license.
License Title=Windows(R) UL phone License (Private)
License Id=21ca8473-c55f-436f-ab2b-36353488f71c","1004","0","16384","4","0","0","36028797018963968","230","Microsoft-Windows-Security-SPP","e23b33b0-c8c9-472c-a5f9-f2bdfea0f156","Application","0","0","ServerDC2",,"3/18/2025 6:37:23 AM",,,"Application","System.UInt32[]","System.Diagnostics.Eventing.Reader.EventBookmark","Information",,,"System.Collections.ObjectModel.ReadOnlyCollection`1[System.String]","System.Collections.Generic.List`1[System.Diagnostics.Eventing.Reader.EventProperty]"
"The Software Protection service has successfully installed the license.
License Title=Windows(R) UL phone License (Public)
License Id=0a503c6e-c84d-4db3-916e-8eeb6368ad19","1004","0","16384","4","0","0","36028797018963968","229","Microsoft-Windows-Security-SPP","e23b33b0-c8c9-472c-a5f9-f2bdfea0f156","Application","0","0","ServerDC2",,"3/18/2025 6:37:23 AM",,,"Application","System.UInt32[]","System.Diagnostics.Eventing.Reader.EventBookmark","Information",,,"System.Collections.ObjectModel.ReadOnlyCollection`1[System.String]","System.Collections.Generic.List`1[System.Diagnostics.Eventing.Reader.EventProperty]"
"The Software Protection service has successfully installed the license.
License Title=Windows(R) UL oob License (Private)
License Id=8b558350-ba36-4b9a-a851-e0ccbdf679ed","1004","0","16384","4","0","0","36028797018963968","228","Microsoft-Windows-Security-SPP","e23b33b0-c8c9-472c-a5f9-f2bdfea0f156","Application","0","0","ServerDC2",,"3/18/2025 6:37:23 AM",,,"Application","System.UInt32[]","System.Diagnostics.Eventing.Reader.EventBookmark","Information",,,"System.Collections.ObjectModel.ReadOnlyCollection`1[System.String]","System.Collections.Generic.List`1[System.Diagnostics.Eventing.Reader.EventProperty]"
"The Software Protection service has successfully installed the license.
License Title=Windows(R) UL oob License (Public)
License Id=16c865f1-eb80-4608-9bd6-e29fb6b944cf","1004","0","16384","4","0","0","36028797018963968","227","Microsoft-Windows-Security-SPP","e23b33b0-c8c9-472c-a5f9-f2bdfea0f156","Application","0","0","ServerDC2",,"3/18/2025 6:37:23 AM",,,"Application","System.UInt32[]","System.Diagnostics.Eventing.Reader.EventBookmark","Information",,,"System.Collections.ObjectModel.ReadOnlyCollection`1[System.String]","System.Collections.Generic.List`1[System.Diagnostics.Eventing.Reader.EventProperty]"
"The Software Protection service has successfully installed the license.
License Title=Windows(R) Publishing License (Private)
License Id=f4aea1e6-144e-4fb4-af34-652b59b528ac","1004","0","16384","4","0","0","36028797018963968","226","Microsoft-Windows-Security-SPP","e23b33b0-c8c9-472c-a5f9-f2bdfea0f156","Application","0","0","ServerDC2",,"3/18/2025 6:37:23 AM",,,"Application","System.UInt32[]","System.Diagnostics.Eventing.Reader.EventBookmark","Information",,,"System.Collections.ObjectModel.ReadOnlyCollection`1[System.String]","System.Collections.Generic.List`1[System.Diagnostics.Eventing.Reader.EventProperty]"
"The Software Protection service has successfully installed the license.
License Title=Windows(R) Publishing License (Public)
License Id=e9c75c33-7804-4cf0-819b-8d9904009477","1004","0","16384","4","0","0","36028797018963968","225","Microsoft-Windows-Security-SPP","e23b33b0-c8c9-472c-a5f9-f2bdfea0f156","Application","0","0","ServerDC2",,"3/18/2025 6:37:23 AM",,,"Application","System.UInt32[]","System.Diagnostics.Eventing.Reader.EventBookmark","Information",,,"System.Collections.ObjectModel.ReadOnlyCollection`1[System.String]","System.Collections.Generic.List`1[System.Diagnostics.Eventing.Reader.EventProperty]"
"The Software Protection service has successfully installed the license.
License Title=Windows(R) UL store License (Private)
License Id=782c7230-9a38-43f6-8534-eadf57df3ea8","1004","0","16384","4","0","0","36028797018963968","224","Microsoft-Windows-Security-SPP","e23b33b0-c8c9-472c-a5f9-f2bdfea0f156","Application","0","0","ServerDC2",,"3/18/2025 6:37:23 AM",,,"Application","System.UInt32[]","System.Diagnostics.Eventing.Reader.EventBookmark","Information",,,"System.Collections.ObjectModel.ReadOnlyCollection`1[System.String]","System.Collections.Generic.List`1[System.Diagnostics.Eventing.Reader.EventProperty]"
"The Software Protection service has successfully installed the license.
License Title=Windows(R) UL store License (Public)
License Id=50907147-4198-4fda-bd56-9efadb71c022","1004","0","16384","4","0","0","36028797018963968","223","Microsoft-Windows-Security-SPP","e23b33b0-c8c9-472c-a5f9-f2bdfea0f156","Application","0","0","ServerDC2",,"3/18/2025 6:37:23 AM",,,"Application","System.UInt32[]","System.Diagnostics.Eventing.Reader.EventBookmark","Information",,,"System.Collections.ObjectModel.ReadOnlyCollection`1[System.String]","System.Collections.Generic.List`1[System.Diagnostics.Eventing.Reader.EventProperty]"
"The Software Protection service has successfully installed the license.
License Title=Windows(R) UL phone License (Private)
License Id=97feac21-69c6-44ee-8771-0f0b81f65caf","1004","0","16384","4","0","0","36028797018963968","222","Microsoft-Windows-Security-SPP","e23b33b0-c8c9-472c-a5f9-f2bdfea0f156","Application","0","0","ServerDC2",,"3/18/2025 6:37:23 AM",,,"Application","System.UInt32[]","System.Diagnostics.Eventing.Reader.EventBookmark","Information",,,"System.Collections.ObjectModel.ReadOnlyCollection`1[System.String]","System.Collections.Generic.List`1[System.Diagnostics.Eventing.Reader.EventProperty]"
"The Software Protection service has successfully installed the license.
License Title=Windows(R) UL phone License (Public)
License Id=9740f028-f54a-48de-9ed3-44d34a914ba3","1004","0","16384","4","0","0","36028797018963968","221","Microsoft-Windows-Security-SPP","e23b33b0-c8c9-472c-a5f9-f2bdfea0f156","Application","0","0","ServerDC2",,"3/18/2025 6:37:23 AM",,,"Application","System.UInt32[]","System.Diagnostics.Eventing.Reader.EventBookmark","Information",,,"System.Collections.ObjectModel.ReadOnlyCollection`1[System.String]","System.Collections.Generic.List`1[System.Diagnostics.Eventing.Reader.EventProperty]"
"The Software Protection service has successfully installed the license.
License Title=Windows(R) UL oob License (Private)
License Id=ea4767ae-8de8-4ad3-a534-2668d8e4564b","1004","0","16384","4","0","0","36028797018963968","220","Microsoft-Windows-Security-SPP","e23b33b0-c8c9-472c-a5f9-f2bdfea0f156","Application","0","0","ServerDC2",,"3/18/2025 6:37:23 AM",,,"Application","System.UInt32[]","System.Diagnostics.Eventing.Reader.EventBookmark","Information",,,"System.Collections.ObjectModel.ReadOnlyCollection`1[System.String]","System.Collections.Generic.List`1[System.Diagnostics.Eventing.Reader.EventProperty]"
"The Software Protection service has successfully installed the license.
License Title=Windows(R) UL oob License (Public)
License Id=4cf9f135-f5ff-46d5-9a7e-f0a1dd9a04c0","1004","0","16384","4","0","0","36028797018963968","219","Microsoft-Windows-Security-SPP","e23b33b0-c8c9-472c-a5f9-f2bdfea0f156","Application","0","0","ServerDC2",,"3/18/2025 6:37:23 AM",,,"Application","System.UInt32[]","System.Diagnostics.Eventing.Reader.EventBookmark","Information",,,"System.Collections.ObjectModel.ReadOnlyCollection`1[System.String]","System.Collections.Generic.List`1[System.Diagnostics.Eventing.Reader.EventProperty]"
"The Software Protection service has successfully installed the license.
License Title=Windows(R) Publishing License (Private)
License Id=f8b7152f-2099-4b2a-a19c-fe665df676cf","1004","0","16384","4","0","0","36028797018963968","218","Microsoft-Windows-Security-SPP","e23b33b0-c8c9-472c-a5f9-f2bdfea0f156","Application","0","0","ServerDC2",,"3/18/2025 6:37:23 AM",,,"Application","System.UInt32[]","System.Diagnostics.Eventing.Reader.EventBookmark","Information",,,"System.Collections.ObjectModel.ReadOnlyCollection`1[System.String]","System.Collections.Generic.List`1[System.Diagnostics.Eventing.Reader.EventProperty]"
"The Software Protection service has successfully installed the license.
License Title=Windows(R) Publishing License (Public)
License Id=a220eaeb-a3a8-452a-b84e-3e2cc27dd22c","1004","0","16384","4","0","0","36028797018963968","217","Microsoft-Windows-Security-SPP","e23b33b0-c8c9-472c-a5f9-f2bdfea0f156","Application","0","0","ServerDC2",,"3/18/2025 6:37:23 AM",,,"Application","System.UInt32[]","System.Diagnostics.Eventing.Reader.EventBookmark","Information",,,"System.Collections.ObjectModel.ReadOnlyCollection`1[System.String]","System.Collections.Generic.List`1[System.Diagnostics.Eventing.Reader.EventProperty]"
"The Software Protection service has successfully installed the license.
License Title=Windows(R) UL store License (Private)
License Id=be53221e-f6f9-4b09-ae37-3eb4f8839ffd","1004","0","16384","4","0","0","36028797018963968","216","Microsoft-Windows-Security-SPP","e23b33b0-c8c9-472c-a5f9-f2bdfea0f156","Application","0","0","ServerDC2",,"3/18/2025 6:37:23 AM",,,"Application","System.UInt32[]","System.Diagnostics.Eventing.Reader.EventBookmark","Information",,,"System.Collections.ObjectModel.ReadOnlyCollection`1[System.String]","System.Collections.Generic.List`1[System.Diagnostics.Eventing.Reader.EventProperty]"
"The Software Protection service has successfully installed the license.
License Title=Windows(R) UL store License (Public)
License Id=175c71b4-ea5c-4d1e-ab60-f1e24ad3a10c","1004","0","16384","4","0","0","36028797018963968","215","Microsoft-Windows-Security-SPP","e23b33b0-c8c9-472c-a5f9-f2bdfea0f156","Application","0","0","ServerDC2",,"3/18/2025 6:37:23 AM",,,"Application","System.UInt32[]","System.Diagnostics.Eventing.Reader.EventBookmark","Information",,,"System.Collections.ObjectModel.ReadOnlyCollection`1[System.String]","System.Collections.Generic.List`1[System.Diagnostics.Eventing.Reader.EventProperty]"
"The Software Protection service has successfully installed the license.
License Title=Windows(R) UL phone License (Private)
License Id=75bc823c-8826-4f5a-b53a-4c1654a493d1","1004","0","16384","4","0","0","36028797018963968","214","Microsoft-Windows-Security-SPP","e23b33b0-c8c9-472c-a5f9-f2bdfea0f156","Application","0","0","ServerDC2",,"3/18/2025 6:37:23 AM",,,"Application","System.UInt32[]","System.Diagnostics.Eventing.Reader.EventBookmark","Information",,,"System.Collections.ObjectModel.ReadOnlyCollection`1[System.String]","System.Collections.Generic.List`1[System.Diagnostics.Eventing.Reader.EventProperty]"
"The Software Protection service has successfully installed the license.
License Title=Windows(R) UL phone License (Public)
License Id=b5e17389-ca8c-4604-a76a-cc786a4590a1","1004","0","16384","4","0","0","36028797018963968","213","Microsoft-Windows-Security-SPP","e23b33b0-c8c9-472c-a5f9-f2bdfea0f156","Application","0","0","ServerDC2",,"3/18/2025 6:37:23 AM",,,"Application","System.UInt32[]","System.Diagnostics.Eventing.Reader.EventBookmark","Information",,,"System.Collections.ObjectModel.ReadOnlyCollection`1[System.String]","System.Collections.Generic.List`1[System.Diagnostics.Eventing.Reader.EventProperty]"
"The Software Protection service has successfully installed the license.
License Title=Windows(R) UL oob License (Private)
License Id=34d2dfac-7bc9-4713-a969-7f1e1e9afe6f","1004","0","16384","4","0","0","36028797018963968","212","Microsoft-Windows-Security-SPP","e23b33b0-c8c9-472c-a5f9-f2bdfea0f156","Application","0","0","ServerDC2",,"3/18/2025 6:37:23 AM",,,"Application","System.UInt32[]","System.Diagnostics.Eventing.Reader.EventBookmark","Information",,,"System.Collections.ObjectModel.ReadOnlyCollection`1[System.String]","System.Collections.Generic.List`1[System.Diagnostics.Eventing.Reader.EventProperty]"
"The Software Protection service has successfully installed the license.
License Title=Windows(R) UL oob License (Public)
License Id=e5a91d77-4d54-4726-b951-80dfea34333d","1004","0","16384","4","0","0","36028797018963968","211","Microsoft-Windows-Security-SPP","e23b33b0-c8c9-472c-a5f9-f2bdfea0f156","Application","0","0","ServerDC2",,"3/18/2025 6:37:23 AM",,,"Application","System.UInt32[]","System.Diagnostics.Eventing.Reader.EventBookmark","Information",,,"System.Collections.ObjectModel.ReadOnlyCollection`1[System.String]","System.Collections.Generic.List`1[System.Diagnostics.Eventing.Reader.EventProperty]"
"The Software Protection service has successfully installed the license.
License Title=Windows(R) Publishing License (Private)
License Id=ca51a6f4-83b9-4c7c-92f8-591b7a20b92a","1004","0","16384","4","0","0","36028797018963968","210","Microsoft-Windows-Security-SPP","e23b33b0-c8c9-472c-a5f9-f2bdfea0f156","Application","0","0","ServerDC2",,"3/18/2025 6:37:23 AM",,,"Application","System.UInt32[]","System.Diagnostics.Eventing.Reader.EventBookmark","Information",,,"System.Collections.ObjectModel.ReadOnlyCollection`1[System.String]","System.Collections.Generic.List`1[System.Diagnostics.Eventing.Reader.EventProperty]"
"The Software Protection service has successfully installed the license.
License Title=Windows(R) Publishing License (Public)
License Id=bc34b45b-d592-4631-bcd8-dd70f084f4df","1004","0","16384","4","0","0","36028797018963968","209","Microsoft-Windows-Security-SPP","e23b33b0-c8c9-472c-a5f9-f2bdfea0f156","Application","0","0","ServerDC2",,"3/18/2025 6:37:23 AM",,,"Application","System.UInt32[]","System.Diagnostics.Eventing.Reader.EventBookmark","Information",,,"System.Collections.ObjectModel.ReadOnlyCollection`1[System.String]","System.Collections.Generic.List`1[System.Diagnostics.Eventing.Reader.EventProperty]"
"The Software Protection service has successfully installed the license.
License Title=Windows(R) UL store License (Private)
License Id=671bc6f2-3e7e-43f8-ab87-3f02ac861991","1004","0","16384","4","0","0","36028797018963968","208","Microsoft-Windows-Security-SPP","e23b33b0-c8c9-472c-a5f9-f2bdfea0f156","Application","0","0","ServerDC2",,"3/18/2025 6:37:23 AM",,,"Application","System.UInt32[]","System.Diagnostics.Eventing.Reader.EventBookmark","Information",,,"System.Collections.ObjectModel.ReadOnlyCollection`1[System.String]","System.Collections.Generic.List`1[System.Diagnostics.Eventing.Reader.EventProperty]"
"The Software Protection service has successfully installed the license.
License Title=Windows(R) UL store License (Public)
License Id=d6c9555a-5614-47e4-bfab-6b4d367f9282","1004","0","16384","4","0","0","36028797018963968","207","Microsoft-Windows-Security-SPP","e23b33b0-c8c9-472c-a5f9-f2bdfea0f156","Application","0","0","ServerDC2",,"3/18/2025 6:37:23 AM",,,"Application","System.UInt32[]","System.Diagnostics.Eventing.Reader.EventBookmark","Information",,,"System.Collections.ObjectModel.ReadOnlyCollection`1[System.String]","System.Collections.Generic.List`1[System.Diagnostics.Eventing.Reader.EventProperty]"
"The Software Protection service has successfully installed the license.
License Title=Windows(R) UL phone License (Private)
License Id=9b0cb077-eec8-4fa8-ab41-9d7b53460121","1004","0","16384","4","0","0","36028797018963968","206","Microsoft-Windows-Security-SPP","e23b33b0-c8c9-472c-a5f9-f2bdfea0f156","Application","0","0","ServerDC2",,"3/18/2025 6:37:23 AM",,,"Application","System.UInt32[]","System.Diagnostics.Eventing.Reader.EventBookmark","Information",,,"System.Collections.ObjectModel.ReadOnlyCollection`1[System.String]","System.Collections.Generic.List`1[System.Diagnostics.Eventing.Reader.EventProperty]"
"The Software Protection service has successfully installed the license.
License Title=Windows(R) UL phone License (Public)
License Id=517a3da3-72b7-4275-a062-d1604cb47afd","1004","0","16384","4","0","0","36028797018963968","205","Microsoft-Windows-Security-SPP","e23b33b0-c8c9-472c-a5f9-f2bdfea0f156","Application","0","0","ServerDC2",,"3/18/2025 6:37:23 AM",,,"Application","System.UInt32[]","System.Diagnostics.Eventing.Reader.EventBookmark","Information",,,"System.Collections.ObjectModel.ReadOnlyCollection`1[System.String]","System.Collections.Generic.List`1[System.Diagnostics.Eventing.Reader.EventProperty]"
"The Software Protection service has successfully installed the license.
License Title=Windows(R) UL oob License (Private)
License Id=d526a293-95ce-4f33-8e88-6bff2e89533e","1004","0","16384","4","0","0","36028797018963968","204","Microsoft-Windows-Security-SPP","e23b33b0-c8c9-472c-a5f9-f2bdfea0f156","Application","0","0","ServerDC2",,"3/18/2025 6:37:23 AM",,,"Application","System.UInt32[]","System.Diagnostics.Eventing.Reader.EventBookmark","Information",,,"System.Collections.ObjectModel.ReadOnlyCollection`1[System.String]","System.Collections.Generic.List`1[System.Diagnostics.Eventing.Reader.EventProperty]"
"The Software Protection service has successfully installed the license.
License Title=Windows(R) UL oob License (Public)
License Id=33f31981-4e05-43ae-b768-92674b48cb5f","1004","0","16384","4","0","0","36028797018963968","203","Microsoft-Windows-Security-SPP","e23b33b0-c8c9-472c-a5f9-f2bdfea0f156","Application","0","0","ServerDC2",,"3/18/2025 6:37:23 AM",,,"Application","System.UInt32[]","System.Diagnostics.Eventing.Reader.EventBookmark","Information",,,"System.Collections.ObjectModel.ReadOnlyCollection`1[System.String]","System.Collections.Generic.List`1[System.Diagnostics.Eventing.Reader.EventProperty]"
"The Software Protection service has successfully installed the license.
License Title=Windows(R) Publishing License (Private)
License Id=cf565509-569a-4fec-828a-a2f7b5e67e4d","1004","0","16384","4","0","0","36028797018963968","202","Microsoft-Windows-Security-SPP","e23b33b0-c8c9-472c-a5f9-f2bdfea0f156","Application","0","0","ServerDC2",,"3/18/2025 6:37:23 AM",,,"Application","System.UInt32[]","System.Diagnostics.Eventing.Reader.EventBookmark","Information",,,"System.Collections.ObjectModel.ReadOnlyCollection`1[System.String]","System.Collections.Generic.List`1[System.Diagnostics.Eventing.Reader.EventProperty]"
"The Software Protection service has successfully installed the license.
License Title=Windows(R) Publishing License (Public)
License Id=2c5f7ced-7039-4f2a-835f-c8d459dcb621","1004","0","16384","4","0","0","36028797018963968","201","Microsoft-Windows-Security-SPP","e23b33b0-c8c9-472c-a5f9-f2bdfea0f156","Application","0","0","ServerDC2",,"3/18/2025 6:37:23 AM",,,"Application","System.UInt32[]","System.Diagnostics.Eventing.Reader.EventBookmark","Information",,,"System.Collections.ObjectModel.ReadOnlyCollection`1[System.String]","System.Collections.Generic.List`1[System.Diagnostics.Eventing.Reader.EventProperty]"
"The Software Protection service has successfully installed the license.
License Title=Windows(R) UL store License (Private)
License Id=b4e69294-d5bf-46de-b67b-354d3a6aecdc","1004","0","16384","4","0","0","36028797018963968","200","Microsoft-Windows-Security-SPP","e23b33b0-c8c9-472c-a5f9-f2bdfea0f156","Application","0","0","ServerDC2",,"3/18/2025 6:37:23 AM",,,"Application","System.UInt32[]","System.Diagnostics.Eventing.Reader.EventBookmark","Information",,,"System.Collections.ObjectModel.ReadOnlyCollection`1[System.String]","System.Collections.Generic.List`1[System.Diagnostics.Eventing.Reader.EventProperty]"
"The Software Protection service has successfully installed the license.
License Title=Windows(R) UL store License (Public)
License Id=652604f3-33fc-4d68-af3d-ace7b4225cfe","1004","0","16384","4","0","0","36028797018963968","199","Microsoft-Windows-Security-SPP","e23b33b0-c8c9-472c-a5f9-f2bdfea0f156","Application","0","0","ServerDC2",,"3/18/2025 6:37:23 AM",,,"Application","System.UInt32[]","System.Diagnostics.Eventing.Reader.EventBookmark","Information",,,"System.Collections.ObjectModel.ReadOnlyCollection`1[System.String]","System.Collections.Generic.List`1[System.Diagnostics.Eventing.Reader.EventProperty]"
"The Software Protection service has successfully installed the license.
License Title=Windows(R) UL phone License (Private)
License Id=68b3009f-1f82-4fb4-9174-5d6fd87f026b","1004","0","16384","4","0","0","36028797018963968","198","Microsoft-Windows-Security-SPP","e23b33b0-c8c9-472c-a5f9-f2bdfea0f156","Application","0","0","ServerDC2",,"3/18/2025 6:37:23 AM",,,"Application","System.UInt32[]","System.Diagnostics.Eventing.Reader.EventBookmark","Information",,,"System.Collections.ObjectModel.ReadOnlyCollection`1[System.String]","System.Collections.Generic.List`1[System.Diagnostics.Eventing.Reader.EventProperty]"
"The Software Protection service has successfully installed the license.
License Title=Windows(R) UL phone License (Public)
License Id=0322af67-cee3-4b62-abd2-01370355440a","1004","0","16384","4","0","0","36028797018963968","197","Microsoft-Windows-Security-SPP","e23b33b0-c8c9-472c-a5f9-f2bdfea0f156","Application","0","0","ServerDC2",,"3/18/2025 6:37:23 AM",,,"Application","System.UInt32[]","System.Diagnostics.Eventing.Reader.EventBookmark","Information",,,"System.Collections.ObjectModel.ReadOnlyCollection`1[System.String]","System.Collections.Generic.List`1[System.Diagnostics.Eventing.Reader.EventProperty]"
"The Software Protection service has successfully installed the license.
License Title=Windows(R) UL oob License (Private)
License Id=0b50b8ad-f491-4b51-ac18-c8a96208034c","1004","0","16384","4","0","0","36028797018963968","196","Microsoft-Windows-Security-SPP","e23b33b0-c8c9-472c-a5f9-f2bdfea0f156","Application","0","0","ServerDC2",,"3/18/2025 6:37:23 AM",,,"Application","System.UInt32[]","System.Diagnostics.Eventing.Reader.EventBookmark","Information",,,"System.Collections.ObjectModel.ReadOnlyCollection`1[System.String]","System.Collections.Generic.List`1[System.Diagnostics.Eventing.Reader.EventProperty]"
"The Software Protection service has successfully installed the license.
License Title=Windows(R) UL oob License (Public)
License Id=b8f98667-12cc-476d-a07f-b98e5d495829","1004","0","16384","4","0","0","36028797018963968","195","Microsoft-Windows-Security-SPP","e23b33b0-c8c9-472c-a5f9-f2bdfea0f156","Application","0","0","ServerDC2",,"3/18/2025 6:37:23 AM",,,"Application","System.UInt32[]","System.Diagnostics.Eventing.Reader.EventBookmark","Information",,,"System.Collections.ObjectModel.ReadOnlyCollection`1[System.String]","System.Collections.Generic.List`1[System.Diagnostics.Eventing.Reader.EventProperty]"
"The Software Protection service has successfully installed the license.
License Title=Windows(R) Publishing License (Private)
License Id=77e47605-f697-4e46-9122-f12e1acc3ded","1004","0","16384","4","0","0","36028797018963968","194","Microsoft-Windows-Security-SPP","e23b33b0-c8c9-472c-a5f9-f2bdfea0f156","Application","0","0","ServerDC2",,"3/18/2025 6:37:23 AM",,,"Application","System.UInt32[]","System.Diagnostics.Eventing.Reader.EventBookmark","Information",,,"System.Collections.ObjectModel.ReadOnlyCollection`1[System.String]","System.Collections.Generic.List`1[System.Diagnostics.Eventing.Reader.EventProperty]"
"The Software Protection service has successfully installed the license.
License Title=Windows(R) Publishing License (Public)
License Id=1b7fb7c5-a0e0-42db-aa5e-76211694a2ca","1004","0","16384","4","0","0","36028797018963968","193","Microsoft-Windows-Security-SPP","e23b33b0-c8c9-472c-a5f9-f2bdfea0f156","Application","0","0","ServerDC2",,"3/18/2025 6:37:23 AM",,,"Application","System.UInt32[]","System.Diagnostics.Eventing.Reader.EventBookmark","Information",,,"System.Collections.ObjectModel.ReadOnlyCollection`1[System.String]","System.Collections.Generic.List`1[System.Diagnostics.Eventing.Reader.EventProperty]"
"The Software Protection service has successfully installed the license.
License Title=Windows(R) UL store License (Private)
License Id=2bc5cbfa-a3d7-4ede-b927-c044e0be6b16","1004","0","16384","4","0","0","36028797018963968","192","Microsoft-Windows-Security-SPP","e23b33b0-c8c9-472c-a5f9-f2bdfea0f156","Application","0","0","ServerDC2",,"3/18/2025 6:37:23 AM",,,"Application","System.UInt32[]","System.Diagnostics.Eventing.Reader.EventBookmark","Information",,,"System.Collections.ObjectModel.ReadOnlyCollection`1[System.String]","System.Collections.Generic.List`1[System.Diagnostics.Eventing.Reader.EventProperty]"
"The Software Protection service has successfully installed the license.
License Title=Windows(R) UL store License (Public)
License Id=34e4dce0-06ad-4025-8686-4051e946c50e","1004","0","16384","4","0","0","36028797018963968","191","Microsoft-Windows-Security-SPP","e23b33b0-c8c9-472c-a5f9-f2bdfea0f156","Application","0","0","ServerDC2",,"3/18/2025 6:37:23 AM",,,"Application","System.UInt32[]","System.Diagnostics.Eventing.Reader.EventBookmark","Information",,,"System.Collections.ObjectModel.ReadOnlyCollection`1[System.String]","System.Collections.Generic.List`1[System.Diagnostics.Eventing.Reader.EventProperty]"
"The Software Protection service has successfully installed the license.
License Title=Windows(R) UL phone License (Private)
License Id=23244925-5269-4653-9b42-c523aa95c63d","1004","0","16384","4","0","0","36028797018963968","190","Microsoft-Windows-Security-SPP","e23b33b0-c8c9-472c-a5f9-f2bdfea0f156","Application","0","0","ServerDC2",,"3/18/2025 6:37:23 AM",,,"Application","System.UInt32[]","System.Diagnostics.Eventing.Reader.EventBookmark","Information",,,"System.Collections.ObjectModel.ReadOnlyCollection`1[System.String]","System.Collections.Generic.List`1[System.Diagnostics.Eventing.Reader.EventProperty]"
"The Software Protection service has successfully installed the license.
License Title=Windows(R) UL phone License (Public)
License Id=e3478915-7cd8-4b41-9d95-3d247957d90e","1004","0","16384","4","0","0","36028797018963968","189","Microsoft-Windows-Security-SPP","e23b33b0-c8c9-472c-a5f9-f2bdfea0f156","Application","0","0","ServerDC2",,"3/18/2025 6:37:23 AM",,,"Application","System.UInt32[]","System.Diagnostics.Eventing.Reader.EventBookmark","Information",,,"System.Collections.ObjectModel.ReadOnlyCollection`1[System.String]","System.Collections.Generic.List`1[System.Diagnostics.Eventing.Reader.EventProperty]"
"The Software Protection service has successfully installed the license.
License Title=Windows(R) UL oob License (Private)
License Id=1ca55e93-b29e-4968-a9d0-6db46aec2742","1004","0","16384","4","0","0","36028797018963968","188","Microsoft-Windows-Security-SPP","e23b33b0-c8c9-472c-a5f9-f2bdfea0f156","Application","0","0","ServerDC2",,"3/18/2025 6:37:23 AM",,,"Application","System.UInt32[]","System.Diagnostics.Eventing.Reader.EventBookmark","Information",,,"System.Collections.ObjectModel.ReadOnlyCollection`1[System.String]","System.Collections.Generic.List`1[System.Diagnostics.Eventing.Reader.EventProperty]"
"The Software Protection service has successfully installed the license.
License Title=Windows(R) UL oob License (Public)
License Id=3facf5a6-1835-4c9b-96d5-5fe61653c15b","1004","0","16384","4","0","0","36028797018963968","187","Microsoft-Windows-Security-SPP","e23b33b0-c8c9-472c-a5f9-f2bdfea0f156","Application","0","0","ServerDC2",,"3/18/2025 6:37:23 AM",,,"Application","System.UInt32[]","System.Diagnostics.Eventing.Reader.EventBookmark","Information",,,"System.Collections.ObjectModel.ReadOnlyCollection`1[System.String]","System.Collections.Generic.List`1[System.Diagnostics.Eventing.Reader.EventProperty]"
"The Software Protection service has successfully installed the license.
License Title=Windows(R) Publishing License (Private)
License Id=7c162672-abfc-442a-9f2e-43b7fb4e76f1","1004","0","16384","4","0","0","36028797018963968","186","Microsoft-Windows-Security-SPP","e23b33b0-c8c9-472c-a5f9-f2bdfea0f156","Application","0","0","ServerDC2",,"3/18/2025 6:37:23 AM",,,"Application","System.UInt32[]","System.Diagnostics.Eventing.Reader.EventBookmark","Information",,,"System.Collections.ObjectModel.ReadOnlyCollection`1[System.String]","System.Collections.Generic.List`1[System.Diagnostics.Eventing.Reader.EventProperty]"
"The Software Protection service has successfully installed the license.
License Title=Windows(R) Publishing License (Public)
License Id=116696e9-444a-419d-9364-5b44be23faf4","1004","0","16384","4","0","0","36028797018963968","185","Microsoft-Windows-Security-SPP","e23b33b0-c8c9-472c-a5f9-f2bdfea0f156","Application","0","0","ServerDC2",,"3/18/2025 6:37:23 AM",,,"Application","System.UInt32[]","System.Diagnostics.Eventing.Reader.EventBookmark","Information",,,"System.Collections.ObjectModel.ReadOnlyCollection`1[System.String]","System.Collections.Generic.List`1[System.Diagnostics.Eventing.Reader.EventProperty]"
"The Software Protection service has successfully installed the license.
License Title=Windows(R) UL store License (Private)
License Id=62fcef8f-3e51-4da9-8d7e-8d69ee923595","1004","0","16384","4","0","0","36028797018963968","184","Microsoft-Windows-Security-SPP","e23b33b0-c8c9-472c-a5f9-f2bdfea0f156","Application","0","0","ServerDC2",,"3/18/2025 6:37:23 AM",,,"Application","System.UInt32[]","System.Diagnostics.Eventing.Reader.EventBookmark","Information",,,"System.Collections.ObjectModel.ReadOnlyCollection`1[System.String]","System.Collections.Generic.List`1[System.Diagnostics.Eventing.Reader.EventProperty]"
"The Software Protection service has successfully installed the license.
License Title=Windows(R) UL store License (Public)
License Id=7a682c4a-99f7-467b-976b-bae0b4329eca","1004","0","16384","4","0","0","36028797018963968","183","Microsoft-Windows-Security-SPP","e23b33b0-c8c9-472c-a5f9-f2bdfea0f156","Application","0","0","ServerDC2",,"3/18/2025 6:37:23 AM",,,"Application","System.UInt32[]","System.Diagnostics.Eventing.Reader.EventBookmark","Information",,,"System.Collections.ObjectModel.ReadOnlyCollection`1[System.String]","System.Collections.Generic.List`1[System.Diagnostics.Eventing.Reader.EventProperty]"
"The Software Protection service has successfully installed the license.
License Title=Windows(R) UL phone License (Private)
License Id=db8a1f38-2be8-4a5a-8654-2f3fca30e94c","1004","0","16384","4","0","0","36028797018963968","182","Microsoft-Windows-Security-SPP","e23b33b0-c8c9-472c-a5f9-f2bdfea0f156","Application","0","0","ServerDC2",,"3/18/2025 6:37:23 AM",,,"Application","System.UInt32[]","System.Diagnostics.Eventing.Reader.EventBookmark","Information",,,"System.Collections.ObjectModel.ReadOnlyCollection`1[System.String]","System.Collections.Generic.List`1[System.Diagnostics.Eventing.Reader.EventProperty]"
"The Software Protection service has successfully installed the license.
License Title=Windows(R) UL phone License (Public)
License Id=270ccfd2-acfe-483f-b901-8d6beb9a1ddb","1004","0","16384","4","0","0","36028797018963968","181","Microsoft-Windows-Security-SPP","e23b33b0-c8c9-472c-a5f9-f2bdfea0f156","Application","0","0","ServerDC2",,"3/18/2025 6:37:23 AM",,,"Application","System.UInt32[]","System.Diagnostics.Eventing.Reader.EventBookmark","Information",,,"System.Collections.ObjectModel.ReadOnlyCollection`1[System.String]","System.Collections.Generic.List`1[System.Diagnostics.Eventing.Reader.EventProperty]"
"The Software Protection service has successfully installed the license.
License Title=Windows(R) UL oob License (Private)
License Id=ac36ac37-d2a0-4e46-801c-5dea2a0fcfd4","1004","0","16384","4","0","0","36028797018963968","180","Microsoft-Windows-Security-SPP","e23b33b0-c8c9-472c-a5f9-f2bdfea0f156","Application","0","0","ServerDC2",,"3/18/2025 6:37:23 AM",,,"Application","System.UInt32[]","System.Diagnostics.Eventing.Reader.EventBookmark","Information",,,"System.Collections.ObjectModel.ReadOnlyCollection`1[System.String]","System.Collections.Generic.List`1[System.Diagnostics.Eventing.Reader.EventProperty]"
"The Software Protection service has successfully installed the license.
License Title=Windows(R) UL oob License (Public)
License Id=39b6198c-18e1-4e2a-a8ce-8e871d174d6e","1004","0","16384","4","0","0","36028797018963968","179","Microsoft-Windows-Security-SPP","e23b33b0-c8c9-472c-a5f9-f2bdfea0f156","Application","0","0","ServerDC2",,"3/18/2025 6:37:23 AM",,,"Application","System.UInt32[]","System.Diagnostics.Eventing.Reader.EventBookmark","Information",,,"System.Collections.ObjectModel.ReadOnlyCollection`1[System.String]","System.Collections.Generic.List`1[System.Diagnostics.Eventing.Reader.EventProperty]"
"The Software Protection service has successfully installed the license.
License Title=Windows(R) Publishing License (Private)
License Id=5ab37fbf-b19b-4376-b311-49be4e361c5a","1004","0","16384","4","0","0","36028797018963968","178","Microsoft-Windows-Security-SPP","e23b33b0-c8c9-472c-a5f9-f2bdfea0f156","Application","0","0","ServerDC2",,"3/18/2025 6:37:23 AM",,,"Application","System.UInt32[]","System.Diagnostics.Eventing.Reader.EventBookmark","Information",,,"System.Collections.ObjectModel.ReadOnlyCollection`1[System.String]","System.Collections.Generic.List`1[System.Diagnostics.Eventing.Reader.EventProperty]"
"The Software Protection service has successfully installed the license.
License Title=Windows(R) Publishing License (Public)
License Id=935783bc-20e9-4472-adc9-08c8fb4d9f2f","1004","0","16384","4","0","0","36028797018963968","177","Microsoft-Windows-Security-SPP","e23b33b0-c8c9-472c-a5f9-f2bdfea0f156","Application","0","0","ServerDC2",,"3/18/2025 6:37:23 AM",,,"Application","System.UInt32[]","System.Diagnostics.Eventing.Reader.EventBookmark","Information",,,"System.Collections.ObjectModel.ReadOnlyCollection`1[System.String]","System.Collections.Generic.List`1[System.Diagnostics.Eventing.Reader.EventProperty]"
"The Software Protection service has successfully installed the license.
License Title=Windows(R) UL store License (Private)
License Id=334731a9-487f-49cb-bffd-94bc32a98ecf","1004","0","16384","4","0","0","36028797018963968","176","Microsoft-Windows-Security-SPP","e23b33b0-c8c9-472c-a5f9-f2bdfea0f156","Application","0","0","ServerDC2",,"3/18/2025 6:37:23 AM",,,"Application","System.UInt32[]","System.Diagnostics.Eventing.Reader.EventBookmark","Information",,,"System.Collections.ObjectModel.ReadOnlyCollection`1[System.String]","System.Collections.Generic.List`1[System.Diagnostics.Eventing.Reader.EventProperty]"
"The Software Protection service has successfully installed the license.
License Title=Windows(R) UL store License (Public)
License Id=b98d10a8-10da-4572-b58c-c2c34ffd5b6e","1004","0","16384","4","0","0","36028797018963968","175","Microsoft-Windows-Security-SPP","e23b33b0-c8c9-472c-a5f9-f2bdfea0f156","Application","0","0","ServerDC2",,"3/18/2025 6:37:23 AM",,,"Application","System.UInt32[]","System.Diagnostics.Eventing.Reader.EventBookmark","Information",,,"System.Collections.ObjectModel.ReadOnlyCollection`1[System.String]","System.Collections.Generic.List`1[System.Diagnostics.Eventing.Reader.EventProperty]"
"The Software Protection service has successfully installed the license.
License Title=Windows(R) UL phone License (Private)
License Id=d1e76c2a-e911-4eb2-b9bb-bc54661d3e45","1004","0","16384","4","0","0","36028797018963968","174","Microsoft-Windows-Security-SPP","e23b33b0-c8c9-472c-a5f9-f2bdfea0f156","Application","0","0","ServerDC2",,"3/18/2025 6:37:23 AM",,,"Application","System.UInt32[]","System.Diagnostics.Eventing.Reader.EventBookmark","Information",,,"System.Collections.ObjectModel.ReadOnlyCollection`1[System.String]","System.Collections.Generic.List`1[System.Diagnostics.Eventing.Reader.EventProperty]"
"The Software Protection service has successfully installed the license.
License Title=Windows(R) UL phone License (Public)
License Id=1fa47d2b-8077-40a9-84e6-c0e40396c626","1004","0","16384","4","0","0","36028797018963968","173","Microsoft-Windows-Security-SPP","e23b33b0-c8c9-472c-a5f9-f2bdfea0f156","Application","0","0","ServerDC2",,"3/18/2025 6:37:23 AM",,,"Application","System.UInt32[]","System.Diagnostics.Eventing.Reader.EventBookmark","Information",,,"System.Collections.ObjectModel.ReadOnlyCollection`1[System.String]","System.Collections.Generic.List`1[System.Diagnostics.Eventing.Reader.EventProperty]"
"The Software Protection service has successfully installed the license.
License Title=Windows(R) UL oob License (Private)
License Id=1e962cf6-45e5-4a7b-8b61-b0697e979a6d","1004","0","16384","4","0","0","36028797018963968","172","Microsoft-Windows-Security-SPP","e23b33b0-c8c9-472c-a5f9-f2bdfea0f156","Application","0","0","ServerDC2",,"3/18/2025 6:37:23 AM",,,"Application","System.UInt32[]","System.Diagnostics.Eventing.Reader.EventBookmark","Information",,,"System.Collections.ObjectModel.ReadOnlyCollection`1[System.String]","System.Collections.Generic.List`1[System.Diagnostics.Eventing.Reader.EventProperty]"
"The Software Protection service has successfully installed the license.
License Title=Windows(R) UL oob License (Public)
License Id=06ab7c6a-a1c6-4854-85ef-93cc6e11b952","1004","0","16384","4","0","0","36028797018963968","171","Microsoft-Windows-Security-SPP","e23b33b0-c8c9-472c-a5f9-f2bdfea0f156","Application","0","0","ServerDC2",,"3/18/2025 6:37:23 AM",,,"Application","System.UInt32[]","System.Diagnostics.Eventing.Reader.EventBookmark","Information",,,"System.Collections.ObjectModel.ReadOnlyCollection`1[System.String]","System.Collections.Generic.List`1[System.Diagnostics.Eventing.Reader.EventProperty]"
"The Software Protection service has successfully installed the license.
License Title=Windows(R) Publishing License (Private)
License Id=60fe57c9-99b7-4530-bd25-9d6e2098c219","1004","0","16384","4","0","0","36028797018963968","170","Microsoft-Windows-Security-SPP","e23b33b0-c8c9-472c-a5f9-f2bdfea0f156","Application","0","0","ServerDC2",,"3/18/2025 6:37:23 AM",,,"Application","System.UInt32[]","System.Diagnostics.Eventing.Reader.EventBookmark","Information",,,"System.Collections.ObjectModel.ReadOnlyCollection`1[System.String]","System.Collections.Generic.List`1[System.Diagnostics.Eventing.Reader.EventProperty]"
"The Software Protection service has successfully installed the license.
License Title=Windows(R) Publishing License (Public)
License Id=2a61f172-fd45-440e-a599-a14a06033ef7","1004","0","16384","4","0","0","36028797018963968","169","Microsoft-Windows-Security-SPP","e23b33b0-c8c9-472c-a5f9-f2bdfea0f156","Application","0","0","ServerDC2",,"3/18/2025 6:37:23 AM",,,"Application","System.UInt32[]","System.Diagnostics.Eventing.Reader.EventBookmark","Information",,,"System.Collections.ObjectModel.ReadOnlyCollection`1[System.String]","System.Collections.Generic.List`1[System.Diagnostics.Eventing.Reader.EventProperty]"
"The Software Protection service has successfully installed the license.
License Title=Windows(R) UL store License (Private)
License Id=45853272-8bea-41f2-879c-faf38be9a3ff","1004","0","16384","4","0","0","36028797018963968","168","Microsoft-Windows-Security-SPP","e23b33b0-c8c9-472c-a5f9-f2bdfea0f156","Application","0","0","ServerDC2",,"3/18/2025 6:37:23 AM",,,"Application","System.UInt32[]","System.Diagnostics.Eventing.Reader.EventBookmark","Information",,,"System.Collections.ObjectModel.ReadOnlyCollection`1[System.String]","System.Collections.Generic.List`1[System.Diagnostics.Eventing.Reader.EventProperty]"
"The Software Protection service has successfully installed the license.
License Title=Windows(R) UL store License (Public)
License Id=35a30e08-b085-4bd7-bb50-9a43a20c2f61","1004","0","16384","4","0","0","36028797018963968","167","Microsoft-Windows-Security-SPP","e23b33b0-c8c9-472c-a5f9-f2bdfea0f156","Application","0","0","ServerDC2",,"3/18/2025 6:37:23 AM",,,"Application","System.UInt32[]","System.Diagnostics.Eventing.Reader.EventBookmark","Information",,,"System.Collections.ObjectModel.ReadOnlyCollection`1[System.String]","System.Collections.Generic.List`1[System.Diagnostics.Eventing.Reader.EventProperty]"
"The Software Protection service has successfully installed the license.
License Title=Windows(R) UL phone License (Private)
License Id=efc69188-8a15-4b04-81ab-cb1225eacf71","1004","0","16384","4","0","0","36028797018963968","166","Microsoft-Windows-Security-SPP","e23b33b0-c8c9-472c-a5f9-f2bdfea0f156","Application","0","0","ServerDC2",,"3/18/2025 6:37:23 AM",,,"Application","System.UInt32[]","System.Diagnostics.Eventing.Reader.EventBookmark","Information",,,"System.Collections.ObjectModel.ReadOnlyCollection`1[System.String]","System.Collections.Generic.List`1[System.Diagnostics.Eventing.Reader.EventProperty]"
"The Software Protection service has successfully installed the license.
License Title=Windows(R) UL phone License (Public)
