","1003","0","16384","4","0","0","36028797018963968","901","Microsoft-Windows-Security-SPP","e23b33b0-c8c9-472c-a5f9-f2bdfea0f156","Application","0","0","ServerDC2.ad.jasonsexperiments.com",,"5/13/2025 9:28:14 PM",,,"Application","System.UInt32[]","System.Diagnostics.Eventing.Reader.EventBookmark","Information",,,"System.Collections.ObjectModel.ReadOnlyCollection`1[System.String]","System.Collections.Generic.List`1[System.Diagnostics.Eventing.Reader.EventProperty]"
"The Software Protection service has started.
10.0.17763.7309","902","0","16384","0","0","0","36028797018963968","900","Microsoft-Windows-Security-SPP","e23b33b0-c8c9-472c-a5f9-f2bdfea0f156","Application","0","0","ServerDC2.ad.jasonsexperiments.com",,"5/13/2025 9:28:14 PM",,,"Application","System.UInt32[]","System.Diagnostics.Eventing.Reader.EventBookmark","Information",,,"System.Collections.ObjectModel.ReadOnlyCollection`1[System.String]","System.Collections.Generic.List`1[System.Diagnostics.Eventing.Reader.EventProperty]"
"The Software Protection service has completed licensing status check.
Application Id=55c92734-d682-4d71-983e-d6ec3f16059f
Licensing Status=
1: 22105925-48c3-4ff4-a294-f654bb27e390, 1, 0 [(0 [0xC004F014, 0, 0], [(?)(?)(?)(?)(?)(?)(?)(?)])(1 )(2 )(3 )]
2: 281c216a-5957-439b-adf2-aff4098a2bdd, 1, 0 [(0 [0xC004F014, 0, 0], [(?)(?)(?)(?)(?)(?)(?)(?)])(1 )(2 )(3 )]
3: 2e7a9ad1-a849-4b56-babe-17d5a29fe4b4, 1, 0 [(0 [0xC004F014, 0, 0], [(?)(?)(?)(?)(?)(?)(?)(?)])(1 )(2 )(3 )]
4: 3c006fa7-3b03-45a4-93da-63ddc1bdce11, 1, 0 [(0 [0xC004F014, 0, 0], [(?)(?)(?)(?)(?)(?)(?)(?)])(1 )(2 )(3 )]
5: 4285bbda-6219-4c1a-98e9-859e60d669fb, 1, 0 [(0 [0xC004F014, 0, 0], [(?)(?)(?)(?)(?)(?)(?)(?)])(1 )(2 )(3 )]
6: 44a5b4c3-e4b1-483b-81e8-0f78f4d98283, 1, 0 [(0 [0xC004F014, 0, 0], [(?)(?)(?)(?)(?)(?)(?)(?)])(1 )(2 )(3 )]
7: 661f7658-7035-4b4c-9f35-010682943ec2, 1, 0 [(0 [0xC004F014, 0, 0], [(?)(?)(?)(?)(?)(?)(?)(?)])(1 )(2 )(3 )]
8: 6bad0243-1c35-46b2-b8e6-7a853e37413f, 1, 0 [(0 [0xC004F014, 0, 0], [(?)(?)(?)(?)(?)(?)(?)(?)])(1 )(2 )(3 )]
9: 82fcf64d-f9dd-4411-9c79-f2eed16d4eb8, 1, 0 [(0 [0xC004F014, 0, 0], [(?)(?)(?)(?)(?)(?)(?)(?)])(1 )(2 )(3 )]
10: 84e331f6-4279-48c4-ab10-b75139181351, 1, 0 [(0 [0xC004F014, 0, 0], [(?)(?)(?)(?)(?)(?)(?)(?)])(1 )(2 )(3 )]
11: 8ea56c31-fe6e-4d56-9d17-8dc1ab35dd8b, 1, 0 [(0 [0xC004F014, 0, 0], [(?)(?)(?)(?)(?)(?)(?)(?)])(1 )(2 )(3 )]
12: 92114319-12ea-4bca-9d63-8740de9feff3, 1, 0 [(0 [0xC004F014, 0, 0], [(?)(?)(?)(?)(?)(?)(?)(?)])(1 )(2 )(3 )]
13: 9db83b52-9904-4326-8957-ebe6feedf37c, 1, 0 [(0 [0xC004F014, 0, 0], [(?)(?)(?)(?)(?)(?)(?)(?)])(1 )(2 )(3 )]
14: c2d23e1f-ee3e-4533-9094-e6dc0b8aa049, 1, 0 [(0 [0xC004F014, 0, 0], [(?)(?)(?)(?)(?)(?)(?)(?)])(1 )(2 )(3 )]
15: d07edbd8-02cb-49b1-8358-f2de7afd8a4d, 1, 0 [(0 [0xC004F014, 0, 0], [(?)(?)(?)(?)(?)(?)(?)(?)])(1 )(2 )(3 )]
16: de32eafd-aaee-4662-9444-c1befb41bde2, 1, 0 [(0 [0xC004E003, 0, 0], [( 2 0xC004F056 0 0 msft:rm/algorithm/volume/1.0 0x00000000 0)( 1 0x00000000)(?)( 2 0xC004F056 0 0 msft:rm/algorithm/volume/1.0 0x00000000 0)(?)(?)(?)(?)])(1 )(2 )(3 [0x00000000, 0, 0], [( 6 0xC004F009 0 0)( 1 0x00000000)( 6 0xC004F009 0 0)(?)(?)(?)( 10 0x00000000 msft:rm/algorithm/flags/1.0)( 11 0x00000000 0xC004F056)])]
17: e73aabfa-12bc-4705-b551-2dd076bebc7d, 1, 0 [(0 [0xC004F014, 0, 0], [(?)(?)(?)(?)(?)(?)(?)(?)])(1 )(2 )(3 )]
18: e936f630-5125-4a39-b1de-544d6c036491, 1, 0 [(0 [0xC004F014, 0, 0], [(?)(?)(?)(?)(?)(?)(?)(?)])(1 )(2 )(3 )]
19: fd946594-6f0d-4c5c-9bf7-f5f628ecd0b9, 1, 0 [(0 [0xC004F014, 0, 0], [(?)(?)(?)(?)(?)(?)(?)(?)])(1 )(2 )(3 )]

","1003","0","16384","4","0","0","36028797018963968","899","Microsoft-Windows-Security-SPP","e23b33b0-c8c9-472c-a5f9-f2bdfea0f156","Application","0","0","ServerDC2.ad.jasonsexperiments.com",,"5/13/2025 9:28:14 PM",,,"Application","System.UInt32[]","System.Diagnostics.Eventing.Reader.EventBookmark","Information",,,"System.Collections.ObjectModel.ReadOnlyCollection`1[System.String]","System.Collections.Generic.List`1[System.Diagnostics.Eventing.Reader.EventProperty]"
"Duplicate definition of policy found. Policy name=Security-SPP-IgnoreDeferredActivation  Priority=500","1034","0","16384","4","0","0","36028797018963968","898","Microsoft-Windows-Security-SPP","e23b33b0-c8c9-472c-a5f9-f2bdfea0f156","Application","0","0","ServerDC2.ad.jasonsexperiments.com",,"5/13/2025 9:28:14 PM",,,"Application","System.UInt32[]","System.Diagnostics.Eventing.Reader.EventBookmark","Information",,,"System.Collections.ObjectModel.ReadOnlyCollection`1[System.String]","System.Collections.Generic.List`1[System.Diagnostics.Eventing.Reader.EventProperty]"
"Duplicate definition of policy found. Policy name=AAD-WindowsCore-AddAccountRestrictions  Priority=100","1034","0","16384","4","0","0","36028797018963968","897","Microsoft-Windows-Security-SPP","e23b33b0-c8c9-472c-a5f9-f2bdfea0f156","Application","0","0","ServerDC2.ad.jasonsexperiments.com",,"5/13/2025 9:28:14 PM",,,"Application","System.UInt32[]","System.Diagnostics.Eventing.Reader.EventBookmark","Information",,,"System.Collections.ObjectModel.ReadOnlyCollection`1[System.String]","System.Collections.Generic.List`1[System.Diagnostics.Eventing.Reader.EventProperty]"
"Initialization status for service objects.
C:\Windows\system32\sppwinob.dll, msft:spp/windowsfunctionality/agent/7.0, 0x00000000, 0x00000000
C:\Windows\system32\sppobjs.dll, msft:rm/algorithm/inherited/1.0, 0x00000000, 0x00000000
C:\Windows\system32\sppobjs.dll, msft:rm/algorithm/phone/1.0, 0x00000000, 0x00000000
C:\Windows\system32\sppobjs.dll, msft:rm/algorithm/pkey/detect, 0x00000000, 0x00000000
C:\Windows\system32\sppobjs.dll, msft:spp/ActionScheduler/1.0, 0x00000000, 0x00000000
C:\Windows\system32\sppobjs.dll, msft:spp/TaskScheduler/1.0, 0x00000000, 0x00000000
C:\Windows\system32\sppobjs.dll, msft:spp/statecollector/pkey, 0x00000000, 0x00000000
C:\Windows\system32\sppobjs.dll, msft:spp/volume/services/kms/1.0, 0x00000000, 0x00000000
C:\Windows\system32\sppobjs.dll, msft:spp/volume/services/kms/activationinfo/1.0, 0x00000000, 0x00000000
","1066","0","16384","4","0","0","36028797018963968","896","Microsoft-Windows-Security-SPP","e23b33b0-c8c9-472c-a5f9-f2bdfea0f156","Application","0","0","ServerDC2.ad.jasonsexperiments.com",,"5/13/2025 9:28:13 PM",,,"Application","System.UInt32[]","System.Diagnostics.Eventing.Reader.EventBookmark","Information",,,"System.Collections.ObjectModel.ReadOnlyCollection`1[System.String]","System.Collections.Generic.List`1[System.Diagnostics.Eventing.Reader.EventProperty]"
"Offline downlevel migration succeeded.","16394","0","49152","4","0","0","36028797018963968","895","Microsoft-Windows-Security-SPP","e23b33b0-c8c9-472c-a5f9-f2bdfea0f156","Application","0","0","ServerDC2.ad.jasonsexperiments.com",,"5/13/2025 9:28:13 PM",,,"Application","System.UInt32[]","System.Diagnostics.Eventing.Reader.EventBookmark","Information",,,"System.Collections.ObjectModel.ReadOnlyCollection`1[System.String]","System.Collections.Generic.List`1[System.Diagnostics.Eventing.Reader.EventProperty]"
"The Software Protection service is starting.
Parameters:TriggerStarted:6","900","0","16384","4","0","0","36028797018963968","894","Microsoft-Windows-Security-SPP","e23b33b0-c8c9-472c-a5f9-f2bdfea0f156","Application","0","0","ServerDC2.ad.jasonsexperiments.com",,"5/13/2025 9:28:13 PM",,,"Application","System.UInt32[]","System.Diagnostics.Eventing.Reader.EventBookmark","Information",,,"System.Collections.ObjectModel.ReadOnlyCollection`1[System.String]","System.Collections.Generic.List`1[System.Diagnostics.Eventing.Reader.EventProperty]"
"Windows Management Instrumentation Service subsystems initialized successfully","5617","2",,"4","0","0","-9223372036854775808","893","Microsoft-Windows-WMI","1edeee53-0afe-4609-b846-d8c0b2075b1f","Application","2056","2184","ServerDC2.ad.jasonsexperiments.com","S-1-5-18","5/13/2025 9:28:13 PM",,,"Application","System.UInt32[]","System.Diagnostics.Eventing.Reader.EventBookmark","Information","Info",,"System.Collections.ObjectModel.ReadOnlyCollection`1[System.String]","System.Collections.Generic.List`1[System.Diagnostics.Eventing.Reader.EventProperty]"
"Windows Management Instrumentation Service started sucessfully","5615","2",,"4","0","0","-9223372036854775808","892","Microsoft-Windows-WMI","1edeee53-0afe-4609-b846-d8c0b2075b1f","Application","2056","2116","ServerDC2.ad.jasonsexperiments.com","S-1-5-18","5/13/2025 9:28:12 PM",,,"Application","System.UInt32[]","System.Diagnostics.Eventing.Reader.EventBookmark","Information","Info",,"System.Collections.ObjectModel.ReadOnlyCollection`1[System.String]","System.Collections.Generic.List`1[System.Diagnostics.Eventing.Reader.EventProperty]"
"The User Profile Service has started successfully.  

","1531","0",,"4","0","0","-9223372036854775808","891","Microsoft-Windows-User Profiles Service","89b1e9f0-5aff-44a6-9b44-0a07a7ce5845","Application","1632","1800","ServerDC2.ad.jasonsexperiments.com","S-1-5-18","5/13/2025 9:28:12 PM",,,"Application","System.UInt32[]","System.Diagnostics.Eventing.Reader.EventBookmark","Information","Info",,"System.Collections.ObjectModel.ReadOnlyCollection`1[System.String]","System.Collections.Generic.List`1[System.Diagnostics.Eventing.Reader.EventProperty]"
"The EventSystem sub system is suppressing duplicate event log entries for a duration of 86400 seconds.  The suppression timeout can be controlled by a REG_DWORD value named SuppressDuplicateDuration under the following registry key: HKLM\Software\Microsoft\EventSystem\EventLog.","4625","0","16384","4","0","0","36028797018963968","890","Microsoft-Windows-EventSystem","899daace-4868-4295-afcd-9eb8fb497561","Application","0","0","ServerDC2.ad.jasonsexperiments.com",,"5/13/2025 9:28:11 PM",,,"Application","System.UInt32[]","System.Diagnostics.Eventing.Reader.EventBookmark","Information",,,"System.Collections.ObjectModel.ReadOnlyCollection`1[System.String]","System.Collections.Generic.List`1[System.Diagnostics.Eventing.Reader.EventProperty]"
"The User Profile Service has stopped.  

","1532","0",,"4","0","0","-9223372036854775808","889","Microsoft-Windows-User Profiles Service","89b1e9f0-5aff-44a6-9b44-0a07a7ce5845","Application","1616","1708","ServerDC2.ad.jasonsexperiments.com","S-1-5-18","5/13/2025 9:27:49 PM",,,"Application","System.UInt32[]","System.Diagnostics.Eventing.Reader.EventBookmark","Information","Info",,"System.Collections.ObjectModel.ReadOnlyCollection`1[System.String]","System.Collections.Generic.List`1[System.Diagnostics.Eventing.Reader.EventProperty]"
"The winlogon notification subscriber <SessionEnv> was unavailable to handle a notification event.","6000","0","32768","4","0","0","36028797018963968","888","Microsoft-Windows-Winlogon","dbe9b383-7cf3-4331-91cc-a3cb16a3b538","Application","0","0","ServerDC2.ad.jasonsexperiments.com",,"5/13/2025 9:27:12 PM",,,"Application","System.UInt32[]","System.Diagnostics.Eventing.Reader.EventBookmark","Information",,,"System.Collections.ObjectModel.ReadOnlyCollection`1[System.String]","System.Collections.Generic.List`1[System.Diagnostics.Eventing.Reader.EventProperty]"
"The winlogon notification subscriber <WSearch> was unavailable to handle a notification event.","6000","0","32768","4","0","0","36028797018963968","887","Microsoft-Windows-Winlogon","dbe9b383-7cf3-4331-91cc-a3cb16a3b538","Application","0","0","ServerDC2.ad.jasonsexperiments.com",,"5/13/2025 9:27:12 PM",,,"Application","System.UInt32[]","System.Diagnostics.Eventing.Reader.EventBookmark","Information",,,"System.Collections.ObjectModel.ReadOnlyCollection`1[System.String]","System.Collections.Generic.List`1[System.Diagnostics.Eventing.Reader.EventProperty]"
"The VSS service is shutting down due to idle timeout. ","8224",,"0","4","0",,"36028797018963968","886","VSS",,"Application",,,"ServerDC2.ad.jasonsexperiments.com",,"5/13/2025 9:25:36 PM",,,"Application","System.UInt32[]","System.Diagnostics.Eventing.Reader.EventBookmark","Information","Info",,"System.Collections.ObjectModel.ReadOnlyCollection`1[System.String]","System.Collections.Generic.List`1[System.Diagnostics.Eventing.Reader.EventProperty]"
"Successfully scheduled Software Protection service for re-start at 2025-05-15T02:11:58Z. Reason: RulesEngine.","16384","0","16384","4","0","0","36028797018963968","885","Microsoft-Windows-Security-SPP","e23b33b0-c8c9-472c-a5f9-f2bdfea0f156","Application","0","0","ServerDC2.ad.jasonsexperiments.com",,"5/13/2025 9:23:58 PM",,,"Application","System.UInt32[]","System.Diagnostics.Eventing.Reader.EventBookmark","Information",,,"System.Collections.ObjectModel.ReadOnlyCollection`1[System.String]","System.Collections.Generic.List`1[System.Diagnostics.Eventing.Reader.EventProperty]"
"svchost (1164,D,50) DS_Token_DB: The database engine attached a database (1, C:\Windows\system32\config\systemprofile\AppData\Local\DataSharing\Storage\DSTokenDB2.dat). (Time=0 seconds) 
 
Saved Cache: 1 0 
Additional Data: lgposAttach = 00000002:000C:0268 
 
Internal Timing Sequence: 
[1] 0.000002 +J(0)
[2] 0.001538 -0.000929 (1) WT +J(0) +M(C:0K, Fs:17, WS:4K # 4K, PF:4K # 0K, P:4K)
[3] 0.025732 -0.005723 (5) WT +J(CM:0, PgRf:0, Rd:0/0, Dy:0/0, Lg:3480/2) +M(C:0K, Fs:11, WS:40K # 0K, PF:40K # 0K, P:40K)
[4] 0.004504 +J(0)
[5] -
[6] -
[7] -
[8] 0.004063 -0.003885 (2) CM -0.003249 (2) WT +J(CM:2, PgRf:2, Rd:4/2, Dy:0/0, Lg:0/0) +M(C:8K, Fs:3, WS:12K # 0K, PF:8K # 0K, P:8K)
[9] 0.006032 -0.005879 (3) CM -0.001678 (3) WT +J(CM:3, PgRf:23, Rd:0/3, Dy:0/0, Lg:0/0) +M(C:0K, Fs:23, WS:84K # 72K, PF:196K # 188K, P:196K)
[10] 0.003503 -0.003423 (3) CM -0.001811 (3) WT +J(CM:3, PgRf:40, Rd:0/3, Dy:0/0, Lg:0/0) +M(C:0K, Fs:2, WS:8K # 8K, PF:64K # 56K, P:64K)
[11] 0.001271 -0.001254 (1) CM -0.000929 (1) WT +J(CM:1, PgRf:1, Rd:0/1, Dy:0/0, Lg:0/0) +M(C:0K, Fs:1, WS:4K # 4K, PF:0K # 0K, P:0K)
[12] 0.001431 -0.001372 (1) CM -0.001138 (1) WT +J(CM:1, PgRf:42, Rd:0/1, Dy:0/0, Lg:0/0) +M(C:0K, Fs:5, WS:20K # 20K, PF:0K # 0K, P:0K)
[13] 0.000001 +J(0)
[14] 0.0 +J(0)
[15] 0.000633 -0.000621 (1) CM -0.000387 (1) WT +J(CM:1, PgRf:1, Rd:0/1, Dy:0/0, Lg:0/0).","326",,"0","4","1",,"36028797018963968","884","ESENT",,"Application",,,"ServerDC2.ad.jasonsexperiments.com",,"5/13/2025 9:23:42 PM",,,"Application","System.UInt32[]","System.Diagnostics.Eventing.Reader.EventBookmark","Information","Info","General","System.Collections.ObjectModel.ReadOnlyCollection`1[System.String]","System.Collections.Generic.List`1[System.Diagnostics.Eventing.Reader.EventProperty]"
"svchost (1164,D,0) DS_Token_DB: The database engine started a new instance (0). (Time=0 seconds) 
 
Additional Data:
 lgposV2[] = 00000002:0008:0000 - 00000002:0009:0367 - 00000002:000A:0000 - 00000002:000A:0000 (00000000:0000:0000)
cReInits = 2
 
 
Internal Timing Sequence: 
[1] 0.001502 +J(0) +M(C:0K, Fs:137, WS:532K # 532K, PF:2456K # 2456K, P:2456K)
[2] 0.000293 +J(0) +M(C:8K, Fs:112, WS:444K # 444K, PF:336K # 336K, P:336K)
[3] 0.000015 +J(0) +M(C:0K, Fs:6, WS:16K # 16K, PF:908K # 908K, P:908K)
[4] 0.000064 +J(0) +M(C:0K, Fs:41, WS:164K # 164K, PF:160K # 160K, P:160K)
[5] 0.000419 +J(0) +M(C:0K, Fs:51, WS:204K # 204K, PF:20K # 20K, P:20K)
[6] 0.005004 +J(0) +M(C:0K, Fs:41, WS:160K # 160K, PF:20K # 20K, P:20K)
[7] 0.004423 -0.001289 (2) WT +J(0) +M(C:0K, Fs:36, WS:144K # 144K, PF:64K # 64K, P:64K)
[8] 0.040038 -0.008754 (12) WT +J(CM:0, PgRf:0, Rd:0/0, Dy:0/0, Lg:36494/137) +M(C:0K, Fs:142, WS:352K # 356K, PF:244K # 248K, P:244K)
[9] 0.000852 +J(0) +M(C:0K, Fs:4, WS:16K # 12K, PF:0K # 0K, P:0K)
[10] 0.002797 -0.002457 (1) WT +J(0) +M(C:0K, Fs:0, WS:-60K # 0K, PF:-60K # 0K, P:-60K)
[11] 0.000401 +J(CM:0, PgRf:0, Rd:0/0, Dy:0/0, Lg:49/1) +M(C:0K, Fs:2, WS:8K # 0K, PF:0K # 0K, P:0K)
[12] 0.006703 -0.002526 (1) WT +J(0) +M(C:0K, Fs:15, WS:60K # 8K, PF:52K # 0K, P:52K)
[13] 0.106235 -0.004764 (2) CM -0.030841 (21) WT +J(CM:2, PgRf:2, Rd:0/2, Dy:0/0, Lg:8759/5) +M(C:0K, Fs:62, WS:124K # 192K, PF:160K # 216K, P:160K)
[14] 0.000015 +J(0)
[15] 0.000009 +J(0)
[16] 0.001655 -0.001356 (1) WT +J(0) +M(C:0K, Fs:2, WS:0K # 0K, PF:0K # 0K, P:0K).","105",,"0","4","1",,"36028797018963968","883","ESENT",,"Application",,,"ServerDC2.ad.jasonsexperiments.com",,"5/13/2025 9:23:42 PM",,,"Application","System.UInt32[]","System.Diagnostics.Eventing.Reader.EventBookmark","Information","Info","General","System.Collections.ObjectModel.ReadOnlyCollection`1[System.String]","System.Collections.Generic.List`1[System.Diagnostics.Eventing.Reader.EventProperty]"
"svchost (1164,U,98) DS_Token_DB: The database engine has successfully completed recovery steps.","302",,"0","4","3",,"36028797018963968","882","ESENT",,"Application",,,"ServerDC2.ad.jasonsexperiments.com",,"5/13/2025 9:23:42 PM",,,"Application","System.UInt32[]","System.Diagnostics.Eventing.Reader.EventBookmark","Information","Info","Logging/Recovery","System.Collections.ObjectModel.ReadOnlyCollection`1[System.String]","System.Collections.Generic.List`1[System.Diagnostics.Eventing.Reader.EventProperty]"
"svchost (1164,R,98) DS_Token_DB: The database engine has finished replaying logfile C:\Windows\system32\config\systemprofile\AppData\Local\DataSharing\Storage\DSS.log. 
 
Processing Stats: 
[1] 0.024383 -0.005803 (8) WT +J(CM:0, PgRf:0, Rd:0/0, Dy:0/0, Lg:36494/137) +M(C:0K, Fs:90, WS:220K # 164K, PF:156K # 92K, P:156K). 
Log record of type 'Insert   ' was seen most frequently (38 times)","301",,"0","4","3",,"36028797018963968","881","ESENT",,"Application",,,"ServerDC2.ad.jasonsexperiments.com",,"5/13/2025 9:23:42 PM",,,"Application","System.UInt32[]","System.Diagnostics.Eventing.Reader.EventBookmark","Information","Info","Logging/Recovery","System.Collections.ObjectModel.ReadOnlyCollection`1[System.String]","System.Collections.Generic.List`1[System.Diagnostics.Eventing.Reader.EventProperty]"
"svchost (1164,R,98) DS_Token_DB: The database engine is initiating recovery steps.","300",,"0","4","3",,"36028797018963968","880","ESENT",,"Application",,,"ServerDC2.ad.jasonsexperiments.com",,"5/13/2025 9:23:42 PM",,,"Application","System.UInt32[]","System.Diagnostics.Eventing.Reader.EventBookmark","Information","Info","Logging/Recovery","System.Collections.ObjectModel.ReadOnlyCollection`1[System.String]","System.Collections.Generic.List`1[System.Diagnostics.Eventing.Reader.EventProperty]"
"svchost (1164,P,98) DS_Token_DB: The database engine (10.00.17763.0000) is starting a new instance (0).","102",,"0","4","1",,"36028797018963968","879","ESENT",,"Application",,,"ServerDC2.ad.jasonsexperiments.com",,"5/13/2025 9:23:42 PM",,,"Application","System.UInt32[]","System.Diagnostics.Eventing.Reader.EventBookmark","Information","Info","General","System.Collections.ObjectModel.ReadOnlyCollection`1[System.String]","System.Collections.Generic.List`1[System.Diagnostics.Eventing.Reader.EventProperty]"
"Offline downlevel migration succeeded.","16394","0","49152","4","0","0","36028797018963968","878","Microsoft-Windows-Security-SPP","e23b33b0-c8c9-472c-a5f9-f2bdfea0f156","Application","0","0","ServerDC2.ad.jasonsexperiments.com",,"5/13/2025 9:23:28 PM",,,"Application","System.UInt32[]","System.Diagnostics.Eventing.Reader.EventBookmark","Information",,,"System.Collections.ObjectModel.ReadOnlyCollection`1[System.String]","System.Collections.Generic.List`1[System.Diagnostics.Eventing.Reader.EventProperty]"
"Windows cannot load the extensible counter DLL ""C:\Windows\system32\ntdsperf.dll"" (Win32 error code The specified module could not be found.).","1023","1",,"2","0","0","-9223372036854775808","877","Microsoft-Windows-Perflib","13b197bd-7cee-4b4e-8dd0-59314ce374ce","Application","4884","3052","ServerDC2.ad.jasonsexperiments.com","S-1-5-18","5/13/2025 9:23:27 PM","4ccf17d1-c475-0001-e52b-cf4c75c4db01",,"Application","System.UInt32[]","System.Diagnostics.Eventing.Reader.EventBookmark","Error","Info",,"System.Collections.ObjectModel.ReadOnlyCollection`1[System.String]","System.Collections.Generic.List`1[System.Diagnostics.Eventing.Reader.EventProperty]"
"Successfully scheduled Software Protection service for re-start at 2025-05-15T02:12:07Z. Reason: RulesEngine.","16384","0","16384","4","0","0","36028797018963968","876","Microsoft-Windows-Security-SPP","e23b33b0-c8c9-472c-a5f9-f2bdfea0f156","Application","0","0","ServerDC2.ad.jasonsexperiments.com",,"5/13/2025 9:23:07 PM",,,"Application","System.UInt32[]","System.Diagnostics.Eventing.Reader.EventBookmark","Information",,,"System.Collections.ObjectModel.ReadOnlyCollection`1[System.String]","System.Collections.Generic.List`1[System.Diagnostics.Eventing.Reader.EventProperty]"
"Offline downlevel migration succeeded.","16394","0","49152","4","0","0","36028797018963968","875","Microsoft-Windows-Security-SPP","e23b33b0-c8c9-472c-a5f9-f2bdfea0f156","Application","0","0","ServerDC2.ad.jasonsexperiments.com",,"5/13/2025 9:22:36 PM",,,"Application","System.UInt32[]","System.Diagnostics.Eventing.Reader.EventBookmark","Information",,,"System.Collections.ObjectModel.ReadOnlyCollection`1[System.String]","System.Collections.Generic.List`1[System.Diagnostics.Eventing.Reader.EventProperty]"
"Successfully scheduled Software Protection service for re-start at 2025-05-15T02:12:32Z. Reason: RulesEngine.","16384","0","16384","4","0","0","36028797018963968","874","Microsoft-Windows-Security-SPP","e23b33b0-c8c9-472c-a5f9-f2bdfea0f156","Application","0","0","ServerDC2.ad.jasonsexperiments.com",,"5/13/2025 9:22:32 PM",,,"Application","System.UInt32[]","System.Diagnostics.Eventing.Reader.EventBookmark","Information",,,"System.Collections.ObjectModel.ReadOnlyCollection`1[System.String]","System.Collections.Generic.List`1[System.Diagnostics.Eventing.Reader.EventProperty]"
"Duplicate definition of policy found. Policy name=Security-SPP-IgnoreDeferredActivation  Priority=500","1034","0","16384","4","0","0","36028797018963968","873","Microsoft-Windows-Security-SPP","e23b33b0-c8c9-472c-a5f9-f2bdfea0f156","Application","0","0","ServerDC2.ad.jasonsexperiments.com",,"5/13/2025 9:22:02 PM",,,"Application","System.UInt32[]","System.Diagnostics.Eventing.Reader.EventBookmark","Information",,,"System.Collections.ObjectModel.ReadOnlyCollection`1[System.String]","System.Collections.Generic.List`1[System.Diagnostics.Eventing.Reader.EventProperty]"
"Duplicate definition of policy found. Policy name=AAD-WindowsCore-AddAccountRestrictions  Priority=100","1034","0","16384","4","0","0","36028797018963968","872","Microsoft-Windows-Security-SPP","e23b33b0-c8c9-472c-a5f9-f2bdfea0f156","Application","0","0","ServerDC2.ad.jasonsexperiments.com",,"5/13/2025 9:22:02 PM",,,"Application","System.UInt32[]","System.Diagnostics.Eventing.Reader.EventBookmark","Information",,,"System.Collections.ObjectModel.ReadOnlyCollection`1[System.String]","System.Collections.Generic.List`1[System.Diagnostics.Eventing.Reader.EventProperty]"
"Offline downlevel migration succeeded.","16394","0","49152","4","0","0","36028797018963968","871","Microsoft-Windows-Security-SPP","e23b33b0-c8c9-472c-a5f9-f2bdfea0f156","Application","0","0","ServerDC2.ad.jasonsexperiments.com",,"5/13/2025 9:22:02 PM",,,"Application","System.UInt32[]","System.Diagnostics.Eventing.Reader.EventBookmark","Information",,,"System.Collections.ObjectModel.ReadOnlyCollection`1[System.String]","System.Collections.Generic.List`1[System.Diagnostics.Eventing.Reader.EventProperty]"
"The VSS service is shutting down due to idle timeout. ","8224",,"0","4","0",,"36028797018963968","870","VSS",,"Application",,,"ServerDC2.ad.jasonsexperiments.com",,"5/13/2025 9:18:27 PM",,,"Application","System.UInt32[]","System.Diagnostics.Eventing.Reader.EventBookmark","Information","Info",,"System.Collections.ObjectModel.ReadOnlyCollection`1[System.String]","System.Collections.Generic.List`1[System.Diagnostics.Eventing.Reader.EventProperty]"
"Performance counters for the WmiApRpl (WmiApRpl) service were loaded successfully. The Record Data in the data section contains the new index values assigned to this service.","1000","0",,"4","0","0","-9223372036854775808","869","Microsoft-Windows-LoadPerf","122ee297-bb47-41ae-b265-1ca8d1886d40","Application","1224","4004","ServerDC2.ad.jasonsexperiments.com","S-1-5-18","5/13/2025 9:16:43 PM",,,"Application","System.UInt32[]","System.Diagnostics.Eventing.Reader.EventBookmark","Information","Info",,"System.Collections.ObjectModel.ReadOnlyCollection`1[System.String]","System.Collections.Generic.List`1[System.Diagnostics.Eventing.Reader.EventProperty]"
"Performance counters for the WmiApRpl (WmiApRpl) service were removed successfully. The Record Data contains the new values of the system Last Counter and Last Help registry entries.","1001","0",,"4","0","0","-9223372036854775808","868","Microsoft-Windows-LoadPerf","122ee297-bb47-41ae-b265-1ca8d1886d40","Application","1224","4004","ServerDC2.ad.jasonsexperiments.com","S-1-5-18","5/13/2025 9:16:43 PM",,,"Application","System.UInt32[]","System.Diagnostics.Eventing.Reader.EventBookmark","Information","Info",,"System.Collections.ObjectModel.ReadOnlyCollection`1[System.String]","System.Collections.Generic.List`1[System.Diagnostics.Eventing.Reader.EventProperty]"
"DFSRs (2924,D,50) \\.\C:\System Volume Information\DFSR\database_58FA_778B_FA77_63E2\dfsr.db: The database engine attached a database (1, \\.\C:\System Volume Information\DFSR\database_58FA_778B_FA77_63E2\dfsr.db). (Time=0 seconds) 
 
Saved Cache: 1 0 
Additional Data: lgposAttach = 00000002:01CB:0268 
 
Internal Timing Sequence: 
[1] 0.000002 +J(0)
[2] 0.000701 -0.000342 (1) WT +J(0) +M(C:0K, Fs:18, WS:8K # 0K, PF:8K # 0K, P:8K)
[3] 0.011518 -0.001832 (6) WT +J(CM:0, PgRf:0, Rd:0/0, Dy:0/0, Lg:3480/2) +M(C:0K, Fs:7, WS:20K # 0K, PF:20K # 0K, P:20K)
[4] 0.000582 +J(0)
[5] -
[6] -
[7] -
[8] 0.000140 +J(CM:0, PgRf:2, Rd:14/0, Dy:0/0, Lg:0/0) +M(C:0K, Fs:29, WS:116K # 0K, PF:0K # 0K, P:0K)
[9] 0.001511 -0.001306 (2) CM -0.001152 (2) WT +J(CM:2, PgRf:23, Rd:0/1, Dy:0/0, Lg:0/0) +M(C:-12K, Fs:13, WS:40K # 0K, PF:180K # 0K, P:180K)
[10] 0.000543 -0.000481 (1) CM -0.000363 (1) WT +J(CM:1, PgRf:40, Rd:0/1, Dy:0/0, Lg:0/0) +M(C:-4K, Fs:3, WS:8K # 0K, PF:60K # 0K, P:60K)
[11] 0.000007 +J(CM:0, PgRf:1, Rd:0/0, Dy:0/0, Lg:0/0) +M(C:0K, Fs:1, WS:4K # 0K, PF:0K # 0K, P:0K)
[12] 0.000012 +J(CM:0, PgRf:36, Rd:0/0, Dy:0/0, Lg:0/0)
[13] 0.0 +J(0)
[14] 0.0 +J(0)
[15] 0.000002 +J(CM:0, PgRf:1, Rd:0/0, Dy:0/0, Lg:0/0).","326",,"0","4","1",,"36028797018963968","867","ESENT",,"Application",,,"ServerDC2.ad.jasonsexperiments.com",,"5/13/2025 9:15:54 PM",,,"Application","System.UInt32[]","System.Diagnostics.Eventing.Reader.EventBookmark","Information","Info","General","System.Collections.ObjectModel.ReadOnlyCollection`1[System.String]","System.Collections.Generic.List`1[System.Diagnostics.Eventing.Reader.EventProperty]"
"DFSRs (2924,D,0) \\.\C:\System Volume Information\DFSR\database_58FA_778B_FA77_63E2\dfsr.db: The database engine started a new instance (0). (Time=0 seconds) 
 
Additional Data:
 lgposV2[] = 00000002:0115:0000 - 00000002:01C8:007B - 00000002:01C9:0000 - 00000002:01C9:0000 (00000000:0000:0000)
cReInits = 3
 
 
Internal Timing Sequence: 
[1] 0.004296 +J(0) +M(C:0K, Fs:278, WS:1084K # 1084K, PF:6460K # 6336K, P:6460K)
[2] 0.000283 +J(0) +M(C:16K, Fs:103, WS:400K # 400K, PF:356K # 356K, P:356K)
[3] 0.000040 +J(0) +M(C:0K, Fs:5, WS:16K # 16K, PF:64K # 64K, P:64K)
[4] 0.000122 +J(0) +M(C:2032K, Fs:36, WS:144K # 144K, PF:2428K # 2428K, P:2428K)
[5] 0.000456 +J(0) +M(C:0K, Fs:9, WS:36K # 36K, PF:24K # 24K, P:24K)
[6] 0.003236 +J(0) +M(C:0K, Fs:17, WS:64K # 64K, PF:12K # 12K, P:12K)
[7] 0.022351 -0.013845 (21) WT +J(0) +M(C:0K, Fs:1302, WS:5200K # 5200K, PF:5128K # 5128K, P:5128K)
[8] 0.106168 -0.006005 (11) CM -0.031277 (136) WT +J(CM:11, PgRf:6047, Rd:0/11, Dy:11/12087, Lg:1833663/60682) +M(C:0K, Fs:406, WS:1272K # 1272K, PF:388K # 400K, P:388K)
[9] 0.000526 +J(0) +M(C:0K, Fs:4, WS:16K # 16K, PF:0K # 0K, P:0K)
[10] 0.023541 -0.017078 (20) WT +J(0) +M(C:0K, Fs:0, WS:-5116K # 0K, PF:-5120K # 0K, P:-5120K)
[11] 0.000034 +J(CM:0, PgRf:0, Rd:0/0, Dy:0/0, Lg:49/1) +M(C:0K, Fs:3, WS:12K # 0K, PF:0K # 0K, P:0K)
[12] 0.018806 -0.015257 (2) WT +J(0) +M(C:-40K, Fs:5, WS:-20K # 0K, PF:-32K # 0K, P:-32K)
[13] 0.065137 -0.000999 (2) CM -0.034355 (43) WT +J(CM:2, PgRf:2, Rd:0/2, Dy:0/0, Lg:8759/5) +M(C:-8K, Fs:1311, WS:28K # 24K, PF:-44K # 0K, P:-44K)
[14] 0.000014 +J(0)
[15] 0.000024 +J(0)
[16] 0.000509 -0.000249 (1) WT +J(0) +M(C:0K, Fs:2, WS:0K # 0K, PF:0K # 0K, P:0K).","105",,"0","4","1",,"36028797018963968","866","ESENT",,"Application",,,"ServerDC2.ad.jasonsexperiments.com",,"5/13/2025 9:15:54 PM",,,"Application","System.UInt32[]","System.Diagnostics.Eventing.Reader.EventBookmark","Information","Info","General","System.Collections.ObjectModel.ReadOnlyCollection`1[System.String]","System.Collections.Generic.List`1[System.Diagnostics.Eventing.Reader.EventProperty]"
"DFSRs (2924,U,98) \\.\C:\System Volume Information\DFSR\database_58FA_778B_FA77_63E2\dfsr.db: The database engine has successfully completed recovery steps.","302",,"0","4","3",,"36028797018963968","865","ESENT",,"Application",,,"ServerDC2.ad.jasonsexperiments.com",,"5/13/2025 9:15:54 PM",,,"Application","System.UInt32[]","System.Diagnostics.Eventing.Reader.EventBookmark","Information","Info","Logging/Recovery","System.Collections.ObjectModel.ReadOnlyCollection`1[System.String]","System.Collections.Generic.List`1[System.Diagnostics.Eventing.Reader.EventProperty]"
"DFSRs (2924,R,98) \\.\C:\System Volume Information\DFSR\database_58FA_778B_FA77_63E2\dfsr.db: The database engine has finished replaying logfile \\.\C:\System Volume Information\DFSR\database_58FA_778B_FA77_63E2\fsr.log. 
 
Processing Stats: 
[1] 0.100055 -0.006005 (11) CM -0.029783 (132) WT +J(CM:11, PgRf:6047, Rd:0/11, Dy:11/12087, Lg:1833663/60682) +M(C:0K, Fs:303, WS:940K # 876K, PF:288K # 228K, P:288K). 
Log record of type 'Commit0  ' was seen most frequently (15159 times)","301",,"0","4","3",,"36028797018963968","864","ESENT",,"Application",,,"ServerDC2.ad.jasonsexperiments.com",,"5/13/2025 9:15:54 PM",,,"Application","System.UInt32[]","System.Diagnostics.Eventing.Reader.EventBookmark","Information","Info","Logging/Recovery","System.Collections.ObjectModel.ReadOnlyCollection`1[System.String]","System.Collections.Generic.List`1[System.Diagnostics.Eventing.Reader.EventProperty]"
"DFSRs (2924,R,98) \\.\C:\System Volume Information\DFSR\database_58FA_778B_FA77_63E2\dfsr.db: The database engine is initiating recovery steps.","300",,"0","4","3",,"36028797018963968","863","ESENT",,"Application",,,"ServerDC2.ad.jasonsexperiments.com",,"5/13/2025 9:15:54 PM",,,"Application","System.UInt32[]","System.Diagnostics.Eventing.Reader.EventBookmark","Information","Info","Logging/Recovery","System.Collections.ObjectModel.ReadOnlyCollection`1[System.String]","System.Collections.Generic.List`1[System.Diagnostics.Eventing.Reader.EventProperty]"
"DFSRs (2924,P,98) \\.\C:\System Volume Information\DFSR\database_58FA_778B_FA77_63E2\dfsr.db: The database engine (10.00.17763.0000) is starting a new instance (0).","102",,"0","4","1",,"36028797018963968","862","ESENT",,"Application",,,"ServerDC2.ad.jasonsexperiments.com",,"5/13/2025 9:15:54 PM",,,"Application","System.UInt32[]","System.Diagnostics.Eventing.Reader.EventBookmark","Information","Info","General","System.Collections.ObjectModel.ReadOnlyCollection`1[System.String]","System.Collections.Generic.List`1[System.Diagnostics.Eventing.Reader.EventProperty]"
"Successfully scheduled Software Protection service for re-start at 2025-05-15T02:11:53Z. Reason: RulesEngine.","16384","0","16384","4","0","0","36028797018963968","861","Microsoft-Windows-Security-SPP","e23b33b0-c8c9-472c-a5f9-f2bdfea0f156","Application","0","0","ServerDC2.ad.jasonsexperiments.com",,"5/13/2025 9:15:53 PM",,,"Application","System.UInt32[]","System.Diagnostics.Eventing.Reader.EventBookmark","Information",,,"System.Collections.ObjectModel.ReadOnlyCollection`1[System.String]","System.Collections.Generic.List`1[System.Diagnostics.Eventing.Reader.EventProperty]"
"Offline downlevel migration succeeded.","16394","0","49152","4","0","0","36028797018963968","860","Microsoft-Windows-Security-SPP","e23b33b0-c8c9-472c-a5f9-f2bdfea0f156","Application","0","0","ServerDC2.ad.jasonsexperiments.com",,"5/13/2025 9:15:23 PM",,,"Application","System.UInt32[]","System.Diagnostics.Eventing.Reader.EventBookmark","Information",,,"System.Collections.ObjectModel.ReadOnlyCollection`1[System.String]","System.Collections.Generic.List`1[System.Diagnostics.Eventing.Reader.EventProperty]"
"Successfully scheduled Software Protection service for re-start at 2025-05-15T02:12:36Z. Reason: RulesEngine.","16384","0","16384","4","0","0","36028797018963968","859","Microsoft-Windows-Security-SPP","e23b33b0-c8c9-472c-a5f9-f2bdfea0f156","Application","0","0","ServerDC2.ad.jasonsexperiments.com",,"5/13/2025 9:14:36 PM",,,"Application","System.UInt32[]","System.Diagnostics.Eventing.Reader.EventBookmark","Information",,,"System.Collections.ObjectModel.ReadOnlyCollection`1[System.String]","System.Collections.Generic.List`1[System.Diagnostics.Eventing.Reader.EventProperty]"
"Offline downlevel migration succeeded.","16394","0","49152","4","0","0","36028797018963968","858","Microsoft-Windows-Security-SPP","e23b33b0-c8c9-472c-a5f9-f2bdfea0f156","Application","0","0","ServerDC2.ad.jasonsexperiments.com",,"5/13/2025 9:14:06 PM",,,"Application","System.UInt32[]","System.Diagnostics.Eventing.Reader.EventBookmark","Information",,,"System.Collections.ObjectModel.ReadOnlyCollection`1[System.String]","System.Collections.Generic.List`1[System.Diagnostics.Eventing.Reader.EventProperty]"
"Successfully scheduled Software Protection service for re-start at 2025-05-15T02:12:06Z. Reason: RulesEngine.","16384","0","16384","4","0","0","36028797018963968","857","Microsoft-Windows-Security-SPP","e23b33b0-c8c9-472c-a5f9-f2bdfea0f156","Application","0","0","ServerDC2.ad.jasonsexperiments.com",,"5/13/2025 9:14:06 PM",,,"Application","System.UInt32[]","System.Diagnostics.Eventing.Reader.EventBookmark","Information",,,"System.Collections.ObjectModel.ReadOnlyCollection`1[System.String]","System.Collections.Generic.List`1[System.Diagnostics.Eventing.Reader.EventProperty]"
,"1155",,"32775","2","0",,"36028797018963968","856","Firefox Default Browser Agent",,"Application",,,"ServerDC2.ad.jasonsexperiments.com",,"5/13/2025 9:13:49 PM",,,"Application","System.UInt32[]","System.Diagnostics.Eventing.Reader.EventBookmark",,,,,"System.Collections.Generic.List`1[System.Diagnostics.Eventing.Reader.EventProperty]"
"License Activation (slui.exe) failed with the following error code:
hr=0x80004005
Command-line arguments:
RuleId=eeba1977-569e-4571-b639-7623d8bfecc0;Action=AutoActivate;AppId=55c92734-d682-4d71-983e-d6ec3f16059f;SkuId=de32eafd-aaee-4662-9444-c1befb41bde2;NotificationInterval=1440;Trigger=UserLogon;SessionId=1","8198","0","49152","2","0","0","36028797018963968","855","Microsoft-Windows-Security-SPP","e23b33b0-c8c9-472c-a5f9-f2bdfea0f156","Application","0","0","ServerDC2.ad.jasonsexperiments.com",,"5/13/2025 9:12:50 PM",,,"Application","System.UInt32[]","System.Diagnostics.Eventing.Reader.EventBookmark","Error",,,"System.Collections.ObjectModel.ReadOnlyCollection`1[System.String]","System.Collections.Generic.List`1[System.Diagnostics.Eventing.Reader.EventProperty]"
"The Software Protection service has completed licensing status check.
Application Id=55c92734-d682-4d71-983e-d6ec3f16059f
Licensing Status=
1: 22105925-48c3-4ff4-a294-f654bb27e390, 1, 0 [(0 [0xC004F014, 0, 0], [(?)(?)(?)(?)(?)(?)(?)(?)])(1 )(2 )(3 )]
2: 281c216a-5957-439b-adf2-aff4098a2bdd, 1, 0 [(0 [0xC004F014, 0, 0], [(?)(?)(?)(?)(?)(?)(?)(?)])(1 )(2 )(3 )]
3: 2e7a9ad1-a849-4b56-babe-17d5a29fe4b4, 1, 0 [(0 [0xC004F014, 0, 0], [(?)(?)(?)(?)(?)(?)(?)(?)])(1 )(2 )(3 )]
4: 3c006fa7-3b03-45a4-93da-63ddc1bdce11, 1, 0 [(0 [0xC004F014, 0, 0], [(?)(?)(?)(?)(?)(?)(?)(?)])(1 )(2 )(3 )]
5: 4285bbda-6219-4c1a-98e9-859e60d669fb, 1, 0 [(0 [0xC004F014, 0, 0], [(?)(?)(?)(?)(?)(?)(?)(?)])(1 )(2 )(3 )]
6: 44a5b4c3-e4b1-483b-81e8-0f78f4d98283, 1, 0 [(0 [0xC004F014, 0, 0], [(?)(?)(?)(?)(?)(?)(?)(?)])(1 )(2 )(3 )]
7: 661f7658-7035-4b4c-9f35-010682943ec2, 1, 0 [(0 [0xC004F014, 0, 0], [(?)(?)(?)(?)(?)(?)(?)(?)])(1 )(2 )(3 )]
8: 6bad0243-1c35-46b2-b8e6-7a853e37413f, 1, 0 [(0 [0xC004F014, 0, 0], [(?)(?)(?)(?)(?)(?)(?)(?)])(1 )(2 )(3 )]
9: 82fcf64d-f9dd-4411-9c79-f2eed16d4eb8, 1, 0 [(0 [0xC004F014, 0, 0], [(?)(?)(?)(?)(?)(?)(?)(?)])(1 )(2 )(3 )]
10: 84e331f6-4279-48c4-ab10-b75139181351, 1, 0 [(0 [0xC004F014, 0, 0], [(?)(?)(?)(?)(?)(?)(?)(?)])(1 )(2 )(3 )]
11: 8ea56c31-fe6e-4d56-9d17-8dc1ab35dd8b, 1, 0 [(0 [0xC004F014, 0, 0], [(?)(?)(?)(?)(?)(?)(?)(?)])(1 )(2 )(3 )]
12: 92114319-12ea-4bca-9d63-8740de9feff3, 1, 0 [(0 [0xC004F014, 0, 0], [(?)(?)(?)(?)(?)(?)(?)(?)])(1 )(2 )(3 )]
13: 9db83b52-9904-4326-8957-ebe6feedf37c, 1, 0 [(0 [0xC004F014, 0, 0], [(?)(?)(?)(?)(?)(?)(?)(?)])(1 )(2 )(3 )]
14: c2d23e1f-ee3e-4533-9094-e6dc0b8aa049, 1, 0 [(0 [0xC004F014, 0, 0], [(?)(?)(?)(?)(?)(?)(?)(?)])(1 )(2 )(3 )]
15: d07edbd8-02cb-49b1-8358-f2de7afd8a4d, 1, 0 [(0 [0xC004F014, 0, 0], [(?)(?)(?)(?)(?)(?)(?)(?)])(1 )(2 )(3 )]
16: de32eafd-aaee-4662-9444-c1befb41bde2, 1, 1 [(0 [0xC004E003, 0, 0], [( 2 0xC004F056 0 0 msft:rm/algorithm/volume/1.0 0x00000000 0)( 1 0x00000000)(?)( 2 0xC004F056 0 0 msft:rm/algorithm/volume/1.0 0x00000000 0)(?)(?)(?)(?)])(1 )(2 )(3 [0x00000000, 0, 0], [( 6 0xC004F009 0 0)( 1 0x00000000)( 6 0xC004F009 0 0)(?)(?)(?)( 10 0x00000000 msft:rm/algorithm/flags/1.0)( 11 0x00000000 0xC004F056)])]
17: e73aabfa-12bc-4705-b551-2dd076bebc7d, 1, 0 [(0 [0xC004F014, 0, 0], [(?)(?)(?)(?)(?)(?)(?)(?)])(1 )(2 )(3 )]
18: e936f630-5125-4a39-b1de-544d6c036491, 1, 0 [(0 [0xC004F014, 0, 0], [(?)(?)(?)(?)(?)(?)(?)(?)])(1 )(2 )(3 )]
19: fd946594-6f0d-4c5c-9bf7-f5f628ecd0b9, 1, 0 [(0 [0xC004F014, 0, 0], [(?)(?)(?)(?)(?)(?)(?)(?)])(1 )(2 )(3 )]

","1003","0","16384","4","0","0","36028797018963968","854","Microsoft-Windows-Security-SPP","e23b33b0-c8c9-472c-a5f9-f2bdfea0f156","Application","0","0","ServerDC2.ad.jasonsexperiments.com",,"5/13/2025 9:12:50 PM",,,"Application","System.UInt32[]","System.Diagnostics.Eventing.Reader.EventBookmark","Information",,,"System.Collections.ObjectModel.ReadOnlyCollection`1[System.String]","System.Collections.Generic.List`1[System.Diagnostics.Eventing.Reader.EventProperty]"
"The winlogon notification subscriber <SessionEnv> was unavailable to handle a notification event.","6000","0","32768","4","0","0","36028797018963968","853","Microsoft-Windows-Winlogon","dbe9b383-7cf3-4331-91cc-a3cb16a3b538","Application","0","0","ServerDC2.ad.jasonsexperiments.com",,"5/13/2025 9:12:49 PM",,,"Application","System.UInt32[]","System.Diagnostics.Eventing.Reader.EventBookmark","Information",,,"System.Collections.ObjectModel.ReadOnlyCollection`1[System.String]","System.Collections.Generic.List`1[System.Diagnostics.Eventing.Reader.EventProperty]"
"The winlogon notification subscriber <SessionEnv> was unavailable to handle a critical notification event.","6003","0","32768","4","0","0","36028797018963968","852","Microsoft-Windows-Winlogon","dbe9b383-7cf3-4331-91cc-a3cb16a3b538","Application","0","0","ServerDC2.ad.jasonsexperiments.com",,"5/13/2025 9:12:49 PM",,,"Application","System.UInt32[]","System.Diagnostics.Eventing.Reader.EventBookmark","Information",,,"System.Collections.ObjectModel.ReadOnlyCollection`1[System.String]","System.Collections.Generic.List`1[System.Diagnostics.Eventing.Reader.EventProperty]"
"Offline downlevel migration succeeded.","16394","0","49152","4","0","0","36028797018963968","851","Microsoft-Windows-Security-SPP","e23b33b0-c8c9-472c-a5f9-f2bdfea0f156","Application","0","0","ServerDC2.ad.jasonsexperiments.com",,"5/13/2025 9:12:43 PM",,,"Application","System.UInt32[]","System.Diagnostics.Eventing.Reader.EventBookmark","Information",,,"System.Collections.ObjectModel.ReadOnlyCollection`1[System.String]","System.Collections.Generic.List`1[System.Diagnostics.Eventing.Reader.EventProperty]"
"The Software Protection service is starting.
Parameters:<explicit>","900","0","16384","4","0","0","36028797018963968","850","Microsoft-Windows-Security-SPP","e23b33b0-c8c9-472c-a5f9-f2bdfea0f156","Application","0","0","ServerDC2.ad.jasonsexperiments.com",,"5/13/2025 9:12:43 PM",,,"Application","System.UInt32[]","System.Diagnostics.Eventing.Reader.EventBookmark","Information",,,"System.Collections.ObjectModel.ReadOnlyCollection`1[System.String]","System.Collections.Generic.List`1[System.Diagnostics.Eventing.Reader.EventProperty]"
"MSDTC started with the following settings: Security Configuration (OFF = 0 and ON = 1): Allow Remote Administrator = 0, Network Clients = 0, Transaction Manager Communication:  Allow Inbound Transactions = 0, Allow Outbound Transactions = 0, Transaction Internet Protocol (TIP) = 0,  Enable XA Transactions = 0,  Enable SNA LU 6.2 Transactions = 1,  MSDTC Communications Security = Mutual Authentication Required, Account = NT AUTHORITY\NetworkService,  Firewall Exclusion Detected = 0 Transaction Bridge Installed = 0 Filtering Duplicate Events = 1","4202","0","16384","4","2","0","36028797018963968","849","Microsoft-Windows-MSDTC 2","5d9e0020-3761-4f36-90c8-38ce6511bd12","Application","0","0","ServerDC2.ad.jasonsexperiments.com",,"5/13/2025 9:12:43 PM",,,"Application","System.UInt32[]","System.Diagnostics.Eventing.Reader.EventBookmark","Information",,"TM","System.Collections.ObjectModel.ReadOnlyCollection`1[System.String]","System.Collections.Generic.List`1[System.Diagnostics.Eventing.Reader.EventProperty]"
"Security policy in the Group policy objects has been applied successfully.","1704",,"16384","4","0",,"36028797018963968","848","SceCli",,"Application",,,"ServerDC2.ad.jasonsexperiments.com",,"5/13/2025 9:11:03 PM",,,"Application","System.UInt32[]","System.Diagnostics.Eventing.Reader.EventBookmark","Information",,,"System.Collections.ObjectModel.ReadOnlyCollection`1[System.String]","System.Collections.Generic.List`1[System.Diagnostics.Eventing.Reader.EventProperty]"
"The Software Protection service has stopped.
","903","0","16384","0","0","0","36028797018963968","847","Microsoft-Windows-Security-SPP","e23b33b0-c8c9-472c-a5f9-f2bdfea0f156","Application","0","0","ServerDC2.ad.jasonsexperiments.com",,"5/13/2025 9:10:56 PM",,,"Application","System.UInt32[]","System.Diagnostics.Eventing.Reader.EventBookmark","Information",,,"System.Collections.ObjectModel.ReadOnlyCollection`1[System.String]","System.Collections.Generic.List`1[System.Diagnostics.Eventing.Reader.EventProperty]"
"Successfully scheduled Software Protection service for re-start at 2025-05-15T02:09:56Z. Reason: RulesEngine.","16384","0","16384","4","0","0","36028797018963968","846","Microsoft-Windows-Security-SPP","e23b33b0-c8c9-472c-a5f9-f2bdfea0f156","Application","0","0","ServerDC2.ad.jasonsexperiments.com",,"5/13/2025 9:10:56 PM",,,"Application","System.UInt32[]","System.Diagnostics.Eventing.Reader.EventBookmark","Information",,,"System.Collections.ObjectModel.ReadOnlyCollection`1[System.String]","System.Collections.Generic.List`1[System.Diagnostics.Eventing.Reader.EventProperty]"
"The Desktop Window Manager has registered the session port.","9027",,"16384","4","0",,"36028797018963968","845","Desktop Window Manager",,"Application",,,"ServerDC2.ad.jasonsexperiments.com",,"5/13/2025 9:10:39 PM",,,"Application","System.UInt32[]","System.Diagnostics.Eventing.Reader.EventBookmark","Information",,,"System.Collections.ObjectModel.ReadOnlyCollection`1[System.String]","System.Collections.Generic.List`1[System.Diagnostics.Eventing.Reader.EventProperty]"
"Windows Management Instrumentation Service subsystems initialized successfully","5617","2",,"4","0","0","-9223372036854775808","844","Microsoft-Windows-WMI","1edeee53-0afe-4609-b846-d8c0b2075b1f","Application","2300","2604","ServerDC2.ad.jasonsexperiments.com","S-1-5-18","5/13/2025 9:10:22 PM",,,"Application","System.UInt32[]","System.Diagnostics.Eventing.Reader.EventBookmark","Information","Info",,"System.Collections.ObjectModel.ReadOnlyCollection`1[System.String]","System.Collections.Generic.List`1[System.Diagnostics.Eventing.Reader.EventProperty]"
"License Activation (slui.exe) failed with the following error code:
hr=0x8007139F
Command-line arguments:
RuleId=eeba1977-569e-4571-b639-7623d8bfecc0;Action=AutoActivate;AppId=55c92734-d682-4d71-983e-d6ec3f16059f;SkuId=de32eafd-aaee-4662-9444-c1befb41bde2;NotificationInterval=1440;Trigger=TimerEvent","8198","0","49152","2","0","0","36028797018963968","843","Microsoft-Windows-Security-SPP","e23b33b0-c8c9-472c-a5f9-f2bdfea0f156","Application","0","0","ServerDC2.ad.jasonsexperiments.com",,"5/13/2025 9:10:23 PM",,,"Application","System.UInt32[]","System.Diagnostics.Eventing.Reader.EventBookmark","Error",,,"System.Collections.ObjectModel.ReadOnlyCollection`1[System.String]","System.Collections.Generic.List`1[System.Diagnostics.Eventing.Reader.EventProperty]"
"The Software Protection service has completed licensing status check.
Application Id=55c92734-d682-4d71-983e-d6ec3f16059f
Licensing Status=
1: 22105925-48c3-4ff4-a294-f654bb27e390, 1, 0 [(0 [0xC004F014, 0, 0], [(?)(?)(?)(?)(?)(?)(?)(?)])(1 )(2 )(3 )]
2: 281c216a-5957-439b-adf2-aff4098a2bdd, 1, 0 [(0 [0xC004F014, 0, 0], [(?)(?)(?)(?)(?)(?)(?)(?)])(1 )(2 )(3 )]
3: 2e7a9ad1-a849-4b56-babe-17d5a29fe4b4, 1, 0 [(0 [0xC004F014, 0, 0], [(?)(?)(?)(?)(?)(?)(?)(?)])(1 )(2 )(3 )]
4: 3c006fa7-3b03-45a4-93da-63ddc1bdce11, 1, 0 [(0 [0xC004F014, 0, 0], [(?)(?)(?)(?)(?)(?)(?)(?)])(1 )(2 )(3 )]
5: 4285bbda-6219-4c1a-98e9-859e60d669fb, 1, 0 [(0 [0xC004F014, 0, 0], [(?)(?)(?)(?)(?)(?)(?)(?)])(1 )(2 )(3 )]
6: 44a5b4c3-e4b1-483b-81e8-0f78f4d98283, 1, 0 [(0 [0xC004F014, 0, 0], [(?)(?)(?)(?)(?)(?)(?)(?)])(1 )(2 )(3 )]
7: 661f7658-7035-4b4c-9f35-010682943ec2, 1, 0 [(0 [0xC004F014, 0, 0], [(?)(?)(?)(?)(?)(?)(?)(?)])(1 )(2 )(3 )]
8: 6bad0243-1c35-46b2-b8e6-7a853e37413f, 1, 0 [(0 [0xC004F014, 0, 0], [(?)(?)(?)(?)(?)(?)(?)(?)])(1 )(2 )(3 )]
9: 82fcf64d-f9dd-4411-9c79-f2eed16d4eb8, 1, 0 [(0 [0xC004F014, 0, 0], [(?)(?)(?)(?)(?)(?)(?)(?)])(1 )(2 )(3 )]
10: 84e331f6-4279-48c4-ab10-b75139181351, 1, 0 [(0 [0xC004F014, 0, 0], [(?)(?)(?)(?)(?)(?)(?)(?)])(1 )(2 )(3 )]
11: 8ea56c31-fe6e-4d56-9d17-8dc1ab35dd8b, 1, 0 [(0 [0xC004F014, 0, 0], [(?)(?)(?)(?)(?)(?)(?)(?)])(1 )(2 )(3 )]
12: 92114319-12ea-4bca-9d63-8740de9feff3, 1, 0 [(0 [0xC004F014, 0, 0], [(?)(?)(?)(?)(?)(?)(?)(?)])(1 )(2 )(3 )]
13: 9db83b52-9904-4326-8957-ebe6feedf37c, 1, 0 [(0 [0xC004F014, 0, 0], [(?)(?)(?)(?)(?)(?)(?)(?)])(1 )(2 )(3 )]
14: c2d23e1f-ee3e-4533-9094-e6dc0b8aa049, 1, 0 [(0 [0xC004F014, 0, 0], [(?)(?)(?)(?)(?)(?)(?)(?)])(1 )(2 )(3 )]
15: d07edbd8-02cb-49b1-8358-f2de7afd8a4d, 1, 0 [(0 [0xC004F014, 0, 0], [(?)(?)(?)(?)(?)(?)(?)(?)])(1 )(2 )(3 )]
16: de32eafd-aaee-4662-9444-c1befb41bde2, 1, 1 [(0 [0xC004E003, 0, 0], [( 2 0xC004F056 0 0 msft:rm/algorithm/volume/1.0 0x00000000 0)( 1 0x00000000)(?)( 2 0xC004F056 0 0 msft:rm/algorithm/volume/1.0 0x00000000 0)(?)(?)(?)(?)])(1 )(2 )(3 [0x00000000, 0, 0], [( 6 0xC004F009 0 0)( 1 0x00000000)( 6 0xC004F009 0 0)(?)(?)(?)( 10 0x00000000 msft:rm/algorithm/flags/1.0)( 11 0x00000000 0xC004F056)])]
17: e73aabfa-12bc-4705-b551-2dd076bebc7d, 1, 0 [(0 [0xC004F014, 0, 0], [(?)(?)(?)(?)(?)(?)(?)(?)])(1 )(2 )(3 )]
18: e936f630-5125-4a39-b1de-544d6c036491, 1, 0 [(0 [0xC004F014, 0, 0], [(?)(?)(?)(?)(?)(?)(?)(?)])(1 )(2 )(3 )]
19: fd946594-6f0d-4c5c-9bf7-f5f628ecd0b9, 1, 0 [(0 [0xC004F014, 0, 0], [(?)(?)(?)(?)(?)(?)(?)(?)])(1 )(2 )(3 )]

