"The Group Policy settings for the computer were processed successfully. New settings from 3 Group Policy objects were detected and applied.","1502","0",,"4","0","1","-9223372036854775808","4473","Microsoft-Windows-GroupPolicy","aea1b4fa-97d1-45f2-a64c-4d69fffd92c9","System","1480","5064","ServerDC2.ad.jasonsexperiments.com","S-1-5-18","4/10/2025 8:19:12 PM","d54677e9-ab7c-4c21-95f3-c402b8be7905",,"System","System.UInt32[]","System.Diagnostics.Eventing.Reader.EventBookmark","Information","Start",,"System.Collections.ObjectModel.ReadOnlyCollection`1[System.String]","System.Collections.Generic.List`1[System.Diagnostics.Eventing.Reader.EventProperty]"
"The start type of the Windows Defender Antivirus Mini-Filter Driver service was changed from boot start to demand start.","7040","0","16384","4","0","0","-9187343239835811840","4472","Service Control Manager","555908d1-a6d7-4695-8e1e-26931d2012f4","System","644","5428","ServerDC2.ad.jasonsexperiments.com","S-1-5-18","4/10/2025 8:19:10 PM",,,"System","System.UInt32[]","System.Diagnostics.Eventing.Reader.EventBookmark","Information",,,"System.Collections.ObjectModel.ReadOnlyCollection`1[System.String]","System.Collections.Generic.List`1[System.Diagnostics.Eventing.Reader.EventProperty]"
"File System Filter 'WdFilter' (Version 10.0, ?1976?-?06?-?15T18:49:27.000000000Z) unloaded successfully.","1","0",,"4","0","0","-9223372036854775808","4471","Microsoft-Windows-FilterManager","f3c5e28e-63f6-49c7-a204-e48a1bc4b09d","System","4","192","ServerDC2.ad.jasonsexperiments.com","S-1-5-18","4/10/2025 8:19:10 PM",,,"System","System.UInt32[]","System.Diagnostics.Eventing.Reader.EventBookmark","Information","Info",,"System.Collections.ObjectModel.ReadOnlyCollection`1[System.String]","System.Collections.Generic.List`1[System.Diagnostics.Eventing.Reader.EventProperty]"
"The start type of the Windows Defender Antivirus Boot Driver service was changed from boot start to demand start.","7040","0","16384","4","0","0","-9187343239835811840","4470","Service Control Manager","555908d1-a6d7-4695-8e1e-26931d2012f4","System","644","2248","ServerDC2.ad.jasonsexperiments.com","S-1-5-18","4/10/2025 8:19:10 PM",,,"System","System.UInt32[]","System.Diagnostics.Eventing.Reader.EventBookmark","Information",,,"System.Collections.ObjectModel.ReadOnlyCollection`1[System.String]","System.Collections.Generic.List`1[System.Diagnostics.Eventing.Reader.EventProperty]"
"The Windows Defender Antivirus Service service entered the stopped state.","7036","0","16384","4","0","0","-9187343239835811840","4469","Service Control Manager","555908d1-a6d7-4695-8e1e-26931d2012f4","System","644","5428","ServerDC2.ad.jasonsexperiments.com",,"4/10/2025 8:19:10 PM",,,"System","System.UInt32[]","System.Diagnostics.Eventing.Reader.EventBookmark","Information",,,"System.Collections.ObjectModel.ReadOnlyCollection`1[System.String]","System.Collections.Generic.List`1[System.Diagnostics.Eventing.Reader.EventProperty]"
"The start type of the Windows Defender Antivirus Service service was changed from auto start to demand start.","7040","0","16384","4","0","0","-9187343239835811840","4468","Service Control Manager","555908d1-a6d7-4695-8e1e-26931d2012f4","System","644","5428","ServerDC2.ad.jasonsexperiments.com","S-1-5-18","4/10/2025 8:19:09 PM",,,"System","System.UInt32[]","System.Diagnostics.Eventing.Reader.EventBookmark","Information",,,"System.Collections.ObjectModel.ReadOnlyCollection`1[System.String]","System.Collections.Generic.List`1[System.Diagnostics.Eventing.Reader.EventProperty]"
"The Delivery Optimization service entered the stopped state.","7036","0","16384","4","0","0","-9187343239835811840","4467","Service Control Manager","555908d1-a6d7-4695-8e1e-26931d2012f4","System","644","5428","ServerDC2.ad.jasonsexperiments.com",,"4/10/2025 8:19:06 PM",,,"System","System.UInt32[]","System.Diagnostics.Eventing.Reader.EventBookmark","Information",,,"System.Collections.ObjectModel.ReadOnlyCollection`1[System.String]","System.Collections.Generic.List`1[System.Diagnostics.Eventing.Reader.EventProperty]"
"The Delivery Optimization service entered the running state.","7036","0","16384","4","0","0","-9187343239835811840","4466","Service Control Manager","555908d1-a6d7-4695-8e1e-26931d2012f4","System","644","5428","ServerDC2.ad.jasonsexperiments.com",,"4/10/2025 8:19:06 PM",,,"System","System.UInt32[]","System.Diagnostics.Eventing.Reader.EventBookmark","Information",,,"System.Collections.ObjectModel.ReadOnlyCollection`1[System.String]","System.Collections.Generic.List`1[System.Diagnostics.Eventing.Reader.EventProperty]"
"The Network Connectivity Assistant service entered the stopped state.","7036","0","16384","4","0","0","-9187343239835811840","4465","Service Control Manager","555908d1-a6d7-4695-8e1e-26931d2012f4","System","644","1504","ServerDC2.ad.jasonsexperiments.com",,"4/10/2025 8:19:06 PM",,,"System","System.UInt32[]","System.Diagnostics.Eventing.Reader.EventBookmark","Information",,,"System.Collections.ObjectModel.ReadOnlyCollection`1[System.String]","System.Collections.Generic.List`1[System.Diagnostics.Eventing.Reader.EventProperty]"
"The Group Policy settings for the computer were processed successfully. New settings from 3 Group Policy objects were detected and applied.","1502","0",,"4","0","1","-9223372036854775808","4464","Microsoft-Windows-GroupPolicy","aea1b4fa-97d1-45f2-a64c-4d69fffd92c9","System","1480","5064","ServerDC2.ad.jasonsexperiments.com","S-1-5-18","4/10/2025 8:19:06 PM","d666ac1c-4794-4d94-a624-86fed3f2f2e9",,"System","System.UInt32[]","System.Diagnostics.Eventing.Reader.EventBookmark","Information","Start",,"System.Collections.ObjectModel.ReadOnlyCollection`1[System.String]","System.Collections.Generic.List`1[System.Diagnostics.Eventing.Reader.EventProperty]"
"The Delivery Optimization service entered the stopped state.","7036","0","16384","4","0","0","-9187343239835811840","4463","Service Control Manager","555908d1-a6d7-4695-8e1e-26931d2012f4","System","644","1504","ServerDC2.ad.jasonsexperiments.com",,"4/10/2025 8:18:37 PM",,,"System","System.UInt32[]","System.Diagnostics.Eventing.Reader.EventBookmark","Information",,,"System.Collections.ObjectModel.ReadOnlyCollection`1[System.String]","System.Collections.Generic.List`1[System.Diagnostics.Eventing.Reader.EventProperty]"
"The Delivery Optimization service entered the running state.","7036","0","16384","4","0","0","-9187343239835811840","4462","Service Control Manager","555908d1-a6d7-4695-8e1e-26931d2012f4","System","644","5780","ServerDC2.ad.jasonsexperiments.com",,"4/10/2025 8:18:37 PM",,,"System","System.UInt32[]","System.Diagnostics.Eventing.Reader.EventBookmark","Information",,,"System.Collections.ObjectModel.ReadOnlyCollection`1[System.String]","System.Collections.Generic.List`1[System.Diagnostics.Eventing.Reader.EventProperty]"
"The Portable Device Enumerator Service service entered the running state.","7036","0","16384","4","0","0","-9187343239835811840","4461","Service Control Manager","555908d1-a6d7-4695-8e1e-26931d2012f4","System","644","5780","ServerDC2.ad.jasonsexperiments.com",,"4/10/2025 8:18:37 PM",,,"System","System.UInt32[]","System.Diagnostics.Eventing.Reader.EventBookmark","Information",,,"System.Collections.ObjectModel.ReadOnlyCollection`1[System.String]","System.Collections.Generic.List`1[System.Diagnostics.Eventing.Reader.EventProperty]"
"The Network Connectivity Assistant service entered the stopped state.","7036","0","16384","4","0","0","-9187343239835811840","4460","Service Control Manager","555908d1-a6d7-4695-8e1e-26931d2012f4","System","644","2248","ServerDC2.ad.jasonsexperiments.com",,"4/10/2025 8:18:37 PM",,,"System","System.UInt32[]","System.Diagnostics.Eventing.Reader.EventBookmark","Information",,,"System.Collections.ObjectModel.ReadOnlyCollection`1[System.String]","System.Collections.Generic.List`1[System.Diagnostics.Eventing.Reader.EventProperty]"
"The Group Policy settings for the computer were processed successfully. New settings from 3 Group Policy objects were detected and applied.","1502","0",,"4","0","1","-9223372036854775808","4459","Microsoft-Windows-GroupPolicy","aea1b4fa-97d1-45f2-a64c-4d69fffd92c9","System","1480","5064","ServerDC2.ad.jasonsexperiments.com","S-1-5-18","4/10/2025 8:18:37 PM","1ee5f36b-8501-4356-ad72-a070ebd1a4e9",,"System","System.UInt32[]","System.Diagnostics.Eventing.Reader.EventBookmark","Information","Start",,"System.Collections.ObjectModel.ReadOnlyCollection`1[System.String]","System.Collections.Generic.List`1[System.Diagnostics.Eventing.Reader.EventProperty]"
"The Software Protection service entered the stopped state.","7036","0","16384","4","0","0","-9187343239835811840","4458","Service Control Manager","555908d1-a6d7-4695-8e1e-26931d2012f4","System","644","5428","ServerDC2.ad.jasonsexperiments.com",,"4/10/2025 8:18:12 PM",,,"System","System.UInt32[]","System.Diagnostics.Eventing.Reader.EventBookmark","Information",,,"System.Collections.ObjectModel.ReadOnlyCollection`1[System.String]","System.Collections.Generic.List`1[System.Diagnostics.Eventing.Reader.EventProperty]"
"The Microsoft Passport service entered the stopped state.","7036","0","16384","4","0","0","-9187343239835811840","4457","Service Control Manager","555908d1-a6d7-4695-8e1e-26931d2012f4","System","644","5428","ServerDC2.ad.jasonsexperiments.com",,"4/10/2025 8:18:04 PM",,,"System","System.UInt32[]","System.Diagnostics.Eventing.Reader.EventBookmark","Information",,,"System.Collections.ObjectModel.ReadOnlyCollection`1[System.String]","System.Collections.Generic.List`1[System.Diagnostics.Eventing.Reader.EventProperty]"
"The Portable Device Enumerator Service service entered the stopped state.","7036","0","16384","4","0","0","-9187343239835811840","4456","Service Control Manager","555908d1-a6d7-4695-8e1e-26931d2012f4","System","644","5776","ServerDC2.ad.jasonsexperiments.com",,"4/10/2025 8:18:04 PM",,,"System","System.UInt32[]","System.Diagnostics.Eventing.Reader.EventBookmark","Information",,,"System.Collections.ObjectModel.ReadOnlyCollection`1[System.String]","System.Collections.Generic.List`1[System.Diagnostics.Eventing.Reader.EventProperty]"
"The Network Setup Service service entered the stopped state.","7036","0","16384","4","0","0","-9187343239835811840","4455","Service Control Manager","555908d1-a6d7-4695-8e1e-26931d2012f4","System","644","5428","ServerDC2.ad.jasonsexperiments.com",,"4/10/2025 8:17:59 PM",,,"System","System.UInt32[]","System.Diagnostics.Eventing.Reader.EventBookmark","Information",,,"System.Collections.ObjectModel.ReadOnlyCollection`1[System.String]","System.Collections.Generic.List`1[System.Diagnostics.Eventing.Reader.EventProperty]"
"The Windows Modules Installer service entered the stopped state.","7036","0","16384","4","0","0","-9187343239835811840","4454","Service Control Manager","555908d1-a6d7-4695-8e1e-26931d2012f4","System","644","5428","ServerDC2.ad.jasonsexperiments.com",,"4/10/2025 8:17:52 PM",,,"System","System.UInt32[]","System.Diagnostics.Eventing.Reader.EventBookmark","Information",,,"System.Collections.ObjectModel.ReadOnlyCollection`1[System.String]","System.Collections.Generic.List`1[System.Diagnostics.Eventing.Reader.EventProperty]"
"The Application Information service entered the running state.","7036","0","16384","4","0","0","-9187343239835811840","4453","Service Control Manager","555908d1-a6d7-4695-8e1e-26931d2012f4","System","644","5428","ServerDC2.ad.jasonsexperiments.com",,"4/10/2025 8:17:51 PM",,,"System","System.UInt32[]","System.Diagnostics.Eventing.Reader.EventBookmark","Information",,,"System.Collections.ObjectModel.ReadOnlyCollection`1[System.String]","System.Collections.Generic.List`1[System.Diagnostics.Eventing.Reader.EventProperty]"
"The Update Orchestrator Service service entered the running state.","7036","0","16384","4","0","0","-9187343239835811840","4452","Service Control Manager","555908d1-a6d7-4695-8e1e-26931d2012f4","System","644","5776","ServerDC2.ad.jasonsexperiments.com",,"4/10/2025 8:17:47 PM",,,"System","System.UInt32[]","System.Diagnostics.Eventing.Reader.EventBookmark","Information",,,"System.Collections.ObjectModel.ReadOnlyCollection`1[System.String]","System.Collections.Generic.List`1[System.Diagnostics.Eventing.Reader.EventProperty]"
"The User Access Logging Service service entered the running state.","7036","0","16384","4","0","0","-9187343239835811840","4451","Service Control Manager","555908d1-a6d7-4695-8e1e-26931d2012f4","System","644","5776","ServerDC2.ad.jasonsexperiments.com",,"4/10/2025 8:17:46 PM",,,"System","System.UInt32[]","System.Diagnostics.Eventing.Reader.EventBookmark","Information",,,"System.Collections.ObjectModel.ReadOnlyCollection`1[System.String]","System.Collections.Generic.List`1[System.Diagnostics.Eventing.Reader.EventProperty]"
"The Network Setup Service service entered the running state.","7036","0","16384","4","0","0","-9187343239835811840","4450","Service Control Manager","555908d1-a6d7-4695-8e1e-26931d2012f4","System","644","5776","ServerDC2.ad.jasonsexperiments.com",,"4/10/2025 8:17:46 PM",,,"System","System.UInt32[]","System.Diagnostics.Eventing.Reader.EventBookmark","Information",,,"System.Collections.ObjectModel.ReadOnlyCollection`1[System.String]","System.Collections.Generic.List`1[System.Diagnostics.Eventing.Reader.EventProperty]"
"The Software Protection service entered the running state.","7036","0","16384","4","0","0","-9187343239835811840","4449","Service Control Manager","555908d1-a6d7-4695-8e1e-26931d2012f4","System","644","5776","ServerDC2.ad.jasonsexperiments.com",,"4/10/2025 8:17:45 PM",,,"System","System.UInt32[]","System.Diagnostics.Eventing.Reader.EventBookmark","Information",,,"System.Collections.ObjectModel.ReadOnlyCollection`1[System.String]","System.Collections.Generic.List`1[System.Diagnostics.Eventing.Reader.EventProperty]"
"The Distributed Transaction Coordinator service entered the running state.","7036","0","16384","4","0","0","-9187343239835811840","4448","Service Control Manager","555908d1-a6d7-4695-8e1e-26931d2012f4","System","644","5776","ServerDC2.ad.jasonsexperiments.com",,"4/10/2025 8:17:45 PM",,,"System","System.UInt32[]","System.Diagnostics.Eventing.Reader.EventBookmark","Information",,,"System.Collections.ObjectModel.ReadOnlyCollection`1[System.String]","System.Collections.Generic.List`1[System.Diagnostics.Eventing.Reader.EventProperty]"
"The Diagnostic Policy Service service entered the running state.","7036","0","16384","4","0","0","-9187343239835811840","4447","Service Control Manager","555908d1-a6d7-4695-8e1e-26931d2012f4","System","644","1504","ServerDC2.ad.jasonsexperiments.com",,"4/10/2025 8:17:44 PM",,,"System","System.UInt32[]","System.Diagnostics.Eventing.Reader.EventBookmark","Information",,,"System.Collections.ObjectModel.ReadOnlyCollection`1[System.String]","System.Collections.Generic.List`1[System.Diagnostics.Eventing.Reader.EventProperty]"
"The Software Protection service entered the stopped state.","7036","0","16384","4","0","0","-9187343239835811840","4446","Service Control Manager","555908d1-a6d7-4695-8e1e-26931d2012f4","System","644","5780","ServerDC2.ad.jasonsexperiments.com",,"4/10/2025 8:16:34 PM",,,"System","System.UInt32[]","System.Diagnostics.Eventing.Reader.EventBookmark","Information",,,"System.Collections.ObjectModel.ReadOnlyCollection`1[System.String]","System.Collections.Generic.List`1[System.Diagnostics.Eventing.Reader.EventProperty]"
"The Microsoft Account Sign-in Assistant service entered the running state.","7036","0","16384","4","0","0","-9187343239835811840","4445","Service Control Manager","555908d1-a6d7-4695-8e1e-26931d2012f4","System","644","5776","ServerDC2.ad.jasonsexperiments.com",,"4/10/2025 8:16:18 PM",,,"System","System.UInt32[]","System.Diagnostics.Eventing.Reader.EventBookmark","Information",,,"System.Collections.ObjectModel.ReadOnlyCollection`1[System.String]","System.Collections.Generic.List`1[System.Diagnostics.Eventing.Reader.EventProperty]"
"The machine-default permission settings do not grant Local Activation permission for the COM Server application with CLSID 
{F87B28F1-DA9A-4F35-8EC0-800EFCF26B83}
 and APPID 
{0868DC9B-D9A2-4F64-9362-133CEA201299}
 to the user NT AUTHORITY\NETWORK SERVICE SID (S-1-5-20) from address LocalHost (Using LRPC) running in the application container Unavailable SID (Unavailable). This security permission can be modified using the Component Services administrative tool.","10016","0","0","2","0","0","-9187343239835811840","4444","Microsoft-Windows-DistributedCOM","1b562e86-b7aa-4131-badc-b6f3a001407e","System","952","1284","ServerDC2.ad.jasonsexperiments.com","S-1-5-20","4/10/2025 8:16:08 PM",,,"System","System.UInt32[]","System.Diagnostics.Eventing.Reader.EventBookmark","Error","Info",,"System.Collections.ObjectModel.ReadOnlyCollection`1[System.String]","System.Collections.Generic.List`1[System.Diagnostics.Eventing.Reader.EventProperty]"
"The Software Protection service entered the running state.","7036","0","16384","4","0","0","-9187343239835811840","4443","Service Control Manager","555908d1-a6d7-4695-8e1e-26931d2012f4","System","644","812","ServerDC2.ad.jasonsexperiments.com",,"4/10/2025 8:16:08 PM",,,"System","System.UInt32[]","System.Diagnostics.Eventing.Reader.EventBookmark","Information",,,"System.Collections.ObjectModel.ReadOnlyCollection`1[System.String]","System.Collections.Generic.List`1[System.Diagnostics.Eventing.Reader.EventProperty]"
"The AppX Deployment Service (AppXSVC) service entered the running state.","7036","0","16384","4","0","0","-9187343239835811840","4442","Service Control Manager","555908d1-a6d7-4695-8e1e-26931d2012f4","System","644","764","ServerDC2.ad.jasonsexperiments.com",,"4/10/2025 8:16:07 PM",,,"System","System.UInt32[]","System.Diagnostics.Eventing.Reader.EventBookmark","Information",,,"System.Collections.ObjectModel.ReadOnlyCollection`1[System.String]","System.Collections.Generic.List`1[System.Diagnostics.Eventing.Reader.EventProperty]"
"The Connected Devices Platform Service service entered the running state.","7036","0","16384","4","0","0","-9187343239835811840","4441","Service Control Manager","555908d1-a6d7-4695-8e1e-26931d2012f4","System","644","812","ServerDC2.ad.jasonsexperiments.com",,"4/10/2025 8:16:07 PM",,,"System","System.UInt32[]","System.Diagnostics.Eventing.Reader.EventBookmark","Information",,,"System.Collections.ObjectModel.ReadOnlyCollection`1[System.String]","System.Collections.Generic.List`1[System.Diagnostics.Eventing.Reader.EventProperty]"
"The State Repository Service service entered the running state.","7036","0","16384","4","0","0","-9187343239835811840","4440","Service Control Manager","555908d1-a6d7-4695-8e1e-26931d2012f4","System","644","812","ServerDC2.ad.jasonsexperiments.com",,"4/10/2025 8:16:07 PM",,,"System","System.UInt32[]","System.Diagnostics.Eventing.Reader.EventBookmark","Information",,,"System.Collections.ObjectModel.ReadOnlyCollection`1[System.String]","System.Collections.Generic.List`1[System.Diagnostics.Eventing.Reader.EventProperty]"
"The CNG Key Isolation service entered the running state.","7036","0","16384","4","0","0","-9187343239835811840","4439","Service Control Manager","555908d1-a6d7-4695-8e1e-26931d2012f4","System","644","812","ServerDC2.ad.jasonsexperiments.com",,"4/10/2025 8:16:07 PM",,,"System","System.UInt32[]","System.Diagnostics.Eventing.Reader.EventBookmark","Information",,,"System.Collections.ObjectModel.ReadOnlyCollection`1[System.String]","System.Collections.Generic.List`1[System.Diagnostics.Eventing.Reader.EventProperty]"
"The Microsoft Passport Container service entered the running state.","7036","0","16384","4","0","0","-9187343239835811840","4438","Service Control Manager","555908d1-a6d7-4695-8e1e-26931d2012f4","System","644","812","ServerDC2.ad.jasonsexperiments.com",,"4/10/2025 8:16:07 PM",,,"System","System.UInt32[]","System.Diagnostics.Eventing.Reader.EventBookmark","Information",,,"System.Collections.ObjectModel.ReadOnlyCollection`1[System.String]","System.Collections.Generic.List`1[System.Diagnostics.Eventing.Reader.EventProperty]"
"The Touch Keyboard and Handwriting Panel Service service entered the running state.","7036","0","16384","4","0","0","-9187343239835811840","4437","Service Control Manager","555908d1-a6d7-4695-8e1e-26931d2012f4","System","644","1096","ServerDC2.ad.jasonsexperiments.com",,"4/10/2025 8:16:07 PM",,,"System","System.UInt32[]","System.Diagnostics.Eventing.Reader.EventBookmark","Information",,,"System.Collections.ObjectModel.ReadOnlyCollection`1[System.String]","System.Collections.Generic.List`1[System.Diagnostics.Eventing.Reader.EventProperty]"
"The Microsoft Passport service entered the running state.","7036","0","16384","4","0","0","-9187343239835811840","4436","Service Control Manager","555908d1-a6d7-4695-8e1e-26931d2012f4","System","644","764","ServerDC2.ad.jasonsexperiments.com",,"4/10/2025 8:16:07 PM",,,"System","System.UInt32[]","System.Diagnostics.Eventing.Reader.EventBookmark","Information",,,"System.Collections.ObjectModel.ReadOnlyCollection`1[System.String]","System.Collections.Generic.List`1[System.Diagnostics.Eventing.Reader.EventProperty]"
"The Web Account Manager service entered the running state.","7036","0","16384","4","0","0","-9187343239835811840","4435","Service Control Manager","555908d1-a6d7-4695-8e1e-26931d2012f4","System","644","764","ServerDC2.ad.jasonsexperiments.com",,"4/10/2025 8:16:07 PM",,,"System","System.UInt32[]","System.Diagnostics.Eventing.Reader.EventBookmark","Information",,,"System.Collections.ObjectModel.ReadOnlyCollection`1[System.String]","System.Collections.Generic.List`1[System.Diagnostics.Eventing.Reader.EventProperty]"
"The Windows Push Notifications User Service_4130f service entered the running state.","7036","0","16384","4","0","0","-9187343239835811840","4434","Service Control Manager","555908d1-a6d7-4695-8e1e-26931d2012f4","System","644","764","ServerDC2.ad.jasonsexperiments.com",,"4/10/2025 8:16:07 PM",,,"System","System.UInt32[]","System.Diagnostics.Eventing.Reader.EventBookmark","Information",,,"System.Collections.ObjectModel.ReadOnlyCollection`1[System.String]","System.Collections.Generic.List`1[System.Diagnostics.Eventing.Reader.EventProperty]"
"The Connected Devices Platform User Service_4130f service entered the running state.","7036","0","16384","4","0","0","-9187343239835811840","4433","Service Control Manager","555908d1-a6d7-4695-8e1e-26931d2012f4","System","644","1076","ServerDC2.ad.jasonsexperiments.com",,"4/10/2025 8:16:07 PM",,,"System","System.UInt32[]","System.Diagnostics.Eventing.Reader.EventBookmark","Information",,,"System.Collections.ObjectModel.ReadOnlyCollection`1[System.String]","System.Collections.Generic.List`1[System.Diagnostics.Eventing.Reader.EventProperty]"
"User Logon Notification for Customer Experience Improvement Program","7001","0",,"4","1101","0","2305878193585782784","4432","Microsoft-Windows-Winlogon","dbe9b383-7cf3-4331-91cc-a3cb16a3b538","System","572","404","ServerDC2.ad.jasonsexperiments.com","S-1-5-18","4/10/2025 8:16:06 PM",,,"System","System.UInt32[]","System.Diagnostics.Eventing.Reader.EventBookmark","Information","Info",,"System.Collections.ObjectModel.ReadOnlyCollection`1[System.String]","System.Collections.Generic.List`1[System.Diagnostics.Eventing.Reader.EventProperty]"
"The Windows Update service entered the running state.","7036","0","16384","4","0","0","-9187343239835811840","4431","Service Control Manager","555908d1-a6d7-4695-8e1e-26931d2012f4","System","644","716","ServerDC2.ad.jasonsexperiments.com",,"4/10/2025 8:16:06 PM",,,"System","System.UInt32[]","System.Diagnostics.Eventing.Reader.EventBookmark","Information",,,"System.Collections.ObjectModel.ReadOnlyCollection`1[System.String]","System.Collections.Generic.List`1[System.Diagnostics.Eventing.Reader.EventProperty]"
"The Delivery Optimization service entered the stopped state.","7036","0","16384","4","0","0","-9187343239835811840","4430","Service Control Manager","555908d1-a6d7-4695-8e1e-26931d2012f4","System","644","716","ServerDC2.ad.jasonsexperiments.com",,"4/10/2025 8:16:05 PM",,,"System","System.UInt32[]","System.Diagnostics.Eventing.Reader.EventBookmark","Information",,,"System.Collections.ObjectModel.ReadOnlyCollection`1[System.String]","System.Collections.Generic.List`1[System.Diagnostics.Eventing.Reader.EventProperty]"
"The Delivery Optimization service entered the running state.","7036","0","16384","4","0","0","-9187343239835811840","4429","Service Control Manager","555908d1-a6d7-4695-8e1e-26931d2012f4","System","644","716","ServerDC2.ad.jasonsexperiments.com",,"4/10/2025 8:16:05 PM",,,"System","System.UInt32[]","System.Diagnostics.Eventing.Reader.EventBookmark","Information",,,"System.Collections.ObjectModel.ReadOnlyCollection`1[System.String]","System.Collections.Generic.List`1[System.Diagnostics.Eventing.Reader.EventProperty]"
"The Network Connectivity Assistant service entered the stopped state.","7036","0","16384","4","0","0","-9187343239835811840","4428","Service Control Manager","555908d1-a6d7-4695-8e1e-26931d2012f4","System","644","716","ServerDC2.ad.jasonsexperiments.com",,"4/10/2025 8:16:05 PM",,,"System","System.UInt32[]","System.Diagnostics.Eventing.Reader.EventBookmark","Information",,,"System.Collections.ObjectModel.ReadOnlyCollection`1[System.String]","System.Collections.Generic.List`1[System.Diagnostics.Eventing.Reader.EventProperty]"
"The DNS service entered the running state.","7036","0","16384","4","0","0","-9187343239835811840","4427","Service Control Manager","555908d1-a6d7-4695-8e1e-26931d2012f4","System","644","716","ServerDC2.ad.jasonsexperiments.com",,"4/10/2025 8:16:04 PM",,,"System","System.UInt32[]","System.Diagnostics.Eventing.Reader.EventBookmark","Information",,,"System.Collections.ObjectModel.ReadOnlyCollection`1[System.String]","System.Collections.Generic.List`1[System.Diagnostics.Eventing.Reader.EventProperty]"
"The sppsvc service entered the stopped state.","7036","0","16384","4","0","0","-9187343239835811840","4426","Service Control Manager","555908d1-a6d7-4695-8e1e-26931d2012f4","System","644","716","ServerDC2.ad.jasonsexperiments.com",,"4/10/2025 8:16:01 PM",,,"System","System.UInt32[]","System.Diagnostics.Eventing.Reader.EventBookmark","Information",,,"System.Collections.ObjectModel.ReadOnlyCollection`1[System.String]","System.Collections.Generic.List`1[System.Diagnostics.Eventing.Reader.EventProperty]"
"The W32Time service entered the running state.","7036","0","16384","4","0","0","-9187343239835811840","4425","Service Control Manager","555908d1-a6d7-4695-8e1e-26931d2012f4","System","644","716","ServerDC2.ad.jasonsexperiments.com",,"4/10/2025 8:15:55 PM",,,"System","System.UInt32[]","System.Diagnostics.Eventing.Reader.EventBookmark","Information",,,"System.Collections.ObjectModel.ReadOnlyCollection`1[System.String]","System.Collections.Generic.List`1[System.Diagnostics.Eventing.Reader.EventProperty]"
"Time Provider NtpClient: This machine is configured to use the domain hierarchy to determine its time source, but it is the AD PDC emulator for the domain at the root of the forest, so there is no machine above it in the domain hierarchy to use as a time source. It is recommended that you either configure a reliable time service in the root domain, or manually configure the AD PDC to synchronize with an external time source. Otherwise, this machine will function as the authoritative time source in the domain hierarchy. If an external time source is not configured or used for this computer, you may choose to disable the NtpClient.","12","0",,"3","0","0","-9223372036854775808","4424","Microsoft-Windows-Time-Service","06edcfeb-0fd0-4e53-acca-a6f8bbf81bcb","System","1032","1216","ServerDC2.ad.jasonsexperiments.com","S-1-5-19","4/10/2025 8:15:55 PM",,,"System","System.UInt32[]","System.Diagnostics.Eventing.Reader.EventBookmark","Warning","Info",,"System.Collections.ObjectModel.ReadOnlyCollection`1[System.String]","System.Collections.Generic.List`1[System.Diagnostics.Eventing.Reader.EventProperty]"
"The WinRM service failed to create the following SPNs: WSMAN/ServerDC2.ad.jasonsexperiments.com; WSMAN/ServerDC2. 

 Additional Data 
 The error received was 1355: %%1355.

 User Action 
 The SPNs can be created by an administrator using setspn.exe utility.","10154","0","7","3","0","0","36028797018963968","4423","Microsoft-Windows-WinRM","a7975c8f-ac13-49f1-87da-5a984a4ab417","System","0","0","ServerDC2.ad.jasonsexperiments.com",,"4/10/2025 8:15:55 PM",,,"System","System.UInt32[]","System.Diagnostics.Eventing.Reader.EventBookmark","Warning","Info",,"System.Collections.ObjectModel.ReadOnlyCollection`1[System.String]","System.Collections.Generic.List`1[System.Diagnostics.Eventing.Reader.EventProperty]"
"The Windows Modules Installer service entered the running state.","7036","0","16384","4","0","0","-9187343239835811840","4422","Service Control Manager","555908d1-a6d7-4695-8e1e-26931d2012f4","System","644","716","ServerDC2.ad.jasonsexperiments.com",,"4/10/2025 8:15:49 PM",,,"System","System.UInt32[]","System.Diagnostics.Eventing.Reader.EventBookmark","Information",,,"System.Collections.ObjectModel.ReadOnlyCollection`1[System.String]","System.Collections.Generic.List`1[System.Diagnostics.Eventing.Reader.EventProperty]"
"The Trusted Platform Module (TPM) hardware on this computer cannot be provisioned for use automatically.  To set up the TPM interactively use the TPM management console (Start->tpm.msc) and use the action to make the TPM ready.

Error: TPM 1.2: The command was received in the wrong sequence relative to TPM_Init and a subsequent TPM_Startup.
Additional Information: 0x900020","1026","0",,"4","0","0","-9223372036854775808","4421","Microsoft-Windows-TPM-WMI","7d5387b0-cbe0-11da-a94d-0800200c9a66","System","4084","4372","ServerDC2.ad.jasonsexperiments.com","S-1-5-18","4/10/2025 8:15:45 PM",,,"System","System.UInt32[]","System.Diagnostics.Eventing.Reader.EventBookmark","Information","Info",,"System.Collections.ObjectModel.ReadOnlyCollection`1[System.String]","System.Collections.Generic.List`1[System.Diagnostics.Eventing.Reader.EventProperty]"
"The time service has started advertising as a good time source.","143","0",,"4","0","0","-9223372036854775808","4420","Microsoft-Windows-Time-Service","06edcfeb-0fd0-4e53-acca-a6f8bbf81bcb","System","1032","4456","ServerDC2.ad.jasonsexperiments.com","S-1-5-19","4/10/2025 8:15:44 PM",,,"System","System.UInt32[]","System.Diagnostics.Eventing.Reader.EventBookmark","Information","Info",,"System.Collections.ObjectModel.ReadOnlyCollection`1[System.String]","System.Collections.Generic.List`1[System.Diagnostics.Eventing.Reader.EventProperty]"
"The time service has started advertising as a time source.","139","0",,"4","0","0","-9223372036854775808","4419","Microsoft-Windows-Time-Service","06edcfeb-0fd0-4e53-acca-a6f8bbf81bcb","System","1032","4456","ServerDC2.ad.jasonsexperiments.com","S-1-5-19","4/10/2025 8:15:44 PM",,,"System","System.UInt32[]","System.Diagnostics.Eventing.Reader.EventBookmark","Information","Info",,"System.Collections.ObjectModel.ReadOnlyCollection`1[System.String]","System.Collections.Generic.List`1[System.Diagnostics.Eventing.Reader.EventProperty]"
"The DiagTrack service entered the running state.","7036","0","16384","4","0","0","-9187343239835811840","4418","Service Control Manager","555908d1-a6d7-4695-8e1e-26931d2012f4","System","644","1096","ServerDC2.ad.jasonsexperiments.com",,"4/10/2025 8:15:42 PM",,,"System","System.UInt32[]","System.Diagnostics.Eventing.Reader.EventBookmark","Information",,,"System.Collections.ObjectModel.ReadOnlyCollection`1[System.String]","System.Collections.Generic.List`1[System.Diagnostics.Eventing.Reader.EventProperty]"
"The Virtual Disk service entered the running state.","7036","0","16384","4","0","0","-9187343239835811840","4417","Service Control Manager","555908d1-a6d7-4695-8e1e-26931d2012f4","System","644","1096","ServerDC2.ad.jasonsexperiments.com",,"4/10/2025 8:15:42 PM",,,"System","System.UInt32[]","System.Diagnostics.Eventing.Reader.EventBookmark","Information",,,"System.Collections.ObjectModel.ReadOnlyCollection`1[System.String]","System.Collections.Generic.List`1[System.Diagnostics.Eventing.Reader.EventProperty]"
"The ADWS service entered the running state.","7036","0","16384","4","0","0","-9187343239835811840","4416","Service Control Manager","555908d1-a6d7-4695-8e1e-26931d2012f4","System","644","1096","ServerDC2.ad.jasonsexperiments.com",,"4/10/2025 8:15:42 PM",,,"System","System.UInt32[]","System.Diagnostics.Eventing.Reader.EventBookmark","Information",,,"System.Collections.ObjectModel.ReadOnlyCollection`1[System.String]","System.Collections.Generic.List`1[System.Diagnostics.Eventing.Reader.EventProperty]"
"This event triggers the Trusted Platform Module (TPM) provisioning/status check to run.","18","0",,"4","0","0","-9223372036854775808","4415","TPM","1b6b0772-251b-4d42-917d-faca166bc059","System","4","340","ServerDC2.ad.jasonsexperiments.com","S-1-5-18","4/10/2025 8:15:42 PM",,,"System","System.UInt32[]","System.Diagnostics.Eventing.Reader.EventBookmark","Information","Info",,"System.Collections.ObjectModel.ReadOnlyCollection`1[System.String]","System.Collections.Generic.List`1[System.Diagnostics.Eventing.Reader.EventProperty]"
"The following boot-start or system-start driver(s) did not load: 
dam","7026","0","49152","4","0","0","-9187343239835811840","4414","Service Control Manager","555908d1-a6d7-4695-8e1e-26931d2012f4","System","644","648","ServerDC2.ad.jasonsexperiments.com",,"4/10/2025 8:15:42 PM",,,"System","System.UInt32[]","System.Diagnostics.Eventing.Reader.EventBookmark","Information",,,"System.Collections.ObjectModel.ReadOnlyCollection`1[System.String]","System.Collections.Generic.List`1[System.Diagnostics.Eventing.Reader.EventProperty]"
"Service started.","3",,"16896","4","0",,"36028797018963968","4413","Virtual Disk Service",,"System",,,"ServerDC2.ad.jasonsexperiments.com",,"4/10/2025 8:15:42 PM",,,"System","System.UInt32[]","System.Diagnostics.Eventing.Reader.EventBookmark","Information",,,"System.Collections.ObjectModel.ReadOnlyCollection`1[System.String]","System.Collections.Generic.List`1[System.Diagnostics.Eventing.Reader.EventProperty]"
"The RasMan service entered the running state.","7036","0","16384","4","0","0","-9187343239835811840","4412","Service Control Manager","555908d1-a6d7-4695-8e1e-26931d2012f4","System","644","752","ServerDC2.ad.jasonsexperiments.com",,"4/10/2025 8:15:42 PM",,,"System","System.UInt32[]","System.Diagnostics.Eventing.Reader.EventBookmark","Information",,,"System.Collections.ObjectModel.ReadOnlyCollection`1[System.String]","System.Collections.Generic.List`1[System.Diagnostics.Eventing.Reader.EventProperty]"
