"The Windows Time service entered the stopped state.","7036","0","16384","4","0","0","-9187343239835811840","5508","Service Control Manager","555908d1-a6d7-4695-8e1e-26931d2012f4","System","628","4312","ServerDC2.ad.jasonsexperiments.com",,"5/24/2025 11:16:46 AM",,,"System","System.UInt32[]","System.Diagnostics.Eventing.Reader.EventBookmark","Information",,,"System.Collections.ObjectModel.ReadOnlyCollection`1[System.String]","System.Collections.Generic.List`1[System.Diagnostics.Eventing.Reader.EventProperty]"
"DHCPv6 client service stop is almost done.DHCP Context Ref count is 1","51057","0",,"4","4","104","2305843009213693952","5507","Microsoft-Windows-DHCPv6-Client","6a1f2b00-6a90-4c38-95a5-5cab3b056778","System","1144","1256","ServerDC2.ad.jasonsexperiments.com","S-1-5-19","5/24/2025 11:16:46 AM",,,"System","System.UInt32[]","System.Diagnostics.Eventing.Reader.EventBookmark","Information","ServiceStopWithRefCount","Service State Event","System.Collections.ObjectModel.ReadOnlyCollection`1[System.String]","System.Collections.Generic.List`1[System.Diagnostics.Eventing.Reader.EventProperty]"
"DHCPv6 client service is stopped. ShutDown Flag value is 1","51047","0",,"4","4","63","2305843009213693952","5506","Microsoft-Windows-DHCPv6-Client","6a1f2b00-6a90-4c38-95a5-5cab3b056778","System","1144","1256","ServerDC2.ad.jasonsexperiments.com","S-1-5-19","5/24/2025 11:16:46 AM",,,"System","System.UInt32[]","System.Diagnostics.Eventing.Reader.EventBookmark","Information","ServiceStop","Service State Event","System.Collections.ObjectModel.ReadOnlyCollection`1[System.String]","System.Collections.Generic.List`1[System.Diagnostics.Eventing.Reader.EventProperty]"
"The Windows Management Instrumentation service entered the stopped state.","7036","0","16384","4","0","0","-9187343239835811840","5505","Service Control Manager","555908d1-a6d7-4695-8e1e-26931d2012f4","System","628","4312","ServerDC2.ad.jasonsexperiments.com",,"5/24/2025 11:16:46 AM",,,"System","System.UInt32[]","System.Diagnostics.Eventing.Reader.EventBookmark","Information",,,"System.Collections.ObjectModel.ReadOnlyCollection`1[System.String]","System.Collections.Generic.List`1[System.Diagnostics.Eventing.Reader.EventProperty]"
"The Program Compatibility Assistant Service service entered the stopped state.","7036","0","16384","4","0","0","-9187343239835811840","5504","Service Control Manager","555908d1-a6d7-4695-8e1e-26931d2012f4","System","628","4312","ServerDC2.ad.jasonsexperiments.com",,"5/24/2025 11:16:46 AM",,,"System","System.UInt32[]","System.Diagnostics.Eventing.Reader.EventBookmark","Information",,,"System.Collections.ObjectModel.ReadOnlyCollection`1[System.String]","System.Collections.Generic.List`1[System.Diagnostics.Eventing.Reader.EventProperty]"
"The Plug and Play service entered the stopped state.","7036","0","16384","4","0","0","-9187343239835811840","5503","Service Control Manager","555908d1-a6d7-4695-8e1e-26931d2012f4","System","628","4312","ServerDC2.ad.jasonsexperiments.com",,"5/24/2025 11:16:46 AM",,,"System","System.UInt32[]","System.Diagnostics.Eventing.Reader.EventBookmark","Information",,,"System.Collections.ObjectModel.ReadOnlyCollection`1[System.String]","System.Collections.Generic.List`1[System.Diagnostics.Eventing.Reader.EventProperty]"
"DHCPv4 client ProcessDHCPRequestForever received TERMINATE_EVENT","50105","0",,"4","4","129","2305843009213693952","5502","Microsoft-Windows-Dhcp-Client","15a7a4f8-0072-4eab-abad-f98a4d666aed","System","1144","1188","ServerDC2.ad.jasonsexperiments.com","S-1-5-19","5/24/2025 11:16:46 AM",,,"System","System.UInt32[]","System.Diagnostics.Eventing.Reader.EventBookmark","Information","ServiceShutdown","Service State Event","System.Collections.ObjectModel.ReadOnlyCollection`1[System.String]","System.Collections.Generic.List`1[System.Diagnostics.Eventing.Reader.EventProperty]"
"DHCPv4 client received shutdown notification","50104","0",,"4","4","129","2305843009213693952","5501","Microsoft-Windows-Dhcp-Client","15a7a4f8-0072-4eab-abad-f98a4d666aed","System","1144","1148","ServerDC2.ad.jasonsexperiments.com","S-1-5-19","5/24/2025 11:16:46 AM",,,"System","System.UInt32[]","System.Diagnostics.Eventing.Reader.EventBookmark","Information","ServiceShutdown","Service State Event","System.Collections.ObjectModel.ReadOnlyCollection`1[System.String]","System.Collections.Generic.List`1[System.Diagnostics.Eventing.Reader.EventProperty]"
"The SysMain service entered the stopped state.","7036","0","16384","4","0","0","-9187343239835811840","5500","Service Control Manager","555908d1-a6d7-4695-8e1e-26931d2012f4","System","628","5864","ServerDC2.ad.jasonsexperiments.com",,"5/24/2025 11:16:46 AM",,,"System","System.UInt32[]","System.Diagnostics.Eventing.Reader.EventBookmark","Information",,,"System.Collections.ObjectModel.ReadOnlyCollection`1[System.String]","System.Collections.Generic.List`1[System.Diagnostics.Eventing.Reader.EventProperty]"
"The User Profile Service service entered the stopped state.","7036","0","16384","4","0","0","-9187343239835811840","5499","Service Control Manager","555908d1-a6d7-4695-8e1e-26931d2012f4","System","628","4312","ServerDC2.ad.jasonsexperiments.com",,"5/24/2025 11:16:46 AM",,,"System","System.UInt32[]","System.Diagnostics.Eventing.Reader.EventBookmark","Information",,,"System.Collections.ObjectModel.ReadOnlyCollection`1[System.String]","System.Collections.Generic.List`1[System.Diagnostics.Eventing.Reader.EventProperty]"
"The Update Orchestrator Service service entered the stopped state.","7036","0","16384","4","0","0","-9187343239835811840","5498","Service Control Manager","555908d1-a6d7-4695-8e1e-26931d2012f4","System","628","4312","ServerDC2.ad.jasonsexperiments.com",,"5/24/2025 11:16:46 AM",,,"System","System.UInt32[]","System.Diagnostics.Eventing.Reader.EventBookmark","Information",,,"System.Collections.ObjectModel.ReadOnlyCollection`1[System.String]","System.Collections.Generic.List`1[System.Diagnostics.Eventing.Reader.EventProperty]"
"The AppX Deployment Service (AppXSVC) service entered the stopped state.","7036","0","16384","4","0","0","-9187343239835811840","5497","Service Control Manager","555908d1-a6d7-4695-8e1e-26931d2012f4","System","628","4312","ServerDC2.ad.jasonsexperiments.com",,"5/24/2025 11:16:46 AM",,,"System","System.UInt32[]","System.Diagnostics.Eventing.Reader.EventBookmark","Information",,,"System.Collections.ObjectModel.ReadOnlyCollection`1[System.String]","System.Collections.Generic.List`1[System.Diagnostics.Eventing.Reader.EventProperty]"
"The Active Directory Web Services service entered the stopped state.","7036","0","16384","4","0","0","-9187343239835811840","5496","Service Control Manager","555908d1-a6d7-4695-8e1e-26931d2012f4","System","628","5864","ServerDC2.ad.jasonsexperiments.com",,"5/24/2025 11:16:46 AM",,,"System","System.UInt32[]","System.Diagnostics.Eventing.Reader.EventBookmark","Information",,,"System.Collections.ObjectModel.ReadOnlyCollection`1[System.String]","System.Collections.Generic.List`1[System.Diagnostics.Eventing.Reader.EventProperty]"
"The User Access Logging Service service entered the stopped state.","7036","0","16384","4","0","0","-9187343239835811840","5495","Service Control Manager","555908d1-a6d7-4695-8e1e-26931d2012f4","System","628","5864","ServerDC2.ad.jasonsexperiments.com",,"5/24/2025 11:16:46 AM",,,"System","System.UInt32[]","System.Diagnostics.Eventing.Reader.EventBookmark","Information",,,"System.Collections.ObjectModel.ReadOnlyCollection`1[System.String]","System.Collections.Generic.List`1[System.Diagnostics.Eventing.Reader.EventProperty]"
"The Connected User Experiences and Telemetry service entered the stopped state.","7036","0","16384","4","0","0","-9187343239835811840","5494","Service Control Manager","555908d1-a6d7-4695-8e1e-26931d2012f4","System","628","5864","ServerDC2.ad.jasonsexperiments.com",,"5/24/2025 11:16:46 AM",,,"System","System.UInt32[]","System.Diagnostics.Eventing.Reader.EventBookmark","Information",,,"System.Collections.ObjectModel.ReadOnlyCollection`1[System.String]","System.Collections.Generic.List`1[System.Diagnostics.Eventing.Reader.EventProperty]"
"The Windows Security Service service entered the stopped state.","7036","0","16384","4","0","0","-9187343239835811840","5493","Service Control Manager","555908d1-a6d7-4695-8e1e-26931d2012f4","System","628","5864","ServerDC2.ad.jasonsexperiments.com",,"5/24/2025 11:16:46 AM",,,"System","System.UInt32[]","System.Diagnostics.Eventing.Reader.EventBookmark","Information",,,"System.Collections.ObjectModel.ReadOnlyCollection`1[System.String]","System.Collections.Generic.List`1[System.Diagnostics.Eventing.Reader.EventProperty]"
"The Data Sharing Service service entered the stopped state.","7036","0","16384","4","0","0","-9187343239835811840","5492","Service Control Manager","555908d1-a6d7-4695-8e1e-26931d2012f4","System","628","4424","ServerDC2.ad.jasonsexperiments.com",,"5/24/2025 11:16:46 AM",,,"System","System.UInt32[]","System.Diagnostics.Eventing.Reader.EventBookmark","Information",,,"System.Collections.ObjectModel.ReadOnlyCollection`1[System.String]","System.Collections.Generic.List`1[System.Diagnostics.Eventing.Reader.EventProperty]"
"The Group Policy Client service entered the stopped state.","7036","0","16384","4","0","0","-9187343239835811840","5491","Service Control Manager","555908d1-a6d7-4695-8e1e-26931d2012f4","System","628","4424","ServerDC2.ad.jasonsexperiments.com",,"5/24/2025 11:16:46 AM",,,"System","System.UInt32[]","System.Diagnostics.Eventing.Reader.EventBookmark","Information",,,"System.Collections.ObjectModel.ReadOnlyCollection`1[System.String]","System.Collections.Generic.List`1[System.Diagnostics.Eventing.Reader.EventProperty]"
"User Logoff Notification for Customer Experience Improvement Program","7002","0",,"4","1102","0","2305878193585782784","5490","Microsoft-Windows-Winlogon","dbe9b383-7cf3-4331-91cc-a3cb16a3b538","System","556","76","ServerDC2.ad.jasonsexperiments.com","S-1-5-18","5/24/2025 11:16:46 AM",,,"System","System.UInt32[]","System.Diagnostics.Eventing.Reader.EventBookmark","Information","Info",,"System.Collections.ObjectModel.ReadOnlyCollection`1[System.String]","System.Collections.Generic.List`1[System.Diagnostics.Eventing.Reader.EventProperty]"
"The Windows Push Notifications User Service_19f92f service entered the stopped state.","7036","0","16384","4","0","0","-9187343239835811840","5489","Service Control Manager","555908d1-a6d7-4695-8e1e-26931d2012f4","System","628","4056","ServerDC2.ad.jasonsexperiments.com",,"5/24/2025 11:16:46 AM",,,"System","System.UInt32[]","System.Diagnostics.Eventing.Reader.EventBookmark","Information",,,"System.Collections.ObjectModel.ReadOnlyCollection`1[System.String]","System.Collections.Generic.List`1[System.Diagnostics.Eventing.Reader.EventProperty]"
"The Connected Devices Platform User Service_19f92f service entered the stopped state.","7036","0","16384","4","0","0","-9187343239835811840","5488","Service Control Manager","555908d1-a6d7-4695-8e1e-26931d2012f4","System","628","4424","ServerDC2.ad.jasonsexperiments.com",,"5/24/2025 11:16:46 AM",,,"System","System.UInt32[]","System.Diagnostics.Eventing.Reader.EventBookmark","Information",,,"System.Collections.ObjectModel.ReadOnlyCollection`1[System.String]","System.Collections.Generic.List`1[System.Diagnostics.Eventing.Reader.EventProperty]"
"The AppX Deployment Service (AppXSVC) service entered the running state.","7036","0","16384","4","0","0","-9187343239835811840","5487","Service Control Manager","555908d1-a6d7-4695-8e1e-26931d2012f4","System","628","5864","ServerDC2.ad.jasonsexperiments.com",,"5/24/2025 11:16:46 AM",,,"System","System.UInt32[]","System.Diagnostics.Eventing.Reader.EventBookmark","Information",,,"System.Collections.ObjectModel.ReadOnlyCollection`1[System.String]","System.Collections.Generic.List`1[System.Diagnostics.Eventing.Reader.EventProperty]"
"The process C:\Windows\system32\SystemSettingsAdminFlows.exe (SERVERDC2) has initiated the restart of computer SERVERDC2 on behalf of user AD-JASONS\vboxuser for the following reason: Other (Unplanned)
 Reason Code: 0x5000000
 Shutdown Type: restart
 Comment: ","1074","0","32768","4","0","0","-9187343239835811840","5486","User32","b0aa8734-56f7-41cc-b2f4-de228e98b946","System","408","424","ServerDC2.ad.jasonsexperiments.com","S-1-5-21-1767050536-1349833957-3345856044-1000","5/24/2025 11:16:45 AM",,,"System","System.UInt32[]","System.Diagnostics.Eventing.Reader.EventBookmark","Information",,,"System.Collections.ObjectModel.ReadOnlyCollection`1[System.String]","System.Collections.Generic.List`1[System.Diagnostics.Eventing.Reader.EventProperty]"
"The Event log service was stopped.","6006",,"32768","4","0",,"36028797018963968","5485","EventLog",,"System",,,"ServerDC2.ad.jasonsexperiments.com",,"5/24/2025 11:16:46 AM",,,"System","System.UInt32[]","System.Diagnostics.Eventing.Reader.EventBookmark","Information",,,"System.Collections.ObjectModel.ReadOnlyCollection`1[System.String]","System.Collections.Generic.List`1[System.Diagnostics.Eventing.Reader.EventProperty]"
"The Microsoft Passport Container service entered the stopped state.","7036","0","16384","4","0","0","-9187343239835811840","5484","Service Control Manager","555908d1-a6d7-4695-8e1e-26931d2012f4","System","628","5864","ServerDC2.ad.jasonsexperiments.com",,"5/24/2025 11:15:28 AM",,,"System","System.UInt32[]","System.Diagnostics.Eventing.Reader.EventBookmark","Information",,,"System.Collections.ObjectModel.ReadOnlyCollection`1[System.String]","System.Collections.Generic.List`1[System.Diagnostics.Eventing.Reader.EventProperty]"
"The Windows Modules Installer service entered the stopped state.","7036","0","16384","4","0","0","-9187343239835811840","5483","Service Control Manager","555908d1-a6d7-4695-8e1e-26931d2012f4","System","628","2396","ServerDC2.ad.jasonsexperiments.com",,"5/24/2025 11:11:46 AM",,,"System","System.UInt32[]","System.Diagnostics.Eventing.Reader.EventBookmark","Information",,,"System.Collections.ObjectModel.ReadOnlyCollection`1[System.String]","System.Collections.Generic.List`1[System.Diagnostics.Eventing.Reader.EventProperty]"
"The Microsoft Passport service entered the stopped state.","7036","0","16384","4","0","0","-9187343239835811840","5482","Service Control Manager","555908d1-a6d7-4695-8e1e-26931d2012f4","System","628","5160","ServerDC2.ad.jasonsexperiments.com",,"5/24/2025 11:10:27 AM",,,"System","System.UInt32[]","System.Diagnostics.Eventing.Reader.EventBookmark","Information",,,"System.Collections.ObjectModel.ReadOnlyCollection`1[System.String]","System.Collections.Generic.List`1[System.Diagnostics.Eventing.Reader.EventProperty]"
"The Diagnostic System Host service entered the stopped state.","7036","0","16384","4","0","0","-9187343239835811840","5481","Service Control Manager","555908d1-a6d7-4695-8e1e-26931d2012f4","System","628","5160","ServerDC2.ad.jasonsexperiments.com",,"5/24/2025 11:10:10 AM",,,"System","System.UInt32[]","System.Diagnostics.Eventing.Reader.EventBookmark","Information",,,"System.Collections.ObjectModel.ReadOnlyCollection`1[System.String]","System.Collections.Generic.List`1[System.Diagnostics.Eventing.Reader.EventProperty]"
"The AppX Deployment Service (AppXSVC) service entered the stopped state.","7036","0","16384","4","0","0","-9187343239835811840","5480","Service Control Manager","555908d1-a6d7-4695-8e1e-26931d2012f4","System","628","5160","ServerDC2.ad.jasonsexperiments.com",,"5/24/2025 11:10:04 AM",,,"System","System.UInt32[]","System.Diagnostics.Eventing.Reader.EventBookmark","Information",,,"System.Collections.ObjectModel.ReadOnlyCollection`1[System.String]","System.Collections.Generic.List`1[System.Diagnostics.Eventing.Reader.EventProperty]"
"The Client License Service (ClipSVC) service entered the stopped state.","7036","0","16384","4","0","0","-9187343239835811840","5479","Service Control Manager","555908d1-a6d7-4695-8e1e-26931d2012f4","System","628","5160","ServerDC2.ad.jasonsexperiments.com",,"5/24/2025 11:10:04 AM",,,"System","System.UInt32[]","System.Diagnostics.Eventing.Reader.EventBookmark","Information",,,"System.Collections.ObjectModel.ReadOnlyCollection`1[System.String]","System.Collections.Generic.List`1[System.Diagnostics.Eventing.Reader.EventProperty]"
"The Windows Modules Installer service entered the running state.","7036","0","16384","4","0","0","-9187343239835811840","5478","Service Control Manager","555908d1-a6d7-4695-8e1e-26931d2012f4","System","628","2396","ServerDC2.ad.jasonsexperiments.com",,"5/24/2025 11:09:44 AM",,,"System","System.UInt32[]","System.Diagnostics.Eventing.Reader.EventBookmark","Information",,,"System.Collections.ObjectModel.ReadOnlyCollection`1[System.String]","System.Collections.Generic.List`1[System.Diagnostics.Eventing.Reader.EventProperty]"
"The Remote Registry service entered the running state.","7036","0","16384","4","0","0","-9187343239835811840","5477","Service Control Manager","555908d1-a6d7-4695-8e1e-26931d2012f4","System","628","5160","ServerDC2.ad.jasonsexperiments.com",,"5/24/2025 11:08:15 AM",,,"System","System.UInt32[]","System.Diagnostics.Eventing.Reader.EventBookmark","Information",,,"System.Collections.ObjectModel.ReadOnlyCollection`1[System.String]","System.Collections.Generic.List`1[System.Diagnostics.Eventing.Reader.EventProperty]"
"The Application Information service entered the running state.","7036","0","16384","4","0","0","-9187343239835811840","5476","Service Control Manager","555908d1-a6d7-4695-8e1e-26931d2012f4","System","628","5160","ServerDC2.ad.jasonsexperiments.com",,"5/24/2025 11:08:09 AM",,,"System","System.UInt32[]","System.Diagnostics.Eventing.Reader.EventBookmark","Information",,,"System.Collections.ObjectModel.ReadOnlyCollection`1[System.String]","System.Collections.Generic.List`1[System.Diagnostics.Eventing.Reader.EventProperty]"
"The Microsoft Passport Container service entered the running state.","7036","0","16384","4","0","0","-9187343239835811840","5475","Service Control Manager","555908d1-a6d7-4695-8e1e-26931d2012f4","System","628","2396","ServerDC2.ad.jasonsexperiments.com",,"5/24/2025 11:06:56 AM",,,"System","System.UInt32[]","System.Diagnostics.Eventing.Reader.EventBookmark","Information",,,"System.Collections.ObjectModel.ReadOnlyCollection`1[System.String]","System.Collections.Generic.List`1[System.Diagnostics.Eventing.Reader.EventProperty]"
"The Microsoft Passport service entered the running state.","7036","0","16384","4","0","0","-9187343239835811840","5474","Service Control Manager","555908d1-a6d7-4695-8e1e-26931d2012f4","System","628","1448","ServerDC2.ad.jasonsexperiments.com",,"5/24/2025 11:06:56 AM",,,"System","System.UInt32[]","System.Diagnostics.Eventing.Reader.EventBookmark","Information",,,"System.Collections.ObjectModel.ReadOnlyCollection`1[System.String]","System.Collections.Generic.List`1[System.Diagnostics.Eventing.Reader.EventProperty]"
"The access history in hive \??\C:\Users\vboxuser\AppData\Local\Packages\Microsoft.LockApp_cw5n1h2txyewy\Settings\settings.dat was cleared updating 3 keys and creating 1 modified pages.","16","0",,"4","0","0","-9223372036854775808","5473","Microsoft-Windows-Kernel-General","a68ca8b7-004f-d7b6-a698-07e2de0f1f5d","System","6008","4008","ServerDC2.ad.jasonsexperiments.com","S-1-5-18","5/24/2025 11:05:29 AM",,,"System","System.UInt32[]","System.Diagnostics.Eventing.Reader.EventBookmark","Information","Info",,"System.Collections.ObjectModel.ReadOnlyCollection`1[System.String]","System.Collections.Generic.List`1[System.Diagnostics.Eventing.Reader.EventProperty]"
"The Windows Update service entered the stopped state.","7036","0","16384","4","0","0","-9187343239835811840","5472","Service Control Manager","555908d1-a6d7-4695-8e1e-26931d2012f4","System","628","604","ServerDC2.ad.jasonsexperiments.com",,"5/24/2025 11:05:08 AM",,,"System","System.UInt32[]","System.Diagnostics.Eventing.Reader.EventBookmark","Information",,,"System.Collections.ObjectModel.ReadOnlyCollection`1[System.String]","System.Collections.Generic.List`1[System.Diagnostics.Eventing.Reader.EventProperty]"
"The Client License Service (ClipSVC) service entered the running state.","7036","0","16384","4","0","0","-9187343239835811840","5471","Service Control Manager","555908d1-a6d7-4695-8e1e-26931d2012f4","System","628","5160","ServerDC2.ad.jasonsexperiments.com",,"5/24/2025 11:05:04 AM",,,"System","System.UInt32[]","System.Diagnostics.Eventing.Reader.EventBookmark","Information",,,"System.Collections.ObjectModel.ReadOnlyCollection`1[System.String]","System.Collections.Generic.List`1[System.Diagnostics.Eventing.Reader.EventProperty]"
"The AppX Deployment Service (AppXSVC) service entered the running state.","7036","0","16384","4","0","0","-9187343239835811840","5470","Service Control Manager","555908d1-a6d7-4695-8e1e-26931d2012f4","System","628","5160","ServerDC2.ad.jasonsexperiments.com",,"5/24/2025 11:05:04 AM",,,"System","System.UInt32[]","System.Diagnostics.Eventing.Reader.EventBookmark","Information",,,"System.Collections.ObjectModel.ReadOnlyCollection`1[System.String]","System.Collections.Generic.List`1[System.Diagnostics.Eventing.Reader.EventProperty]"
"The Storage Service service entered the running state.","7036","0","16384","4","0","0","-9187343239835811840","5469","Service Control Manager","555908d1-a6d7-4695-8e1e-26931d2012f4","System","628","5160","ServerDC2.ad.jasonsexperiments.com",,"5/24/2025 11:05:04 AM",,,"System","System.UInt32[]","System.Diagnostics.Eventing.Reader.EventBookmark","Information",,,"System.Collections.ObjectModel.ReadOnlyCollection`1[System.String]","System.Collections.Generic.List`1[System.Diagnostics.Eventing.Reader.EventProperty]"
"The Microsoft Passport Container service entered the stopped state.","7036","0","16384","4","0","0","-9187343239835811840","5468","Service Control Manager","555908d1-a6d7-4695-8e1e-26931d2012f4","System","628","2652","ServerDC2.ad.jasonsexperiments.com",,"5/24/2025 11:01:44 AM",,,"System","System.UInt32[]","System.Diagnostics.Eventing.Reader.EventBookmark","Information",,,"System.Collections.ObjectModel.ReadOnlyCollection`1[System.String]","System.Collections.Generic.List`1[System.Diagnostics.Eventing.Reader.EventProperty]"
"The Microsoft Account Sign-in Assistant service entered the stopped state.","7036","0","16384","4","0","0","-9187343239835811840","5467","Service Control Manager","555908d1-a6d7-4695-8e1e-26931d2012f4","System","628","604","ServerDC2.ad.jasonsexperiments.com",,"5/24/2025 11:00:47 AM",,,"System","System.UInt32[]","System.Diagnostics.Eventing.Reader.EventBookmark","Information",,,"System.Collections.ObjectModel.ReadOnlyCollection`1[System.String]","System.Collections.Generic.List`1[System.Diagnostics.Eventing.Reader.EventProperty]"
"The Capability Access Manager Service service entered the stopped state.","7036","0","16384","4","0","0","-9187343239835811840","5466","Service Control Manager","555908d1-a6d7-4695-8e1e-26931d2012f4","System","628","604","ServerDC2.ad.jasonsexperiments.com",,"5/24/2025 11:00:14 AM",,,"System","System.UInt32[]","System.Diagnostics.Eventing.Reader.EventBookmark","Information",,,"System.Collections.ObjectModel.ReadOnlyCollection`1[System.String]","System.Collections.Generic.List`1[System.Diagnostics.Eventing.Reader.EventProperty]"
"The AppX Deployment Service (AppXSVC) service entered the stopped state.","7036","0","16384","4","0","0","-9187343239835811840","5465","Service Control Manager","555908d1-a6d7-4695-8e1e-26931d2012f4","System","628","604","ServerDC2.ad.jasonsexperiments.com",,"5/24/2025 10:59:50 AM",,,"System","System.UInt32[]","System.Diagnostics.Eventing.Reader.EventBookmark","Information",,,"System.Collections.ObjectModel.ReadOnlyCollection`1[System.String]","System.Collections.Generic.List`1[System.Diagnostics.Eventing.Reader.EventProperty]"
"The Windows Biometric Service service entered the stopped state.","7036","0","16384","4","0","0","-9187343239835811840","5464","Service Control Manager","555908d1-a6d7-4695-8e1e-26931d2012f4","System","628","604","ServerDC2.ad.jasonsexperiments.com",,"5/24/2025 10:58:19 AM",,,"System","System.UInt32[]","System.Diagnostics.Eventing.Reader.EventBookmark","Information",,,"System.Collections.ObjectModel.ReadOnlyCollection`1[System.String]","System.Collections.Generic.List`1[System.Diagnostics.Eventing.Reader.EventProperty]"
"The Windows Modules Installer service entered the stopped state.","7036","0","16384","4","0","0","-9187343239835811840","5463","Service Control Manager","555908d1-a6d7-4695-8e1e-26931d2012f4","System","628","604","ServerDC2.ad.jasonsexperiments.com",,"5/24/2025 10:57:07 AM",,,"System","System.UInt32[]","System.Diagnostics.Eventing.Reader.EventBookmark","Information",,,"System.Collections.ObjectModel.ReadOnlyCollection`1[System.String]","System.Collections.Generic.List`1[System.Diagnostics.Eventing.Reader.EventProperty]"
"The Microsoft Passport service entered the stopped state.","7036","0","16384","4","0","0","-9187343239835811840","5462","Service Control Manager","555908d1-a6d7-4695-8e1e-26931d2012f4","System","628","604","ServerDC2.ad.jasonsexperiments.com",,"5/24/2025 10:56:48 AM",,,"System","System.UInt32[]","System.Diagnostics.Eventing.Reader.EventBookmark","Information",,,"System.Collections.ObjectModel.ReadOnlyCollection`1[System.String]","System.Collections.Generic.List`1[System.Diagnostics.Eventing.Reader.EventProperty]"
"The Windows Update Medic Service service entered the stopped state.","7036","0","16384","4","0","0","-9187343239835811840","5461","Service Control Manager","555908d1-a6d7-4695-8e1e-26931d2012f4","System","628","604","ServerDC2.ad.jasonsexperiments.com",,"5/24/2025 10:55:58 AM",,,"System","System.UInt32[]","System.Diagnostics.Eventing.Reader.EventBookmark","Information",,,"System.Collections.ObjectModel.ReadOnlyCollection`1[System.String]","System.Collections.Generic.List`1[System.Diagnostics.Eventing.Reader.EventProperty]"
"The Software Protection service entered the stopped state.","7036","0","16384","4","0","0","-9187343239835811840","5460","Service Control Manager","555908d1-a6d7-4695-8e1e-26931d2012f4","System","628","604","ServerDC2.ad.jasonsexperiments.com",,"5/24/2025 10:55:51 AM",,,"System","System.UInt32[]","System.Diagnostics.Eventing.Reader.EventBookmark","Information",,,"System.Collections.ObjectModel.ReadOnlyCollection`1[System.String]","System.Collections.Generic.List`1[System.Diagnostics.Eventing.Reader.EventProperty]"
"The Windows Security Service service entered the running state.","7036","0","16384","4","0","0","-9187343239835811840","5459","Service Control Manager","555908d1-a6d7-4695-8e1e-26931d2012f4","System","628","4656","ServerDC2.ad.jasonsexperiments.com",,"5/24/2025 10:55:18 AM",,,"System","System.UInt32[]","System.Diagnostics.Eventing.Reader.EventBookmark","Information",,,"System.Collections.ObjectModel.ReadOnlyCollection`1[System.String]","System.Collections.Generic.List`1[System.Diagnostics.Eventing.Reader.EventProperty]"
"The Windows Modules Installer service entered the running state.","7036","0","16384","4","0","0","-9187343239835811840","5458","Service Control Manager","555908d1-a6d7-4695-8e1e-26931d2012f4","System","628","2652","ServerDC2.ad.jasonsexperiments.com",,"5/24/2025 10:55:01 AM",,,"System","System.UInt32[]","System.Diagnostics.Eventing.Reader.EventBookmark","Information",,,"System.Collections.ObjectModel.ReadOnlyCollection`1[System.String]","System.Collections.Generic.List`1[System.Diagnostics.Eventing.Reader.EventProperty]"
"The Windows Update Medic Service service entered the running state.","7036","0","16384","4","0","0","-9187343239835811840","5457","Service Control Manager","555908d1-a6d7-4695-8e1e-26931d2012f4","System","628","4656","ServerDC2.ad.jasonsexperiments.com",,"5/24/2025 10:55:01 AM",,,"System","System.UInt32[]","System.Diagnostics.Eventing.Reader.EventBookmark","Information",,,"System.Collections.ObjectModel.ReadOnlyCollection`1[System.String]","System.Collections.Generic.List`1[System.Diagnostics.Eventing.Reader.EventProperty]"
"The Windows Biometric Service service entered the running state.","7036","0","16384","4","0","0","-9187343239835811840","5456","Service Control Manager","555908d1-a6d7-4695-8e1e-26931d2012f4","System","628","2652","ServerDC2.ad.jasonsexperiments.com",,"5/24/2025 10:54:59 AM",,,"System","System.UInt32[]","System.Diagnostics.Eventing.Reader.EventBookmark","Information",,,"System.Collections.ObjectModel.ReadOnlyCollection`1[System.String]","System.Collections.Generic.List`1[System.Diagnostics.Eventing.Reader.EventProperty]"
"The AVCTP service service entered the running state.","7036","0","16384","4","0","0","-9187343239835811840","5455","Service Control Manager","555908d1-a6d7-4695-8e1e-26931d2012f4","System","628","4656","ServerDC2.ad.jasonsexperiments.com",,"5/24/2025 10:54:57 AM",,,"System","System.UInt32[]","System.Diagnostics.Eventing.Reader.EventBookmark","Information",,,"System.Collections.ObjectModel.ReadOnlyCollection`1[System.String]","System.Collections.Generic.List`1[System.Diagnostics.Eventing.Reader.EventProperty]"
"The Capability Access Manager Service service entered the running state.","7036","0","16384","4","0","0","-9187343239835811840","5454","Service Control Manager","555908d1-a6d7-4695-8e1e-26931d2012f4","System","628","604","ServerDC2.ad.jasonsexperiments.com",,"5/24/2025 10:54:46 AM",,,"System","System.UInt32[]","System.Diagnostics.Eventing.Reader.EventBookmark","Information",,,"System.Collections.ObjectModel.ReadOnlyCollection`1[System.String]","System.Collections.Generic.List`1[System.Diagnostics.Eventing.Reader.EventProperty]"
"The access history in hive \??\C:\Users\vboxuser\AppData\Local\Packages\Microsoft.Windows.Cortana_cw5n1h2txyewy\Settings\settings.dat was cleared updating 35 keys and creating 7 modified pages.","16","0",,"4","0","0","-9223372036854775808","5453","Microsoft-Windows-Kernel-General","a68ca8b7-004f-d7b6-a698-07e2de0f1f5d","System","1628","1516","ServerDC2.ad.jasonsexperiments.com","S-1-5-18","5/24/2025 10:54:46 AM",,,"System","System.UInt32[]","System.Diagnostics.Eventing.Reader.EventBookmark","Information","Info",,"System.Collections.ObjectModel.ReadOnlyCollection`1[System.String]","System.Collections.Generic.List`1[System.Diagnostics.Eventing.Reader.EventProperty]"
"The access history in hive \??\C:\Users\vboxuser\AppData\Local\Packages\Microsoft.Windows.ShellExperienceHost_cw5n1h2txyewy\Settings\settings.dat was cleared updating 3 keys and creating 1 modified pages.","16","0",,"4","0","0","-9223372036854775808","5452","Microsoft-Windows-Kernel-General","a68ca8b7-004f-d7b6-a698-07e2de0f1f5d","System","1304","2108","ServerDC2.ad.jasonsexperiments.com","S-1-5-18","5/24/2025 10:54:46 AM",,,"System","System.UInt32[]","System.Diagnostics.Eventing.Reader.EventBookmark","Information","Info",,"System.Collections.ObjectModel.ReadOnlyCollection`1[System.String]","System.Collections.Generic.List`1[System.Diagnostics.Eventing.Reader.EventProperty]"
"The Microsoft Account Sign-in Assistant service entered the running state.","7036","0","16384","4","0","0","-9187343239835811840","5451","Service Control Manager","555908d1-a6d7-4695-8e1e-26931d2012f4","System","628","2652","ServerDC2.ad.jasonsexperiments.com",,"5/24/2025 10:54:45 AM",,,"System","System.UInt32[]","System.Diagnostics.Eventing.Reader.EventBookmark","Information",,,"System.Collections.ObjectModel.ReadOnlyCollection`1[System.String]","System.Collections.Generic.List`1[System.Diagnostics.Eventing.Reader.EventProperty]"
"The machine-default permission settings do not grant Local Activation permission for the COM Server application with CLSID 
{F87B28F1-DA9A-4F35-8EC0-800EFCF26B83}
 and APPID 
{0868DC9B-D9A2-4F64-9362-133CEA201299}
 to the user NT AUTHORITY\NETWORK SERVICE SID (S-1-5-20) from address LocalHost (Using LRPC) running in the application container Unavailable SID (Unavailable). This security permission can be modified using the Component Services administrative tool.","10016","0","0","2","0","0","-9187343239835811840","5450","Microsoft-Windows-DistributedCOM","1b562e86-b7aa-4131-badc-b6f3a001407e","System","932","1388","ServerDC2.ad.jasonsexperiments.com","S-1-5-20","5/24/2025 10:54:44 AM",,,"System","System.UInt32[]","System.Diagnostics.Eventing.Reader.EventBookmark","Error","Info",,"System.Collections.ObjectModel.ReadOnlyCollection`1[System.String]","System.Collections.Generic.List`1[System.Diagnostics.Eventing.Reader.EventProperty]"
"The Software Protection service entered the running state.","7036","0","16384","4","0","0","-9187343239835811840","5449","Service Control Manager","555908d1-a6d7-4695-8e1e-26931d2012f4","System","628","2652","ServerDC2.ad.jasonsexperiments.com",,"5/24/2025 10:54:44 AM",,,"System","System.UInt32[]","System.Diagnostics.Eventing.Reader.EventBookmark","Information",,,"System.Collections.ObjectModel.ReadOnlyCollection`1[System.String]","System.Collections.Generic.List`1[System.Diagnostics.Eventing.Reader.EventProperty]"
"The State Repository Service service entered the running state.","7036","0","16384","4","0","0","-9187343239835811840","5448","Service Control Manager","555908d1-a6d7-4695-8e1e-26931d2012f4","System","628","4720","ServerDC2.ad.jasonsexperiments.com",,"5/24/2025 10:54:44 AM",,,"System","System.UInt32[]","System.Diagnostics.Eventing.Reader.EventBookmark","Information",,,"System.Collections.ObjectModel.ReadOnlyCollection`1[System.String]","System.Collections.Generic.List`1[System.Diagnostics.Eventing.Reader.EventProperty]"
"The Microsoft Passport Container service entered the running state.","7036","0","16384","4","0","0","-9187343239835811840","5447","Service Control Manager","555908d1-a6d7-4695-8e1e-26931d2012f4","System","628","604","ServerDC2.ad.jasonsexperiments.com",,"5/24/2025 10:54:44 AM",,,"System","System.UInt32[]","System.Diagnostics.Eventing.Reader.EventBookmark","Information",,,"System.Collections.ObjectModel.ReadOnlyCollection`1[System.String]","System.Collections.Generic.List`1[System.Diagnostics.Eventing.Reader.EventProperty]"
"The Touch Keyboard and Handwriting Panel Service service entered the running state.","7036","0","16384","4","0","0","-9187343239835811840","5446","Service Control Manager","555908d1-a6d7-4695-8e1e-26931d2012f4","System","628","604","ServerDC2.ad.jasonsexperiments.com",,"5/24/2025 10:54:44 AM",,,"System","System.UInt32[]","System.Diagnostics.Eventing.Reader.EventBookmark","Information",,,"System.Collections.ObjectModel.ReadOnlyCollection`1[System.String]","System.Collections.Generic.List`1[System.Diagnostics.Eventing.Reader.EventProperty]"
"The Web Account Manager service entered the running state.","7036","0","16384","4","0","0","-9187343239835811840","5445","Service Control Manager","555908d1-a6d7-4695-8e1e-26931d2012f4","System","628","604","ServerDC2.ad.jasonsexperiments.com",,"5/24/2025 10:54:44 AM",,,"System","System.UInt32[]","System.Diagnostics.Eventing.Reader.EventBookmark","Information",,,"System.Collections.ObjectModel.ReadOnlyCollection`1[System.String]","System.Collections.Generic.List`1[System.Diagnostics.Eventing.Reader.EventProperty]"
"The Microsoft Passport service entered the running state.","7036","0","16384","4","0","0","-9187343239835811840","5444","Service Control Manager","555908d1-a6d7-4695-8e1e-26931d2012f4","System","628","2652","ServerDC2.ad.jasonsexperiments.com",,"5/24/2025 10:54:43 AM",,,"System","System.UInt32[]","System.Diagnostics.Eventing.Reader.EventBookmark","Information",,,"System.Collections.ObjectModel.ReadOnlyCollection`1[System.String]","System.Collections.Generic.List`1[System.Diagnostics.Eventing.Reader.EventProperty]"
"The Connected Devices Platform User Service_19f92f service entered the running state.","7036","0","16384","4","0","0","-9187343239835811840","5443","Service Control Manager","555908d1-a6d7-4695-8e1e-26931d2012f4","System","628","4656","ServerDC2.ad.jasonsexperiments.com",,"5/24/2025 10:54:43 AM",,,"System","System.UInt32[]","System.Diagnostics.Eventing.Reader.EventBookmark","Information",,,"System.Collections.ObjectModel.ReadOnlyCollection`1[System.String]","System.Collections.Generic.List`1[System.Diagnostics.Eventing.Reader.EventProperty]"
"The Windows Push Notifications User Service_19f92f service entered the running state.","7036","0","16384","4","0","0","-9187343239835811840","5442","Service Control Manager","555908d1-a6d7-4695-8e1e-26931d2012f4","System","628","2556","ServerDC2.ad.jasonsexperiments.com",,"5/24/2025 10:54:43 AM",,,"System","System.UInt32[]","System.Diagnostics.Eventing.Reader.EventBookmark","Information",,,"System.Collections.ObjectModel.ReadOnlyCollection`1[System.String]","System.Collections.Generic.List`1[System.Diagnostics.Eventing.Reader.EventProperty]"
"The access history in hive \??\C:\Users\vboxuser\AppData\Local\Microsoft\Windows\UsrClass.dat was cleared updating 555 keys and creating 151 modified pages.","16","0",,"4","0","0","-9223372036854775808","5441","Microsoft-Windows-Kernel-General","a68ca8b7-004f-d7b6-a698-07e2de0f1f5d","System","1688","2572","ServerDC2.ad.jasonsexperiments.com","S-1-5-18","5/24/2025 10:54:43 AM",,,"System","System.UInt32[]","System.Diagnostics.Eventing.Reader.EventBookmark","Information","Info",,"System.Collections.ObjectModel.ReadOnlyCollection`1[System.String]","System.Collections.Generic.List`1[System.Diagnostics.Eventing.Reader.EventProperty]"
"The access history in hive \??\C:\Users\vboxuser\ntuser.dat was cleared updating 950 keys and creating 105 modified pages.","16","0",,"4","0","0","-9223372036854775808","5440","Microsoft-Windows-Kernel-General","a68ca8b7-004f-d7b6-a698-07e2de0f1f5d","System","1688","2572","ServerDC2.ad.jasonsexperiments.com","S-1-5-18","5/24/2025 10:54:43 AM",,,"System","System.UInt32[]","System.Diagnostics.Eventing.Reader.EventBookmark","Information","Info",,"System.Collections.ObjectModel.ReadOnlyCollection`1[System.String]","System.Collections.Generic.List`1[System.Diagnostics.Eventing.Reader.EventProperty]"
"User Logon Notification for Customer Experience Improvement Program","7001","0",,"4","1101","0","2305878193585782784","5439","Microsoft-Windows-Winlogon","dbe9b383-7cf3-4331-91cc-a3cb16a3b538","System","556","76","ServerDC2.ad.jasonsexperiments.com","S-1-5-18","5/24/2025 10:54:43 AM",,,"System","System.UInt32[]","System.Diagnostics.Eventing.Reader.EventBookmark","Information","Info",,"System.Collections.ObjectModel.ReadOnlyCollection`1[System.String]","System.Collections.Generic.List`1[System.Diagnostics.Eventing.Reader.EventProperty]"
"The State Repository Service service entered the stopped state.","7036","0","16384","4","0","0","-9187343239835811840","5438","Service Control Manager","555908d1-a6d7-4695-8e1e-26931d2012f4","System","628","2556","ServerDC2.ad.jasonsexperiments.com",,"5/24/2025 10:54:18 AM",,,"System","System.UInt32[]","System.Diagnostics.Eventing.Reader.EventBookmark","Information",,,"System.Collections.ObjectModel.ReadOnlyCollection`1[System.String]","System.Collections.Generic.List`1[System.Diagnostics.Eventing.Reader.EventProperty]"
"The Software Protection service entered the stopped state.","7036","0","16384","4","0","0","-9187343239835811840","5437","Service Control Manager","555908d1-a6d7-4695-8e1e-26931d2012f4","System","628","2556","ServerDC2.ad.jasonsexperiments.com",,"5/24/2025 10:53:51 AM",,,"System","System.UInt32[]","System.Diagnostics.Eventing.Reader.EventBookmark","Information",,,"System.Collections.ObjectModel.ReadOnlyCollection`1[System.String]","System.Collections.Generic.List`1[System.Diagnostics.Eventing.Reader.EventProperty]"
"The Program Compatibility Assistant Service service entered the running state.","7036","0","16384","4","0","0","-9187343239835811840","5436","Service Control Manager","555908d1-a6d7-4695-8e1e-26931d2012f4","System","628","2556","ServerDC2.ad.jasonsexperiments.com",,"5/24/2025 10:53:24 AM",,,"System","System.UInt32[]","System.Diagnostics.Eventing.Reader.EventBookmark","Information",,,"System.Collections.ObjectModel.ReadOnlyCollection`1[System.String]","System.Collections.Generic.List`1[System.Diagnostics.Eventing.Reader.EventProperty]"
"The Diagnostic System Host service entered the running state.","7036","0","16384","4","0","0","-9187343239835811840","5435","Service Control Manager","555908d1-a6d7-4695-8e1e-26931d2012f4","System","628","4720","ServerDC2.ad.jasonsexperiments.com",,"5/24/2025 10:53:24 AM",,,"System","System.UInt32[]","System.Diagnostics.Eventing.Reader.EventBookmark","Information",,,"System.Collections.ObjectModel.ReadOnlyCollection`1[System.String]","System.Collections.Generic.List`1[System.Diagnostics.Eventing.Reader.EventProperty]"
"The AppX Deployment Service (AppXSVC) service entered the running state.","7036","0","16384","4","0","0","-9187343239835811840","5434","Service Control Manager","555908d1-a6d7-4695-8e1e-26931d2012f4","System","628","2556","ServerDC2.ad.jasonsexperiments.com",,"5/24/2025 10:53:21 AM",,,"System","System.UInt32[]","System.Diagnostics.Eventing.Reader.EventBookmark","Information",,,"System.Collections.ObjectModel.ReadOnlyCollection`1[System.String]","System.Collections.Generic.List`1[System.Diagnostics.Eventing.Reader.EventProperty]"
"The State Repository Service service entered the running state.","7036","0","16384","4","0","0","-9187343239835811840","5433","Service Control Manager","555908d1-a6d7-4695-8e1e-26931d2012f4","System","628","2652","ServerDC2.ad.jasonsexperiments.com",,"5/24/2025 10:53:21 AM",,,"System","System.UInt32[]","System.Diagnostics.Eventing.Reader.EventBookmark","Information",,,"System.Collections.ObjectModel.ReadOnlyCollection`1[System.String]","System.Collections.Generic.List`1[System.Diagnostics.Eventing.Reader.EventProperty]"
