"DHCPv4 client service is started","50036","0",,"4","4","68","2305843009213693952","5586","Microsoft-Windows-Dhcp-Client","15a7a4f8-0072-4eab-abad-f98a4d666aed","System","1128","1184","ServerDC2.ad.jasonsexperiments.com","S-1-5-19","5/24/2025 11:17:06 AM",,,"System","System.UInt32[]","System.Diagnostics.Eventing.Reader.EventBookmark","Information","ServiceStart","Service State Event","System.Collections.ObjectModel.ReadOnlyCollection`1[System.String]","System.Collections.Generic.List`1[System.Diagnostics.Eventing.Reader.EventProperty]"
"The TimeBrokerSvc service entered the running state.","7036","0","16384","4","0","0","-9187343239835811840","5585","Service Control Manager","555908d1-a6d7-4695-8e1e-26931d2012f4","System","620","404","ServerDC2.ad.jasonsexperiments.com",,"5/24/2025 11:17:06 AM",,,"System","System.UInt32[]","System.Diagnostics.Eventing.Reader.EventBookmark","Information",,,"System.Collections.ObjectModel.ReadOnlyCollection`1[System.String]","System.Collections.Generic.List`1[System.Diagnostics.Eventing.Reader.EventProperty]"
"The lmhosts service entered the running state.","7036","0","16384","4","0","0","-9187343239835811840","5584","Service Control Manager","555908d1-a6d7-4695-8e1e-26931d2012f4","System","620","1032","ServerDC2.ad.jasonsexperiments.com",,"5/24/2025 11:17:06 AM",,,"System","System.UInt32[]","System.Diagnostics.Eventing.Reader.EventBookmark","Information",,,"System.Collections.ObjectModel.ReadOnlyCollection`1[System.String]","System.Collections.Generic.List`1[System.Diagnostics.Eventing.Reader.EventProperty]"
"The nsi service entered the running state.","7036","0","16384","4","0","0","-9187343239835811840","5583","Service Control Manager","555908d1-a6d7-4695-8e1e-26931d2012f4","System","620","1032","ServerDC2.ad.jasonsexperiments.com",,"5/24/2025 11:17:06 AM",,,"System","System.UInt32[]","System.Diagnostics.Eventing.Reader.EventBookmark","Information",,,"System.Collections.ObjectModel.ReadOnlyCollection`1[System.String]","System.Collections.Generic.List`1[System.Diagnostics.Eventing.Reader.EventProperty]"
"The device driver for the Trusted Platform Module (TPM) encountered a non-recoverable error in the TPM hardware, which prevents TPM services (such as data encryption) from being used. For further help, please contact the computer manufacturer.","15","0",,"2","0","0","-9223372036854775808","5582","TPM","1b6b0772-251b-4d42-917d-faca166bc059","System","4","320","ServerDC2.ad.jasonsexperiments.com","S-1-5-18","5/24/2025 11:17:06 AM",,,"System","System.UInt32[]","System.Diagnostics.Eventing.Reader.EventBookmark","Error","Info",,"System.Collections.ObjectModel.ReadOnlyCollection`1[System.String]","System.Collections.Generic.List`1[System.Diagnostics.Eventing.Reader.EventProperty]"
"The SystemEventsBroker service entered the running state.","7036","0","16384","4","0","0","-9187343239835811840","5581","Service Control Manager","555908d1-a6d7-4695-8e1e-26931d2012f4","System","620","708","ServerDC2.ad.jasonsexperiments.com",,"5/24/2025 11:17:05 AM",,,"System","System.UInt32[]","System.Diagnostics.Eventing.Reader.EventBookmark","Information",,,"System.Collections.ObjectModel.ReadOnlyCollection`1[System.String]","System.Collections.Generic.List`1[System.Diagnostics.Eventing.Reader.EventProperty]"
"The BrokerInfrastructure service entered the running state.","7036","0","16384","4","0","0","-9187343239835811840","5580","Service Control Manager","555908d1-a6d7-4695-8e1e-26931d2012f4","System","620","708","ServerDC2.ad.jasonsexperiments.com",,"5/24/2025 11:17:05 AM",,,"System","System.UInt32[]","System.Diagnostics.Eventing.Reader.EventBookmark","Information",,,"System.Collections.ObjectModel.ReadOnlyCollection`1[System.String]","System.Collections.Generic.List`1[System.Diagnostics.Eventing.Reader.EventProperty]"
"The LSM service entered the running state.","7036","0","16384","4","0","0","-9187343239835811840","5579","Service Control Manager","555908d1-a6d7-4695-8e1e-26931d2012f4","System","620","732","ServerDC2.ad.jasonsexperiments.com",,"5/24/2025 11:17:05 AM",,,"System","System.UInt32[]","System.Diagnostics.Eventing.Reader.EventBookmark","Information",,,"System.Collections.ObjectModel.ReadOnlyCollection`1[System.String]","System.Collections.Generic.List`1[System.Diagnostics.Eventing.Reader.EventProperty]"
"The RpcSs service entered the running state.","7036","0","16384","4","0","0","-9187343239835811840","5578","Service Control Manager","555908d1-a6d7-4695-8e1e-26931d2012f4","System","620","732","ServerDC2.ad.jasonsexperiments.com",,"5/24/2025 11:17:05 AM",,,"System","System.UInt32[]","System.Diagnostics.Eventing.Reader.EventBookmark","Information",,,"System.Collections.ObjectModel.ReadOnlyCollection`1[System.String]","System.Collections.Generic.List`1[System.Diagnostics.Eventing.Reader.EventProperty]"
"The DcomLaunch service entered the running state.","7036","0","16384","4","0","0","-9187343239835811840","5577","Service Control Manager","555908d1-a6d7-4695-8e1e-26931d2012f4","System","620","708","ServerDC2.ad.jasonsexperiments.com",,"5/24/2025 11:17:05 AM",,,"System","System.UInt32[]","System.Diagnostics.Eventing.Reader.EventBookmark","Information",,,"System.Collections.ObjectModel.ReadOnlyCollection`1[System.String]","System.Collections.Generic.List`1[System.Diagnostics.Eventing.Reader.EventProperty]"
"The RpcEptMapper service entered the running state.","7036","0","16384","4","0","0","-9187343239835811840","5576","Service Control Manager","555908d1-a6d7-4695-8e1e-26931d2012f4","System","620","708","ServerDC2.ad.jasonsexperiments.com",,"5/24/2025 11:17:05 AM",,,"System","System.UInt32[]","System.Diagnostics.Eventing.Reader.EventBookmark","Information",,,"System.Collections.ObjectModel.ReadOnlyCollection`1[System.String]","System.Collections.Generic.List`1[System.Diagnostics.Eventing.Reader.EventProperty]"
"The Power service entered the running state.","7036","0","16384","4","0","0","-9187343239835811840","5575","Service Control Manager","555908d1-a6d7-4695-8e1e-26931d2012f4","System","620","708","ServerDC2.ad.jasonsexperiments.com",,"5/24/2025 11:17:05 AM",,,"System","System.UInt32[]","System.Diagnostics.Eventing.Reader.EventBookmark","Information",,,"System.Collections.ObjectModel.ReadOnlyCollection`1[System.String]","System.Collections.Generic.List`1[System.Diagnostics.Eventing.Reader.EventProperty]"
"The PlugPlay service entered the running state.","7036","0","16384","4","0","0","-9187343239835811840","5574","Service Control Manager","555908d1-a6d7-4695-8e1e-26931d2012f4","System","620","708","ServerDC2.ad.jasonsexperiments.com",,"5/24/2025 11:17:05 AM",,,"System","System.UInt32[]","System.Diagnostics.Eventing.Reader.EventBookmark","Information",,,"System.Collections.ObjectModel.ReadOnlyCollection`1[System.String]","System.Collections.Generic.List`1[System.Diagnostics.Eventing.Reader.EventProperty]"
"The security account manager successfully initialized the Local Administrator Password Solution (LAPS) extension dll.
","16993","0",,"4","0","0","-9223372036854775808","5573","Microsoft-Windows-Directory-Services-SAM","0d4fdc09-8c27-494a-bda0-505e4fd8adae","System","628","632","ServerDC2.ad.jasonsexperiments.com","S-1-5-18","5/24/2025 11:17:05 AM",,,"System","System.UInt32[]","System.Diagnostics.Eventing.Reader.EventBookmark","Information","Info",,"System.Collections.ObjectModel.ReadOnlyCollection`1[System.String]","System.Collections.Generic.List`1[System.Diagnostics.Eventing.Reader.EventProperty]"
"The security account manager is now logging periodic summary events for remote clients that call legacy password change or set RPC methods.

For more information please see https://go.microsoft.com/fwlink/?linkid=2150956.
","16983","0",,"4","0","0","-9223372036854775808","5572","Microsoft-Windows-Directory-Services-SAM","0d4fdc09-8c27-494a-bda0-505e4fd8adae","System","628","632","ServerDC2.ad.jasonsexperiments.com","S-1-5-18","5/24/2025 11:17:05 AM",,,"System","System.UInt32[]","System.Diagnostics.Eventing.Reader.EventBookmark","Information","Info",,"System.Collections.ObjectModel.ReadOnlyCollection`1[System.String]","System.Collections.Generic.List`1[System.Diagnostics.Eventing.Reader.EventProperty]"
"The domain is configured with the following minimum password length-related settings.

MinimumPasswordLength: 7

MinimumPasswordLengthAudit: -1

For more information see https://go.microsoft.com/fwlink/?LinkId=2097191.
","16977","0",,"4","0","0","-9223372036854775808","5571","Microsoft-Windows-Directory-Services-SAM","0d4fdc09-8c27-494a-bda0-505e4fd8adae","System","628","632","ServerDC2.ad.jasonsexperiments.com","S-1-5-18","5/24/2025 11:17:05 AM",,,"System","System.UInt32[]","System.Diagnostics.Eventing.Reader.EventBookmark","Information","Info",,"System.Collections.ObjectModel.ReadOnlyCollection`1[System.String]","System.Collections.Generic.List`1[System.Diagnostics.Eventing.Reader.EventProperty]"
"The device driver for the Trusted Platform Module (TPM) encountered a non-recoverable error in the TPM hardware, which prevents TPM services (such as data encryption) from being used. For further help, please contact the computer manufacturer.","15","0",,"2","0","0","-9223372036854775808","5570","TPM","1b6b0772-251b-4d42-917d-faca166bc059","System","4","320","ServerDC2.ad.jasonsexperiments.com","S-1-5-18","5/24/2025 11:17:05 AM",,,"System","System.UInt32[]","System.Diagnostics.Eventing.Reader.EventBookmark","Error","Info",,"System.Collections.ObjectModel.ReadOnlyCollection`1[System.String]","System.Collections.Generic.List`1[System.Diagnostics.Eventing.Reader.EventProperty]"
"The domain is configured with the following minimum password length-related settings.

MinimumPasswordLength: 7

MinimumPasswordLengthAudit: 0

For more information see https://go.microsoft.com/fwlink/?LinkId=2097191.
","16977","0",,"4","0","0","-9223372036854775808","5569","Microsoft-Windows-Directory-Services-SAM","0d4fdc09-8c27-494a-bda0-505e4fd8adae","System","628","812","ServerDC2.ad.jasonsexperiments.com","S-1-5-18","5/24/2025 11:17:05 AM",,,"System","System.UInt32[]","System.Diagnostics.Eventing.Reader.EventBookmark","Information","Info",,"System.Collections.ObjectModel.ReadOnlyCollection`1[System.String]","System.Collections.Generic.List`1[System.Diagnostics.Eventing.Reader.EventProperty]"
"The device driver for the Trusted Platform Module (TPM) encountered a non-recoverable error in the TPM hardware, which prevents TPM services (such as data encryption) from being used. For further help, please contact the computer manufacturer.","15","0",,"2","0","0","-9223372036854775808","5568","TPM","1b6b0772-251b-4d42-917d-faca166bc059","System","4","320","ServerDC2.ad.jasonsexperiments.com","S-1-5-18","5/24/2025 11:17:05 AM",,,"System","System.UInt32[]","System.Diagnostics.Eventing.Reader.EventBookmark","Error","Info",,"System.Collections.ObjectModel.ReadOnlyCollection`1[System.String]","System.Collections.Generic.List`1[System.Diagnostics.Eventing.Reader.EventProperty]"
"The device driver for the Trusted Platform Module (TPM) encountered a non-recoverable error in the TPM hardware, which prevents TPM services (such as data encryption) from being used. For further help, please contact the computer manufacturer.","15","0",,"2","0","0","-9223372036854775808","5567","TPM","1b6b0772-251b-4d42-917d-faca166bc059","System","4","320","ServerDC2.ad.jasonsexperiments.com","S-1-5-18","5/24/2025 11:17:04 AM",,,"System","System.UInt32[]","System.Diagnostics.Eventing.Reader.EventBookmark","Error","Info",,"System.Collections.ObjectModel.ReadOnlyCollection`1[System.String]","System.Collections.Generic.List`1[System.Diagnostics.Eventing.Reader.EventProperty]"
"The device driver for the Trusted Platform Module (TPM) encountered a non-recoverable error in the TPM hardware, which prevents TPM services (such as data encryption) from being used. For further help, please contact the computer manufacturer.","15","0",,"2","0","0","-9223372036854775808","5566","TPM","1b6b0772-251b-4d42-917d-faca166bc059","System","4","320","ServerDC2.ad.jasonsexperiments.com","S-1-5-18","5/24/2025 11:17:04 AM",,,"System","System.UInt32[]","System.Diagnostics.Eventing.Reader.EventBookmark","Error","Info",,"System.Collections.ObjectModel.ReadOnlyCollection`1[System.String]","System.Collections.Generic.List`1[System.Diagnostics.Eventing.Reader.EventProperty]"
"The device driver for the Trusted Platform Module (TPM) encountered a non-recoverable error in the TPM hardware, which prevents TPM services (such as data encryption) from being used. For further help, please contact the computer manufacturer.","15","0",,"2","0","0","-9223372036854775808","5565","TPM","1b6b0772-251b-4d42-917d-faca166bc059","System","4","320","ServerDC2.ad.jasonsexperiments.com","S-1-5-18","5/24/2025 11:17:03 AM",,,"System","System.UInt32[]","System.Diagnostics.Eventing.Reader.EventBookmark","Error","Info",,"System.Collections.ObjectModel.ReadOnlyCollection`1[System.String]","System.Collections.Generic.List`1[System.Diagnostics.Eventing.Reader.EventProperty]"
"The driver disabled the write cache on device \Device\Harddisk0\DR0.","34",,"32772","3","0",,"36028797018963968","5564","Disk",,"System",,,"ServerDC2.ad.jasonsexperiments.com",,"5/24/2025 11:17:03 AM",,,"System","System.UInt32[]","System.Diagnostics.Eventing.Reader.EventBookmark","Warning",,,"System.Collections.ObjectModel.ReadOnlyCollection`1[System.String]","System.Collections.Generic.List`1[System.Diagnostics.Eventing.Reader.EventProperty]"
"The driver disabled the write cache on device \Device\Harddisk0\DR0.","34",,"32772","3","0",,"36028797018963968","5563","Disk",,"System",,,"ServerDC2.ad.jasonsexperiments.com",,"5/24/2025 11:17:03 AM",,,"System","System.UInt32[]","System.Diagnostics.Eventing.Reader.EventBookmark","Warning",,,"System.Collections.ObjectModel.ReadOnlyCollection`1[System.String]","System.Collections.Generic.List`1[System.Diagnostics.Eventing.Reader.EventProperty]"
"The driver disabled the write cache on device \Device\Harddisk0\DR0.","34",,"32772","3","0",,"36028797018963968","5562","Disk",,"System",,,"ServerDC2.ad.jasonsexperiments.com",,"5/24/2025 11:17:03 AM",,,"System","System.UInt32[]","System.Diagnostics.Eventing.Reader.EventBookmark","Warning",,,"System.Collections.ObjectModel.ReadOnlyCollection`1[System.String]","System.Collections.Generic.List`1[System.Diagnostics.Eventing.Reader.EventProperty]"
"The device driver for the Trusted Platform Module (TPM) encountered a non-recoverable error in the TPM hardware, which prevents TPM services (such as data encryption) from being used. For further help, please contact the computer manufacturer.","15","0",,"2","0","0","-9223372036854775808","5561","TPM","1b6b0772-251b-4d42-917d-faca166bc059","System","4","320","ServerDC2.ad.jasonsexperiments.com","S-1-5-18","5/24/2025 11:17:03 AM",,,"System","System.UInt32[]","System.Diagnostics.Eventing.Reader.EventBookmark","Error","Info",,"System.Collections.ObjectModel.ReadOnlyCollection`1[System.String]","System.Collections.Generic.List`1[System.Diagnostics.Eventing.Reader.EventProperty]"
"Remote calls to the SAM database are being restricted using the default security descriptor: .
For more information please see http://go.microsoft.com/fwlink/?LinkId=787651.","16962","0",,"4","0","0","-9223372036854775808","5560","Microsoft-Windows-Directory-Services-SAM","0d4fdc09-8c27-494a-bda0-505e4fd8adae","System","628","632","ServerDC2.ad.jasonsexperiments.com","S-1-5-18","5/24/2025 11:17:02 AM","46984cd8-ccc7-0000-4c4d-9846c7ccdb01",,"System","System.UInt32[]","System.Diagnostics.Eventing.Reader.EventBookmark","Information","Info",,"System.Collections.ObjectModel.ReadOnlyCollection`1[System.String]","System.Collections.Generic.List`1[System.Diagnostics.Eventing.Reader.EventProperty]"
"Credential Guard configuration: 0x0, 0","14","0",,"4","0","0","4611686018427387904","5559","Microsoft-Windows-Wininit","206f6dea-d3c5-4d10-bc72-989f03c8b84b","System","476","480","ServerDC2.ad.jasonsexperiments.com","S-1-5-18","5/24/2025 11:17:02 AM",,,"System","System.UInt32[]","System.Diagnostics.Eventing.Reader.EventBookmark","Information","Info",,"System.Collections.ObjectModel.ReadOnlyCollection`1[System.String]","System.Collections.Generic.List`1[System.Diagnostics.Eventing.Reader.EventProperty]"
"The device driver for the Trusted Platform Module (TPM) encountered a non-recoverable error in the TPM hardware, which prevents TPM services (such as data encryption) from being used. For further help, please contact the computer manufacturer.","15","0",,"2","0","0","-9223372036854775808","5558","TPM","1b6b0772-251b-4d42-917d-faca166bc059","System","4","320","ServerDC2.ad.jasonsexperiments.com","S-1-5-18","5/24/2025 11:17:02 AM",,,"System","System.UInt32[]","System.Diagnostics.Eventing.Reader.EventBookmark","Error","Info",,"System.Collections.ObjectModel.ReadOnlyCollection`1[System.String]","System.Collections.Generic.List`1[System.Diagnostics.Eventing.Reader.EventProperty]"
"The device driver for the Trusted Platform Module (TPM) encountered a non-recoverable error in the TPM hardware, which prevents TPM services (such as data encryption) from being used. For further help, please contact the computer manufacturer.","15","0",,"2","0","0","-9223372036854775808","5557","TPM","1b6b0772-251b-4d42-917d-faca166bc059","System","4","320","ServerDC2.ad.jasonsexperiments.com","S-1-5-18","5/24/2025 11:17:01 AM",,,"System","System.UInt32[]","System.Diagnostics.Eventing.Reader.EventBookmark","Error","Info",,"System.Collections.ObjectModel.ReadOnlyCollection`1[System.String]","System.Collections.Generic.List`1[System.Diagnostics.Eventing.Reader.EventProperty]"
"The device driver for the Trusted Platform Module (TPM) encountered a non-recoverable error in the TPM hardware, which prevents TPM services (such as data encryption) from being used. For further help, please contact the computer manufacturer.","15","0",,"2","0","0","-9223372036854775808","5556","TPM","1b6b0772-251b-4d42-917d-faca166bc059","System","4","320","ServerDC2.ad.jasonsexperiments.com","S-1-5-18","5/24/2025 11:17:01 AM",,,"System","System.UInt32[]","System.Diagnostics.Eventing.Reader.EventBookmark","Error","Info",,"System.Collections.ObjectModel.ReadOnlyCollection`1[System.String]","System.Collections.Generic.List`1[System.Diagnostics.Eventing.Reader.EventProperty]"
"The device driver for the Trusted Platform Module (TPM) encountered a non-recoverable error in the TPM hardware, which prevents TPM services (such as data encryption) from being used. For further help, please contact the computer manufacturer.","15","0",,"2","0","0","-9223372036854775808","5555","TPM","1b6b0772-251b-4d42-917d-faca166bc059","System","4","320","ServerDC2.ad.jasonsexperiments.com","S-1-5-18","5/24/2025 11:17:01 AM",,,"System","System.UInt32[]","System.Diagnostics.Eventing.Reader.EventBookmark","Error","Info",,"System.Collections.ObjectModel.ReadOnlyCollection`1[System.String]","System.Collections.Generic.List`1[System.Diagnostics.Eventing.Reader.EventProperty]"
"Processor 3 in group 0 exposes the following power management capabilities:

Idle state type: ACPI Idle (C) States (1 state(s))

Performance state type: None
Nominal Frequency (MHz): 3400
Maximum performance percentage: 100
Minimum performance percentage: 100
Minimum throttle percentage: 100","55","0",,"4","47","0","-9223372036854775808","5554","Microsoft-Windows-Kernel-Processor-Power","0f67e49f-fe51-4e9f-b490-6f2948cc6027","System","4","220","ServerDC2.ad.jasonsexperiments.com","S-1-5-18","5/24/2025 11:17:01 AM",,,"System","System.UInt32[]","System.Diagnostics.Eventing.Reader.EventBookmark","Information","Info",,"System.Collections.ObjectModel.ReadOnlyCollection`1[System.String]","System.Collections.Generic.List`1[System.Diagnostics.Eventing.Reader.EventProperty]"
"Processor 2 in group 0 exposes the following power management capabilities:

Idle state type: ACPI Idle (C) States (1 state(s))

Performance state type: None
Nominal Frequency (MHz): 3400
Maximum performance percentage: 100
Minimum performance percentage: 100
Minimum throttle percentage: 100","55","0",,"4","47","0","-9223372036854775808","5553","Microsoft-Windows-Kernel-Processor-Power","0f67e49f-fe51-4e9f-b490-6f2948cc6027","System","4","220","ServerDC2.ad.jasonsexperiments.com","S-1-5-18","5/24/2025 11:17:01 AM",,,"System","System.UInt32[]","System.Diagnostics.Eventing.Reader.EventBookmark","Information","Info",,"System.Collections.ObjectModel.ReadOnlyCollection`1[System.String]","System.Collections.Generic.List`1[System.Diagnostics.Eventing.Reader.EventProperty]"
"Processor 1 in group 0 exposes the following power management capabilities:

Idle state type: ACPI Idle (C) States (1 state(s))

Performance state type: None
Nominal Frequency (MHz): 3400
Maximum performance percentage: 100
Minimum performance percentage: 100
Minimum throttle percentage: 100","55","0",,"4","47","0","-9223372036854775808","5552","Microsoft-Windows-Kernel-Processor-Power","0f67e49f-fe51-4e9f-b490-6f2948cc6027","System","4","220","ServerDC2.ad.jasonsexperiments.com","S-1-5-18","5/24/2025 11:17:01 AM",,,"System","System.UInt32[]","System.Diagnostics.Eventing.Reader.EventBookmark","Information","Info",,"System.Collections.ObjectModel.ReadOnlyCollection`1[System.String]","System.Collections.Generic.List`1[System.Diagnostics.Eventing.Reader.EventProperty]"
"Processor 0 in group 0 exposes the following power management capabilities:

Idle state type: ACPI Idle (C) States (1 state(s))

Performance state type: None
Nominal Frequency (MHz): 3400
Maximum performance percentage: 100
Minimum performance percentage: 100
Minimum throttle percentage: 100","55","0",,"4","47","0","-9223372036854775808","5551","Microsoft-Windows-Kernel-Processor-Power","0f67e49f-fe51-4e9f-b490-6f2948cc6027","System","4","220","ServerDC2.ad.jasonsexperiments.com","S-1-5-18","5/24/2025 11:17:01 AM",,,"System","System.UInt32[]","System.Diagnostics.Eventing.Reader.EventBookmark","Information","Info",,"System.Collections.ObjectModel.ReadOnlyCollection`1[System.String]","System.Collections.Generic.List`1[System.Diagnostics.Eventing.Reader.EventProperty]"
"Connectivity state in standby: Disconnected, Reason: NIC compliance","172","0",,"4","203","0","-9223372036854774780","5550","Microsoft-Windows-Kernel-Power","331c3b3a-2005-44c2-ac5e-77220c37d6b4","System","4","256","ServerDC2.ad.jasonsexperiments.com","S-1-5-18","5/24/2025 11:17:00 AM",,,"System","System.UInt32[]","System.Diagnostics.Eventing.Reader.EventBookmark","Information","Info",,"System.Collections.ObjectModel.ReadOnlyCollection`1[System.String]","System.Collections.Generic.List`1[System.Diagnostics.Eventing.Reader.EventProperty]"
"File System Filter 'npsvctrig' (10.0, ?2037?-?02?-?23T01:11:04.000000000Z) has successfully loaded and registered with Filter Manager.","6","0",,"4","0","0","-9223372036854775808","5549","Microsoft-Windows-FilterManager","f3c5e28e-63f6-49c7-a204-e48a1bc4b09d","System","4","8","ServerDC2.ad.jasonsexperiments.com","S-1-5-18","5/24/2025 11:17:00 AM",,,"System","System.UInt32[]","System.Diagnostics.Eventing.Reader.EventBookmark","Information","Info",,"System.Collections.ObjectModel.ReadOnlyCollection`1[System.String]","System.Collections.Generic.List`1[System.Diagnostics.Eventing.Reader.EventProperty]"
"File System Filter 'DfsDriver' (10.0, ?1975?-?08?-?18T07:58:38.000000000Z) has successfully loaded and registered with Filter Manager.","6","0",,"4","0","0","-9223372036854775808","5548","Microsoft-Windows-FilterManager","f3c5e28e-63f6-49c7-a204-e48a1bc4b09d","System","4","8","ServerDC2.ad.jasonsexperiments.com","S-1-5-18","5/24/2025 11:17:00 AM",,,"System","System.UInt32[]","System.Diagnostics.Eventing.Reader.EventBookmark","Information","Info",,"System.Collections.ObjectModel.ReadOnlyCollection`1[System.String]","System.Collections.Generic.List`1[System.Diagnostics.Eventing.Reader.EventProperty]"
"File System Filter 'FileCrypt' (10.0, ?2034?-?08?-?13T09:30:12.000000000Z) has successfully loaded and registered with Filter Manager.","6","0",,"4","0","0","-9223372036854775808","5547","Microsoft-Windows-FilterManager","f3c5e28e-63f6-49c7-a204-e48a1bc4b09d","System","4","8","ServerDC2.ad.jasonsexperiments.com","S-1-5-18","5/24/2025 11:17:00 AM",,,"System","System.UInt32[]","System.Diagnostics.Eventing.Reader.EventBookmark","Information","Info",,"System.Collections.ObjectModel.ReadOnlyCollection`1[System.String]","System.Collections.Generic.List`1[System.Diagnostics.Eventing.Reader.EventProperty]"
"Volume C: (\Device\HarddiskVolume1) is healthy.  No action is needed.","98","0",,"4","0","0","-9223372036854775806","5546","Microsoft-Windows-Ntfs","3ff37a1c-a68d-4d6e-8c9b-f79e8b16c482","System","4","192","ServerDC2.ad.jasonsexperiments.com","S-1-5-18","5/24/2025 11:17:00 AM",,,"System","System.UInt32[]","System.Diagnostics.Eventing.Reader.EventBookmark","Information","Info",,"System.Collections.ObjectModel.ReadOnlyCollection`1[System.String]","System.Collections.Generic.List`1[System.Diagnostics.Eventing.Reader.EventProperty]"
"File System Filter 'DfsrRo' (10.0, ?2087?-?05?-?27T10:05:55.000000000Z) has successfully loaded and registered with Filter Manager.","6","0",,"4","0","0","-9223372036854775808","5545","Microsoft-Windows-FilterManager","f3c5e28e-63f6-49c7-a204-e48a1bc4b09d","System","4","8","ServerDC2.ad.jasonsexperiments.com","S-1-5-18","5/24/2025 11:17:00 AM",,,"System","System.UInt32[]","System.Diagnostics.Eventing.Reader.EventBookmark","Information","Info",,"System.Collections.ObjectModel.ReadOnlyCollection`1[System.String]","System.Collections.Generic.List`1[System.Diagnostics.Eventing.Reader.EventProperty]"
"File System Filter 'Wof' (10.0, ?2036?-?08?-?31T11:15:55.000000000Z) has successfully loaded and registered with Filter Manager.","6","0",,"4","0","0","-9223372036854775808","5544","Microsoft-Windows-FilterManager","f3c5e28e-63f6-49c7-a204-e48a1bc4b09d","System","4","8","ServerDC2.ad.jasonsexperiments.com","S-1-5-18","5/24/2025 11:17:00 AM",,,"System","System.UInt32[]","System.Diagnostics.Eventing.Reader.EventBookmark","Information","Info",,"System.Collections.ObjectModel.ReadOnlyCollection`1[System.String]","System.Collections.Generic.List`1[System.Diagnostics.Eventing.Reader.EventProperty]"
"The leap second configuration has been updated.
Reason: Leap second data initialized from registry during boot
Leap seconds enabled: true
New leap second count: 0
Old leap second count: 0","20","0",,"4","6","0","-9223372036854775792","5543","Microsoft-Windows-Kernel-General","a68ca8b7-004f-d7b6-a698-07e2de0f1f5d","System","4","8","ServerDC2.ad.jasonsexperiments.com","S-1-5-18","5/24/2025 11:16:59 AM",,,"System","System.UInt32[]","System.Diagnostics.Eventing.Reader.EventBookmark","Information","Info",,"System.Collections.ObjectModel.ReadOnlyCollection`1[System.String]","System.Collections.Generic.List`1[System.Diagnostics.Eventing.Reader.EventProperty]"
"The bootmgr spent 0 ms waiting for user input.","32","0",,"4","58","0","-9223372036854775808","5542","Microsoft-Windows-Kernel-Boot","15ca44ff-4d7a-4baa-bba5-0998955e531e","System","4","8","ServerDC2.ad.jasonsexperiments.com","S-1-5-18","5/24/2025 11:16:59 AM",,,"System","System.UInt32[]","System.Diagnostics.Eventing.Reader.EventBookmark","Information","Info",,"System.Collections.ObjectModel.ReadOnlyCollection`1[System.String]","System.Collections.Generic.List`1[System.Diagnostics.Eventing.Reader.EventProperty]"
"There are 0x1 boot options on this system.","18","0",,"4","57","0","-9223372036854775808","5541","Microsoft-Windows-Kernel-Boot","15ca44ff-4d7a-4baa-bba5-0998955e531e","System","4","8","ServerDC2.ad.jasonsexperiments.com","S-1-5-18","5/24/2025 11:16:59 AM",,,"System","System.UInt32[]","System.Diagnostics.Eventing.Reader.EventBookmark","Information","Info",,"System.Collections.ObjectModel.ReadOnlyCollection`1[System.String]","System.Collections.Generic.List`1[System.Diagnostics.Eventing.Reader.EventProperty]"
"The boot type was 0x0.","27","1",,"4","33","0","-9223372036854775808","5540","Microsoft-Windows-Kernel-Boot","15ca44ff-4d7a-4baa-bba5-0998955e531e","System","4","8","ServerDC2.ad.jasonsexperiments.com","S-1-5-18","5/24/2025 11:16:59 AM",,,"System","System.UInt32[]","System.Diagnostics.Eventing.Reader.EventBookmark","Information","Info",,"System.Collections.ObjectModel.ReadOnlyCollection`1[System.String]","System.Collections.Generic.List`1[System.Diagnostics.Eventing.Reader.EventProperty]"
"The boot menu policy was 0x0.","25","0",,"4","32","0","-9223372036854775808","5539","Microsoft-Windows-Kernel-Boot","15ca44ff-4d7a-4baa-bba5-0998955e531e","System","4","8","ServerDC2.ad.jasonsexperiments.com","S-1-5-18","5/24/2025 11:16:59 AM",,,"System","System.UInt32[]","System.Diagnostics.Eventing.Reader.EventBookmark","Information","Info",,"System.Collections.ObjectModel.ReadOnlyCollection`1[System.String]","System.Collections.Generic.List`1[System.Diagnostics.Eventing.Reader.EventProperty]"
"The last shutdown's success status was true. The last boot's success status was true.","20","1",,"4","31","0","-9223372036854775808","5538","Microsoft-Windows-Kernel-Boot","15ca44ff-4d7a-4baa-bba5-0998955e531e","System","4","8","ServerDC2.ad.jasonsexperiments.com","S-1-5-18","5/24/2025 11:16:59 AM",,,"System","System.UInt32[]","System.Diagnostics.Eventing.Reader.EventBookmark","Information","Info",,"System.Collections.ObjectModel.ReadOnlyCollection`1[System.String]","System.Collections.Generic.List`1[System.Diagnostics.Eventing.Reader.EventProperty]"
"Virtualization-based security (policies: 0) is disabled.","153","0",,"4","62","0","-9223372036854775808","5537","Microsoft-Windows-Kernel-Boot","15ca44ff-4d7a-4baa-bba5-0998955e531e","System","4","8","ServerDC2.ad.jasonsexperiments.com","S-1-5-18","5/24/2025 11:16:59 AM",,,"System","System.UInt32[]","System.Diagnostics.Eventing.Reader.EventBookmark","Information","Info",,"System.Collections.ObjectModel.ReadOnlyCollection`1[System.String]","System.Collections.Generic.List`1[System.Diagnostics.Eventing.Reader.EventProperty]"
"The operating system started at system time ?2025?-?05?-?24T16:16:58.500000000Z.","12","0",,"4","1","0","-9223372036854775680","5536","Microsoft-Windows-Kernel-General","a68ca8b7-004f-d7b6-a698-07e2de0f1f5d","System","4","8","ServerDC2.ad.jasonsexperiments.com","S-1-5-18","5/24/2025 11:16:59 AM",,,"System","System.UInt32[]","System.Diagnostics.Eventing.Reader.EventBookmark","Information","Info",,"System.Collections.ObjectModel.ReadOnlyCollection`1[System.String]","System.Collections.Generic.List`1[System.Diagnostics.Eventing.Reader.EventProperty]"
"The operating system is shutting down at system time ?2025?-?05?-?24T16:16:52.227083400Z.","13","0",,"4","2","0","-9223372036854775680","5535","Microsoft-Windows-Kernel-General","a68ca8b7-004f-d7b6-a698-07e2de0f1f5d","System","4","1632","ServerDC2.ad.jasonsexperiments.com",,"5/24/2025 11:16:52 AM",,,"System","System.UInt32[]","System.Diagnostics.Eventing.Reader.EventBookmark","Information","Info",,"System.Collections.ObjectModel.ReadOnlyCollection`1[System.String]","System.Collections.Generic.List`1[System.Diagnostics.Eventing.Reader.EventProperty]"
"The kernel power manager has initiated a shutdown transition.

Shutdown Reason: Kernel API","109","0",,"4","103","0","-9223301668110597116","5534","Microsoft-Windows-Kernel-Power","331c3b3a-2005-44c2-ac5e-77220c37d6b4","System","484","488","ServerDC2.ad.jasonsexperiments.com",,"5/24/2025 11:16:51 AM",,,"System","System.UInt32[]","System.Diagnostics.Eventing.Reader.EventBookmark","Information","Info",,"System.Collections.ObjectModel.ReadOnlyCollection`1[System.String]","System.Collections.Generic.List`1[System.Diagnostics.Eventing.Reader.EventProperty]"
"The Active Directory Domain Services service entered the stopped state.","7036","0","16384","4","0","0","-9187343239835811840","5533","Service Control Manager","555908d1-a6d7-4695-8e1e-26931d2012f4","System","628","5056","ServerDC2.ad.jasonsexperiments.com",,"5/24/2025 11:16:47 AM",,,"System","System.UInt32[]","System.Diagnostics.Eventing.Reader.EventBookmark","Information",,,"System.Collections.ObjectModel.ReadOnlyCollection`1[System.String]","System.Collections.Generic.List`1[System.Diagnostics.Eventing.Reader.EventProperty]"
"The VirtualBox Guest Additions Service service entered the stopped state.","7036","0","16384","4","0","0","-9187343239835811840","5532","Service Control Manager","555908d1-a6d7-4695-8e1e-26931d2012f4","System","628","5056","ServerDC2.ad.jasonsexperiments.com",,"5/24/2025 11:16:47 AM",,,"System","System.UInt32[]","System.Diagnostics.Eventing.Reader.EventBookmark","Information",,,"System.Collections.ObjectModel.ReadOnlyCollection`1[System.String]","System.Collections.Generic.List`1[System.Diagnostics.Eventing.Reader.EventProperty]"
"The Diagnostic Policy Service service entered the stopped state.","7036","0","16384","4","0","0","-9187343239835811840","5531","Service Control Manager","555908d1-a6d7-4695-8e1e-26931d2012f4","System","628","5056","ServerDC2.ad.jasonsexperiments.com",,"5/24/2025 11:16:47 AM",,,"System","System.UInt32[]","System.Diagnostics.Eventing.Reader.EventBookmark","Information",,,"System.Collections.ObjectModel.ReadOnlyCollection`1[System.String]","System.Collections.Generic.List`1[System.Diagnostics.Eventing.Reader.EventProperty]"
"The Task Scheduler service entered the stopped state.","7036","0","16384","4","0","0","-9187343239835811840","5530","Service Control Manager","555908d1-a6d7-4695-8e1e-26931d2012f4","System","628","5056","ServerDC2.ad.jasonsexperiments.com",,"5/24/2025 11:16:47 AM",,,"System","System.UInt32[]","System.Diagnostics.Eventing.Reader.EventBookmark","Information",,,"System.Collections.ObjectModel.ReadOnlyCollection`1[System.String]","System.Collections.Generic.List`1[System.Diagnostics.Eventing.Reader.EventProperty]"
"The Windows Event Log service entered the stopped state.","7036","0","16384","4","0","0","-9187343239835811840","5529","Service Control Manager","555908d1-a6d7-4695-8e1e-26931d2012f4","System","628","5056","ServerDC2.ad.jasonsexperiments.com",,"5/24/2025 11:16:46 AM",,,"System","System.UInt32[]","System.Diagnostics.Eventing.Reader.EventBookmark","Information",,,"System.Collections.ObjectModel.ReadOnlyCollection`1[System.String]","System.Collections.Generic.List`1[System.Diagnostics.Eventing.Reader.EventProperty]"
"The DFS Replication service entered the stopped state.","7036","0","16384","4","0","0","-9187343239835811840","5528","Service Control Manager","555908d1-a6d7-4695-8e1e-26931d2012f4","System","628","5056","ServerDC2.ad.jasonsexperiments.com",,"5/24/2025 11:16:46 AM",,,"System","System.UInt32[]","System.Diagnostics.Eventing.Reader.EventBookmark","Information",,,"System.Collections.ObjectModel.ReadOnlyCollection`1[System.String]","System.Collections.Generic.List`1[System.Diagnostics.Eventing.Reader.EventProperty]"
"The system uptime is 7 seconds.","6013",,"32768","4","0",,"36028797018963968","5527","EventLog",,"System",,,"ServerDC2.ad.jasonsexperiments.com",,"5/24/2025 11:17:06 AM",,,"System","System.UInt32[]","System.Diagnostics.Eventing.Reader.EventBookmark","Information",,,"System.Collections.ObjectModel.ReadOnlyCollection`1[System.String]","System.Collections.Generic.List`1[System.Diagnostics.Eventing.Reader.EventProperty]"
"The Event log service was started.","6005",,"32768","4","0",,"36028797018963968","5526","EventLog",,"System",,,"ServerDC2.ad.jasonsexperiments.com",,"5/24/2025 11:17:06 AM",,,"System","System.UInt32[]","System.Diagnostics.Eventing.Reader.EventBookmark","Information",,,"System.Collections.ObjectModel.ReadOnlyCollection`1[System.String]","System.Collections.Generic.List`1[System.Diagnostics.Eventing.Reader.EventProperty]"
"Microsoft (R) Windows (R) 10.00. 17763  Multiprocessor Free.","6009",,"32768","4","0",,"36028797018963968","5525","EventLog",,"System",,,"ServerDC2.ad.jasonsexperiments.com",,"5/24/2025 11:17:06 AM",,,"System","System.UInt32[]","System.Diagnostics.Eventing.Reader.EventBookmark","Information",,,"System.Collections.ObjectModel.ReadOnlyCollection`1[System.String]","System.Collections.Generic.List`1[System.Diagnostics.Eventing.Reader.EventProperty]"
"The Windows Remote Management (WS-Management) service entered the stopped state.","7036","0","16384","4","0","0","-9187343239835811840","5524","Service Control Manager","555908d1-a6d7-4695-8e1e-26931d2012f4","System","628","5160","ServerDC2.ad.jasonsexperiments.com",,"5/24/2025 11:16:46 AM",,,"System","System.UInt32[]","System.Diagnostics.Eventing.Reader.EventBookmark","Information",,,"System.Collections.ObjectModel.ReadOnlyCollection`1[System.String]","System.Collections.Generic.List`1[System.Diagnostics.Eventing.Reader.EventProperty]"
"The DNS Server service entered the stopped state.","7036","0","16384","4","0","0","-9187343239835811840","5523","Service Control Manager","555908d1-a6d7-4695-8e1e-26931d2012f4","System","628","5056","ServerDC2.ad.jasonsexperiments.com",,"5/24/2025 11:16:46 AM",,,"System","System.UInt32[]","System.Diagnostics.Eventing.Reader.EventBookmark","Information",,,"System.Collections.ObjectModel.ReadOnlyCollection`1[System.String]","System.Collections.Generic.List`1[System.Diagnostics.Eventing.Reader.EventProperty]"
"The Cryptographic Services service entered the stopped state.","7036","0","16384","4","0","0","-9187343239835811840","5522","Service Control Manager","555908d1-a6d7-4695-8e1e-26931d2012f4","System","628","5160","ServerDC2.ad.jasonsexperiments.com",,"5/24/2025 11:16:46 AM",,,"System","System.UInt32[]","System.Diagnostics.Eventing.Reader.EventBookmark","Information",,,"System.Collections.ObjectModel.ReadOnlyCollection`1[System.String]","System.Collections.Generic.List`1[System.Diagnostics.Eventing.Reader.EventProperty]"
"The Intersite Messaging service entered the stopped state.","7036","0","16384","4","0","0","-9187343239835811840","5521","Service Control Manager","555908d1-a6d7-4695-8e1e-26931d2012f4","System","628","5160","ServerDC2.ad.jasonsexperiments.com",,"5/24/2025 11:16:46 AM",,,"System","System.UInt32[]","System.Diagnostics.Eventing.Reader.EventBookmark","Information",,,"System.Collections.ObjectModel.ReadOnlyCollection`1[System.String]","System.Collections.Generic.List`1[System.Diagnostics.Eventing.Reader.EventProperty]"
"The Remote Access Connection Manager service entered the stopped state.","7036","0","16384","4","0","0","-9187343239835811840","5520","Service Control Manager","555908d1-a6d7-4695-8e1e-26931d2012f4","System","628","5160","ServerDC2.ad.jasonsexperiments.com",,"5/24/2025 11:16:46 AM",,,"System","System.UInt32[]","System.Diagnostics.Eventing.Reader.EventBookmark","Information",,,"System.Collections.ObjectModel.ReadOnlyCollection`1[System.String]","System.Collections.Generic.List`1[System.Diagnostics.Eventing.Reader.EventProperty]"
"The Windows Connection Manager service entered the stopped state.","7036","0","16384","4","0","0","-9187343239835811840","5519","Service Control Manager","555908d1-a6d7-4695-8e1e-26931d2012f4","System","628","5056","ServerDC2.ad.jasonsexperiments.com",,"5/24/2025 11:16:46 AM",,,"System","System.UInt32[]","System.Diagnostics.Eventing.Reader.EventBookmark","Information",,,"System.Collections.ObjectModel.ReadOnlyCollection`1[System.String]","System.Collections.Generic.List`1[System.Diagnostics.Eventing.Reader.EventProperty]"
"The Virtual Disk service entered the stopped state.","7036","0","16384","4","0","0","-9187343239835811840","5518","Service Control Manager","555908d1-a6d7-4695-8e1e-26931d2012f4","System","628","5056","ServerDC2.ad.jasonsexperiments.com",,"5/24/2025 11:16:46 AM",,,"System","System.UInt32[]","System.Diagnostics.Eventing.Reader.EventBookmark","Information",,,"System.Collections.ObjectModel.ReadOnlyCollection`1[System.String]","System.Collections.Generic.List`1[System.Diagnostics.Eventing.Reader.EventProperty]"
"The Device Setup Manager service entered the stopped state.","7036","0","16384","4","0","0","-9187343239835811840","5517","Service Control Manager","555908d1-a6d7-4695-8e1e-26931d2012f4","System","628","5056","ServerDC2.ad.jasonsexperiments.com",,"5/24/2025 11:16:46 AM",,,"System","System.UInt32[]","System.Diagnostics.Eventing.Reader.EventBookmark","Information",,,"System.Collections.ObjectModel.ReadOnlyCollection`1[System.String]","System.Collections.Generic.List`1[System.Diagnostics.Eventing.Reader.EventProperty]"
"The WinHTTP Web Proxy Auto-Discovery Service service entered the stopped state.","7036","0","16384","4","0","0","-9187343239835811840","5516","Service Control Manager","555908d1-a6d7-4695-8e1e-26931d2012f4","System","628","5056","ServerDC2.ad.jasonsexperiments.com",,"5/24/2025 11:16:46 AM",,,"System","System.UInt32[]","System.Diagnostics.Eventing.Reader.EventBookmark","Information",,,"System.Collections.ObjectModel.ReadOnlyCollection`1[System.String]","System.Collections.Generic.List`1[System.Diagnostics.Eventing.Reader.EventProperty]"
"The DHCP Client service entered the stopped state.","7036","0","16384","4","0","0","-9187343239835811840","5515","Service Control Manager","555908d1-a6d7-4695-8e1e-26931d2012f4","System","628","5160","ServerDC2.ad.jasonsexperiments.com",,"5/24/2025 11:16:46 AM",,,"System","System.UInt32[]","System.Diagnostics.Eventing.Reader.EventBookmark","Information",,,"System.Collections.ObjectModel.ReadOnlyCollection`1[System.String]","System.Collections.Generic.List`1[System.Diagnostics.Eventing.Reader.EventProperty]"
"The Secure Socket Tunneling Protocol Service service entered the stopped state.","7036","0","16384","4","0","0","-9187343239835811840","5514","Service Control Manager","555908d1-a6d7-4695-8e1e-26931d2012f4","System","628","5056","ServerDC2.ad.jasonsexperiments.com",,"5/24/2025 11:16:46 AM",,,"System","System.UInt32[]","System.Diagnostics.Eventing.Reader.EventBookmark","Information",,,"System.Collections.ObjectModel.ReadOnlyCollection`1[System.String]","System.Collections.Generic.List`1[System.Diagnostics.Eventing.Reader.EventProperty]"
"The State Repository Service service entered the stopped state.","7036","0","16384","4","0","0","-9187343239835811840","5513","Service Control Manager","555908d1-a6d7-4695-8e1e-26931d2012f4","System","628","5056","ServerDC2.ad.jasonsexperiments.com",,"5/24/2025 11:16:46 AM",,,"System","System.UInt32[]","System.Diagnostics.Eventing.Reader.EventBookmark","Information",,,"System.Collections.ObjectModel.ReadOnlyCollection`1[System.String]","System.Collections.Generic.List`1[System.Diagnostics.Eventing.Reader.EventProperty]"
"The Windows Font Cache Service service entered the stopped state.","7036","0","16384","4","0","0","-9187343239835811840","5512","Service Control Manager","555908d1-a6d7-4695-8e1e-26931d2012f4","System","628","4056","ServerDC2.ad.jasonsexperiments.com",,"5/24/2025 11:16:46 AM",,,"System","System.UInt32[]","System.Diagnostics.Eventing.Reader.EventBookmark","Information",,,"System.Collections.ObjectModel.ReadOnlyCollection`1[System.String]","System.Collections.Generic.List`1[System.Diagnostics.Eventing.Reader.EventProperty]"
"The Distributed Transaction Coordinator service entered the stopped state.","7036","0","16384","4","0","0","-9187343239835811840","5511","Service Control Manager","555908d1-a6d7-4695-8e1e-26931d2012f4","System","628","5864","ServerDC2.ad.jasonsexperiments.com",,"5/24/2025 11:16:46 AM",,,"System","System.UInt32[]","System.Diagnostics.Eventing.Reader.EventBookmark","Information",,,"System.Collections.ObjectModel.ReadOnlyCollection`1[System.String]","System.Collections.Generic.List`1[System.Diagnostics.Eventing.Reader.EventProperty]"
"DHCPv4 client service is stopped. ShutDown Flag value is 1","50037","0",,"4","4","69","2305843009213693952","5510","Microsoft-Windows-Dhcp-Client","15a7a4f8-0072-4eab-abad-f98a4d666aed","System","1144","1188","ServerDC2.ad.jasonsexperiments.com","S-1-5-19","5/24/2025 11:16:46 AM",,,"System","System.UInt32[]","System.Diagnostics.Eventing.Reader.EventBookmark","Information","ServiceStop","Service State Event","System.Collections.ObjectModel.ReadOnlyCollection`1[System.String]","System.Collections.Generic.List`1[System.Diagnostics.Eventing.Reader.EventProperty]"
"DHCPv4 is waiting on DHCPv6 service to stop","50106","0",,"4","4","129","2305843009213693952","5509","Microsoft-Windows-Dhcp-Client","15a7a4f8-0072-4eab-abad-f98a4d666aed","System","1144","1188","ServerDC2.ad.jasonsexperiments.com","S-1-5-19","5/24/2025 11:16:46 AM",,,"System","System.UInt32[]","System.Diagnostics.Eventing.Reader.EventBookmark","Information","ServiceShutdown","Service State Event","System.Collections.ObjectModel.ReadOnlyCollection`1[System.String]","System.Collections.Generic.List`1[System.Diagnostics.Eventing.Reader.EventProperty]"
