"The WinRM service entered the running state.","7036","0","16384","4","0","0","-9187343239835811840","6435","Service Control Manager","555908d1-a6d7-4695-8e1e-26931d2012f4","System","616","80","ServerDC2.ad.jasonsexperiments.com",,"5/28/2025 9:56:26 PM",,,"System","System.UInt32[]","System.Diagnostics.Eventing.Reader.EventBookmark","Information",,,"System.Collections.ObjectModel.ReadOnlyCollection`1[System.String]","System.Collections.Generic.List`1[System.Diagnostics.Eventing.Reader.EventProperty]"
"The WpnService service entered the running state.","7036","0","16384","4","0","0","-9187343239835811840","6434","Service Control Manager","555908d1-a6d7-4695-8e1e-26931d2012f4","System","616","728","ServerDC2.ad.jasonsexperiments.com",,"5/28/2025 9:56:26 PM",,,"System","System.UInt32[]","System.Diagnostics.Eventing.Reader.EventBookmark","Information",,,"System.Collections.ObjectModel.ReadOnlyCollection`1[System.String]","System.Collections.Generic.List`1[System.Diagnostics.Eventing.Reader.EventProperty]"
"The SstpSvc service entered the running state.","7036","0","16384","4","0","0","-9187343239835811840","6433","Service Control Manager","555908d1-a6d7-4695-8e1e-26931d2012f4","System","616","380","ServerDC2.ad.jasonsexperiments.com",,"5/28/2025 9:56:26 PM",,,"System","System.UInt32[]","System.Diagnostics.Eventing.Reader.EventBookmark","Information",,,"System.Collections.ObjectModel.ReadOnlyCollection`1[System.String]","System.Collections.Generic.List`1[System.Diagnostics.Eventing.Reader.EventProperty]"
"The Dfs service entered the running state.","7036","0","16384","4","0","0","-9187343239835811840","6432","Service Control Manager","555908d1-a6d7-4695-8e1e-26931d2012f4","System","616","380","ServerDC2.ad.jasonsexperiments.com",,"5/28/2025 9:56:26 PM",,,"System","System.UInt32[]","System.Diagnostics.Eventing.Reader.EventBookmark","Information",,,"System.Collections.ObjectModel.ReadOnlyCollection`1[System.String]","System.Collections.Generic.List`1[System.Diagnostics.Eventing.Reader.EventProperty]"
"The IsmServ service entered the running state.","7036","0","16384","4","0","0","-9187343239835811840","6431","Service Control Manager","555908d1-a6d7-4695-8e1e-26931d2012f4","System","616","380","ServerDC2.ad.jasonsexperiments.com",,"5/28/2025 9:56:26 PM",,,"System","System.UInt32[]","System.Diagnostics.Eventing.Reader.EventBookmark","Information",,,"System.Collections.ObjectModel.ReadOnlyCollection`1[System.String]","System.Collections.Generic.List`1[System.Diagnostics.Eventing.Reader.EventProperty]"
"The DFSR service entered the running state.","7036","0","16384","4","0","0","-9187343239835811840","6430","Service Control Manager","555908d1-a6d7-4695-8e1e-26931d2012f4","System","616","728","ServerDC2.ad.jasonsexperiments.com",,"5/28/2025 9:56:26 PM",,,"System","System.UInt32[]","System.Diagnostics.Eventing.Reader.EventBookmark","Information",,,"System.Collections.ObjectModel.ReadOnlyCollection`1[System.String]","System.Collections.Generic.List`1[System.Diagnostics.Eventing.Reader.EventProperty]"
"The SysMain service entered the running state.","7036","0","16384","4","0","0","-9187343239835811840","6429","Service Control Manager","555908d1-a6d7-4695-8e1e-26931d2012f4","System","616","740","ServerDC2.ad.jasonsexperiments.com",,"5/28/2025 9:56:26 PM",,,"System","System.UInt32[]","System.Diagnostics.Eventing.Reader.EventBookmark","Information",,,"System.Collections.ObjectModel.ReadOnlyCollection`1[System.String]","System.Collections.Generic.List`1[System.Diagnostics.Eventing.Reader.EventProperty]"
"The CoreMessagingRegistrar service entered the running state.","7036","0","16384","4","0","0","-9187343239835811840","6428","Service Control Manager","555908d1-a6d7-4695-8e1e-26931d2012f4","System","616","380","ServerDC2.ad.jasonsexperiments.com",,"5/28/2025 9:56:26 PM",,,"System","System.UInt32[]","System.Diagnostics.Eventing.Reader.EventBookmark","Information",,,"System.Collections.ObjectModel.ReadOnlyCollection`1[System.String]","System.Collections.Generic.List`1[System.Diagnostics.Eventing.Reader.EventProperty]"
"The RemoteRegistry service entered the running state.","7036","0","16384","4","0","0","-9187343239835811840","6427","Service Control Manager","555908d1-a6d7-4695-8e1e-26931d2012f4","System","616","80","ServerDC2.ad.jasonsexperiments.com",,"5/28/2025 9:56:26 PM",,,"System","System.UInt32[]","System.Diagnostics.Eventing.Reader.EventBookmark","Information",,,"System.Collections.ObjectModel.ReadOnlyCollection`1[System.String]","System.Collections.Generic.List`1[System.Diagnostics.Eventing.Reader.EventProperty]"
"The CryptSvc service entered the running state.","7036","0","16384","4","0","0","-9187343239835811840","6426","Service Control Manager","555908d1-a6d7-4695-8e1e-26931d2012f4","System","616","380","ServerDC2.ad.jasonsexperiments.com",,"5/28/2025 9:56:26 PM",,,"System","System.UInt32[]","System.Diagnostics.Eventing.Reader.EventBookmark","Information",,,"System.Collections.ObjectModel.ReadOnlyCollection`1[System.String]","System.Collections.Generic.List`1[System.Diagnostics.Eventing.Reader.EventProperty]"
"The EFS service entered the running state.","7036","0","16384","4","0","0","-9187343239835811840","6425","Service Control Manager","555908d1-a6d7-4695-8e1e-26931d2012f4","System","616","1100","ServerDC2.ad.jasonsexperiments.com",,"5/28/2025 9:56:26 PM",,,"System","System.UInt32[]","System.Diagnostics.Eventing.Reader.EventBookmark","Information",,,"System.Collections.ObjectModel.ReadOnlyCollection`1[System.String]","System.Collections.Generic.List`1[System.Diagnostics.Eventing.Reader.EventProperty]"
"The mimidrv service failed to start due to the following error: 
A certificate was explicitly revoked by its issuer.","7000","0","49152","2","0","0","-9187343239835811840","6424","Service Control Manager","555908d1-a6d7-4695-8e1e-26931d2012f4","System","616","2872","ServerDC2.ad.jasonsexperiments.com",,"5/28/2025 9:56:26 PM",,,"System","System.UInt32[]","System.Diagnostics.Eventing.Reader.EventBookmark","Error",,,"System.Collections.ObjectModel.ReadOnlyCollection`1[System.String]","System.Collections.Generic.List`1[System.Diagnostics.Eventing.Reader.EventProperty]"
,"26","0","16384","4","0","0","36028797018963968","6423","Application Popup","47bfa2b7-bd54-4fac-b70b-29021084ca8f","System","4","248","ServerDC2.ad.jasonsexperiments.com",,"5/28/2025 9:56:26 PM",,,"System","System.UInt32[]","System.Diagnostics.Eventing.Reader.EventBookmark","Information",,,"System.Collections.ObjectModel.ReadOnlyCollection`1[System.String]","System.Collections.Generic.List`1[System.Diagnostics.Eventing.Reader.EventProperty]"
"The Spooler service entered the running state.","7036","0","16384","4","0","0","-9187343239835811840","6422","Service Control Manager","555908d1-a6d7-4695-8e1e-26931d2012f4","System","616","692","ServerDC2.ad.jasonsexperiments.com",,"5/28/2025 9:56:26 PM",,,"System","System.UInt32[]","System.Diagnostics.Eventing.Reader.EventBookmark","Information",,,"System.Collections.ObjectModel.ReadOnlyCollection`1[System.String]","System.Collections.Generic.List`1[System.Diagnostics.Eventing.Reader.EventProperty]"
"The Netlogon service entered the running state.","7036","0","16384","4","0","0","-9187343239835811840","6421","Service Control Manager","555908d1-a6d7-4695-8e1e-26931d2012f4","System","616","80","ServerDC2.ad.jasonsexperiments.com",,"5/28/2025 9:56:26 PM",,,"System","System.UInt32[]","System.Diagnostics.Eventing.Reader.EventBookmark","Information",,,"System.Collections.ObjectModel.ReadOnlyCollection`1[System.String]","System.Collections.Generic.List`1[System.Diagnostics.Eventing.Reader.EventProperty]"
"The WinRM service is listening for WS-Management requests. 

 User Action 
 Use the following command to see the specific IPs on which WinRM is listening: 

 winrm enumerate winrm/config/listener","10148","0","7","4","0","0","36028797018963968","6420","Microsoft-Windows-WinRM","a7975c8f-ac13-49f1-87da-5a984a4ab417","System","0","0","ServerDC2.ad.jasonsexperiments.com",,"5/28/2025 9:56:26 PM",,,"System","System.UInt32[]","System.Diagnostics.Eventing.Reader.EventBookmark","Information","Info",,"System.Collections.ObjectModel.ReadOnlyCollection`1[System.String]","System.Collections.Generic.List`1[System.Diagnostics.Eventing.Reader.EventProperty]"
"DFS server has finished initializing.","14531","0","16384","4","0","0","36028797018963968","6419","Microsoft-Windows-DfsSvc","7da4fe0e-fd42-4708-9aa5-89b77a224885","System","0","0","ServerDC2.ad.jasonsexperiments.com",,"5/28/2025 9:56:26 PM",,,"System","System.UInt32[]","System.Diagnostics.Eventing.Reader.EventBookmark","Information",,,"System.Collections.ObjectModel.ReadOnlyCollection`1[System.String]","System.Collections.Generic.List`1[System.Diagnostics.Eventing.Reader.EventProperty]"
"DFS has finished building all namespaces.","14533","0","16384","4","0","0","36028797018963968","6418","Microsoft-Windows-DfsSvc","7da4fe0e-fd42-4708-9aa5-89b77a224885","System","0","0","ServerDC2.ad.jasonsexperiments.com",,"5/28/2025 9:56:26 PM",,,"System","System.UInt32[]","System.Diagnostics.Eventing.Reader.EventBookmark","Information",,,"System.Collections.ObjectModel.ReadOnlyCollection`1[System.String]","System.Collections.Generic.List`1[System.Diagnostics.Eventing.Reader.EventProperty]"
"The Netlogon service was able to bind to a TCP/IP port with the configured backlog size of 10.","5836",,"0","4","0",,"36028797018963968","6417","NETLOGON",,"System",,,"ServerDC2.ad.jasonsexperiments.com",,"5/28/2025 9:56:26 PM",,,"System","System.UInt32[]","System.Diagnostics.Eventing.Reader.EventBookmark","Information","Info",,"System.Collections.ObjectModel.ReadOnlyCollection`1[System.String]","System.Collections.Generic.List`1[System.Diagnostics.Eventing.Reader.EventProperty]"
"The LanmanServer service entered the running state.","7036","0","16384","4","0","0","-9187343239835811840","6416","Service Control Manager","555908d1-a6d7-4695-8e1e-26931d2012f4","System","616","80","ServerDC2.ad.jasonsexperiments.com",,"5/28/2025 9:56:16 PM",,,"System","System.UInt32[]","System.Diagnostics.Eventing.Reader.EventBookmark","Information",,,"System.Collections.ObjectModel.ReadOnlyCollection`1[System.String]","System.Collections.Generic.List`1[System.Diagnostics.Eventing.Reader.EventProperty]"
"The SamSs service entered the running state.","7036","0","16384","4","0","0","-9187343239835811840","6415","Service Control Manager","555908d1-a6d7-4695-8e1e-26931d2012f4","System","616","740","ServerDC2.ad.jasonsexperiments.com",,"5/28/2025 9:56:16 PM",,,"System","System.UInt32[]","System.Diagnostics.Eventing.Reader.EventBookmark","Information",,,"System.Collections.ObjectModel.ReadOnlyCollection`1[System.String]","System.Collections.Generic.List`1[System.Diagnostics.Eventing.Reader.EventProperty]"
"The device driver for the Trusted Platform Module (TPM) encountered a non-recoverable error in the TPM hardware, which prevents TPM services (such as data encryption) from being used. For further help, please contact the computer manufacturer.","15","0",,"2","0","0","-9223372036854775808","6414","TPM","1b6b0772-251b-4d42-917d-faca166bc059","System","4","320","ServerDC2.ad.jasonsexperiments.com","S-1-5-18","5/28/2025 9:56:13 PM",,,"System","System.UInt32[]","System.Diagnostics.Eventing.Reader.EventBookmark","Error","Info",,"System.Collections.ObjectModel.ReadOnlyCollection`1[System.String]","System.Collections.Generic.List`1[System.Diagnostics.Eventing.Reader.EventProperty]"
"The device driver for the Trusted Platform Module (TPM) encountered a non-recoverable error in the TPM hardware, which prevents TPM services (such as data encryption) from being used. For further help, please contact the computer manufacturer.","15","0",,"2","0","0","-9223372036854775808","6413","TPM","1b6b0772-251b-4d42-917d-faca166bc059","System","4","320","ServerDC2.ad.jasonsexperiments.com","S-1-5-18","5/28/2025 9:56:12 PM",,,"System","System.UInt32[]","System.Diagnostics.Eventing.Reader.EventBookmark","Error","Info",,"System.Collections.ObjectModel.ReadOnlyCollection`1[System.String]","System.Collections.Generic.List`1[System.Diagnostics.Eventing.Reader.EventProperty]"
"The device driver for the Trusted Platform Module (TPM) encountered a non-recoverable error in the TPM hardware, which prevents TPM services (such as data encryption) from being used. For further help, please contact the computer manufacturer.","15","0",,"2","0","0","-9223372036854775808","6412","TPM","1b6b0772-251b-4d42-917d-faca166bc059","System","4","320","ServerDC2.ad.jasonsexperiments.com","S-1-5-18","5/28/2025 9:56:11 PM",,,"System","System.UInt32[]","System.Diagnostics.Eventing.Reader.EventBookmark","Error","Info",,"System.Collections.ObjectModel.ReadOnlyCollection`1[System.String]","System.Collections.Generic.List`1[System.Diagnostics.Eventing.Reader.EventProperty]"
"The device driver for the Trusted Platform Module (TPM) encountered a non-recoverable error in the TPM hardware, which prevents TPM services (such as data encryption) from being used. For further help, please contact the computer manufacturer.","15","0",,"2","0","0","-9223372036854775808","6411","TPM","1b6b0772-251b-4d42-917d-faca166bc059","System","4","320","ServerDC2.ad.jasonsexperiments.com","S-1-5-18","5/28/2025 9:56:10 PM",,,"System","System.UInt32[]","System.Diagnostics.Eventing.Reader.EventBookmark","Error","Info",,"System.Collections.ObjectModel.ReadOnlyCollection`1[System.String]","System.Collections.Generic.List`1[System.Diagnostics.Eventing.Reader.EventProperty]"
"Name resolution for the name wpad timed out after none of the configured DNS servers responded.","1014","0",,"3","1014","0","4611686018695823360","6410","Microsoft-Windows-DNS-Client","1c95126e-7eea-49a9-a3fe-a378b03ddb4d","System","1228","1352","ServerDC2.ad.jasonsexperiments.com","S-1-5-20","5/28/2025 9:56:09 PM",,,"System","System.UInt32[]","System.Diagnostics.Eventing.Reader.EventBookmark","Warning","Info",,"System.Collections.ObjectModel.ReadOnlyCollection`1[System.String]","System.Collections.Generic.List`1[System.Diagnostics.Eventing.Reader.EventProperty]"
"The device driver for the Trusted Platform Module (TPM) encountered a non-recoverable error in the TPM hardware, which prevents TPM services (such as data encryption) from being used. For further help, please contact the computer manufacturer.","15","0",,"2","0","0","-9223372036854775808","6409","TPM","1b6b0772-251b-4d42-917d-faca166bc059","System","4","320","ServerDC2.ad.jasonsexperiments.com","S-1-5-18","5/28/2025 9:56:09 PM",,,"System","System.UInt32[]","System.Diagnostics.Eventing.Reader.EventBookmark","Error","Info",,"System.Collections.ObjectModel.ReadOnlyCollection`1[System.String]","System.Collections.Generic.List`1[System.Diagnostics.Eventing.Reader.EventProperty]"
"The sppsvc service entered the running state.","7036","0","16384","4","0","0","-9187343239835811840","6408","Service Control Manager","555908d1-a6d7-4695-8e1e-26931d2012f4","System","616","80","ServerDC2.ad.jasonsexperiments.com",,"5/28/2025 9:56:08 PM",,,"System","System.UInt32[]","System.Diagnostics.Eventing.Reader.EventBookmark","Information",,,"System.Collections.ObjectModel.ReadOnlyCollection`1[System.String]","System.Collections.Generic.List`1[System.Diagnostics.Eventing.Reader.EventProperty]"
"The device driver for the Trusted Platform Module (TPM) encountered a non-recoverable error in the TPM hardware, which prevents TPM services (such as data encryption) from being used. For further help, please contact the computer manufacturer.","15","0",,"2","0","0","-9223372036854775808","6407","TPM","1b6b0772-251b-4d42-917d-faca166bc059","System","4","320","ServerDC2.ad.jasonsexperiments.com","S-1-5-18","5/28/2025 9:56:08 PM",,,"System","System.UInt32[]","System.Diagnostics.Eventing.Reader.EventBookmark","Error","Info",,"System.Collections.ObjectModel.ReadOnlyCollection`1[System.String]","System.Collections.Generic.List`1[System.Diagnostics.Eventing.Reader.EventProperty]"
"The device driver for the Trusted Platform Module (TPM) encountered a non-recoverable error in the TPM hardware, which prevents TPM services (such as data encryption) from being used. For further help, please contact the computer manufacturer.","15","0",,"2","0","0","-9223372036854775808","6406","TPM","1b6b0772-251b-4d42-917d-faca166bc059","System","4","320","ServerDC2.ad.jasonsexperiments.com","S-1-5-18","5/28/2025 9:56:07 PM",,,"System","System.UInt32[]","System.Diagnostics.Eventing.Reader.EventBookmark","Error","Info",,"System.Collections.ObjectModel.ReadOnlyCollection`1[System.String]","System.Collections.Generic.List`1[System.Diagnostics.Eventing.Reader.EventProperty]"
"The device driver for the Trusted Platform Module (TPM) encountered a non-recoverable error in the TPM hardware, which prevents TPM services (such as data encryption) from being used. For further help, please contact the computer manufacturer.","15","0",,"2","0","0","-9223372036854775808","6405","TPM","1b6b0772-251b-4d42-917d-faca166bc059","System","4","320","ServerDC2.ad.jasonsexperiments.com","S-1-5-18","5/28/2025 9:56:06 PM",,,"System","System.UInt32[]","System.Diagnostics.Eventing.Reader.EventBookmark","Error","Info",,"System.Collections.ObjectModel.ReadOnlyCollection`1[System.String]","System.Collections.Generic.List`1[System.Diagnostics.Eventing.Reader.EventProperty]"
"The mpssvc service entered the running state.","7036","0","16384","4","0","0","-9187343239835811840","6404","Service Control Manager","555908d1-a6d7-4695-8e1e-26931d2012f4","System","616","740","ServerDC2.ad.jasonsexperiments.com",,"5/28/2025 9:56:06 PM",,,"System","System.UInt32[]","System.Diagnostics.Eventing.Reader.EventBookmark","Information",,,"System.Collections.ObjectModel.ReadOnlyCollection`1[System.String]","System.Collections.Generic.List`1[System.Diagnostics.Eventing.Reader.EventProperty]"
"The Kdc service entered the running state.","7036","0","16384","4","0","0","-9187343239835811840","6403","Service Control Manager","555908d1-a6d7-4695-8e1e-26931d2012f4","System","616","728","ServerDC2.ad.jasonsexperiments.com",,"5/28/2025 9:56:06 PM",,,"System","System.UInt32[]","System.Diagnostics.Eventing.Reader.EventBookmark","Information",,,"System.Collections.ObjectModel.ReadOnlyCollection`1[System.String]","System.Collections.Generic.List`1[System.Diagnostics.Eventing.Reader.EventProperty]"
"The LanmanWorkstation service entered the running state.","7036","0","16384","4","0","0","-9187343239835811840","6402","Service Control Manager","555908d1-a6d7-4695-8e1e-26931d2012f4","System","616","728","ServerDC2.ad.jasonsexperiments.com",,"5/28/2025 9:56:06 PM",,,"System","System.UInt32[]","System.Diagnostics.Eventing.Reader.EventBookmark","Information",,,"System.Collections.ObjectModel.ReadOnlyCollection`1[System.String]","System.Collections.Generic.List`1[System.Diagnostics.Eventing.Reader.EventProperty]"
"The NcaSvc service entered the stopped state.","7036","0","16384","4","0","0","-9187343239835811840","6401","Service Control Manager","555908d1-a6d7-4695-8e1e-26931d2012f4","System","616","1100","ServerDC2.ad.jasonsexperiments.com",,"5/28/2025 9:56:06 PM",,,"System","System.UInt32[]","System.Diagnostics.Eventing.Reader.EventBookmark","Information",,,"System.Collections.ObjectModel.ReadOnlyCollection`1[System.String]","System.Collections.Generic.List`1[System.Diagnostics.Eventing.Reader.EventProperty]"
"The UserManager service entered the running state.","7036","0","16384","4","0","0","-9187343239835811840","6400","Service Control Manager","555908d1-a6d7-4695-8e1e-26931d2012f4","System","616","740","ServerDC2.ad.jasonsexperiments.com",,"5/28/2025 9:56:06 PM",,,"System","System.UInt32[]","System.Diagnostics.Eventing.Reader.EventBookmark","Information",,,"System.Collections.ObjectModel.ReadOnlyCollection`1[System.String]","System.Collections.Generic.List`1[System.Diagnostics.Eventing.Reader.EventProperty]"
"The Wcmsvc service entered the running state.","7036","0","16384","4","0","0","-9187343239835811840","6399","Service Control Manager","555908d1-a6d7-4695-8e1e-26931d2012f4","System","616","1100","ServerDC2.ad.jasonsexperiments.com",,"5/28/2025 9:56:06 PM",,,"System","System.UInt32[]","System.Diagnostics.Eventing.Reader.EventBookmark","Information",,,"System.Collections.ObjectModel.ReadOnlyCollection`1[System.String]","System.Collections.Generic.List`1[System.Diagnostics.Eventing.Reader.EventProperty]"
"The FontCache service entered the running state.","7036","0","16384","4","0","0","-9187343239835811840","6398","Service Control Manager","555908d1-a6d7-4695-8e1e-26931d2012f4","System","616","728","ServerDC2.ad.jasonsexperiments.com",,"5/28/2025 9:56:06 PM",,,"System","System.UInt32[]","System.Diagnostics.Eventing.Reader.EventBookmark","Information",,,"System.Collections.ObjectModel.ReadOnlyCollection`1[System.String]","System.Collections.Generic.List`1[System.Diagnostics.Eventing.Reader.EventProperty]"
"The iphlpsvc service entered the running state.","7036","0","16384","4","0","0","-9187343239835811840","6397","Service Control Manager","555908d1-a6d7-4695-8e1e-26931d2012f4","System","616","1100","ServerDC2.ad.jasonsexperiments.com",,"5/28/2025 9:56:06 PM",,,"System","System.UInt32[]","System.Diagnostics.Eventing.Reader.EventBookmark","Information",,,"System.Collections.ObjectModel.ReadOnlyCollection`1[System.String]","System.Collections.Generic.List`1[System.Diagnostics.Eventing.Reader.EventProperty]"
"The device driver for the Trusted Platform Module (TPM) encountered a non-recoverable error in the TPM hardware, which prevents TPM services (such as data encryption) from being used. For further help, please contact the computer manufacturer.","15","0",,"2","0","0","-9223372036854775808","6396","TPM","1b6b0772-251b-4d42-917d-faca166bc059","System","4","320","ServerDC2.ad.jasonsexperiments.com","S-1-5-18","5/28/2025 9:56:06 PM",,,"System","System.UInt32[]","System.Diagnostics.Eventing.Reader.EventBookmark","Error","Info",,"System.Collections.ObjectModel.ReadOnlyCollection`1[System.String]","System.Collections.Generic.List`1[System.Diagnostics.Eventing.Reader.EventProperty]"
"The ShellHWDetection service entered the running state.","7036","0","16384","4","0","0","-9187343239835811840","6395","Service Control Manager","555908d1-a6d7-4695-8e1e-26931d2012f4","System","616","700","ServerDC2.ad.jasonsexperiments.com",,"5/28/2025 9:56:05 PM",,,"System","System.UInt32[]","System.Diagnostics.Eventing.Reader.EventBookmark","Information",,,"System.Collections.ObjectModel.ReadOnlyCollection`1[System.String]","System.Collections.Generic.List`1[System.Diagnostics.Eventing.Reader.EventProperty]"
"Name resolution for the name wpad timed out after none of the configured DNS servers responded.","1014","0",,"3","1014","0","4611686018695823360","6394","Microsoft-Windows-DNS-Client","1c95126e-7eea-49a9-a3fe-a378b03ddb4d","System","1228","1500","ServerDC2.ad.jasonsexperiments.com","S-1-5-20","5/28/2025 9:56:05 PM",,,"System","System.UInt32[]","System.Diagnostics.Eventing.Reader.EventBookmark","Warning","Info",,"System.Collections.ObjectModel.ReadOnlyCollection`1[System.String]","System.Collections.Generic.List`1[System.Diagnostics.Eventing.Reader.EventProperty]"
"The Winmgmt service entered the running state.","7036","0","16384","4","0","0","-9187343239835811840","6393","Service Control Manager","555908d1-a6d7-4695-8e1e-26931d2012f4","System","616","384","ServerDC2.ad.jasonsexperiments.com",,"5/28/2025 9:56:05 PM",,,"System","System.UInt32[]","System.Diagnostics.Eventing.Reader.EventBookmark","Information",,,"System.Collections.ObjectModel.ReadOnlyCollection`1[System.String]","System.Collections.Generic.List`1[System.Diagnostics.Eventing.Reader.EventProperty]"
"The WinHttpAutoProxySvc service entered the running state.","7036","0","16384","4","0","0","-9187343239835811840","6392","Service Control Manager","555908d1-a6d7-4695-8e1e-26931d2012f4","System","616","384","ServerDC2.ad.jasonsexperiments.com",,"5/28/2025 9:56:05 PM",,,"System","System.UInt32[]","System.Diagnostics.Eventing.Reader.EventBookmark","Information",,,"System.Collections.ObjectModel.ReadOnlyCollection`1[System.String]","System.Collections.Generic.List`1[System.Diagnostics.Eventing.Reader.EventProperty]"
"The Schedule service entered the running state.","7036","0","16384","4","0","0","-9187343239835811840","6391","Service Control Manager","555908d1-a6d7-4695-8e1e-26931d2012f4","System","616","728","ServerDC2.ad.jasonsexperiments.com",,"5/28/2025 9:56:05 PM",,,"System","System.UInt32[]","System.Diagnostics.Eventing.Reader.EventBookmark","Information",,,"System.Collections.ObjectModel.ReadOnlyCollection`1[System.String]","System.Collections.Generic.List`1[System.Diagnostics.Eventing.Reader.EventProperty]"
"The ProfSvc service entered the running state.","7036","0","16384","4","0","0","-9187343239835811840","6390","Service Control Manager","555908d1-a6d7-4695-8e1e-26931d2012f4","System","616","728","ServerDC2.ad.jasonsexperiments.com",,"5/28/2025 9:56:05 PM",,,"System","System.UInt32[]","System.Diagnostics.Eventing.Reader.EventBookmark","Information",,,"System.Collections.ObjectModel.ReadOnlyCollection`1[System.String]","System.Collections.Generic.List`1[System.Diagnostics.Eventing.Reader.EventProperty]"
"The SENS service entered the running state.","7036","0","16384","4","0","0","-9187343239835811840","6389","Service Control Manager","555908d1-a6d7-4695-8e1e-26931d2012f4","System","616","728","ServerDC2.ad.jasonsexperiments.com",,"5/28/2025 9:56:05 PM",,,"System","System.UInt32[]","System.Diagnostics.Eventing.Reader.EventBookmark","Information",,,"System.Collections.ObjectModel.ReadOnlyCollection`1[System.String]","System.Collections.Generic.List`1[System.Diagnostics.Eventing.Reader.EventProperty]"
"The BFE service entered the running state.","7036","0","16384","4","0","0","-9187343239835811840","6388","Service Control Manager","555908d1-a6d7-4695-8e1e-26931d2012f4","System","616","728","ServerDC2.ad.jasonsexperiments.com",,"5/28/2025 9:56:05 PM",,,"System","System.UInt32[]","System.Diagnostics.Eventing.Reader.EventBookmark","Information",,,"System.Collections.ObjectModel.ReadOnlyCollection`1[System.String]","System.Collections.Generic.List`1[System.Diagnostics.Eventing.Reader.EventProperty]"
"The EventSystem service entered the running state.","7036","0","16384","4","0","0","-9187343239835811840","6387","Service Control Manager","555908d1-a6d7-4695-8e1e-26931d2012f4","System","616","700","ServerDC2.ad.jasonsexperiments.com",,"5/28/2025 9:56:05 PM",,,"System","System.UInt32[]","System.Diagnostics.Eventing.Reader.EventBookmark","Information",,,"System.Collections.ObjectModel.ReadOnlyCollection`1[System.String]","System.Collections.Generic.List`1[System.Diagnostics.Eventing.Reader.EventProperty]"
"The Themes service entered the running state.","7036","0","16384","4","0","0","-9187343239835811840","6386","Service Control Manager","555908d1-a6d7-4695-8e1e-26931d2012f4","System","616","700","ServerDC2.ad.jasonsexperiments.com",,"5/28/2025 9:56:05 PM",,,"System","System.UInt32[]","System.Diagnostics.Eventing.Reader.EventBookmark","Information",,,"System.Collections.ObjectModel.ReadOnlyCollection`1[System.String]","System.Collections.Generic.List`1[System.Diagnostics.Eventing.Reader.EventProperty]"
"The NcbService service entered the running state.","7036","0","16384","4","0","0","-9187343239835811840","6385","Service Control Manager","555908d1-a6d7-4695-8e1e-26931d2012f4","System","616","728","ServerDC2.ad.jasonsexperiments.com",,"5/28/2025 9:56:05 PM",,,"System","System.UInt32[]","System.Diagnostics.Eventing.Reader.EventBookmark","Information",,,"System.Collections.ObjectModel.ReadOnlyCollection`1[System.String]","System.Collections.Generic.List`1[System.Diagnostics.Eventing.Reader.EventProperty]"
"The DsmSvc service entered the running state.","7036","0","16384","4","0","0","-9187343239835811840","6384","Service Control Manager","555908d1-a6d7-4695-8e1e-26931d2012f4","System","616","384","ServerDC2.ad.jasonsexperiments.com",,"5/28/2025 9:56:05 PM",,,"System","System.UInt32[]","System.Diagnostics.Eventing.Reader.EventBookmark","Information",,,"System.Collections.ObjectModel.ReadOnlyCollection`1[System.String]","System.Collections.Generic.List`1[System.Diagnostics.Eventing.Reader.EventProperty]"
"The netprofm service entered the running state.","7036","0","16384","4","0","0","-9187343239835811840","6383","Service Control Manager","555908d1-a6d7-4695-8e1e-26931d2012f4","System","616","700","ServerDC2.ad.jasonsexperiments.com",,"5/28/2025 9:56:05 PM",,,"System","System.UInt32[]","System.Diagnostics.Eventing.Reader.EventBookmark","Information",,,"System.Collections.ObjectModel.ReadOnlyCollection`1[System.String]","System.Collections.Generic.List`1[System.Diagnostics.Eventing.Reader.EventProperty]"
"The VBoxService service entered the running state.","7036","0","16384","4","0","0","-9187343239835811840","6382","Service Control Manager","555908d1-a6d7-4695-8e1e-26931d2012f4","System","616","384","ServerDC2.ad.jasonsexperiments.com",,"5/28/2025 9:56:05 PM",,,"System","System.UInt32[]","System.Diagnostics.Eventing.Reader.EventBookmark","Information",,,"System.Collections.ObjectModel.ReadOnlyCollection`1[System.String]","System.Collections.Generic.List`1[System.Diagnostics.Eventing.Reader.EventProperty]"
"Name resolution for the name _ldap._tcp.dc._msdcs.ad.jasonsexperiments.com. timed out after none of the configured DNS servers responded.","1014","0",,"3","1014","0","4611686018695823360","6381","Microsoft-Windows-DNS-Client","1c95126e-7eea-49a9-a3fe-a378b03ddb4d","System","1228","1500","ServerDC2.ad.jasonsexperiments.com","S-1-5-20","5/28/2025 9:56:05 PM",,,"System","System.UInt32[]","System.Diagnostics.Eventing.Reader.EventBookmark","Warning","Info",,"System.Collections.ObjectModel.ReadOnlyCollection`1[System.String]","System.Collections.Generic.List`1[System.Diagnostics.Eventing.Reader.EventProperty]"
"The NlaSvc service entered the running state.","7036","0","16384","4","0","0","-9187343239835811840","6380","Service Control Manager","555908d1-a6d7-4695-8e1e-26931d2012f4","System","616","384","ServerDC2.ad.jasonsexperiments.com",,"5/28/2025 9:56:05 PM",,,"System","System.UInt32[]","System.Diagnostics.Eventing.Reader.EventBookmark","Information",,,"System.Collections.ObjectModel.ReadOnlyCollection`1[System.String]","System.Collections.Generic.List`1[System.Diagnostics.Eventing.Reader.EventProperty]"
"The gpsvc service entered the running state.","7036","0","16384","4","0","0","-9187343239835811840","6379","Service Control Manager","555908d1-a6d7-4695-8e1e-26931d2012f4","System","616","728","ServerDC2.ad.jasonsexperiments.com",,"5/28/2025 9:56:05 PM",,,"System","System.UInt32[]","System.Diagnostics.Eventing.Reader.EventBookmark","Information",,,"System.Collections.ObjectModel.ReadOnlyCollection`1[System.String]","System.Collections.Generic.List`1[System.Diagnostics.Eventing.Reader.EventProperty]"
"The WPDBusEnum service entered the running state.","7036","0","16384","4","0","0","-9187343239835811840","6378","Service Control Manager","555908d1-a6d7-4695-8e1e-26931d2012f4","System","616","728","ServerDC2.ad.jasonsexperiments.com",,"5/28/2025 9:56:05 PM",,,"System","System.UInt32[]","System.Diagnostics.Eventing.Reader.EventBookmark","Information",,,"System.Collections.ObjectModel.ReadOnlyCollection`1[System.String]","System.Collections.Generic.List`1[System.Diagnostics.Eventing.Reader.EventProperty]"
"The NTDS service entered the running state.","7036","0","16384","4","0","0","-9187343239835811840","6377","Service Control Manager","555908d1-a6d7-4695-8e1e-26931d2012f4","System","616","700","ServerDC2.ad.jasonsexperiments.com",,"5/28/2025 9:56:05 PM",,,"System","System.UInt32[]","System.Diagnostics.Eventing.Reader.EventBookmark","Information",,,"System.Collections.ObjectModel.ReadOnlyCollection`1[System.String]","System.Collections.Generic.List`1[System.Diagnostics.Eventing.Reader.EventProperty]"
"File System Filter 'storqosflt' (10.0, ?2004?-?08?-?10T11:55:11.000000000Z) has successfully loaded and registered with Filter Manager.","6","0",,"4","0","0","-9223372036854775808","6376","Microsoft-Windows-FilterManager","f3c5e28e-63f6-49c7-a204-e48a1bc4b09d","System","4","192","ServerDC2.ad.jasonsexperiments.com","S-1-5-18","5/28/2025 9:56:05 PM",,,"System","System.UInt32[]","System.Diagnostics.Eventing.Reader.EventBookmark","Information","Info",,"System.Collections.ObjectModel.ReadOnlyCollection`1[System.String]","System.Collections.Generic.List`1[System.Diagnostics.Eventing.Reader.EventProperty]"
"File System Filter 'CldFlt' (10.0, ?2088?-?09?-?21T13:25:04.000000000Z) has successfully loaded and registered with Filter Manager.","6","0",,"4","0","0","-9223372036854775808","6375","Microsoft-Windows-FilterManager","f3c5e28e-63f6-49c7-a204-e48a1bc4b09d","System","4","192","ServerDC2.ad.jasonsexperiments.com","S-1-5-18","5/28/2025 9:56:05 PM",,,"System","System.UInt32[]","System.Diagnostics.Eventing.Reader.EventBookmark","Information","Info",,"System.Collections.ObjectModel.ReadOnlyCollection`1[System.String]","System.Collections.Generic.List`1[System.Diagnostics.Eventing.Reader.EventProperty]"
"File System Filter 'CldFlt' (Version 10.0, ?2088?-?09?-?21T13:25:04.000000000Z) unloaded successfully.","1","0",,"4","0","0","-9223372036854775808","6374","Microsoft-Windows-FilterManager","f3c5e28e-63f6-49c7-a204-e48a1bc4b09d","System","4","192","ServerDC2.ad.jasonsexperiments.com","S-1-5-18","5/28/2025 9:56:05 PM",,,"System","System.UInt32[]","System.Diagnostics.Eventing.Reader.EventBookmark","Information","Info",,"System.Collections.ObjectModel.ReadOnlyCollection`1[System.String]","System.Collections.Generic.List`1[System.Diagnostics.Eventing.Reader.EventProperty]"
"File System Filter 'CldFlt' (10.0, ?2088?-?09?-?21T13:25:04.000000000Z) has successfully loaded and registered with Filter Manager.","6","0",,"4","0","0","-9223372036854775808","6373","Microsoft-Windows-FilterManager","f3c5e28e-63f6-49c7-a204-e48a1bc4b09d","System","4","192","ServerDC2.ad.jasonsexperiments.com","S-1-5-18","5/28/2025 9:56:05 PM",,,"System","System.UInt32[]","System.Diagnostics.Eventing.Reader.EventBookmark","Information","Info",,"System.Collections.ObjectModel.ReadOnlyCollection`1[System.String]","System.Collections.Generic.List`1[System.Diagnostics.Eventing.Reader.EventProperty]"
"The Dnscache service entered the running state.","7036","0","16384","4","0","0","-9187343239835811840","6372","Service Control Manager","555908d1-a6d7-4695-8e1e-26931d2012f4","System","616","1036","ServerDC2.ad.jasonsexperiments.com",,"5/28/2025 9:56:05 PM",,,"System","System.UInt32[]","System.Diagnostics.Eventing.Reader.EventBookmark","Information",,,"System.Collections.ObjectModel.ReadOnlyCollection`1[System.String]","System.Collections.Generic.List`1[System.Diagnostics.Eventing.Reader.EventProperty]"
"File System Filter 'luafv' (10.0, ?2083?-?07?-?27T15:34:58.000000000Z) has successfully loaded and registered with Filter Manager.","6","0",,"4","0","0","-9223372036854775808","6371","Microsoft-Windows-FilterManager","f3c5e28e-63f6-49c7-a204-e48a1bc4b09d","System","4","192","ServerDC2.ad.jasonsexperiments.com","S-1-5-18","5/28/2025 9:56:05 PM",,,"System","System.UInt32[]","System.Diagnostics.Eventing.Reader.EventBookmark","Information","Info",,"System.Collections.ObjectModel.ReadOnlyCollection`1[System.String]","System.Collections.Generic.List`1[System.Diagnostics.Eventing.Reader.EventProperty]"
"The Dhcp service entered the running state.","7036","0","16384","4","0","0","-9187343239835811840","6370","Service Control Manager","555908d1-a6d7-4695-8e1e-26931d2012f4","System","616","384","ServerDC2.ad.jasonsexperiments.com",,"5/28/2025 9:56:05 PM",,,"System","System.UInt32[]","System.Diagnostics.Eventing.Reader.EventBookmark","Information",,,"System.Collections.ObjectModel.ReadOnlyCollection`1[System.String]","System.Collections.Generic.List`1[System.Diagnostics.Eventing.Reader.EventProperty]"
"The device driver for the Trusted Platform Module (TPM) encountered a non-recoverable error in the TPM hardware, which prevents TPM services (such as data encryption) from being used. For further help, please contact the computer manufacturer.","15","0",,"2","0","0","-9223372036854775808","6369","TPM","1b6b0772-251b-4d42-917d-faca166bc059","System","4","320","ServerDC2.ad.jasonsexperiments.com","S-1-5-18","5/28/2025 9:56:05 PM",,,"System","System.UInt32[]","System.Diagnostics.Eventing.Reader.EventBookmark","Error","Info",,"System.Collections.ObjectModel.ReadOnlyCollection`1[System.String]","System.Collections.Generic.List`1[System.Diagnostics.Eventing.Reader.EventProperty]"
"DHCPv6 client service is started","51046","0",,"4","4","62","2305843009213693952","6368","Microsoft-Windows-DHCPv6-Client","6a1f2b00-6a90-4c38-95a5-5cab3b056778","System","1152","1320","ServerDC2.ad.jasonsexperiments.com","S-1-5-19","5/28/2025 9:56:05 PM",,,"System","System.UInt32[]","System.Diagnostics.Eventing.Reader.EventBookmark","Information","ServiceStart","Service State Event","System.Collections.ObjectModel.ReadOnlyCollection`1[System.String]","System.Collections.Generic.List`1[System.Diagnostics.Eventing.Reader.EventProperty]"
"File System Filter 'wcifs' (10.0, ?1979?-?05?-?17T09:12:11.000000000Z) has successfully loaded and registered with Filter Manager.","6","0",,"4","0","0","-9223372036854775808","6367","Microsoft-Windows-FilterManager","f3c5e28e-63f6-49c7-a204-e48a1bc4b09d","System","4","124","ServerDC2.ad.jasonsexperiments.com","S-1-5-18","5/28/2025 9:56:05 PM",,,"System","System.UInt32[]","System.Diagnostics.Eventing.Reader.EventBookmark","Information","Info",,"System.Collections.ObjectModel.ReadOnlyCollection`1[System.String]","System.Collections.Generic.List`1[System.Diagnostics.Eventing.Reader.EventProperty]"
"The EventLog service entered the running state.","7036","0","16384","4","0","0","-9187343239835811840","6366","Service Control Manager","555908d1-a6d7-4695-8e1e-26931d2012f4","System","616","680","ServerDC2.ad.jasonsexperiments.com",,"5/28/2025 9:56:05 PM",,,"System","System.UInt32[]","System.Diagnostics.Eventing.Reader.EventBookmark","Information",,,"System.Collections.ObjectModel.ReadOnlyCollection`1[System.String]","System.Collections.Generic.List`1[System.Diagnostics.Eventing.Reader.EventProperty]"
"DHCPv4 client registered for shutdown notification","50103","0",,"4","4","129","2305843009213693952","6365","Microsoft-Windows-Dhcp-Client","15a7a4f8-0072-4eab-abad-f98a4d666aed","System","1152","1224","ServerDC2.ad.jasonsexperiments.com","S-1-5-19","5/28/2025 9:56:05 PM",,,"System","System.UInt32[]","System.Diagnostics.Eventing.Reader.EventBookmark","Information","ServiceShutdown","Service State Event","System.Collections.ObjectModel.ReadOnlyCollection`1[System.String]","System.Collections.Generic.List`1[System.Diagnostics.Eventing.Reader.EventProperty]"
"DHCPv4 client service is started","50036","0",,"4","4","68","2305843009213693952","6364","Microsoft-Windows-Dhcp-Client","15a7a4f8-0072-4eab-abad-f98a4d666aed","System","1152","1224","ServerDC2.ad.jasonsexperiments.com","S-1-5-19","5/28/2025 9:56:05 PM",,,"System","System.UInt32[]","System.Diagnostics.Eventing.Reader.EventBookmark","Information","ServiceStart","Service State Event","System.Collections.ObjectModel.ReadOnlyCollection`1[System.String]","System.Collections.Generic.List`1[System.Diagnostics.Eventing.Reader.EventProperty]"
"The TimeBrokerSvc service entered the running state.","7036","0","16384","4","0","0","-9187343239835811840","6363","Service Control Manager","555908d1-a6d7-4695-8e1e-26931d2012f4","System","616","1100","ServerDC2.ad.jasonsexperiments.com",,"5/28/2025 9:56:05 PM",,,"System","System.UInt32[]","System.Diagnostics.Eventing.Reader.EventBookmark","Information",,,"System.Collections.ObjectModel.ReadOnlyCollection`1[System.String]","System.Collections.Generic.List`1[System.Diagnostics.Eventing.Reader.EventProperty]"
"The lmhosts service entered the running state.","7036","0","16384","4","0","0","-9187343239835811840","6362","Service Control Manager","555908d1-a6d7-4695-8e1e-26931d2012f4","System","616","1100","ServerDC2.ad.jasonsexperiments.com",,"5/28/2025 9:56:05 PM",,,"System","System.UInt32[]","System.Diagnostics.Eventing.Reader.EventBookmark","Information",,,"System.Collections.ObjectModel.ReadOnlyCollection`1[System.String]","System.Collections.Generic.List`1[System.Diagnostics.Eventing.Reader.EventProperty]"
"The nsi service entered the running state.","7036","0","16384","4","0","0","-9187343239835811840","6361","Service Control Manager","555908d1-a6d7-4695-8e1e-26931d2012f4","System","616","1080","ServerDC2.ad.jasonsexperiments.com",,"5/28/2025 9:56:05 PM",,,"System","System.UInt32[]","System.Diagnostics.Eventing.Reader.EventBookmark","Information",,,"System.Collections.ObjectModel.ReadOnlyCollection`1[System.String]","System.Collections.Generic.List`1[System.Diagnostics.Eventing.Reader.EventProperty]"
"The SystemEventsBroker service entered the running state.","7036","0","16384","4","0","0","-9187343239835811840","6360","Service Control Manager","555908d1-a6d7-4695-8e1e-26931d2012f4","System","616","728","ServerDC2.ad.jasonsexperiments.com",,"5/28/2025 9:56:05 PM",,,"System","System.UInt32[]","System.Diagnostics.Eventing.Reader.EventBookmark","Information",,,"System.Collections.ObjectModel.ReadOnlyCollection`1[System.String]","System.Collections.Generic.List`1[System.Diagnostics.Eventing.Reader.EventProperty]"
"The BrokerInfrastructure service entered the running state.","7036","0","16384","4","0","0","-9187343239835811840","6359","Service Control Manager","555908d1-a6d7-4695-8e1e-26931d2012f4","System","616","728","ServerDC2.ad.jasonsexperiments.com",,"5/28/2025 9:56:05 PM",,,"System","System.UInt32[]","System.Diagnostics.Eventing.Reader.EventBookmark","Information",,,"System.Collections.ObjectModel.ReadOnlyCollection`1[System.String]","System.Collections.Generic.List`1[System.Diagnostics.Eventing.Reader.EventProperty]"
"The LSM service entered the running state.","7036","0","16384","4","0","0","-9187343239835811840","6358","Service Control Manager","555908d1-a6d7-4695-8e1e-26931d2012f4","System","616","728","ServerDC2.ad.jasonsexperiments.com",,"5/28/2025 9:56:05 PM",,,"System","System.UInt32[]","System.Diagnostics.Eventing.Reader.EventBookmark","Information",,,"System.Collections.ObjectModel.ReadOnlyCollection`1[System.String]","System.Collections.Generic.List`1[System.Diagnostics.Eventing.Reader.EventProperty]"
"The RpcSs service entered the running state.","7036","0","16384","4","0","0","-9187343239835811840","6357","Service Control Manager","555908d1-a6d7-4695-8e1e-26931d2012f4","System","616","740","ServerDC2.ad.jasonsexperiments.com",,"5/28/2025 9:56:05 PM",,,"System","System.UInt32[]","System.Diagnostics.Eventing.Reader.EventBookmark","Information",,,"System.Collections.ObjectModel.ReadOnlyCollection`1[System.String]","System.Collections.Generic.List`1[System.Diagnostics.Eventing.Reader.EventProperty]"
"The RpcEptMapper service entered the running state.","7036","0","16384","4","0","0","-9187343239835811840","6356","Service Control Manager","555908d1-a6d7-4695-8e1e-26931d2012f4","System","616","728","ServerDC2.ad.jasonsexperiments.com",,"5/28/2025 9:56:05 PM",,,"System","System.UInt32[]","System.Diagnostics.Eventing.Reader.EventBookmark","Information",,,"System.Collections.ObjectModel.ReadOnlyCollection`1[System.String]","System.Collections.Generic.List`1[System.Diagnostics.Eventing.Reader.EventProperty]"
"The DcomLaunch service entered the running state.","7036","0","16384","4","0","0","-9187343239835811840","6355","Service Control Manager","555908d1-a6d7-4695-8e1e-26931d2012f4","System","616","728","ServerDC2.ad.jasonsexperiments.com",,"5/28/2025 9:56:05 PM",,,"System","System.UInt32[]","System.Diagnostics.Eventing.Reader.EventBookmark","Information",,,"System.Collections.ObjectModel.ReadOnlyCollection`1[System.String]","System.Collections.Generic.List`1[System.Diagnostics.Eventing.Reader.EventProperty]"
"The Power service entered the running state.","7036","0","16384","4","0","0","-9187343239835811840","6354","Service Control Manager","555908d1-a6d7-4695-8e1e-26931d2012f4","System","616","728","ServerDC2.ad.jasonsexperiments.com",,"5/28/2025 9:56:04 PM",,,"System","System.UInt32[]","System.Diagnostics.Eventing.Reader.EventBookmark","Information",,,"System.Collections.ObjectModel.ReadOnlyCollection`1[System.String]","System.Collections.Generic.List`1[System.Diagnostics.Eventing.Reader.EventProperty]"
"The device driver for the Trusted Platform Module (TPM) encountered a non-recoverable error in the TPM hardware, which prevents TPM services (such as data encryption) from being used. For further help, please contact the computer manufacturer.","15","0",,"2","0","0","-9223372036854775808","6353","TPM","1b6b0772-251b-4d42-917d-faca166bc059","System","4","320","ServerDC2.ad.jasonsexperiments.com","S-1-5-18","5/28/2025 9:56:04 PM",,,"System","System.UInt32[]","System.Diagnostics.Eventing.Reader.EventBookmark","Error","Info",,"System.Collections.ObjectModel.ReadOnlyCollection`1[System.String]","System.Collections.Generic.List`1[System.Diagnostics.Eventing.Reader.EventProperty]"
"The PlugPlay service entered the running state.","7036","0","16384","4","0","0","-9187343239835811840","6352","Service Control Manager","555908d1-a6d7-4695-8e1e-26931d2012f4","System","616","740","ServerDC2.ad.jasonsexperiments.com",,"5/28/2025 9:56:04 PM",,,"System","System.UInt32[]","System.Diagnostics.Eventing.Reader.EventBookmark","Information",,,"System.Collections.ObjectModel.ReadOnlyCollection`1[System.String]","System.Collections.Generic.List`1[System.Diagnostics.Eventing.Reader.EventProperty]"
"The security account manager successfully initialized the Local Administrator Password Solution (LAPS) extension dll.
","16993","0",,"4","0","0","-9223372036854775808","6351","Microsoft-Windows-Directory-Services-SAM","0d4fdc09-8c27-494a-bda0-505e4fd8adae","System","624","628","ServerDC2.ad.jasonsexperiments.com","S-1-5-18","5/28/2025 9:56:04 PM",,,"System","System.UInt32[]","System.Diagnostics.Eventing.Reader.EventBookmark","Information","Info",,"System.Collections.ObjectModel.ReadOnlyCollection`1[System.String]","System.Collections.Generic.List`1[System.Diagnostics.Eventing.Reader.EventProperty]"
"The security account manager is now logging periodic summary events for remote clients that call legacy password change or set RPC methods.

For more information please see https://go.microsoft.com/fwlink/?linkid=2150956.
","16983","0",,"4","0","0","-9223372036854775808","6350","Microsoft-Windows-Directory-Services-SAM","0d4fdc09-8c27-494a-bda0-505e4fd8adae","System","624","628","ServerDC2.ad.jasonsexperiments.com","S-1-5-18","5/28/2025 9:56:04 PM",,,"System","System.UInt32[]","System.Diagnostics.Eventing.Reader.EventBookmark","Information","Info",,"System.Collections.ObjectModel.ReadOnlyCollection`1[System.String]","System.Collections.Generic.List`1[System.Diagnostics.Eventing.Reader.EventProperty]"
"The domain is configured with the following minimum password length-related settings.

MinimumPasswordLength: 7

MinimumPasswordLengthAudit: -1

For more information see https://go.microsoft.com/fwlink/?LinkId=2097191.
","16977","0",,"4","0","0","-9223372036854775808","6349","Microsoft-Windows-Directory-Services-SAM","0d4fdc09-8c27-494a-bda0-505e4fd8adae","System","624","628","ServerDC2.ad.jasonsexperiments.com","S-1-5-18","5/28/2025 9:56:04 PM",,,"System","System.UInt32[]","System.Diagnostics.Eventing.Reader.EventBookmark","Information","Info",,"System.Collections.ObjectModel.ReadOnlyCollection`1[System.String]","System.Collections.Generic.List`1[System.Diagnostics.Eventing.Reader.EventProperty]"
"The domain is configured with the following minimum password length-related settings.

MinimumPasswordLength: 7

MinimumPasswordLengthAudit: 0

