Shutdown Reason: Kernel API","109","0",,"4","103","0","-9223301668110597116","5820","Microsoft-Windows-Kernel-Power","331c3b3a-2005-44c2-ac5e-77220c37d6b4","System","476","480","ServerDC2.ad.jasonsexperiments.com",,"5/24/2025 12:17:10 PM",,,"System","System.UInt32[]","System.Diagnostics.Eventing.Reader.EventBookmark","Information","Info",,"System.Collections.ObjectModel.ReadOnlyCollection`1[System.String]","System.Collections.Generic.List`1[System.Diagnostics.Eventing.Reader.EventProperty]"
"The VirtualBox Guest Additions Service service entered the stopped state.","7036","0","16384","4","0","0","-9187343239835811840","5819","Service Control Manager","555908d1-a6d7-4695-8e1e-26931d2012f4","System","620","4592","ServerDC2.ad.jasonsexperiments.com",,"5/24/2025 12:17:07 PM",,,"System","System.UInt32[]","System.Diagnostics.Eventing.Reader.EventBookmark","Information",,,"System.Collections.ObjectModel.ReadOnlyCollection`1[System.String]","System.Collections.Generic.List`1[System.Diagnostics.Eventing.Reader.EventProperty]"
"The Windows Update service entered the stopped state.","7036","0","16384","4","0","0","-9187343239835811840","5818","Service Control Manager","555908d1-a6d7-4695-8e1e-26931d2012f4","System","620","4592","ServerDC2.ad.jasonsexperiments.com",,"5/24/2025 12:17:06 PM",,,"System","System.UInt32[]","System.Diagnostics.Eventing.Reader.EventBookmark","Information",,,"System.Collections.ObjectModel.ReadOnlyCollection`1[System.String]","System.Collections.Generic.List`1[System.Diagnostics.Eventing.Reader.EventProperty]"
"The Active Directory Domain Services service entered the stopped state.","7036","0","16384","4","0","0","-9187343239835811840","5817","Service Control Manager","555908d1-a6d7-4695-8e1e-26931d2012f4","System","620","4592","ServerDC2.ad.jasonsexperiments.com",,"5/24/2025 12:17:06 PM",,,"System","System.UInt32[]","System.Diagnostics.Eventing.Reader.EventBookmark","Information",,,"System.Collections.ObjectModel.ReadOnlyCollection`1[System.String]","System.Collections.Generic.List`1[System.Diagnostics.Eventing.Reader.EventProperty]"
"The Diagnostic Policy Service service entered the stopped state.","7036","0","16384","4","0","0","-9187343239835811840","5816","Service Control Manager","555908d1-a6d7-4695-8e1e-26931d2012f4","System","620","4592","ServerDC2.ad.jasonsexperiments.com",,"5/24/2025 12:17:06 PM",,,"System","System.UInt32[]","System.Diagnostics.Eventing.Reader.EventBookmark","Information",,,"System.Collections.ObjectModel.ReadOnlyCollection`1[System.String]","System.Collections.Generic.List`1[System.Diagnostics.Eventing.Reader.EventProperty]"
"The DFS Replication service entered the stopped state.","7036","0","16384","4","0","0","-9187343239835811840","5815","Service Control Manager","555908d1-a6d7-4695-8e1e-26931d2012f4","System","620","4592","ServerDC2.ad.jasonsexperiments.com",,"5/24/2025 12:17:06 PM",,,"System","System.UInt32[]","System.Diagnostics.Eventing.Reader.EventBookmark","Information",,,"System.Collections.ObjectModel.ReadOnlyCollection`1[System.String]","System.Collections.Generic.List`1[System.Diagnostics.Eventing.Reader.EventProperty]"
"The Task Scheduler service entered the stopped state.","7036","0","16384","4","0","0","-9187343239835811840","5814","Service Control Manager","555908d1-a6d7-4695-8e1e-26931d2012f4","System","620","3768","ServerDC2.ad.jasonsexperiments.com",,"5/24/2025 12:17:06 PM",,,"System","System.UInt32[]","System.Diagnostics.Eventing.Reader.EventBookmark","Information",,,"System.Collections.ObjectModel.ReadOnlyCollection`1[System.String]","System.Collections.Generic.List`1[System.Diagnostics.Eventing.Reader.EventProperty]"
"The State Repository Service service entered the stopped state.","7036","0","16384","4","0","0","-9187343239835811840","5813","Service Control Manager","555908d1-a6d7-4695-8e1e-26931d2012f4","System","620","3768","ServerDC2.ad.jasonsexperiments.com",,"5/24/2025 12:17:05 PM",,,"System","System.UInt32[]","System.Diagnostics.Eventing.Reader.EventBookmark","Information",,,"System.Collections.ObjectModel.ReadOnlyCollection`1[System.String]","System.Collections.Generic.List`1[System.Diagnostics.Eventing.Reader.EventProperty]"
"The Windows Event Log service entered the stopped state.","7036","0","16384","4","0","0","-9187343239835811840","5812","Service Control Manager","555908d1-a6d7-4695-8e1e-26931d2012f4","System","620","4592","ServerDC2.ad.jasonsexperiments.com",,"5/24/2025 12:17:05 PM",,,"System","System.UInt32[]","System.Diagnostics.Eventing.Reader.EventBookmark","Information",,,"System.Collections.ObjectModel.ReadOnlyCollection`1[System.String]","System.Collections.Generic.List`1[System.Diagnostics.Eventing.Reader.EventProperty]"
"The Windows Remote Management (WS-Management) service entered the stopped state.","7036","0","16384","4","0","0","-9187343239835811840","5811","Service Control Manager","555908d1-a6d7-4695-8e1e-26931d2012f4","System","620","4592","ServerDC2.ad.jasonsexperiments.com",,"5/24/2025 12:17:05 PM",,,"System","System.UInt32[]","System.Diagnostics.Eventing.Reader.EventBookmark","Information",,,"System.Collections.ObjectModel.ReadOnlyCollection`1[System.String]","System.Collections.Generic.List`1[System.Diagnostics.Eventing.Reader.EventProperty]"
"The Cryptographic Services service entered the stopped state.","7036","0","16384","4","0","0","-9187343239835811840","5810","Service Control Manager","555908d1-a6d7-4695-8e1e-26931d2012f4","System","620","4592","ServerDC2.ad.jasonsexperiments.com",,"5/24/2025 12:17:05 PM",,,"System","System.UInt32[]","System.Diagnostics.Eventing.Reader.EventBookmark","Information",,,"System.Collections.ObjectModel.ReadOnlyCollection`1[System.String]","System.Collections.Generic.List`1[System.Diagnostics.Eventing.Reader.EventProperty]"
"The Windows Connection Manager service entered the stopped state.","7036","0","16384","4","0","0","-9187343239835811840","5809","Service Control Manager","555908d1-a6d7-4695-8e1e-26931d2012f4","System","620","4592","ServerDC2.ad.jasonsexperiments.com",,"5/24/2025 12:17:05 PM",,,"System","System.UInt32[]","System.Diagnostics.Eventing.Reader.EventBookmark","Information",,,"System.Collections.ObjectModel.ReadOnlyCollection`1[System.String]","System.Collections.Generic.List`1[System.Diagnostics.Eventing.Reader.EventProperty]"
"The Remote Access Connection Manager service entered the stopped state.","7036","0","16384","4","0","0","-9187343239835811840","5808","Service Control Manager","555908d1-a6d7-4695-8e1e-26931d2012f4","System","620","4592","ServerDC2.ad.jasonsexperiments.com",,"5/24/2025 12:17:05 PM",,,"System","System.UInt32[]","System.Diagnostics.Eventing.Reader.EventBookmark","Information",,,"System.Collections.ObjectModel.ReadOnlyCollection`1[System.String]","System.Collections.Generic.List`1[System.Diagnostics.Eventing.Reader.EventProperty]"
"The system uptime is 6 seconds.","6013",,"32768","4","0",,"36028797018963968","5807","EventLog",,"System",,,"ServerDC2.ad.jasonsexperiments.com",,"5/24/2025 12:17:24 PM",,,"System","System.UInt32[]","System.Diagnostics.Eventing.Reader.EventBookmark","Information",,,"System.Collections.ObjectModel.ReadOnlyCollection`1[System.String]","System.Collections.Generic.List`1[System.Diagnostics.Eventing.Reader.EventProperty]"
"The Event log service was started.","6005",,"32768","4","0",,"36028797018963968","5806","EventLog",,"System",,,"ServerDC2.ad.jasonsexperiments.com",,"5/24/2025 12:17:24 PM",,,"System","System.UInt32[]","System.Diagnostics.Eventing.Reader.EventBookmark","Information",,,"System.Collections.ObjectModel.ReadOnlyCollection`1[System.String]","System.Collections.Generic.List`1[System.Diagnostics.Eventing.Reader.EventProperty]"
"Microsoft (R) Windows (R) 10.00. 17763  Multiprocessor Free.","6009",,"32768","4","0",,"36028797018963968","5805","EventLog",,"System",,,"ServerDC2.ad.jasonsexperiments.com",,"5/24/2025 12:17:24 PM",,,"System","System.UInt32[]","System.Diagnostics.Eventing.Reader.EventBookmark","Information",,,"System.Collections.ObjectModel.ReadOnlyCollection`1[System.String]","System.Collections.Generic.List`1[System.Diagnostics.Eventing.Reader.EventProperty]"
"The DNS Server service entered the stopped state.","7036","0","16384","4","0","0","-9187343239835811840","5804","Service Control Manager","555908d1-a6d7-4695-8e1e-26931d2012f4","System","620","4592","ServerDC2.ad.jasonsexperiments.com",,"5/24/2025 12:17:05 PM",,,"System","System.UInt32[]","System.Diagnostics.Eventing.Reader.EventBookmark","Information",,,"System.Collections.ObjectModel.ReadOnlyCollection`1[System.String]","System.Collections.Generic.List`1[System.Diagnostics.Eventing.Reader.EventProperty]"
"The Intersite Messaging service entered the stopped state.","7036","0","16384","4","0","0","-9187343239835811840","5803","Service Control Manager","555908d1-a6d7-4695-8e1e-26931d2012f4","System","620","4592","ServerDC2.ad.jasonsexperiments.com",,"5/24/2025 12:17:05 PM",,,"System","System.UInt32[]","System.Diagnostics.Eventing.Reader.EventBookmark","Information",,,"System.Collections.ObjectModel.ReadOnlyCollection`1[System.String]","System.Collections.Generic.List`1[System.Diagnostics.Eventing.Reader.EventProperty]"
"The Device Setup Manager service entered the stopped state.","7036","0","16384","4","0","0","-9187343239835811840","5802","Service Control Manager","555908d1-a6d7-4695-8e1e-26931d2012f4","System","620","4592","ServerDC2.ad.jasonsexperiments.com",,"5/24/2025 12:17:05 PM",,,"System","System.UInt32[]","System.Diagnostics.Eventing.Reader.EventBookmark","Information",,,"System.Collections.ObjectModel.ReadOnlyCollection`1[System.String]","System.Collections.Generic.List`1[System.Diagnostics.Eventing.Reader.EventProperty]"
"The DHCP Client service entered the stopped state.","7036","0","16384","4","0","0","-9187343239835811840","5801","Service Control Manager","555908d1-a6d7-4695-8e1e-26931d2012f4","System","620","4592","ServerDC2.ad.jasonsexperiments.com",,"5/24/2025 12:17:05 PM",,,"System","System.UInt32[]","System.Diagnostics.Eventing.Reader.EventBookmark","Information",,,"System.Collections.ObjectModel.ReadOnlyCollection`1[System.String]","System.Collections.Generic.List`1[System.Diagnostics.Eventing.Reader.EventProperty]"
"The Virtual Disk service entered the stopped state.","7036","0","16384","4","0","0","-9187343239835811840","5800","Service Control Manager","555908d1-a6d7-4695-8e1e-26931d2012f4","System","620","4592","ServerDC2.ad.jasonsexperiments.com",,"5/24/2025 12:17:05 PM",,,"System","System.UInt32[]","System.Diagnostics.Eventing.Reader.EventBookmark","Information",,,"System.Collections.ObjectModel.ReadOnlyCollection`1[System.String]","System.Collections.Generic.List`1[System.Diagnostics.Eventing.Reader.EventProperty]"
"DHCPv4 client service is stopped. ShutDown Flag value is 1","50037","0",,"4","4","69","2305843009213693952","5799","Microsoft-Windows-Dhcp-Client","15a7a4f8-0072-4eab-abad-f98a4d666aed","System","1128","1184","ServerDC2.ad.jasonsexperiments.com","S-1-5-19","5/24/2025 12:17:05 PM",,,"System","System.UInt32[]","System.Diagnostics.Eventing.Reader.EventBookmark","Information","ServiceStop","Service State Event","System.Collections.ObjectModel.ReadOnlyCollection`1[System.String]","System.Collections.Generic.List`1[System.Diagnostics.Eventing.Reader.EventProperty]"
"DHCPv6 client service stop is almost done.DHCP Context Ref count is 1","51057","0",,"4","4","104","2305843009213693952","5798","Microsoft-Windows-DHCPv6-Client","6a1f2b00-6a90-4c38-95a5-5cab3b056778","System","1128","1284","ServerDC2.ad.jasonsexperiments.com","S-1-5-19","5/24/2025 12:17:05 PM",,,"System","System.UInt32[]","System.Diagnostics.Eventing.Reader.EventBookmark","Information","ServiceStopWithRefCount","Service State Event","System.Collections.ObjectModel.ReadOnlyCollection`1[System.String]","System.Collections.Generic.List`1[System.Diagnostics.Eventing.Reader.EventProperty]"
"DHCPv6 client service is stopped. ShutDown Flag value is 1","51047","0",,"4","4","63","2305843009213693952","5797","Microsoft-Windows-DHCPv6-Client","6a1f2b00-6a90-4c38-95a5-5cab3b056778","System","1128","1284","ServerDC2.ad.jasonsexperiments.com","S-1-5-19","5/24/2025 12:17:05 PM",,,"System","System.UInt32[]","System.Diagnostics.Eventing.Reader.EventBookmark","Information","ServiceStop","Service State Event","System.Collections.ObjectModel.ReadOnlyCollection`1[System.String]","System.Collections.Generic.List`1[System.Diagnostics.Eventing.Reader.EventProperty]"
"DHCPv4 is waiting on DHCPv6 service to stop","50106","0",,"4","4","129","2305843009213693952","5796","Microsoft-Windows-Dhcp-Client","15a7a4f8-0072-4eab-abad-f98a4d666aed","System","1128","1184","ServerDC2.ad.jasonsexperiments.com","S-1-5-19","5/24/2025 12:17:05 PM",,,"System","System.UInt32[]","System.Diagnostics.Eventing.Reader.EventBookmark","Information","ServiceShutdown","Service State Event","System.Collections.ObjectModel.ReadOnlyCollection`1[System.String]","System.Collections.Generic.List`1[System.Diagnostics.Eventing.Reader.EventProperty]"
"The Windows Font Cache Service service entered the stopped state.","7036","0","16384","4","0","0","-9187343239835811840","5795","Service Control Manager","555908d1-a6d7-4695-8e1e-26931d2012f4","System","620","3768","ServerDC2.ad.jasonsexperiments.com",,"5/24/2025 12:17:05 PM",,,"System","System.UInt32[]","System.Diagnostics.Eventing.Reader.EventBookmark","Information",,,"System.Collections.ObjectModel.ReadOnlyCollection`1[System.String]","System.Collections.Generic.List`1[System.Diagnostics.Eventing.Reader.EventProperty]"
"The AppX Deployment Service (AppXSVC) service entered the stopped state.","7036","0","16384","4","0","0","-9187343239835811840","5794","Service Control Manager","555908d1-a6d7-4695-8e1e-26931d2012f4","System","620","3768","ServerDC2.ad.jasonsexperiments.com",,"5/24/2025 12:17:05 PM",,,"System","System.UInt32[]","System.Diagnostics.Eventing.Reader.EventBookmark","Information",,,"System.Collections.ObjectModel.ReadOnlyCollection`1[System.String]","System.Collections.Generic.List`1[System.Diagnostics.Eventing.Reader.EventProperty]"
"The Program Compatibility Assistant Service service entered the stopped state.","7036","0","16384","4","0","0","-9187343239835811840","5793","Service Control Manager","555908d1-a6d7-4695-8e1e-26931d2012f4","System","620","3768","ServerDC2.ad.jasonsexperiments.com",,"5/24/2025 12:17:05 PM",,,"System","System.UInt32[]","System.Diagnostics.Eventing.Reader.EventBookmark","Information",,,"System.Collections.ObjectModel.ReadOnlyCollection`1[System.String]","System.Collections.Generic.List`1[System.Diagnostics.Eventing.Reader.EventProperty]"
"The User Profile Service service entered the stopped state.","7036","0","16384","4","0","0","-9187343239835811840","5792","Service Control Manager","555908d1-a6d7-4695-8e1e-26931d2012f4","System","620","3768","ServerDC2.ad.jasonsexperiments.com",,"5/24/2025 12:17:05 PM",,,"System","System.UInt32[]","System.Diagnostics.Eventing.Reader.EventBookmark","Information",,,"System.Collections.ObjectModel.ReadOnlyCollection`1[System.String]","System.Collections.Generic.List`1[System.Diagnostics.Eventing.Reader.EventProperty]"
"The Windows Management Instrumentation service entered the stopped state.","7036","0","16384","4","0","0","-9187343239835811840","5791","Service Control Manager","555908d1-a6d7-4695-8e1e-26931d2012f4","System","620","3768","ServerDC2.ad.jasonsexperiments.com",,"5/24/2025 12:17:05 PM",,,"System","System.UInt32[]","System.Diagnostics.Eventing.Reader.EventBookmark","Information",,,"System.Collections.ObjectModel.ReadOnlyCollection`1[System.String]","System.Collections.Generic.List`1[System.Diagnostics.Eventing.Reader.EventProperty]"
"The Secure Socket Tunneling Protocol Service service entered the stopped state.","7036","0","16384","4","0","0","-9187343239835811840","5790","Service Control Manager","555908d1-a6d7-4695-8e1e-26931d2012f4","System","620","3768","ServerDC2.ad.jasonsexperiments.com",,"5/24/2025 12:17:05 PM",,,"System","System.UInt32[]","System.Diagnostics.Eventing.Reader.EventBookmark","Information",,,"System.Collections.ObjectModel.ReadOnlyCollection`1[System.String]","System.Collections.Generic.List`1[System.Diagnostics.Eventing.Reader.EventProperty]"
"The WinHTTP Web Proxy Auto-Discovery Service service entered the stopped state.","7036","0","16384","4","0","0","-9187343239835811840","5789","Service Control Manager","555908d1-a6d7-4695-8e1e-26931d2012f4","System","620","4592","ServerDC2.ad.jasonsexperiments.com",,"5/24/2025 12:17:05 PM",,,"System","System.UInt32[]","System.Diagnostics.Eventing.Reader.EventBookmark","Information",,,"System.Collections.ObjectModel.ReadOnlyCollection`1[System.String]","System.Collections.Generic.List`1[System.Diagnostics.Eventing.Reader.EventProperty]"
"The SysMain service entered the stopped state.","7036","0","16384","4","0","0","-9187343239835811840","5788","Service Control Manager","555908d1-a6d7-4695-8e1e-26931d2012f4","System","620","4592","ServerDC2.ad.jasonsexperiments.com",,"5/24/2025 12:17:05 PM",,,"System","System.UInt32[]","System.Diagnostics.Eventing.Reader.EventBookmark","Information",,,"System.Collections.ObjectModel.ReadOnlyCollection`1[System.String]","System.Collections.Generic.List`1[System.Diagnostics.Eventing.Reader.EventProperty]"
"The Update Orchestrator Service service entered the stopped state.","7036","0","16384","4","0","0","-9187343239835811840","5787","Service Control Manager","555908d1-a6d7-4695-8e1e-26931d2012f4","System","620","4592","ServerDC2.ad.jasonsexperiments.com",,"5/24/2025 12:17:05 PM",,,"System","System.UInt32[]","System.Diagnostics.Eventing.Reader.EventBookmark","Information",,,"System.Collections.ObjectModel.ReadOnlyCollection`1[System.String]","System.Collections.Generic.List`1[System.Diagnostics.Eventing.Reader.EventProperty]"
"The Windows Time service entered the stopped state.","7036","0","16384","4","0","0","-9187343239835811840","5786","Service Control Manager","555908d1-a6d7-4695-8e1e-26931d2012f4","System","620","6652","ServerDC2.ad.jasonsexperiments.com",,"5/24/2025 12:17:05 PM",,,"System","System.UInt32[]","System.Diagnostics.Eventing.Reader.EventBookmark","Information",,,"System.Collections.ObjectModel.ReadOnlyCollection`1[System.String]","System.Collections.Generic.List`1[System.Diagnostics.Eventing.Reader.EventProperty]"
"DHCPv4 client ProcessDHCPRequestForever received TERMINATE_EVENT","50105","0",,"4","4","129","2305843009213693952","5785","Microsoft-Windows-Dhcp-Client","15a7a4f8-0072-4eab-abad-f98a4d666aed","System","1128","1184","ServerDC2.ad.jasonsexperiments.com","S-1-5-19","5/24/2025 12:17:05 PM",,,"System","System.UInt32[]","System.Diagnostics.Eventing.Reader.EventBookmark","Information","ServiceShutdown","Service State Event","System.Collections.ObjectModel.ReadOnlyCollection`1[System.String]","System.Collections.Generic.List`1[System.Diagnostics.Eventing.Reader.EventProperty]"
"DHCPv4 client received shutdown notification","50104","0",,"4","4","129","2305843009213693952","5784","Microsoft-Windows-Dhcp-Client","15a7a4f8-0072-4eab-abad-f98a4d666aed","System","1128","1132","ServerDC2.ad.jasonsexperiments.com","S-1-5-19","5/24/2025 12:17:05 PM",,,"System","System.UInt32[]","System.Diagnostics.Eventing.Reader.EventBookmark","Information","ServiceShutdown","Service State Event","System.Collections.ObjectModel.ReadOnlyCollection`1[System.String]","System.Collections.Generic.List`1[System.Diagnostics.Eventing.Reader.EventProperty]"
"The Distributed Transaction Coordinator service entered the stopped state.","7036","0","16384","4","0","0","-9187343239835811840","5783","Service Control Manager","555908d1-a6d7-4695-8e1e-26931d2012f4","System","620","6652","ServerDC2.ad.jasonsexperiments.com",,"5/24/2025 12:17:05 PM",,,"System","System.UInt32[]","System.Diagnostics.Eventing.Reader.EventBookmark","Information",,,"System.Collections.ObjectModel.ReadOnlyCollection`1[System.String]","System.Collections.Generic.List`1[System.Diagnostics.Eventing.Reader.EventProperty]"
"The Active Directory Web Services service entered the stopped state.","7036","0","16384","4","0","0","-9187343239835811840","5782","Service Control Manager","555908d1-a6d7-4695-8e1e-26931d2012f4","System","620","6652","ServerDC2.ad.jasonsexperiments.com",,"5/24/2025 12:17:05 PM",,,"System","System.UInt32[]","System.Diagnostics.Eventing.Reader.EventBookmark","Information",,,"System.Collections.ObjectModel.ReadOnlyCollection`1[System.String]","System.Collections.Generic.List`1[System.Diagnostics.Eventing.Reader.EventProperty]"
"The Plug and Play service entered the stopped state.","7036","0","16384","4","0","0","-9187343239835811840","5781","Service Control Manager","555908d1-a6d7-4695-8e1e-26931d2012f4","System","620","6652","ServerDC2.ad.jasonsexperiments.com",,"5/24/2025 12:17:05 PM",,,"System","System.UInt32[]","System.Diagnostics.Eventing.Reader.EventBookmark","Information",,,"System.Collections.ObjectModel.ReadOnlyCollection`1[System.String]","System.Collections.Generic.List`1[System.Diagnostics.Eventing.Reader.EventProperty]"
"The Connected User Experiences and Telemetry service entered the stopped state.","7036","0","16384","4","0","0","-9187343239835811840","5780","Service Control Manager","555908d1-a6d7-4695-8e1e-26931d2012f4","System","620","2176","ServerDC2.ad.jasonsexperiments.com",,"5/24/2025 12:17:05 PM",,,"System","System.UInt32[]","System.Diagnostics.Eventing.Reader.EventBookmark","Information",,,"System.Collections.ObjectModel.ReadOnlyCollection`1[System.String]","System.Collections.Generic.List`1[System.Diagnostics.Eventing.Reader.EventProperty]"
"The User Access Logging Service service entered the stopped state.","7036","0","16384","4","0","0","-9187343239835811840","5779","Service Control Manager","555908d1-a6d7-4695-8e1e-26931d2012f4","System","620","2176","ServerDC2.ad.jasonsexperiments.com",,"5/24/2025 12:17:05 PM",,,"System","System.UInt32[]","System.Diagnostics.Eventing.Reader.EventBookmark","Information",,,"System.Collections.ObjectModel.ReadOnlyCollection`1[System.String]","System.Collections.Generic.List`1[System.Diagnostics.Eventing.Reader.EventProperty]"
"The Group Policy Client service entered the stopped state.","7036","0","16384","4","0","0","-9187343239835811840","5778","Service Control Manager","555908d1-a6d7-4695-8e1e-26931d2012f4","System","620","2176","ServerDC2.ad.jasonsexperiments.com",,"5/24/2025 12:17:05 PM",,,"System","System.UInt32[]","System.Diagnostics.Eventing.Reader.EventBookmark","Information",,,"System.Collections.ObjectModel.ReadOnlyCollection`1[System.String]","System.Collections.Generic.List`1[System.Diagnostics.Eventing.Reader.EventProperty]"
"User Logoff Notification for Customer Experience Improvement Program","7002","0",,"4","1102","0","2305878193585782784","5777","Microsoft-Windows-Winlogon","dbe9b383-7cf3-4331-91cc-a3cb16a3b538","System","548","6504","ServerDC2.ad.jasonsexperiments.com","S-1-5-18","5/24/2025 12:17:05 PM",,,"System","System.UInt32[]","System.Diagnostics.Eventing.Reader.EventBookmark","Information","Info",,"System.Collections.ObjectModel.ReadOnlyCollection`1[System.String]","System.Collections.Generic.List`1[System.Diagnostics.Eventing.Reader.EventProperty]"
"The Windows Push Notifications User Service_3aae6 service entered the stopped state.","7036","0","16384","4","0","0","-9187343239835811840","5776","Service Control Manager","555908d1-a6d7-4695-8e1e-26931d2012f4","System","620","2320","ServerDC2.ad.jasonsexperiments.com",,"5/24/2025 12:17:05 PM",,,"System","System.UInt32[]","System.Diagnostics.Eventing.Reader.EventBookmark","Information",,,"System.Collections.ObjectModel.ReadOnlyCollection`1[System.String]","System.Collections.Generic.List`1[System.Diagnostics.Eventing.Reader.EventProperty]"
"The Connected Devices Platform User Service_3aae6 service entered the stopped state.","7036","0","16384","4","0","0","-9187343239835811840","5775","Service Control Manager","555908d1-a6d7-4695-8e1e-26931d2012f4","System","620","3768","ServerDC2.ad.jasonsexperiments.com",,"5/24/2025 12:17:05 PM",,,"System","System.UInt32[]","System.Diagnostics.Eventing.Reader.EventBookmark","Information",,,"System.Collections.ObjectModel.ReadOnlyCollection`1[System.String]","System.Collections.Generic.List`1[System.Diagnostics.Eventing.Reader.EventProperty]"
"The AppX Deployment Service (AppXSVC) service entered the running state.","7036","0","16384","4","0","0","-9187343239835811840","5774","Service Control Manager","555908d1-a6d7-4695-8e1e-26931d2012f4","System","620","4592","ServerDC2.ad.jasonsexperiments.com",,"5/24/2025 12:17:05 PM",,,"System","System.UInt32[]","System.Diagnostics.Eventing.Reader.EventBookmark","Information",,,"System.Collections.ObjectModel.ReadOnlyCollection`1[System.String]","System.Collections.Generic.List`1[System.Diagnostics.Eventing.Reader.EventProperty]"
"The Event log service was stopped.","6006",,"32768","4","0",,"36028797018963968","5773","EventLog",,"System",,,"ServerDC2.ad.jasonsexperiments.com",,"5/24/2025 12:17:05 PM",,,"System","System.UInt32[]","System.Diagnostics.Eventing.Reader.EventBookmark","Information",,,"System.Collections.ObjectModel.ReadOnlyCollection`1[System.String]","System.Collections.Generic.List`1[System.Diagnostics.Eventing.Reader.EventProperty]"
"Service stopped.","4",,"16896","4","0",,"36028797018963968","5772","Virtual Disk Service",,"System",,,"ServerDC2.ad.jasonsexperiments.com",,"5/24/2025 12:17:05 PM",,,"System","System.UInt32[]","System.Diagnostics.Eventing.Reader.EventBookmark","Information",,,"System.Collections.ObjectModel.ReadOnlyCollection`1[System.String]","System.Collections.Generic.List`1[System.Diagnostics.Eventing.Reader.EventProperty]"
"The WinRM service is not listening for WS-Management requests. 

 User Action 
 If you did not intentionally stop the service, use the following command to see the WinRM configuration: 

 winrm enumerate winrm/config/listener","10149","0","7","3","0","0","36028797018963968","5771","Microsoft-Windows-WinRM","a7975c8f-ac13-49f1-87da-5a984a4ab417","System","0","0","ServerDC2.ad.jasonsexperiments.com",,"5/24/2025 12:17:05 PM",,,"System","System.UInt32[]","System.Diagnostics.Eventing.Reader.EventBookmark","Warning","Info",,"System.Collections.ObjectModel.ReadOnlyCollection`1[System.String]","System.Collections.Generic.List`1[System.Diagnostics.Eventing.Reader.EventProperty]"
"The process C:\Windows\system32\SystemSettingsAdminFlows.exe (SERVERDC2) has initiated the restart of computer SERVERDC2 on behalf of user AD-JASONS\vboxuser for the following reason: Other (Unplanned)
 Reason Code: 0x5000000
 Shutdown Type: restart
 Comment: ","1074","0","32768","4","0","0","-9187343239835811840","5770","User32","b0aa8734-56f7-41cc-b2f4-de228e98b946","System","400","568","ServerDC2.ad.jasonsexperiments.com","S-1-5-21-1767050536-1349833957-3345856044-1000","5/24/2025 12:17:04 PM",,,"System","System.UInt32[]","System.Diagnostics.Eventing.Reader.EventBookmark","Information",,,"System.Collections.ObjectModel.ReadOnlyCollection`1[System.String]","System.Collections.Generic.List`1[System.Diagnostics.Eventing.Reader.EventProperty]"
"The Portable Device Enumerator Service service entered the stopped state.","7036","0","16384","4","0","0","-9187343239835811840","5769","Service Control Manager","555908d1-a6d7-4695-8e1e-26931d2012f4","System","620","6652","ServerDC2.ad.jasonsexperiments.com",,"5/24/2025 12:13:48 PM",,,"System","System.UInt32[]","System.Diagnostics.Eventing.Reader.EventBookmark","Information",,,"System.Collections.ObjectModel.ReadOnlyCollection`1[System.String]","System.Collections.Generic.List`1[System.Diagnostics.Eventing.Reader.EventProperty]"
"The Windows Update service entered the running state.","7036","0","16384","4","0","0","-9187343239835811840","5768","Service Control Manager","555908d1-a6d7-4695-8e1e-26931d2012f4","System","620","4592","ServerDC2.ad.jasonsexperiments.com",,"5/24/2025 12:11:49 PM",,,"System","System.UInt32[]","System.Diagnostics.Eventing.Reader.EventBookmark","Information",,,"System.Collections.ObjectModel.ReadOnlyCollection`1[System.String]","System.Collections.Generic.List`1[System.Diagnostics.Eventing.Reader.EventProperty]"
"The Delivery Optimization service entered the stopped state.","7036","0","16384","4","0","0","-9187343239835811840","5767","Service Control Manager","555908d1-a6d7-4695-8e1e-26931d2012f4","System","620","4592","ServerDC2.ad.jasonsexperiments.com",,"5/24/2025 12:11:49 PM",,,"System","System.UInt32[]","System.Diagnostics.Eventing.Reader.EventBookmark","Information",,,"System.Collections.ObjectModel.ReadOnlyCollection`1[System.String]","System.Collections.Generic.List`1[System.Diagnostics.Eventing.Reader.EventProperty]"
"The Diagnostic System Host service entered the stopped state.","7036","0","16384","4","0","0","-9187343239835811840","5766","Service Control Manager","555908d1-a6d7-4695-8e1e-26931d2012f4","System","620","4592","ServerDC2.ad.jasonsexperiments.com",,"5/24/2025 12:11:48 PM",,,"System","System.UInt32[]","System.Diagnostics.Eventing.Reader.EventBookmark","Information",,,"System.Collections.ObjectModel.ReadOnlyCollection`1[System.String]","System.Collections.Generic.List`1[System.Diagnostics.Eventing.Reader.EventProperty]"
"The Delivery Optimization service entered the running state.","7036","0","16384","4","0","0","-9187343239835811840","5765","Service Control Manager","555908d1-a6d7-4695-8e1e-26931d2012f4","System","620","6652","ServerDC2.ad.jasonsexperiments.com",,"5/24/2025 12:11:48 PM",,,"System","System.UInt32[]","System.Diagnostics.Eventing.Reader.EventBookmark","Information",,,"System.Collections.ObjectModel.ReadOnlyCollection`1[System.String]","System.Collections.Generic.List`1[System.Diagnostics.Eventing.Reader.EventProperty]"
"The Portable Device Enumerator Service service entered the running state.","7036","0","16384","4","0","0","-9187343239835811840","5764","Service Control Manager","555908d1-a6d7-4695-8e1e-26931d2012f4","System","620","1332","ServerDC2.ad.jasonsexperiments.com",,"5/24/2025 12:11:48 PM",,,"System","System.UInt32[]","System.Diagnostics.Eventing.Reader.EventBookmark","Information",,,"System.Collections.ObjectModel.ReadOnlyCollection`1[System.String]","System.Collections.Generic.List`1[System.Diagnostics.Eventing.Reader.EventProperty]"
"The Network Connectivity Assistant service entered the stopped state.","7036","0","16384","4","0","0","-9187343239835811840","5763","Service Control Manager","555908d1-a6d7-4695-8e1e-26931d2012f4","System","620","5644","ServerDC2.ad.jasonsexperiments.com",,"5/24/2025 12:11:48 PM",,,"System","System.UInt32[]","System.Diagnostics.Eventing.Reader.EventBookmark","Information",,,"System.Collections.ObjectModel.ReadOnlyCollection`1[System.String]","System.Collections.Generic.List`1[System.Diagnostics.Eventing.Reader.EventProperty]"
"The Group Policy settings for the computer were processed successfully. New settings from 4 Group Policy objects were detected and applied.","1502","0",,"4","0","1","-9223372036854775808","5762","Microsoft-Windows-GroupPolicy","aea1b4fa-97d1-45f2-a64c-4d69fffd92c9","System","1396","492","ServerDC2.ad.jasonsexperiments.com","S-1-5-18","5/24/2025 12:11:48 PM","8656ae20-62b9-4263-adb2-3d69637f9622",,"System","System.UInt32[]","System.Diagnostics.Eventing.Reader.EventBookmark","Information","Start",,"System.Collections.ObjectModel.ReadOnlyCollection`1[System.String]","System.Collections.Generic.List`1[System.Diagnostics.Eventing.Reader.EventProperty]"
"The Portable Device Enumerator Service service entered the stopped state.","7036","0","16384","4","0","0","-9187343239835811840","5761","Service Control Manager","555908d1-a6d7-4695-8e1e-26931d2012f4","System","620","4592","ServerDC2.ad.jasonsexperiments.com",,"5/24/2025 12:08:48 PM",,,"System","System.UInt32[]","System.Diagnostics.Eventing.Reader.EventBookmark","Information",,,"System.Collections.ObjectModel.ReadOnlyCollection`1[System.String]","System.Collections.Generic.List`1[System.Diagnostics.Eventing.Reader.EventProperty]"
"The Windows Update service entered the stopped state.","7036","0","16384","4","0","0","-9187343239835811840","5760","Service Control Manager","555908d1-a6d7-4695-8e1e-26931d2012f4","System","620","5572","ServerDC2.ad.jasonsexperiments.com",,"5/24/2025 12:06:49 PM",,,"System","System.UInt32[]","System.Diagnostics.Eventing.Reader.EventBookmark","Information",,,"System.Collections.ObjectModel.ReadOnlyCollection`1[System.String]","System.Collections.Generic.List`1[System.Diagnostics.Eventing.Reader.EventProperty]"
"The Delivery Optimization service entered the stopped state.","7036","0","16384","4","0","0","-9187343239835811840","5759","Service Control Manager","555908d1-a6d7-4695-8e1e-26931d2012f4","System","620","5572","ServerDC2.ad.jasonsexperiments.com",,"5/24/2025 12:06:48 PM",,,"System","System.UInt32[]","System.Diagnostics.Eventing.Reader.EventBookmark","Information",,,"System.Collections.ObjectModel.ReadOnlyCollection`1[System.String]","System.Collections.Generic.List`1[System.Diagnostics.Eventing.Reader.EventProperty]"
"The Delivery Optimization service entered the running state.","7036","0","16384","4","0","0","-9187343239835811840","5758","Service Control Manager","555908d1-a6d7-4695-8e1e-26931d2012f4","System","620","2540","ServerDC2.ad.jasonsexperiments.com",,"5/24/2025 12:06:48 PM",,,"System","System.UInt32[]","System.Diagnostics.Eventing.Reader.EventBookmark","Information",,,"System.Collections.ObjectModel.ReadOnlyCollection`1[System.String]","System.Collections.Generic.List`1[System.Diagnostics.Eventing.Reader.EventProperty]"
"The Portable Device Enumerator Service service entered the running state.","7036","0","16384","4","0","0","-9187343239835811840","5757","Service Control Manager","555908d1-a6d7-4695-8e1e-26931d2012f4","System","620","5572","ServerDC2.ad.jasonsexperiments.com",,"5/24/2025 12:06:48 PM",,,"System","System.UInt32[]","System.Diagnostics.Eventing.Reader.EventBookmark","Information",,,"System.Collections.ObjectModel.ReadOnlyCollection`1[System.String]","System.Collections.Generic.List`1[System.Diagnostics.Eventing.Reader.EventProperty]"
"The Network Connectivity Assistant service entered the stopped state.","7036","0","16384","4","0","0","-9187343239835811840","5756","Service Control Manager","555908d1-a6d7-4695-8e1e-26931d2012f4","System","620","6784","ServerDC2.ad.jasonsexperiments.com",,"5/24/2025 12:06:48 PM",,,"System","System.UInt32[]","System.Diagnostics.Eventing.Reader.EventBookmark","Information",,,"System.Collections.ObjectModel.ReadOnlyCollection`1[System.String]","System.Collections.Generic.List`1[System.Diagnostics.Eventing.Reader.EventProperty]"
"The Group Policy settings for the computer were processed successfully. New settings from 4 Group Policy objects were detected and applied.","1502","0",,"4","0","1","-9223372036854775808","5755","Microsoft-Windows-GroupPolicy","aea1b4fa-97d1-45f2-a64c-4d69fffd92c9","System","1396","492","ServerDC2.ad.jasonsexperiments.com","S-1-5-18","5/24/2025 12:06:48 PM","baa01510-0fd6-4aac-af25-549071470ba9",,"System","System.UInt32[]","System.Diagnostics.Eventing.Reader.EventBookmark","Information","Start",,"System.Collections.ObjectModel.ReadOnlyCollection`1[System.String]","System.Collections.Generic.List`1[System.Diagnostics.Eventing.Reader.EventProperty]"
"The Microsoft Passport Container service entered the stopped state.","7036","0","16384","4","0","0","-9187343239835811840","5754","Service Control Manager","555908d1-a6d7-4695-8e1e-26931d2012f4","System","620","2540","ServerDC2.ad.jasonsexperiments.com",,"5/24/2025 12:04:32 PM",,,"System","System.UInt32[]","System.Diagnostics.Eventing.Reader.EventBookmark","Information",,,"System.Collections.ObjectModel.ReadOnlyCollection`1[System.String]","System.Collections.Generic.List`1[System.Diagnostics.Eventing.Reader.EventProperty]"
"The system uptime is 2584 seconds.","6013",,"32768","4","0",,"36028797018963968","5753","EventLog",,"System",,,"ServerDC2.ad.jasonsexperiments.com",,"5/24/2025 12:00:02 PM",,,"System","System.UInt32[]","System.Diagnostics.Eventing.Reader.EventBookmark","Information",,,"System.Collections.ObjectModel.ReadOnlyCollection`1[System.String]","System.Collections.Generic.List`1[System.Diagnostics.Eventing.Reader.EventProperty]"
"The Microsoft Passport service entered the stopped state.","7036","0","16384","4","0","0","-9187343239835811840","5752","Service Control Manager","555908d1-a6d7-4695-8e1e-26931d2012f4","System","620","2448","ServerDC2.ad.jasonsexperiments.com",,"5/24/2025 11:59:32 AM",,,"System","System.UInt32[]","System.Diagnostics.Eventing.Reader.EventBookmark","Information",,,"System.Collections.ObjectModel.ReadOnlyCollection`1[System.String]","System.Collections.Generic.List`1[System.Diagnostics.Eventing.Reader.EventProperty]"
"The Portable Device Enumerator Service service entered the stopped state.","7036","0","16384","4","0","0","-9187343239835811840","5751","Service Control Manager","555908d1-a6d7-4695-8e1e-26931d2012f4","System","620","2540","ServerDC2.ad.jasonsexperiments.com",,"5/24/2025 11:58:47 AM",,,"System","System.UInt32[]","System.Diagnostics.Eventing.Reader.EventBookmark","Information",,,"System.Collections.ObjectModel.ReadOnlyCollection`1[System.String]","System.Collections.Generic.List`1[System.Diagnostics.Eventing.Reader.EventProperty]"
"The Windows Update service entered the running state.","7036","0","16384","4","0","0","-9187343239835811840","5750","Service Control Manager","555908d1-a6d7-4695-8e1e-26931d2012f4","System","620","2540","ServerDC2.ad.jasonsexperiments.com",,"5/24/2025 11:56:47 AM",,,"System","System.UInt32[]","System.Diagnostics.Eventing.Reader.EventBookmark","Information",,,"System.Collections.ObjectModel.ReadOnlyCollection`1[System.String]","System.Collections.Generic.List`1[System.Diagnostics.Eventing.Reader.EventProperty]"
"The Portable Device Enumerator Service service entered the running state.","7036","0","16384","4","0","0","-9187343239835811840","5749","Service Control Manager","555908d1-a6d7-4695-8e1e-26931d2012f4","System","620","2540","ServerDC2.ad.jasonsexperiments.com",,"5/24/2025 11:56:47 AM",,,"System","System.UInt32[]","System.Diagnostics.Eventing.Reader.EventBookmark","Information",,,"System.Collections.ObjectModel.ReadOnlyCollection`1[System.String]","System.Collections.Generic.List`1[System.Diagnostics.Eventing.Reader.EventProperty]"
"The Delivery Optimization service entered the stopped state.","7036","0","16384","4","0","0","-9187343239835811840","5748","Service Control Manager","555908d1-a6d7-4695-8e1e-26931d2012f4","System","620","1260","ServerDC2.ad.jasonsexperiments.com",,"5/24/2025 11:56:47 AM",,,"System","System.UInt32[]","System.Diagnostics.Eventing.Reader.EventBookmark","Information",,,"System.Collections.ObjectModel.ReadOnlyCollection`1[System.String]","System.Collections.Generic.List`1[System.Diagnostics.Eventing.Reader.EventProperty]"
"The Delivery Optimization service entered the running state.","7036","0","16384","4","0","0","-9187343239835811840","5747","Service Control Manager","555908d1-a6d7-4695-8e1e-26931d2012f4","System","620","1260","ServerDC2.ad.jasonsexperiments.com",,"5/24/2025 11:56:47 AM",,,"System","System.UInt32[]","System.Diagnostics.Eventing.Reader.EventBookmark","Information",,,"System.Collections.ObjectModel.ReadOnlyCollection`1[System.String]","System.Collections.Generic.List`1[System.Diagnostics.Eventing.Reader.EventProperty]"
"The Network Connectivity Assistant service entered the stopped state.","7036","0","16384","4","0","0","-9187343239835811840","5746","Service Control Manager","555908d1-a6d7-4695-8e1e-26931d2012f4","System","620","6496","ServerDC2.ad.jasonsexperiments.com",,"5/24/2025 11:56:47 AM",,,"System","System.UInt32[]","System.Diagnostics.Eventing.Reader.EventBookmark","Information",,,"System.Collections.ObjectModel.ReadOnlyCollection`1[System.String]","System.Collections.Generic.List`1[System.Diagnostics.Eventing.Reader.EventProperty]"
"The Group Policy settings for the computer were processed successfully. New settings from 4 Group Policy objects were detected and applied.","1502","0",,"4","0","1","-9223372036854775808","5745","Microsoft-Windows-GroupPolicy","aea1b4fa-97d1-45f2-a64c-4d69fffd92c9","System","1396","492","ServerDC2.ad.jasonsexperiments.com","S-1-5-18","5/24/2025 11:56:47 AM","d3df5193-5416-4271-b502-c365a528e4c4",,"System","System.UInt32[]","System.Diagnostics.Eventing.Reader.EventBookmark","Information","Start",,"System.Collections.ObjectModel.ReadOnlyCollection`1[System.String]","System.Collections.Generic.List`1[System.Diagnostics.Eventing.Reader.EventProperty]"
"The WinHTTP Web Proxy Auto-Discovery Service service entered the running state.","7036","0","16384","4","0","0","-9187343239835811840","5744","Service Control Manager","555908d1-a6d7-4695-8e1e-26931d2012f4","System","620","1440","ServerDC2.ad.jasonsexperiments.com",,"5/24/2025 11:55:59 AM",,,"System","System.UInt32[]","System.Diagnostics.Eventing.Reader.EventBookmark","Information",,,"System.Collections.ObjectModel.ReadOnlyCollection`1[System.String]","System.Collections.Generic.List`1[System.Diagnostics.Eventing.Reader.EventProperty]"
