"The Windows Push Notifications User Service_3e2e0 service entered the stopped state.","7036","0","16384","4","0","0","-9187343239835811840","3938","Service Control Manager","555908d1-a6d7-4695-8e1e-26931d2012f4","System","640","3700","ServerDC2.ad.jasonsexperiments.com",,"4/9/2025 7:34:16 AM",,,"System","System.UInt32[]","System.Diagnostics.Eventing.Reader.EventBookmark","Information",,,"System.Collections.ObjectModel.ReadOnlyCollection`1[System.String]","System.Collections.Generic.List`1[System.Diagnostics.Eventing.Reader.EventProperty]"
"The Connected Devices Platform User Service_3e2e0 service entered the stopped state.","7036","0","16384","4","0","0","-9187343239835811840","3937","Service Control Manager","555908d1-a6d7-4695-8e1e-26931d2012f4","System","640","3700","ServerDC2.ad.jasonsexperiments.com",,"4/9/2025 7:34:16 AM",,,"System","System.UInt32[]","System.Diagnostics.Eventing.Reader.EventBookmark","Information",,,"System.Collections.ObjectModel.ReadOnlyCollection`1[System.String]","System.Collections.Generic.List`1[System.Diagnostics.Eventing.Reader.EventProperty]"
"The server {9BA05972-F6A8-11CF-A442-00A0C90A8F39} did not register with DCOM within the required timeout.","10010","0","0","2","0","0","-9187343239835811840","3936","Microsoft-Windows-DistributedCOM","1b562e86-b7aa-4131-badc-b6f3a001407e","System","960","5432","ServerDC2.ad.jasonsexperiments.com","S-1-5-21-1767050536-1349833957-3345856044-1000","4/9/2025 7:34:16 AM",,,"System","System.UInt32[]","System.Diagnostics.Eventing.Reader.EventBookmark","Error","Info",,"System.Collections.ObjectModel.ReadOnlyCollection`1[System.String]","System.Collections.Generic.List`1[System.Diagnostics.Eventing.Reader.EventProperty]"
"The Event log service was stopped.","6006",,"32768","4","0",,"36028797018963968","3935","EventLog",,"System",,,"ServerDC2.ad.jasonsexperiments.com",,"4/9/2025 7:34:17 AM",,,"System","System.UInt32[]","System.Diagnostics.Eventing.Reader.EventBookmark","Information",,,"System.Collections.ObjectModel.ReadOnlyCollection`1[System.String]","System.Collections.Generic.List`1[System.Diagnostics.Eventing.Reader.EventProperty]"
"The AppX Deployment Service (AppXSVC) service entered the running state.","7036","0","16384","4","0","0","-9187343239835811840","3934","Service Control Manager","555908d1-a6d7-4695-8e1e-26931d2012f4","System","640","3700","ServerDC2.ad.jasonsexperiments.com",,"4/9/2025 7:34:16 AM",,,"System","System.UInt32[]","System.Diagnostics.Eventing.Reader.EventBookmark","Information",,,"System.Collections.ObjectModel.ReadOnlyCollection`1[System.String]","System.Collections.Generic.List`1[System.Diagnostics.Eventing.Reader.EventProperty]"
"The process C:\Windows\system32\SystemSettingsAdminFlows.exe (SERVERDC2) has initiated the restart of computer SERVERDC2 on behalf of user AD-JASONS\vboxuser for the following reason: Other (Unplanned)
 Reason Code: 0x5000000
 Shutdown Type: restart
 Comment: ","1074","0","32768","4","0","0","-9187343239835811840","3933","User32","b0aa8734-56f7-41cc-b2f4-de228e98b946","System","420","588","ServerDC2.ad.jasonsexperiments.com","S-1-5-21-1767050536-1349833957-3345856044-1000","4/9/2025 7:34:15 AM",,,"System","System.UInt32[]","System.Diagnostics.Eventing.Reader.EventBookmark","Information",,,"System.Collections.ObjectModel.ReadOnlyCollection`1[System.String]","System.Collections.Generic.List`1[System.Diagnostics.Eventing.Reader.EventProperty]"
"The Microsoft Passport Container service entered the running state.","7036","0","16384","4","0","0","-9187343239835811840","3932","Service Control Manager","555908d1-a6d7-4695-8e1e-26931d2012f4","System","640","3700","ServerDC2.ad.jasonsexperiments.com",,"4/9/2025 7:33:14 AM",,,"System","System.UInt32[]","System.Diagnostics.Eventing.Reader.EventBookmark","Information",,,"System.Collections.ObjectModel.ReadOnlyCollection`1[System.String]","System.Collections.Generic.List`1[System.Diagnostics.Eventing.Reader.EventProperty]"
"The Microsoft Passport service entered the running state.","7036","0","16384","4","0","0","-9187343239835811840","3931","Service Control Manager","555908d1-a6d7-4695-8e1e-26931d2012f4","System","640","3700","ServerDC2.ad.jasonsexperiments.com",,"4/9/2025 7:33:14 AM",,,"System","System.UInt32[]","System.Diagnostics.Eventing.Reader.EventBookmark","Information",,,"System.Collections.ObjectModel.ReadOnlyCollection`1[System.String]","System.Collections.Generic.List`1[System.Diagnostics.Eventing.Reader.EventProperty]"
"The Network Setup Service service entered the stopped state.","7036","0","16384","4","0","0","-9187343239835811840","3930","Service Control Manager","555908d1-a6d7-4695-8e1e-26931d2012f4","System","640","5080","ServerDC2.ad.jasonsexperiments.com",,"4/9/2025 7:14:24 AM",,,"System","System.UInt32[]","System.Diagnostics.Eventing.Reader.EventBookmark","Information",,,"System.Collections.ObjectModel.ReadOnlyCollection`1[System.String]","System.Collections.Generic.List`1[System.Diagnostics.Eventing.Reader.EventProperty]"
"The Network Setup Service service entered the running state.","7036","0","16384","4","0","0","-9187343239835811840","3929","Service Control Manager","555908d1-a6d7-4695-8e1e-26931d2012f4","System","640","5080","ServerDC2.ad.jasonsexperiments.com",,"4/9/2025 7:11:22 AM",,,"System","System.UInt32[]","System.Diagnostics.Eventing.Reader.EventBookmark","Information",,,"System.Collections.ObjectModel.ReadOnlyCollection`1[System.String]","System.Collections.Generic.List`1[System.Diagnostics.Eventing.Reader.EventProperty]"
"The WinHTTP Web Proxy Auto-Discovery Service service entered the running state.","7036","0","16384","4","0","0","-9187343239835811840","3928","Service Control Manager","555908d1-a6d7-4695-8e1e-26931d2012f4","System","640","4148","ServerDC2.ad.jasonsexperiments.com",,"4/9/2025 7:09:32 AM",,,"System","System.UInt32[]","System.Diagnostics.Eventing.Reader.EventBookmark","Information",,,"System.Collections.ObjectModel.ReadOnlyCollection`1[System.String]","System.Collections.Generic.List`1[System.Diagnostics.Eventing.Reader.EventProperty]"
"The WinHTTP Web Proxy Auto-Discovery Service service entered the stopped state.","7036","0","16384","4","0","0","-9187343239835811840","3927","Service Control Manager","555908d1-a6d7-4695-8e1e-26931d2012f4","System","640","3960","ServerDC2.ad.jasonsexperiments.com",,"4/9/2025 7:01:35 AM",,,"System","System.UInt32[]","System.Diagnostics.Eventing.Reader.EventBookmark","Information",,,"System.Collections.ObjectModel.ReadOnlyCollection`1[System.String]","System.Collections.Generic.List`1[System.Diagnostics.Eventing.Reader.EventProperty]"
"The AVCTP service service entered the running state.","7036","0","16384","4","0","0","-9187343239835811840","3926","Service Control Manager","555908d1-a6d7-4695-8e1e-26931d2012f4","System","640","788","ServerDC2.ad.jasonsexperiments.com",,"4/9/2025 6:47:39 AM",,,"System","System.UInt32[]","System.Diagnostics.Eventing.Reader.EventBookmark","Information",,,"System.Collections.ObjectModel.ReadOnlyCollection`1[System.String]","System.Collections.Generic.List`1[System.Diagnostics.Eventing.Reader.EventProperty]"
"The Windows Update service entered the stopped state.","7036","0","16384","4","0","0","-9187343239835811840","3925","Service Control Manager","555908d1-a6d7-4695-8e1e-26931d2012f4","System","640","1240","ServerDC2.ad.jasonsexperiments.com",,"4/9/2025 6:44:07 AM",,,"System","System.UInt32[]","System.Diagnostics.Eventing.Reader.EventBookmark","Information",,,"System.Collections.ObjectModel.ReadOnlyCollection`1[System.String]","System.Collections.Generic.List`1[System.Diagnostics.Eventing.Reader.EventProperty]"
"The mimikatz driver (mimidrv) service failed to start due to the following error: 
A certificate was explicitly revoked by its issuer.","7000","0","49152","2","0","0","-9187343239835811840","3924","Service Control Manager","555908d1-a6d7-4695-8e1e-26931d2012f4","System","640","2696","ServerDC2.ad.jasonsexperiments.com",,"4/9/2025 6:35:30 AM",,,"System","System.UInt32[]","System.Diagnostics.Eventing.Reader.EventBookmark","Error",,,"System.Collections.ObjectModel.ReadOnlyCollection`1[System.String]","System.Collections.Generic.List`1[System.Diagnostics.Eventing.Reader.EventProperty]"
,"26","0","16384","4","0","0","36028797018963968","3923","Application Popup","47bfa2b7-bd54-4fac-b70b-29021084ca8f","System","4","192","ServerDC2.ad.jasonsexperiments.com",,"4/9/2025 6:35:30 AM",,,"System","System.UInt32[]","System.Diagnostics.Eventing.Reader.EventBookmark","Information",,,"System.Collections.ObjectModel.ReadOnlyCollection`1[System.String]","System.Collections.Generic.List`1[System.Diagnostics.Eventing.Reader.EventProperty]"
"The mimikatz driver (mimidrv) service failed to start due to the following error: 
A certificate was explicitly revoked by its issuer.","7000","0","49152","2","0","0","-9187343239835811840","3922","Service Control Manager","555908d1-a6d7-4695-8e1e-26931d2012f4","System","640","2696","ServerDC2.ad.jasonsexperiments.com",,"4/9/2025 6:34:52 AM",,,"System","System.UInt32[]","System.Diagnostics.Eventing.Reader.EventBookmark","Error",,,"System.Collections.ObjectModel.ReadOnlyCollection`1[System.String]","System.Collections.Generic.List`1[System.Diagnostics.Eventing.Reader.EventProperty]"
,"26","0","16384","4","0","0","36028797018963968","3921","Application Popup","47bfa2b7-bd54-4fac-b70b-29021084ca8f","System","4","32","ServerDC2.ad.jasonsexperiments.com",,"4/9/2025 6:34:52 AM",,,"System","System.UInt32[]","System.Diagnostics.Eventing.Reader.EventBookmark","Information",,,"System.Collections.ObjectModel.ReadOnlyCollection`1[System.String]","System.Collections.Generic.List`1[System.Diagnostics.Eventing.Reader.EventProperty]"
"A service was installed in the system.

Service Name:  mimikatz driver (mimidrv)
Service File Name:  C:\Users\vboxuser\Downloads\mimikatz_trunk\x64\mimidrv.sys
Service Type:  kernel mode driver
Service Start Type:  auto start
Service Account:  ","7045","0","16384","4","0","0","-9187343239835811840","3920","Service Control Manager","555908d1-a6d7-4695-8e1e-26931d2012f4","System","640","2696","ServerDC2.ad.jasonsexperiments.com","S-1-5-21-1767050536-1349833957-3345856044-1000","4/9/2025 6:34:52 AM",,,"System","System.UInt32[]","System.Diagnostics.Eventing.Reader.EventBookmark","Information",,,"System.Collections.ObjectModel.ReadOnlyCollection`1[System.String]","System.Collections.Generic.List`1[System.Diagnostics.Eventing.Reader.EventProperty]"
"The Software Protection service entered the stopped state.","7036","0","16384","4","0","0","-9187343239835811840","3919","Service Control Manager","555908d1-a6d7-4695-8e1e-26931d2012f4","System","640","2696","ServerDC2.ad.jasonsexperiments.com",,"4/9/2025 6:34:33 AM",,,"System","System.UInt32[]","System.Diagnostics.Eventing.Reader.EventBookmark","Information",,,"System.Collections.ObjectModel.ReadOnlyCollection`1[System.String]","System.Collections.Generic.List`1[System.Diagnostics.Eventing.Reader.EventProperty]"
"The Windows Update service entered the running state.","7036","0","16384","4","0","0","-9187343239835811840","3918","Service Control Manager","555908d1-a6d7-4695-8e1e-26931d2012f4","System","640","2696","ServerDC2.ad.jasonsexperiments.com",,"4/9/2025 6:34:03 AM",,,"System","System.UInt32[]","System.Diagnostics.Eventing.Reader.EventBookmark","Information",,,"System.Collections.ObjectModel.ReadOnlyCollection`1[System.String]","System.Collections.Generic.List`1[System.Diagnostics.Eventing.Reader.EventProperty]"
"The Software Protection service entered the running state.","7036","0","16384","4","0","0","-9187343239835811840","3917","Service Control Manager","555908d1-a6d7-4695-8e1e-26931d2012f4","System","640","5928","ServerDC2.ad.jasonsexperiments.com",,"4/9/2025 6:34:03 AM",,,"System","System.UInt32[]","System.Diagnostics.Eventing.Reader.EventBookmark","Information",,,"System.Collections.ObjectModel.ReadOnlyCollection`1[System.String]","System.Collections.Generic.List`1[System.Diagnostics.Eventing.Reader.EventProperty]"
"The Application Information service entered the running state.","7036","0","16384","4","0","0","-9187343239835811840","3916","Service Control Manager","555908d1-a6d7-4695-8e1e-26931d2012f4","System","640","1300","ServerDC2.ad.jasonsexperiments.com",,"4/9/2025 6:32:03 AM",,,"System","System.UInt32[]","System.Diagnostics.Eventing.Reader.EventBookmark","Information",,,"System.Collections.ObjectModel.ReadOnlyCollection`1[System.String]","System.Collections.Generic.List`1[System.Diagnostics.Eventing.Reader.EventProperty]"
"The Windows Update service entered the stopped state.","7036","0","16384","4","0","0","-9187343239835811840","3915","Service Control Manager","555908d1-a6d7-4695-8e1e-26931d2012f4","System","640","5928","ServerDC2.ad.jasonsexperiments.com",,"4/9/2025 6:29:55 AM",,,"System","System.UInt32[]","System.Diagnostics.Eventing.Reader.EventBookmark","Information",,,"System.Collections.ObjectModel.ReadOnlyCollection`1[System.String]","System.Collections.Generic.List`1[System.Diagnostics.Eventing.Reader.EventProperty]"
"The Windows Modules Installer service entered the stopped state.","7036","0","16384","4","0","0","-9187343239835811840","3914","Service Control Manager","555908d1-a6d7-4695-8e1e-26931d2012f4","System","640","5928","ServerDC2.ad.jasonsexperiments.com",,"4/9/2025 6:25:52 AM",,,"System","System.UInt32[]","System.Diagnostics.Eventing.Reader.EventBookmark","Information",,,"System.Collections.ObjectModel.ReadOnlyCollection`1[System.String]","System.Collections.Generic.List`1[System.Diagnostics.Eventing.Reader.EventProperty]"
"The Client License Service (ClipSVC) service entered the stopped state.","7036","0","16384","4","0","0","-9187343239835811840","3913","Service Control Manager","555908d1-a6d7-4695-8e1e-26931d2012f4","System","640","5584","ServerDC2.ad.jasonsexperiments.com",,"4/9/2025 6:24:42 AM",,,"System","System.UInt32[]","System.Diagnostics.Eventing.Reader.EventBookmark","Information",,,"System.Collections.ObjectModel.ReadOnlyCollection`1[System.String]","System.Collections.Generic.List`1[System.Diagnostics.Eventing.Reader.EventProperty]"
"The AppX Deployment Service (AppXSVC) service entered the stopped state.","7036","0","16384","4","0","0","-9187343239835811840","3912","Service Control Manager","555908d1-a6d7-4695-8e1e-26931d2012f4","System","640","5584","ServerDC2.ad.jasonsexperiments.com",,"4/9/2025 6:24:41 AM",,,"System","System.UInt32[]","System.Diagnostics.Eventing.Reader.EventBookmark","Information",,,"System.Collections.ObjectModel.ReadOnlyCollection`1[System.String]","System.Collections.Generic.List`1[System.Diagnostics.Eventing.Reader.EventProperty]"
"The Windows Modules Installer service entered the running state.","7036","0","16384","4","0","0","-9187343239835811840","3911","Service Control Manager","555908d1-a6d7-4695-8e1e-26931d2012f4","System","640","5584","ServerDC2.ad.jasonsexperiments.com",,"4/9/2025 6:24:06 AM",,,"System","System.UInt32[]","System.Diagnostics.Eventing.Reader.EventBookmark","Information",,,"System.Collections.ObjectModel.ReadOnlyCollection`1[System.String]","System.Collections.Generic.List`1[System.Diagnostics.Eventing.Reader.EventProperty]"
"The Delivery Optimization service entered the stopped state.","7036","0","16384","4","0","0","-9187343239835811840","3910","Service Control Manager","555908d1-a6d7-4695-8e1e-26931d2012f4","System","640","3852","ServerDC2.ad.jasonsexperiments.com",,"4/9/2025 6:23:56 AM",,,"System","System.UInt32[]","System.Diagnostics.Eventing.Reader.EventBookmark","Information",,,"System.Collections.ObjectModel.ReadOnlyCollection`1[System.String]","System.Collections.Generic.List`1[System.Diagnostics.Eventing.Reader.EventProperty]"
"The PDC completed an automatic trust scan operation for all trusts with no errors.

More information can be found at https://go.microsoft.com/fwlink/?linkid=2162089.","6148","0",,"4","0","0","-9223372036854775808","3909","LsaSrv","199fe037-2b82-40a9-82ac-e1d46c792b99","System","648","3492","ServerDC2.ad.jasonsexperiments.com","S-1-5-18","4/9/2025 6:23:44 AM",,,"System","System.UInt32[]","System.Diagnostics.Eventing.Reader.EventBookmark","Information","Info",,"System.Collections.ObjectModel.ReadOnlyCollection`1[System.String]","System.Collections.Generic.List`1[System.Diagnostics.Eventing.Reader.EventProperty]"
"The Microsoft Account Sign-in Assistant service entered the stopped state.","7036","0","16384","4","0","0","-9187343239835811840","3908","Service Control Manager","555908d1-a6d7-4695-8e1e-26931d2012f4","System","640","2052","ServerDC2.ad.jasonsexperiments.com",,"4/9/2025 6:22:31 AM",,,"System","System.UInt32[]","System.Diagnostics.Eventing.Reader.EventBookmark","Information",,,"System.Collections.ObjectModel.ReadOnlyCollection`1[System.String]","System.Collections.Generic.List`1[System.Diagnostics.Eventing.Reader.EventProperty]"
"The Windows Modules Installer service entered the stopped state.","7036","0","16384","4","0","0","-9187343239835811840","3907","Service Control Manager","555908d1-a6d7-4695-8e1e-26931d2012f4","System","640","2052","ServerDC2.ad.jasonsexperiments.com",,"4/9/2025 6:21:09 AM",,,"System","System.UInt32[]","System.Diagnostics.Eventing.Reader.EventBookmark","Information",,,"System.Collections.ObjectModel.ReadOnlyCollection`1[System.String]","System.Collections.Generic.List`1[System.Diagnostics.Eventing.Reader.EventProperty]"
"The Software Protection service entered the stopped state.","7036","0","16384","4","0","0","-9187343239835811840","3906","Service Control Manager","555908d1-a6d7-4695-8e1e-26931d2012f4","System","640","5624","ServerDC2.ad.jasonsexperiments.com",,"4/9/2025 6:20:02 AM",,,"System","System.UInt32[]","System.Diagnostics.Eventing.Reader.EventBookmark","Information",,,"System.Collections.ObjectModel.ReadOnlyCollection`1[System.String]","System.Collections.Generic.List`1[System.Diagnostics.Eventing.Reader.EventProperty]"
"Installation Successful: Windows successfully installed the following update: Security Intelligence Update for Microsoft Defender Antivirus - KB2267602 (Version 1.427.142.0) - Current Channel (Broad)","19","1",,"4","1","13","-9223372036854775784","3905","Microsoft-Windows-WindowsUpdateClient","945a8954-c147-4acd-923f-40c45405a658","System","4340","4616","ServerDC2.ad.jasonsexperiments.com","S-1-5-18","4/9/2025 6:19:51 AM",,,"System","System.UInt32[]","System.Diagnostics.Eventing.Reader.EventBookmark","Information","Installation","Windows Update Agent","System.Collections.ObjectModel.ReadOnlyCollection`1[System.String]","System.Collections.Generic.List`1[System.Diagnostics.Eventing.Reader.EventProperty]"
"Installation Started: Windows has started installing the following update: Security Intelligence Update for Microsoft Defender Antivirus - KB2267602 (Version 1.427.142.0) - Current Channel (Broad)","43","1",,"4","1","13","-9223372036854767608","3904","Microsoft-Windows-WindowsUpdateClient","945a8954-c147-4acd-923f-40c45405a658","System","4340","4616","ServerDC2.ad.jasonsexperiments.com","S-1-5-18","4/9/2025 6:19:37 AM",,,"System","System.UInt32[]","System.Diagnostics.Eventing.Reader.EventBookmark","Information","Installation","Windows Update Agent","System.Collections.ObjectModel.ReadOnlyCollection`1[System.String]","System.Collections.Generic.List`1[System.Diagnostics.Eventing.Reader.EventProperty]"
"Windows Update started downloading an update.","44","1",,"4","1","12","-9223372036854767612","3903","Microsoft-Windows-WindowsUpdateClient","945a8954-c147-4acd-923f-40c45405a658","System","4340","4616","ServerDC2.ad.jasonsexperiments.com","S-1-5-18","4/9/2025 6:19:37 AM",,,"System","System.UInt32[]","System.Diagnostics.Eventing.Reader.EventBookmark","Information","Download","Windows Update Agent","System.Collections.ObjectModel.ReadOnlyCollection`1[System.String]","System.Collections.Generic.List`1[System.Diagnostics.Eventing.Reader.EventProperty]"
"The Client License Service (ClipSVC) service entered the running state.","7036","0","16384","4","0","0","-9187343239835811840","3902","Service Control Manager","555908d1-a6d7-4695-8e1e-26931d2012f4","System","640","5624","ServerDC2.ad.jasonsexperiments.com",,"4/9/2025 6:19:34 AM",,,"System","System.UInt32[]","System.Diagnostics.Eventing.Reader.EventBookmark","Information",,,"System.Collections.ObjectModel.ReadOnlyCollection`1[System.String]","System.Collections.Generic.List`1[System.Diagnostics.Eventing.Reader.EventProperty]"
"The Storage Service service entered the running state.","7036","0","16384","4","0","0","-9187343239835811840","3901","Service Control Manager","555908d1-a6d7-4695-8e1e-26931d2012f4","System","640","5624","ServerDC2.ad.jasonsexperiments.com",,"4/9/2025 6:19:34 AM",,,"System","System.UInt32[]","System.Diagnostics.Eventing.Reader.EventBookmark","Information",,,"System.Collections.ObjectModel.ReadOnlyCollection`1[System.String]","System.Collections.Generic.List`1[System.Diagnostics.Eventing.Reader.EventProperty]"
"The Microsoft Account Sign-in Assistant service entered the running state.","7036","0","16384","4","0","0","-9187343239835811840","3900","Service Control Manager","555908d1-a6d7-4695-8e1e-26931d2012f4","System","640","5624","ServerDC2.ad.jasonsexperiments.com",,"4/9/2025 6:19:33 AM",,,"System","System.UInt32[]","System.Diagnostics.Eventing.Reader.EventBookmark","Information",,,"System.Collections.ObjectModel.ReadOnlyCollection`1[System.String]","System.Collections.Generic.List`1[System.Diagnostics.Eventing.Reader.EventProperty]"
"The Software Protection service entered the running state.","7036","0","16384","4","0","0","-9187343239835811840","3899","Service Control Manager","555908d1-a6d7-4695-8e1e-26931d2012f4","System","640","5624","ServerDC2.ad.jasonsexperiments.com",,"4/9/2025 6:19:25 AM",,,"System","System.UInt32[]","System.Diagnostics.Eventing.Reader.EventBookmark","Information",,,"System.Collections.ObjectModel.ReadOnlyCollection`1[System.String]","System.Collections.Generic.List`1[System.Diagnostics.Eventing.Reader.EventProperty]"
"The Remote Registry service entered the stopped state.","7036","0","16384","4","0","0","-9187343239835811840","3898","Service Control Manager","555908d1-a6d7-4695-8e1e-26931d2012f4","System","640","5696","ServerDC2.ad.jasonsexperiments.com",,"4/9/2025 6:19:20 AM",,,"System","System.UInt32[]","System.Diagnostics.Eventing.Reader.EventBookmark","Information",,,"System.Collections.ObjectModel.ReadOnlyCollection`1[System.String]","System.Collections.Generic.List`1[System.Diagnostics.Eventing.Reader.EventProperty]"
"The AppX Deployment Service (AppXSVC) service entered the running state.","7036","0","16384","4","0","0","-9187343239835811840","3897","Service Control Manager","555908d1-a6d7-4695-8e1e-26931d2012f4","System","640","5624","ServerDC2.ad.jasonsexperiments.com",,"4/9/2025 6:18:54 AM",,,"System","System.UInt32[]","System.Diagnostics.Eventing.Reader.EventBookmark","Information",,,"System.Collections.ObjectModel.ReadOnlyCollection`1[System.String]","System.Collections.Generic.List`1[System.Diagnostics.Eventing.Reader.EventProperty]"
"The Delivery Optimization service entered the running state.","7036","0","16384","4","0","0","-9187343239835811840","3896","Service Control Manager","555908d1-a6d7-4695-8e1e-26931d2012f4","System","640","5624","ServerDC2.ad.jasonsexperiments.com",,"4/9/2025 6:18:54 AM",,,"System","System.UInt32[]","System.Diagnostics.Eventing.Reader.EventBookmark","Information",,,"System.Collections.ObjectModel.ReadOnlyCollection`1[System.String]","System.Collections.Generic.List`1[System.Diagnostics.Eventing.Reader.EventProperty]"
"The Windows Modules Installer service entered the running state.","7036","0","16384","4","0","0","-9187343239835811840","3895","Service Control Manager","555908d1-a6d7-4695-8e1e-26931d2012f4","System","640","5624","ServerDC2.ad.jasonsexperiments.com",,"4/9/2025 6:18:52 AM",,,"System","System.UInt32[]","System.Diagnostics.Eventing.Reader.EventBookmark","Information",,,"System.Collections.ObjectModel.ReadOnlyCollection`1[System.String]","System.Collections.Generic.List`1[System.Diagnostics.Eventing.Reader.EventProperty]"
"The Microsoft Passport Container service entered the stopped state.","7036","0","16384","4","0","0","-9187343239835811840","3894","Service Control Manager","555908d1-a6d7-4695-8e1e-26931d2012f4","System","640","5696","ServerDC2.ad.jasonsexperiments.com",,"4/9/2025 6:16:47 AM",,,"System","System.UInt32[]","System.Diagnostics.Eventing.Reader.EventBookmark","Information",,,"System.Collections.ObjectModel.ReadOnlyCollection`1[System.String]","System.Collections.Generic.List`1[System.Diagnostics.Eventing.Reader.EventProperty]"
"The Microsoft Account Sign-in Assistant service entered the stopped state.","7036","0","16384","4","0","0","-9187343239835811840","3893","Service Control Manager","555908d1-a6d7-4695-8e1e-26931d2012f4","System","640","5696","ServerDC2.ad.jasonsexperiments.com",,"4/9/2025 6:16:01 AM",,,"System","System.UInt32[]","System.Diagnostics.Eventing.Reader.EventBookmark","Information",,,"System.Collections.ObjectModel.ReadOnlyCollection`1[System.String]","System.Collections.Generic.List`1[System.Diagnostics.Eventing.Reader.EventProperty]"
"The AppX Deployment Service (AppXSVC) service entered the stopped state.","7036","0","16384","4","0","0","-9187343239835811840","3892","Service Control Manager","555908d1-a6d7-4695-8e1e-26931d2012f4","System","640","5624","ServerDC2.ad.jasonsexperiments.com",,"4/9/2025 6:14:48 AM",,,"System","System.UInt32[]","System.Diagnostics.Eventing.Reader.EventBookmark","Information",,,"System.Collections.ObjectModel.ReadOnlyCollection`1[System.String]","System.Collections.Generic.List`1[System.Diagnostics.Eventing.Reader.EventProperty]"
"The Program Compatibility Assistant Service service entered the running state.","7036","0","16384","4","0","0","-9187343239835811840","3891","Service Control Manager","555908d1-a6d7-4695-8e1e-26931d2012f4","System","640","5624","ServerDC2.ad.jasonsexperiments.com",,"4/9/2025 6:14:23 AM",,,"System","System.UInt32[]","System.Diagnostics.Eventing.Reader.EventBookmark","Information",,,"System.Collections.ObjectModel.ReadOnlyCollection`1[System.String]","System.Collections.Generic.List`1[System.Diagnostics.Eventing.Reader.EventProperty]"
"The Network Setup Service service entered the stopped state.","7036","0","16384","4","0","0","-9187343239835811840","3890","Service Control Manager","555908d1-a6d7-4695-8e1e-26931d2012f4","System","640","5620","ServerDC2.ad.jasonsexperiments.com",,"4/9/2025 6:12:01 AM",,,"System","System.UInt32[]","System.Diagnostics.Eventing.Reader.EventBookmark","Information",,,"System.Collections.ObjectModel.ReadOnlyCollection`1[System.String]","System.Collections.Generic.List`1[System.Diagnostics.Eventing.Reader.EventProperty]"
"The Software Protection service entered the stopped state.","7036","0","16384","4","0","0","-9187343239835811840","3889","Service Control Manager","555908d1-a6d7-4695-8e1e-26931d2012f4","System","640","5264","ServerDC2.ad.jasonsexperiments.com",,"4/9/2025 6:11:53 AM",,,"System","System.UInt32[]","System.Diagnostics.Eventing.Reader.EventBookmark","Information",,,"System.Collections.ObjectModel.ReadOnlyCollection`1[System.String]","System.Collections.Generic.List`1[System.Diagnostics.Eventing.Reader.EventProperty]"
"The Microsoft Passport service entered the stopped state.","7036","0","16384","4","0","0","-9187343239835811840","3888","Service Control Manager","555908d1-a6d7-4695-8e1e-26931d2012f4","System","640","5620","ServerDC2.ad.jasonsexperiments.com",,"4/9/2025 6:11:49 AM",,,"System","System.UInt32[]","System.Diagnostics.Eventing.Reader.EventBookmark","Information",,,"System.Collections.ObjectModel.ReadOnlyCollection`1[System.String]","System.Collections.Generic.List`1[System.Diagnostics.Eventing.Reader.EventProperty]"
"The Portable Device Enumerator Service service entered the stopped state.","7036","0","16384","4","0","0","-9187343239835811840","3887","Service Control Manager","555908d1-a6d7-4695-8e1e-26931d2012f4","System","640","5624","ServerDC2.ad.jasonsexperiments.com",,"4/9/2025 6:11:48 AM",,,"System","System.UInt32[]","System.Diagnostics.Eventing.Reader.EventBookmark","Information",,,"System.Collections.ObjectModel.ReadOnlyCollection`1[System.String]","System.Collections.Generic.List`1[System.Diagnostics.Eventing.Reader.EventProperty]"
"The Windows Modules Installer service entered the stopped state.","7036","0","16384","4","0","0","-9187343239835811840","3886","Service Control Manager","555908d1-a6d7-4695-8e1e-26931d2012f4","System","640","5624","ServerDC2.ad.jasonsexperiments.com",,"4/9/2025 6:11:30 AM",,,"System","System.UInt32[]","System.Diagnostics.Eventing.Reader.EventBookmark","Information",,,"System.Collections.ObjectModel.ReadOnlyCollection`1[System.String]","System.Collections.Generic.List`1[System.Diagnostics.Eventing.Reader.EventProperty]"
"The Update Orchestrator Service service entered the running state.","7036","0","16384","4","0","0","-9187343239835811840","3885","Service Control Manager","555908d1-a6d7-4695-8e1e-26931d2012f4","System","640","5620","ServerDC2.ad.jasonsexperiments.com",,"4/9/2025 6:11:25 AM",,,"System","System.UInt32[]","System.Diagnostics.Eventing.Reader.EventBookmark","Information",,,"System.Collections.ObjectModel.ReadOnlyCollection`1[System.String]","System.Collections.Generic.List`1[System.Diagnostics.Eventing.Reader.EventProperty]"
"The User Access Logging Service service entered the running state.","7036","0","16384","4","0","0","-9187343239835811840","3884","Service Control Manager","555908d1-a6d7-4695-8e1e-26931d2012f4","System","640","5264","ServerDC2.ad.jasonsexperiments.com",,"4/9/2025 6:11:24 AM",,,"System","System.UInt32[]","System.Diagnostics.Eventing.Reader.EventBookmark","Information",,,"System.Collections.ObjectModel.ReadOnlyCollection`1[System.String]","System.Collections.Generic.List`1[System.Diagnostics.Eventing.Reader.EventProperty]"
"The Network Setup Service service entered the running state.","7036","0","16384","4","0","0","-9187343239835811840","3883","Service Control Manager","555908d1-a6d7-4695-8e1e-26931d2012f4","System","640","5264","ServerDC2.ad.jasonsexperiments.com",,"4/9/2025 6:11:24 AM",,,"System","System.UInt32[]","System.Diagnostics.Eventing.Reader.EventBookmark","Information",,,"System.Collections.ObjectModel.ReadOnlyCollection`1[System.String]","System.Collections.Generic.List`1[System.Diagnostics.Eventing.Reader.EventProperty]"
"The Software Protection service entered the running state.","7036","0","16384","4","0","0","-9187343239835811840","3882","Service Control Manager","555908d1-a6d7-4695-8e1e-26931d2012f4","System","640","5620","ServerDC2.ad.jasonsexperiments.com",,"4/9/2025 6:11:22 AM",,,"System","System.UInt32[]","System.Diagnostics.Eventing.Reader.EventBookmark","Information",,,"System.Collections.ObjectModel.ReadOnlyCollection`1[System.String]","System.Collections.Generic.List`1[System.Diagnostics.Eventing.Reader.EventProperty]"
"The Distributed Transaction Coordinator service entered the running state.","7036","0","16384","4","0","0","-9187343239835811840","3881","Service Control Manager","555908d1-a6d7-4695-8e1e-26931d2012f4","System","640","5620","ServerDC2.ad.jasonsexperiments.com",,"4/9/2025 6:11:22 AM",,,"System","System.UInt32[]","System.Diagnostics.Eventing.Reader.EventBookmark","Information",,,"System.Collections.ObjectModel.ReadOnlyCollection`1[System.String]","System.Collections.Generic.List`1[System.Diagnostics.Eventing.Reader.EventProperty]"
"The Diagnostic Policy Service service entered the running state.","7036","0","16384","4","0","0","-9187343239835811840","3880","Service Control Manager","555908d1-a6d7-4695-8e1e-26931d2012f4","System","640","5884","ServerDC2.ad.jasonsexperiments.com",,"4/9/2025 6:11:22 AM",,,"System","System.UInt32[]","System.Diagnostics.Eventing.Reader.EventBookmark","Information",,,"System.Collections.ObjectModel.ReadOnlyCollection`1[System.String]","System.Collections.Generic.List`1[System.Diagnostics.Eventing.Reader.EventProperty]"
"The Software Protection service entered the stopped state.","7036","0","16384","4","0","0","-9187343239835811840","3879","Service Control Manager","555908d1-a6d7-4695-8e1e-26931d2012f4","System","640","5620","ServerDC2.ad.jasonsexperiments.com",,"4/9/2025 6:09:51 AM",,,"System","System.UInt32[]","System.Diagnostics.Eventing.Reader.EventBookmark","Information",,,"System.Collections.ObjectModel.ReadOnlyCollection`1[System.String]","System.Collections.Generic.List`1[System.Diagnostics.Eventing.Reader.EventProperty]"
"The Microsoft Account Sign-in Assistant service entered the running state.","7036","0","16384","4","0","0","-9187343239835811840","3878","Service Control Manager","555908d1-a6d7-4695-8e1e-26931d2012f4","System","640","5620","ServerDC2.ad.jasonsexperiments.com",,"4/9/2025 6:09:23 AM",,,"System","System.UInt32[]","System.Diagnostics.Eventing.Reader.EventBookmark","Information",,,"System.Collections.ObjectModel.ReadOnlyCollection`1[System.String]","System.Collections.Generic.List`1[System.Diagnostics.Eventing.Reader.EventProperty]"
"The machine-default permission settings do not grant Local Activation permission for the COM Server application with CLSID 
{F87B28F1-DA9A-4F35-8EC0-800EFCF26B83}
 and APPID 
{0868DC9B-D9A2-4F64-9362-133CEA201299}
 to the user NT AUTHORITY\NETWORK SERVICE SID (S-1-5-20) from address LocalHost (Using LRPC) running in the application container Unavailable SID (Unavailable). This security permission can be modified using the Component Services administrative tool.","10016","0","0","2","0","0","-9187343239835811840","3877","Microsoft-Windows-DistributedCOM","1b562e86-b7aa-4131-badc-b6f3a001407e","System","960","1200","ServerDC2.ad.jasonsexperiments.com","S-1-5-20","4/9/2025 6:09:05 AM",,,"System","System.UInt32[]","System.Diagnostics.Eventing.Reader.EventBookmark","Error","Info",,"System.Collections.ObjectModel.ReadOnlyCollection`1[System.String]","System.Collections.Generic.List`1[System.Diagnostics.Eventing.Reader.EventProperty]"
"The Software Protection service entered the running state.","7036","0","16384","4","0","0","-9187343239835811840","3876","Service Control Manager","555908d1-a6d7-4695-8e1e-26931d2012f4","System","640","796","ServerDC2.ad.jasonsexperiments.com",,"4/9/2025 6:09:05 AM",,,"System","System.UInt32[]","System.Diagnostics.Eventing.Reader.EventBookmark","Information",,,"System.Collections.ObjectModel.ReadOnlyCollection`1[System.String]","System.Collections.Generic.List`1[System.Diagnostics.Eventing.Reader.EventProperty]"
"The AppX Deployment Service (AppXSVC) service entered the running state.","7036","0","16384","4","0","0","-9187343239835811840","3875","Service Control Manager","555908d1-a6d7-4695-8e1e-26931d2012f4","System","640","952","ServerDC2.ad.jasonsexperiments.com",,"4/9/2025 6:09:04 AM",,,"System","System.UInt32[]","System.Diagnostics.Eventing.Reader.EventBookmark","Information",,,"System.Collections.ObjectModel.ReadOnlyCollection`1[System.String]","System.Collections.Generic.List`1[System.Diagnostics.Eventing.Reader.EventProperty]"
"The Connected Devices Platform Service service entered the running state.","7036","0","16384","4","0","0","-9187343239835811840","3874","Service Control Manager","555908d1-a6d7-4695-8e1e-26931d2012f4","System","640","796","ServerDC2.ad.jasonsexperiments.com",,"4/9/2025 6:09:04 AM",,,"System","System.UInt32[]","System.Diagnostics.Eventing.Reader.EventBookmark","Information",,,"System.Collections.ObjectModel.ReadOnlyCollection`1[System.String]","System.Collections.Generic.List`1[System.Diagnostics.Eventing.Reader.EventProperty]"
"The State Repository Service service entered the running state.","7036","0","16384","4","0","0","-9187343239835811840","3873","Service Control Manager","555908d1-a6d7-4695-8e1e-26931d2012f4","System","640","952","ServerDC2.ad.jasonsexperiments.com",,"4/9/2025 6:09:04 AM",,,"System","System.UInt32[]","System.Diagnostics.Eventing.Reader.EventBookmark","Information",,,"System.Collections.ObjectModel.ReadOnlyCollection`1[System.String]","System.Collections.Generic.List`1[System.Diagnostics.Eventing.Reader.EventProperty]"
"The CNG Key Isolation service entered the running state.","7036","0","16384","4","0","0","-9187343239835811840","3872","Service Control Manager","555908d1-a6d7-4695-8e1e-26931d2012f4","System","640","752","ServerDC2.ad.jasonsexperiments.com",,"4/9/2025 6:09:03 AM",,,"System","System.UInt32[]","System.Diagnostics.Eventing.Reader.EventBookmark","Information",,,"System.Collections.ObjectModel.ReadOnlyCollection`1[System.String]","System.Collections.Generic.List`1[System.Diagnostics.Eventing.Reader.EventProperty]"
"The Touch Keyboard and Handwriting Panel Service service entered the running state.","7036","0","16384","4","0","0","-9187343239835811840","3871","Service Control Manager","555908d1-a6d7-4695-8e1e-26931d2012f4","System","640","752","ServerDC2.ad.jasonsexperiments.com",,"4/9/2025 6:09:03 AM",,,"System","System.UInt32[]","System.Diagnostics.Eventing.Reader.EventBookmark","Information",,,"System.Collections.ObjectModel.ReadOnlyCollection`1[System.String]","System.Collections.Generic.List`1[System.Diagnostics.Eventing.Reader.EventProperty]"
"The Microsoft Passport Container service entered the running state.","7036","0","16384","4","0","0","-9187343239835811840","3870","Service Control Manager","555908d1-a6d7-4695-8e1e-26931d2012f4","System","640","756","ServerDC2.ad.jasonsexperiments.com",,"4/9/2025 6:09:03 AM",,,"System","System.UInt32[]","System.Diagnostics.Eventing.Reader.EventBookmark","Information",,,"System.Collections.ObjectModel.ReadOnlyCollection`1[System.String]","System.Collections.Generic.List`1[System.Diagnostics.Eventing.Reader.EventProperty]"
"The Web Account Manager service entered the running state.","7036","0","16384","4","0","0","-9187343239835811840","3869","Service Control Manager","555908d1-a6d7-4695-8e1e-26931d2012f4","System","640","756","ServerDC2.ad.jasonsexperiments.com",,"4/9/2025 6:09:03 AM",,,"System","System.UInt32[]","System.Diagnostics.Eventing.Reader.EventBookmark","Information",,,"System.Collections.ObjectModel.ReadOnlyCollection`1[System.String]","System.Collections.Generic.List`1[System.Diagnostics.Eventing.Reader.EventProperty]"
"The Microsoft Passport service entered the running state.","7036","0","16384","4","0","0","-9187343239835811840","3868","Service Control Manager","555908d1-a6d7-4695-8e1e-26931d2012f4","System","640","752","ServerDC2.ad.jasonsexperiments.com",,"4/9/2025 6:09:03 AM",,,"System","System.UInt32[]","System.Diagnostics.Eventing.Reader.EventBookmark","Information",,,"System.Collections.ObjectModel.ReadOnlyCollection`1[System.String]","System.Collections.Generic.List`1[System.Diagnostics.Eventing.Reader.EventProperty]"
"The Connected Devices Platform User Service_3e2e0 service entered the running state.","7036","0","16384","4","0","0","-9187343239835811840","3867","Service Control Manager","555908d1-a6d7-4695-8e1e-26931d2012f4","System","640","752","ServerDC2.ad.jasonsexperiments.com",,"4/9/2025 6:09:03 AM",,,"System","System.UInt32[]","System.Diagnostics.Eventing.Reader.EventBookmark","Information",,,"System.Collections.ObjectModel.ReadOnlyCollection`1[System.String]","System.Collections.Generic.List`1[System.Diagnostics.Eventing.Reader.EventProperty]"
"The Windows Push Notifications User Service_3e2e0 service entered the running state.","7036","0","16384","4","0","0","-9187343239835811840","3866","Service Control Manager","555908d1-a6d7-4695-8e1e-26931d2012f4","System","640","1120","ServerDC2.ad.jasonsexperiments.com",,"4/9/2025 6:09:03 AM",,,"System","System.UInt32[]","System.Diagnostics.Eventing.Reader.EventBookmark","Information",,,"System.Collections.ObjectModel.ReadOnlyCollection`1[System.String]","System.Collections.Generic.List`1[System.Diagnostics.Eventing.Reader.EventProperty]"
"User Logon Notification for Customer Experience Improvement Program","7001","0",,"4","1101","0","2305878193585782784","3865","Microsoft-Windows-Winlogon","dbe9b383-7cf3-4331-91cc-a3cb16a3b538","System","568","412","ServerDC2.ad.jasonsexperiments.com","S-1-5-18","4/9/2025 6:09:02 AM",,,"System","System.UInt32[]","System.Diagnostics.Eventing.Reader.EventBookmark","Information","Info",,"System.Collections.ObjectModel.ReadOnlyCollection`1[System.String]","System.Collections.Generic.List`1[System.Diagnostics.Eventing.Reader.EventProperty]"
"The Windows Update service entered the running state.","7036","0","16384","4","0","0","-9187343239835811840","3864","Service Control Manager","555908d1-a6d7-4695-8e1e-26931d2012f4","System","640","728","ServerDC2.ad.jasonsexperiments.com",,"4/9/2025 6:09:01 AM",,,"System","System.UInt32[]","System.Diagnostics.Eventing.Reader.EventBookmark","Information",,,"System.Collections.ObjectModel.ReadOnlyCollection`1[System.String]","System.Collections.Generic.List`1[System.Diagnostics.Eventing.Reader.EventProperty]"
"The Delivery Optimization service entered the stopped state.","7036","0","16384","4","0","0","-9187343239835811840","3863","Service Control Manager","555908d1-a6d7-4695-8e1e-26931d2012f4","System","640","728","ServerDC2.ad.jasonsexperiments.com",,"4/9/2025 6:09:01 AM",,,"System","System.UInt32[]","System.Diagnostics.Eventing.Reader.EventBookmark","Information",,,"System.Collections.ObjectModel.ReadOnlyCollection`1[System.String]","System.Collections.Generic.List`1[System.Diagnostics.Eventing.Reader.EventProperty]"
"The Delivery Optimization service entered the running state.","7036","0","16384","4","0","0","-9187343239835811840","3862","Service Control Manager","555908d1-a6d7-4695-8e1e-26931d2012f4","System","640","796","ServerDC2.ad.jasonsexperiments.com",,"4/9/2025 6:09:00 AM",,,"System","System.UInt32[]","System.Diagnostics.Eventing.Reader.EventBookmark","Information",,,"System.Collections.ObjectModel.ReadOnlyCollection`1[System.String]","System.Collections.Generic.List`1[System.Diagnostics.Eventing.Reader.EventProperty]"
"The Network Connectivity Assistant service entered the stopped state.","7036","0","16384","4","0","0","-9187343239835811840","3861","Service Control Manager","555908d1-a6d7-4695-8e1e-26931d2012f4","System","640","728","ServerDC2.ad.jasonsexperiments.com",,"4/9/2025 6:09:00 AM",,,"System","System.UInt32[]","System.Diagnostics.Eventing.Reader.EventBookmark","Information",,,"System.Collections.ObjectModel.ReadOnlyCollection`1[System.String]","System.Collections.Generic.List`1[System.Diagnostics.Eventing.Reader.EventProperty]"
"The DNS service entered the running state.","7036","0","16384","4","0","0","-9187343239835811840","3860","Service Control Manager","555908d1-a6d7-4695-8e1e-26931d2012f4","System","640","796","ServerDC2.ad.jasonsexperiments.com",,"4/9/2025 6:08:59 AM",,,"System","System.UInt32[]","System.Diagnostics.Eventing.Reader.EventBookmark","Information",,,"System.Collections.ObjectModel.ReadOnlyCollection`1[System.String]","System.Collections.Generic.List`1[System.Diagnostics.Eventing.Reader.EventProperty]"
"The W32Time service entered the running state.","7036","0","16384","4","0","0","-9187343239835811840","3859","Service Control Manager","555908d1-a6d7-4695-8e1e-26931d2012f4","System","640","796","ServerDC2.ad.jasonsexperiments.com",,"4/9/2025 6:08:43 AM",,,"System","System.UInt32[]","System.Diagnostics.Eventing.Reader.EventBookmark","Information",,,"System.Collections.ObjectModel.ReadOnlyCollection`1[System.String]","System.Collections.Generic.List`1[System.Diagnostics.Eventing.Reader.EventProperty]"
"Time Provider NtpClient: This machine is configured to use the domain hierarchy to determine its time source, but it is the AD PDC emulator for the domain at the root of the forest, so there is no machine above it in the domain hierarchy to use as a time source. It is recommended that you either configure a reliable time service in the root domain, or manually configure the AD PDC to synchronize with an external time source. Otherwise, this machine will function as the authoritative time source in the domain hierarchy. If an external time source is not configured or used for this computer, you may choose to disable the NtpClient.","12","0",,"3","0","0","-9223372036854775808","3858","Microsoft-Windows-Time-Service","06edcfeb-0fd0-4e53-acca-a6f8bbf81bcb","System","1040","1228","ServerDC2.ad.jasonsexperiments.com","S-1-5-19","4/9/2025 6:08:43 AM",,,"System","System.UInt32[]","System.Diagnostics.Eventing.Reader.EventBookmark","Warning","Info",,"System.Collections.ObjectModel.ReadOnlyCollection`1[System.String]","System.Collections.Generic.List`1[System.Diagnostics.Eventing.Reader.EventProperty]"
"The WinRM service failed to create the following SPNs: WSMAN/ServerDC2.ad.jasonsexperiments.com; WSMAN/ServerDC2. 

 Additional Data 
 The error received was 1355: %%1355.

 User Action 
 The SPNs can be created by an administrator using setspn.exe utility.","10154","0","7","3","0","0","36028797018963968","3857","Microsoft-Windows-WinRM","a7975c8f-ac13-49f1-87da-5a984a4ab417","System","0","0","ServerDC2.ad.jasonsexperiments.com",,"4/9/2025 6:08:43 AM",,,"System","System.UInt32[]","System.Diagnostics.Eventing.Reader.EventBookmark","Warning","Info",,"System.Collections.ObjectModel.ReadOnlyCollection`1[System.String]","System.Collections.Generic.List`1[System.Diagnostics.Eventing.Reader.EventProperty]"
