For more information see https://go.microsoft.com/fwlink/?LinkId=2097191.
","16977","0",,"4","0","0","-9223372036854775808","4019","Microsoft-Windows-Directory-Services-SAM","0d4fdc09-8c27-494a-bda0-505e4fd8adae","System","652","840","ServerDC2.ad.jasonsexperiments.com","S-1-5-18","4/9/2025 7:33:46 AM",,,"System","System.UInt32[]","System.Diagnostics.Eventing.Reader.EventBookmark","Information","Info",,"System.Collections.ObjectModel.ReadOnlyCollection`1[System.String]","System.Collections.Generic.List`1[System.Diagnostics.Eventing.Reader.EventProperty]"
"The device driver for the Trusted Platform Module (TPM) encountered a non-recoverable error in the TPM hardware, which prevents TPM services (such as data encryption) from being used. For further help, please contact the computer manufacturer.","15","0",,"2","0","0","-9223372036854775808","4018","TPM","1b6b0772-251b-4d42-917d-faca166bc059","System","4","348","ServerDC2.ad.jasonsexperiments.com","S-1-5-18","4/9/2025 7:33:45 AM",,,"System","System.UInt32[]","System.Diagnostics.Eventing.Reader.EventBookmark","Error","Info",,"System.Collections.ObjectModel.ReadOnlyCollection`1[System.String]","System.Collections.Generic.List`1[System.Diagnostics.Eventing.Reader.EventProperty]"
"The device driver for the Trusted Platform Module (TPM) encountered a non-recoverable error in the TPM hardware, which prevents TPM services (such as data encryption) from being used. For further help, please contact the computer manufacturer.","15","0",,"2","0","0","-9223372036854775808","4017","TPM","1b6b0772-251b-4d42-917d-faca166bc059","System","4","348","ServerDC2.ad.jasonsexperiments.com","S-1-5-18","4/9/2025 7:33:45 AM",,,"System","System.UInt32[]","System.Diagnostics.Eventing.Reader.EventBookmark","Error","Info",,"System.Collections.ObjectModel.ReadOnlyCollection`1[System.String]","System.Collections.Generic.List`1[System.Diagnostics.Eventing.Reader.EventProperty]"
"The device driver for the Trusted Platform Module (TPM) encountered a non-recoverable error in the TPM hardware, which prevents TPM services (such as data encryption) from being used. For further help, please contact the computer manufacturer.","15","0",,"2","0","0","-9223372036854775808","4016","TPM","1b6b0772-251b-4d42-917d-faca166bc059","System","4","348","ServerDC2.ad.jasonsexperiments.com","S-1-5-18","4/9/2025 7:33:44 AM",,,"System","System.UInt32[]","System.Diagnostics.Eventing.Reader.EventBookmark","Error","Info",,"System.Collections.ObjectModel.ReadOnlyCollection`1[System.String]","System.Collections.Generic.List`1[System.Diagnostics.Eventing.Reader.EventProperty]"
"The device driver for the Trusted Platform Module (TPM) encountered a non-recoverable error in the TPM hardware, which prevents TPM services (such as data encryption) from being used. For further help, please contact the computer manufacturer.","15","0",,"2","0","0","-9223372036854775808","4015","TPM","1b6b0772-251b-4d42-917d-faca166bc059","System","4","348","ServerDC2.ad.jasonsexperiments.com","S-1-5-18","4/9/2025 7:33:44 AM",,,"System","System.UInt32[]","System.Diagnostics.Eventing.Reader.EventBookmark","Error","Info",,"System.Collections.ObjectModel.ReadOnlyCollection`1[System.String]","System.Collections.Generic.List`1[System.Diagnostics.Eventing.Reader.EventProperty]"
"The driver disabled the write cache on device \Device\Harddisk0\DR0.","34",,"32772","3","0",,"36028797018963968","4014","Disk",,"System",,,"ServerDC2.ad.jasonsexperiments.com",,"4/9/2025 7:33:43 AM",,,"System","System.UInt32[]","System.Diagnostics.Eventing.Reader.EventBookmark","Warning",,,"System.Collections.ObjectModel.ReadOnlyCollection`1[System.String]","System.Collections.Generic.List`1[System.Diagnostics.Eventing.Reader.EventProperty]"
"The driver disabled the write cache on device \Device\Harddisk0\DR0.","34",,"32772","3","0",,"36028797018963968","4013","Disk",,"System",,,"ServerDC2.ad.jasonsexperiments.com",,"4/9/2025 7:33:43 AM",,,"System","System.UInt32[]","System.Diagnostics.Eventing.Reader.EventBookmark","Warning",,,"System.Collections.ObjectModel.ReadOnlyCollection`1[System.String]","System.Collections.Generic.List`1[System.Diagnostics.Eventing.Reader.EventProperty]"
"The driver disabled the write cache on device \Device\Harddisk0\DR0.","34",,"32772","3","0",,"36028797018963968","4012","Disk",,"System",,,"ServerDC2.ad.jasonsexperiments.com",,"4/9/2025 7:33:43 AM",,,"System","System.UInt32[]","System.Diagnostics.Eventing.Reader.EventBookmark","Warning",,,"System.Collections.ObjectModel.ReadOnlyCollection`1[System.String]","System.Collections.Generic.List`1[System.Diagnostics.Eventing.Reader.EventProperty]"
"Remote calls to the SAM database are being restricted using the default security descriptor: .
For more information please see http://go.microsoft.com/fwlink/?LinkId=787651.","16962","0",,"4","0","0","-9223372036854775808","4011","Microsoft-Windows-Directory-Services-SAM","0d4fdc09-8c27-494a-bda0-505e4fd8adae","System","652","656","ServerDC2.ad.jasonsexperiments.com","S-1-5-18","4/9/2025 7:33:43 AM","9dcac004-a94b-0001-45c0-ca9d4ba9db01",,"System","System.UInt32[]","System.Diagnostics.Eventing.Reader.EventBookmark","Information","Info",,"System.Collections.ObjectModel.ReadOnlyCollection`1[System.String]","System.Collections.Generic.List`1[System.Diagnostics.Eventing.Reader.EventProperty]"
"The device driver for the Trusted Platform Module (TPM) encountered a non-recoverable error in the TPM hardware, which prevents TPM services (such as data encryption) from being used. For further help, please contact the computer manufacturer.","15","0",,"2","0","0","-9223372036854775808","4010","TPM","1b6b0772-251b-4d42-917d-faca166bc059","System","4","348","ServerDC2.ad.jasonsexperiments.com","S-1-5-18","4/9/2025 7:33:43 AM",,,"System","System.UInt32[]","System.Diagnostics.Eventing.Reader.EventBookmark","Error","Info",,"System.Collections.ObjectModel.ReadOnlyCollection`1[System.String]","System.Collections.Generic.List`1[System.Diagnostics.Eventing.Reader.EventProperty]"
"Credential Guard configuration: 0x0, 0","14","0",,"4","0","0","4611686018427387904","4009","Microsoft-Windows-Wininit","206f6dea-d3c5-4d10-bc72-989f03c8b84b","System","500","504","ServerDC2.ad.jasonsexperiments.com","S-1-5-18","4/9/2025 7:33:43 AM",,,"System","System.UInt32[]","System.Diagnostics.Eventing.Reader.EventBookmark","Information","Info",,"System.Collections.ObjectModel.ReadOnlyCollection`1[System.String]","System.Collections.Generic.List`1[System.Diagnostics.Eventing.Reader.EventProperty]"
"The device driver for the Trusted Platform Module (TPM) encountered a non-recoverable error in the TPM hardware, which prevents TPM services (such as data encryption) from being used. For further help, please contact the computer manufacturer.","15","0",,"2","0","0","-9223372036854775808","4008","TPM","1b6b0772-251b-4d42-917d-faca166bc059","System","4","348","ServerDC2.ad.jasonsexperiments.com","S-1-5-18","4/9/2025 7:33:43 AM",,,"System","System.UInt32[]","System.Diagnostics.Eventing.Reader.EventBookmark","Error","Info",,"System.Collections.ObjectModel.ReadOnlyCollection`1[System.String]","System.Collections.Generic.List`1[System.Diagnostics.Eventing.Reader.EventProperty]"
"The device driver for the Trusted Platform Module (TPM) encountered a non-recoverable error in the TPM hardware, which prevents TPM services (such as data encryption) from being used. For further help, please contact the computer manufacturer.","15","0",,"2","0","0","-9223372036854775808","4007","TPM","1b6b0772-251b-4d42-917d-faca166bc059","System","4","348","ServerDC2.ad.jasonsexperiments.com","S-1-5-18","4/9/2025 7:33:42 AM",,,"System","System.UInt32[]","System.Diagnostics.Eventing.Reader.EventBookmark","Error","Info",,"System.Collections.ObjectModel.ReadOnlyCollection`1[System.String]","System.Collections.Generic.List`1[System.Diagnostics.Eventing.Reader.EventProperty]"
"The device driver for the Trusted Platform Module (TPM) encountered a non-recoverable error in the TPM hardware, which prevents TPM services (such as data encryption) from being used. For further help, please contact the computer manufacturer.","15","0",,"2","0","0","-9223372036854775808","4006","TPM","1b6b0772-251b-4d42-917d-faca166bc059","System","4","348","ServerDC2.ad.jasonsexperiments.com","S-1-5-18","4/9/2025 7:33:42 AM",,,"System","System.UInt32[]","System.Diagnostics.Eventing.Reader.EventBookmark","Error","Info",,"System.Collections.ObjectModel.ReadOnlyCollection`1[System.String]","System.Collections.Generic.List`1[System.Diagnostics.Eventing.Reader.EventProperty]"
"The device driver for the Trusted Platform Module (TPM) encountered a non-recoverable error in the TPM hardware, which prevents TPM services (such as data encryption) from being used. For further help, please contact the computer manufacturer.","15","0",,"2","0","0","-9223372036854775808","4005","TPM","1b6b0772-251b-4d42-917d-faca166bc059","System","4","348","ServerDC2.ad.jasonsexperiments.com","S-1-5-18","4/9/2025 7:33:41 AM",,,"System","System.UInt32[]","System.Diagnostics.Eventing.Reader.EventBookmark","Error","Info",,"System.Collections.ObjectModel.ReadOnlyCollection`1[System.String]","System.Collections.Generic.List`1[System.Diagnostics.Eventing.Reader.EventProperty]"
"Processor 3 in group 0 exposes the following power management capabilities:

Idle state type: ACPI Idle (C) States (1 state(s))

Performance state type: None
Nominal Frequency (MHz): 3400
Maximum performance percentage: 100
Minimum performance percentage: 100
Minimum throttle percentage: 100","55","0",,"4","47","0","-9223372036854775808","4004","Microsoft-Windows-Kernel-Processor-Power","0f67e49f-fe51-4e9f-b490-6f2948cc6027","System","4","276","ServerDC2.ad.jasonsexperiments.com","S-1-5-18","4/9/2025 7:33:41 AM",,,"System","System.UInt32[]","System.Diagnostics.Eventing.Reader.EventBookmark","Information","Info",,"System.Collections.ObjectModel.ReadOnlyCollection`1[System.String]","System.Collections.Generic.List`1[System.Diagnostics.Eventing.Reader.EventProperty]"
"Processor 2 in group 0 exposes the following power management capabilities:

Idle state type: ACPI Idle (C) States (1 state(s))

Performance state type: None
Nominal Frequency (MHz): 3400
Maximum performance percentage: 100
Minimum performance percentage: 100
Minimum throttle percentage: 100","55","0",,"4","47","0","-9223372036854775808","4003","Microsoft-Windows-Kernel-Processor-Power","0f67e49f-fe51-4e9f-b490-6f2948cc6027","System","4","276","ServerDC2.ad.jasonsexperiments.com","S-1-5-18","4/9/2025 7:33:41 AM",,,"System","System.UInt32[]","System.Diagnostics.Eventing.Reader.EventBookmark","Information","Info",,"System.Collections.ObjectModel.ReadOnlyCollection`1[System.String]","System.Collections.Generic.List`1[System.Diagnostics.Eventing.Reader.EventProperty]"
"Processor 1 in group 0 exposes the following power management capabilities:

Idle state type: ACPI Idle (C) States (1 state(s))

Performance state type: None
Nominal Frequency (MHz): 3400
Maximum performance percentage: 100
Minimum performance percentage: 100
Minimum throttle percentage: 100","55","0",,"4","47","0","-9223372036854775808","4002","Microsoft-Windows-Kernel-Processor-Power","0f67e49f-fe51-4e9f-b490-6f2948cc6027","System","4","276","ServerDC2.ad.jasonsexperiments.com","S-1-5-18","4/9/2025 7:33:41 AM",,,"System","System.UInt32[]","System.Diagnostics.Eventing.Reader.EventBookmark","Information","Info",,"System.Collections.ObjectModel.ReadOnlyCollection`1[System.String]","System.Collections.Generic.List`1[System.Diagnostics.Eventing.Reader.EventProperty]"
"Processor 0 in group 0 exposes the following power management capabilities:

Idle state type: ACPI Idle (C) States (1 state(s))

Performance state type: None
Nominal Frequency (MHz): 3400
Maximum performance percentage: 100
Minimum performance percentage: 100
Minimum throttle percentage: 100","55","0",,"4","47","0","-9223372036854775808","4001","Microsoft-Windows-Kernel-Processor-Power","0f67e49f-fe51-4e9f-b490-6f2948cc6027","System","4","276","ServerDC2.ad.jasonsexperiments.com","S-1-5-18","4/9/2025 7:33:41 AM",,,"System","System.UInt32[]","System.Diagnostics.Eventing.Reader.EventBookmark","Information","Info",,"System.Collections.ObjectModel.ReadOnlyCollection`1[System.String]","System.Collections.Generic.List`1[System.Diagnostics.Eventing.Reader.EventProperty]"
"Connectivity state in standby: Disconnected, Reason: NIC compliance","172","0",,"4","203","0","-9223372036854774780","4000","Microsoft-Windows-Kernel-Power","331c3b3a-2005-44c2-ac5e-77220c37d6b4","System","4","308","ServerDC2.ad.jasonsexperiments.com","S-1-5-18","4/9/2025 7:33:41 AM",,,"System","System.UInt32[]","System.Diagnostics.Eventing.Reader.EventBookmark","Information","Info",,"System.Collections.ObjectModel.ReadOnlyCollection`1[System.String]","System.Collections.Generic.List`1[System.Diagnostics.Eventing.Reader.EventProperty]"
"File System Filter 'npsvctrig' (10.0, ?2037?-?02?-?23T01:11:04.000000000Z) has successfully loaded and registered with Filter Manager.","6","0",,"4","0","0","-9223372036854775808","3999","Microsoft-Windows-FilterManager","f3c5e28e-63f6-49c7-a204-e48a1bc4b09d","System","4","8","ServerDC2.ad.jasonsexperiments.com","S-1-5-18","4/9/2025 7:33:41 AM",,,"System","System.UInt32[]","System.Diagnostics.Eventing.Reader.EventBookmark","Information","Info",,"System.Collections.ObjectModel.ReadOnlyCollection`1[System.String]","System.Collections.Generic.List`1[System.Diagnostics.Eventing.Reader.EventProperty]"
"File System Filter 'DfsDriver' (10.0, ?1975?-?08?-?18T07:58:38.000000000Z) has successfully loaded and registered with Filter Manager.","6","0",,"4","0","0","-9223372036854775808","3998","Microsoft-Windows-FilterManager","f3c5e28e-63f6-49c7-a204-e48a1bc4b09d","System","4","8","ServerDC2.ad.jasonsexperiments.com","S-1-5-18","4/9/2025 7:33:41 AM",,,"System","System.UInt32[]","System.Diagnostics.Eventing.Reader.EventBookmark","Information","Info",,"System.Collections.ObjectModel.ReadOnlyCollection`1[System.String]","System.Collections.Generic.List`1[System.Diagnostics.Eventing.Reader.EventProperty]"
"File System Filter 'FileCrypt' (10.0, ?2034?-?08?-?13T09:30:12.000000000Z) has successfully loaded and registered with Filter Manager.","6","0",,"4","0","0","-9223372036854775808","3997","Microsoft-Windows-FilterManager","f3c5e28e-63f6-49c7-a204-e48a1bc4b09d","System","4","8","ServerDC2.ad.jasonsexperiments.com","S-1-5-18","4/9/2025 7:33:41 AM",,,"System","System.UInt32[]","System.Diagnostics.Eventing.Reader.EventBookmark","Information","Info",,"System.Collections.ObjectModel.ReadOnlyCollection`1[System.String]","System.Collections.Generic.List`1[System.Diagnostics.Eventing.Reader.EventProperty]"
"Volume C: (\Device\HarddiskVolume1) is healthy.  No action is needed.","98","0",,"4","0","0","-9223372036854775806","3996","Microsoft-Windows-Ntfs","3ff37a1c-a68d-4d6e-8c9b-f79e8b16c482","System","4","124","ServerDC2.ad.jasonsexperiments.com","S-1-5-18","4/9/2025 7:33:41 AM",,,"System","System.UInt32[]","System.Diagnostics.Eventing.Reader.EventBookmark","Information","Info",,"System.Collections.ObjectModel.ReadOnlyCollection`1[System.String]","System.Collections.Generic.List`1[System.Diagnostics.Eventing.Reader.EventProperty]"
"File System Filter 'WdFilter' (10.0, ?1976?-?06?-?15T18:49:27.000000000Z) has successfully loaded and registered with Filter Manager.","6","0",,"4","0","0","-9223372036854775808","3995","Microsoft-Windows-FilterManager","f3c5e28e-63f6-49c7-a204-e48a1bc4b09d","System","4","8","ServerDC2.ad.jasonsexperiments.com","S-1-5-18","4/9/2025 7:33:41 AM",,,"System","System.UInt32[]","System.Diagnostics.Eventing.Reader.EventBookmark","Information","Info",,"System.Collections.ObjectModel.ReadOnlyCollection`1[System.String]","System.Collections.Generic.List`1[System.Diagnostics.Eventing.Reader.EventProperty]"
"File System Filter 'DfsrRo' (10.0, ?2087?-?05?-?27T10:05:55.000000000Z) has successfully loaded and registered with Filter Manager.","6","0",,"4","0","0","-9223372036854775808","3994","Microsoft-Windows-FilterManager","f3c5e28e-63f6-49c7-a204-e48a1bc4b09d","System","4","8","ServerDC2.ad.jasonsexperiments.com","S-1-5-18","4/9/2025 7:33:41 AM",,,"System","System.UInt32[]","System.Diagnostics.Eventing.Reader.EventBookmark","Information","Info",,"System.Collections.ObjectModel.ReadOnlyCollection`1[System.String]","System.Collections.Generic.List`1[System.Diagnostics.Eventing.Reader.EventProperty]"
"File System Filter 'Wof' (10.0, ?2036?-?08?-?31T11:15:55.000000000Z) has successfully loaded and registered with Filter Manager.","6","0",,"4","0","0","-9223372036854775808","3993","Microsoft-Windows-FilterManager","f3c5e28e-63f6-49c7-a204-e48a1bc4b09d","System","4","8","ServerDC2.ad.jasonsexperiments.com","S-1-5-18","4/9/2025 7:33:41 AM",,,"System","System.UInt32[]","System.Diagnostics.Eventing.Reader.EventBookmark","Information","Info",,"System.Collections.ObjectModel.ReadOnlyCollection`1[System.String]","System.Collections.Generic.List`1[System.Diagnostics.Eventing.Reader.EventProperty]"
"The leap second configuration has been updated.
Reason: Leap second data initialized from registry during boot
Leap seconds enabled: true
New leap second count: 0
Old leap second count: 0","20","0",,"4","6","0","-9223372036854775792","3992","Microsoft-Windows-Kernel-General","a68ca8b7-004f-d7b6-a698-07e2de0f1f5d","System","4","8","ServerDC2.ad.jasonsexperiments.com","S-1-5-18","4/9/2025 7:33:37 AM",,,"System","System.UInt32[]","System.Diagnostics.Eventing.Reader.EventBookmark","Information","Info",,"System.Collections.ObjectModel.ReadOnlyCollection`1[System.String]","System.Collections.Generic.List`1[System.Diagnostics.Eventing.Reader.EventProperty]"
"The bootmgr spent 0 ms waiting for user input.","32","0",,"4","58","0","-9223372036854775808","3991","Microsoft-Windows-Kernel-Boot","15ca44ff-4d7a-4baa-bba5-0998955e531e","System","4","8","ServerDC2.ad.jasonsexperiments.com","S-1-5-18","4/9/2025 7:33:37 AM",,,"System","System.UInt32[]","System.Diagnostics.Eventing.Reader.EventBookmark","Information","Info",,"System.Collections.ObjectModel.ReadOnlyCollection`1[System.String]","System.Collections.Generic.List`1[System.Diagnostics.Eventing.Reader.EventProperty]"
"There are 0x1 boot options on this system.","18","0",,"4","57","0","-9223372036854775808","3990","Microsoft-Windows-Kernel-Boot","15ca44ff-4d7a-4baa-bba5-0998955e531e","System","4","8","ServerDC2.ad.jasonsexperiments.com","S-1-5-18","4/9/2025 7:33:37 AM",,,"System","System.UInt32[]","System.Diagnostics.Eventing.Reader.EventBookmark","Information","Info",,"System.Collections.ObjectModel.ReadOnlyCollection`1[System.String]","System.Collections.Generic.List`1[System.Diagnostics.Eventing.Reader.EventProperty]"
"The boot type was 0x0.","27","1",,"4","33","0","-9223372036854775808","3989","Microsoft-Windows-Kernel-Boot","15ca44ff-4d7a-4baa-bba5-0998955e531e","System","4","8","ServerDC2.ad.jasonsexperiments.com","S-1-5-18","4/9/2025 7:33:37 AM",,,"System","System.UInt32[]","System.Diagnostics.Eventing.Reader.EventBookmark","Information","Info",,"System.Collections.ObjectModel.ReadOnlyCollection`1[System.String]","System.Collections.Generic.List`1[System.Diagnostics.Eventing.Reader.EventProperty]"
"The boot menu policy was 0x0.","25","0",,"4","32","0","-9223372036854775808","3988","Microsoft-Windows-Kernel-Boot","15ca44ff-4d7a-4baa-bba5-0998955e531e","System","4","8","ServerDC2.ad.jasonsexperiments.com","S-1-5-18","4/9/2025 7:33:37 AM",,,"System","System.UInt32[]","System.Diagnostics.Eventing.Reader.EventBookmark","Information","Info",,"System.Collections.ObjectModel.ReadOnlyCollection`1[System.String]","System.Collections.Generic.List`1[System.Diagnostics.Eventing.Reader.EventProperty]"
"The last shutdown's success status was true. The last boot's success status was true.","20","1",,"4","31","0","-9223372036854775808","3987","Microsoft-Windows-Kernel-Boot","15ca44ff-4d7a-4baa-bba5-0998955e531e","System","4","8","ServerDC2.ad.jasonsexperiments.com","S-1-5-18","4/9/2025 7:33:37 AM",,,"System","System.UInt32[]","System.Diagnostics.Eventing.Reader.EventBookmark","Information","Info",,"System.Collections.ObjectModel.ReadOnlyCollection`1[System.String]","System.Collections.Generic.List`1[System.Diagnostics.Eventing.Reader.EventProperty]"
"Virtualization-based security (policies: 0) is disabled.","153","0",,"4","62","0","-9223372036854775808","3986","Microsoft-Windows-Kernel-Boot","15ca44ff-4d7a-4baa-bba5-0998955e531e","System","4","8","ServerDC2.ad.jasonsexperiments.com","S-1-5-18","4/9/2025 7:33:37 AM",,,"System","System.UInt32[]","System.Diagnostics.Eventing.Reader.EventBookmark","Information","Info",,"System.Collections.ObjectModel.ReadOnlyCollection`1[System.String]","System.Collections.Generic.List`1[System.Diagnostics.Eventing.Reader.EventProperty]"
"The operating system started at system time ?2025?-?04?-?09T12:33:36.500000000Z.","12","0",,"4","1","0","-9223372036854775680","3985","Microsoft-Windows-Kernel-General","a68ca8b7-004f-d7b6-a698-07e2de0f1f5d","System","4","8","ServerDC2.ad.jasonsexperiments.com","S-1-5-18","4/9/2025 7:33:37 AM",,,"System","System.UInt32[]","System.Diagnostics.Eventing.Reader.EventBookmark","Information","Info",,"System.Collections.ObjectModel.ReadOnlyCollection`1[System.String]","System.Collections.Generic.List`1[System.Diagnostics.Eventing.Reader.EventProperty]"
"The operating system is shutting down at system time ?2025?-?04?-?09T12:34:22.601785600Z.","13","0",,"4","2","0","-9223372036854775680","3984","Microsoft-Windows-Kernel-General","a68ca8b7-004f-d7b6-a698-07e2de0f1f5d","System","4","4564","ServerDC2.ad.jasonsexperiments.com",,"4/9/2025 7:34:22 AM",,,"System","System.UInt32[]","System.Diagnostics.Eventing.Reader.EventBookmark","Information","Info",,"System.Collections.ObjectModel.ReadOnlyCollection`1[System.String]","System.Collections.Generic.List`1[System.Diagnostics.Eventing.Reader.EventProperty]"
"The kernel power manager has initiated a shutdown transition.

Shutdown Reason: Kernel API","109","0",,"4","103","0","-9223301668110597116","3983","Microsoft-Windows-Kernel-Power","331c3b3a-2005-44c2-ac5e-77220c37d6b4","System","496","500","ServerDC2.ad.jasonsexperiments.com",,"4/9/2025 7:34:22 AM",,,"System","System.UInt32[]","System.Diagnostics.Eventing.Reader.EventBookmark","Information","Info",,"System.Collections.ObjectModel.ReadOnlyCollection`1[System.String]","System.Collections.Generic.List`1[System.Diagnostics.Eventing.Reader.EventProperty]"
"The Active Directory Domain Services service entered the stopped state.","7036","0","16384","4","0","0","-9187343239835811840","3982","Service Control Manager","555908d1-a6d7-4695-8e1e-26931d2012f4","System","640","2008","ServerDC2.ad.jasonsexperiments.com",,"4/9/2025 7:34:19 AM",,,"System","System.UInt32[]","System.Diagnostics.Eventing.Reader.EventBookmark","Information",,,"System.Collections.ObjectModel.ReadOnlyCollection`1[System.String]","System.Collections.Generic.List`1[System.Diagnostics.Eventing.Reader.EventProperty]"
"The VirtualBox Guest Additions Service service entered the stopped state.","7036","0","16384","4","0","0","-9187343239835811840","3981","Service Control Manager","555908d1-a6d7-4695-8e1e-26931d2012f4","System","640","2008","ServerDC2.ad.jasonsexperiments.com",,"4/9/2025 7:34:17 AM",,,"System","System.UInt32[]","System.Diagnostics.Eventing.Reader.EventBookmark","Information",,,"System.Collections.ObjectModel.ReadOnlyCollection`1[System.String]","System.Collections.Generic.List`1[System.Diagnostics.Eventing.Reader.EventProperty]"
"The DFS Replication service entered the stopped state.","7036","0","16384","4","0","0","-9187343239835811840","3980","Service Control Manager","555908d1-a6d7-4695-8e1e-26931d2012f4","System","640","2008","ServerDC2.ad.jasonsexperiments.com",,"4/9/2025 7:34:17 AM",,,"System","System.UInt32[]","System.Diagnostics.Eventing.Reader.EventBookmark","Information",,,"System.Collections.ObjectModel.ReadOnlyCollection`1[System.String]","System.Collections.Generic.List`1[System.Diagnostics.Eventing.Reader.EventProperty]"
"The Diagnostic Policy Service service entered the stopped state.","7036","0","16384","4","0","0","-9187343239835811840","3979","Service Control Manager","555908d1-a6d7-4695-8e1e-26931d2012f4","System","640","1512","ServerDC2.ad.jasonsexperiments.com",,"4/9/2025 7:34:17 AM",,,"System","System.UInt32[]","System.Diagnostics.Eventing.Reader.EventBookmark","Information",,,"System.Collections.ObjectModel.ReadOnlyCollection`1[System.String]","System.Collections.Generic.List`1[System.Diagnostics.Eventing.Reader.EventProperty]"
"The DNS Server service entered the stopped state.","7036","0","16384","4","0","0","-9187343239835811840","3978","Service Control Manager","555908d1-a6d7-4695-8e1e-26931d2012f4","System","640","1512","ServerDC2.ad.jasonsexperiments.com",,"4/9/2025 7:34:17 AM",,,"System","System.UInt32[]","System.Diagnostics.Eventing.Reader.EventBookmark","Information",,,"System.Collections.ObjectModel.ReadOnlyCollection`1[System.String]","System.Collections.Generic.List`1[System.Diagnostics.Eventing.Reader.EventProperty]"
"The Windows Defender Antivirus Service service entered the stopped state.","7036","0","16384","4","0","0","-9187343239835811840","3977","Service Control Manager","555908d1-a6d7-4695-8e1e-26931d2012f4","System","640","1512","ServerDC2.ad.jasonsexperiments.com",,"4/9/2025 7:34:17 AM",,,"System","System.UInt32[]","System.Diagnostics.Eventing.Reader.EventBookmark","Information",,,"System.Collections.ObjectModel.ReadOnlyCollection`1[System.String]","System.Collections.Generic.List`1[System.Diagnostics.Eventing.Reader.EventProperty]"
"The Task Scheduler service entered the stopped state.","7036","0","16384","4","0","0","-9187343239835811840","3976","Service Control Manager","555908d1-a6d7-4695-8e1e-26931d2012f4","System","640","5664","ServerDC2.ad.jasonsexperiments.com",,"4/9/2025 7:34:17 AM",,,"System","System.UInt32[]","System.Diagnostics.Eventing.Reader.EventBookmark","Information",,,"System.Collections.ObjectModel.ReadOnlyCollection`1[System.String]","System.Collections.Generic.List`1[System.Diagnostics.Eventing.Reader.EventProperty]"
"The State Repository Service service entered the stopped state.","7036","0","16384","4","0","0","-9187343239835811840","3975","Service Control Manager","555908d1-a6d7-4695-8e1e-26931d2012f4","System","640","2008","ServerDC2.ad.jasonsexperiments.com",,"4/9/2025 7:34:17 AM",,,"System","System.UInt32[]","System.Diagnostics.Eventing.Reader.EventBookmark","Information",,,"System.Collections.ObjectModel.ReadOnlyCollection`1[System.String]","System.Collections.Generic.List`1[System.Diagnostics.Eventing.Reader.EventProperty]"
"The Remote Access Connection Manager service entered the stopped state.","7036","0","16384","4","0","0","-9187343239835811840","3974","Service Control Manager","555908d1-a6d7-4695-8e1e-26931d2012f4","System","640","5664","ServerDC2.ad.jasonsexperiments.com",,"4/9/2025 7:34:17 AM",,,"System","System.UInt32[]","System.Diagnostics.Eventing.Reader.EventBookmark","Information",,,"System.Collections.ObjectModel.ReadOnlyCollection`1[System.String]","System.Collections.Generic.List`1[System.Diagnostics.Eventing.Reader.EventProperty]"
"The Cryptographic Services service entered the stopped state.","7036","0","16384","4","0","0","-9187343239835811840","3973","Service Control Manager","555908d1-a6d7-4695-8e1e-26931d2012f4","System","640","5664","ServerDC2.ad.jasonsexperiments.com",,"4/9/2025 7:34:17 AM",,,"System","System.UInt32[]","System.Diagnostics.Eventing.Reader.EventBookmark","Information",,,"System.Collections.ObjectModel.ReadOnlyCollection`1[System.String]","System.Collections.Generic.List`1[System.Diagnostics.Eventing.Reader.EventProperty]"
"The Windows Remote Management (WS-Management) service entered the stopped state.","7036","0","16384","4","0","0","-9187343239835811840","3972","Service Control Manager","555908d1-a6d7-4695-8e1e-26931d2012f4","System","640","2008","ServerDC2.ad.jasonsexperiments.com",,"4/9/2025 7:34:17 AM",,,"System","System.UInt32[]","System.Diagnostics.Eventing.Reader.EventBookmark","Information",,,"System.Collections.ObjectModel.ReadOnlyCollection`1[System.String]","System.Collections.Generic.List`1[System.Diagnostics.Eventing.Reader.EventProperty]"
"The Device Setup Manager service entered the stopped state.","7036","0","16384","4","0","0","-9187343239835811840","3971","Service Control Manager","555908d1-a6d7-4695-8e1e-26931d2012f4","System","640","2008","ServerDC2.ad.jasonsexperiments.com",,"4/9/2025 7:34:17 AM",,,"System","System.UInt32[]","System.Diagnostics.Eventing.Reader.EventBookmark","Information",,,"System.Collections.ObjectModel.ReadOnlyCollection`1[System.String]","System.Collections.Generic.List`1[System.Diagnostics.Eventing.Reader.EventProperty]"
"The Windows Connection Manager service entered the stopped state.","7036","0","16384","4","0","0","-9187343239835811840","3970","Service Control Manager","555908d1-a6d7-4695-8e1e-26931d2012f4","System","640","2008","ServerDC2.ad.jasonsexperiments.com",,"4/9/2025 7:34:17 AM",,,"System","System.UInt32[]","System.Diagnostics.Eventing.Reader.EventBookmark","Information",,,"System.Collections.ObjectModel.ReadOnlyCollection`1[System.String]","System.Collections.Generic.List`1[System.Diagnostics.Eventing.Reader.EventProperty]"
"The Windows Event Log service entered the stopped state.","7036","0","16384","4","0","0","-9187343239835811840","3969","Service Control Manager","555908d1-a6d7-4695-8e1e-26931d2012f4","System","640","2008","ServerDC2.ad.jasonsexperiments.com",,"4/9/2025 7:34:17 AM",,,"System","System.UInt32[]","System.Diagnostics.Eventing.Reader.EventBookmark","Information",,,"System.Collections.ObjectModel.ReadOnlyCollection`1[System.String]","System.Collections.Generic.List`1[System.Diagnostics.Eventing.Reader.EventProperty]"
"The Virtual Disk service entered the stopped state.","7036","0","16384","4","0","0","-9187343239835811840","3968","Service Control Manager","555908d1-a6d7-4695-8e1e-26931d2012f4","System","640","2008","ServerDC2.ad.jasonsexperiments.com",,"4/9/2025 7:34:17 AM",,,"System","System.UInt32[]","System.Diagnostics.Eventing.Reader.EventBookmark","Information",,,"System.Collections.ObjectModel.ReadOnlyCollection`1[System.String]","System.Collections.Generic.List`1[System.Diagnostics.Eventing.Reader.EventProperty]"
"The system uptime is 10 seconds.","6013",,"32768","4","0",,"36028797018963968","3967","EventLog",,"System",,,"ServerDC2.ad.jasonsexperiments.com",,"4/9/2025 7:33:46 AM",,,"System","System.UInt32[]","System.Diagnostics.Eventing.Reader.EventBookmark","Information",,,"System.Collections.ObjectModel.ReadOnlyCollection`1[System.String]","System.Collections.Generic.List`1[System.Diagnostics.Eventing.Reader.EventProperty]"
"The Event log service was started.","6005",,"32768","4","0",,"36028797018963968","3966","EventLog",,"System",,,"ServerDC2.ad.jasonsexperiments.com",,"4/9/2025 7:33:46 AM",,,"System","System.UInt32[]","System.Diagnostics.Eventing.Reader.EventBookmark","Information",,,"System.Collections.ObjectModel.ReadOnlyCollection`1[System.String]","System.Collections.Generic.List`1[System.Diagnostics.Eventing.Reader.EventProperty]"
"Microsoft (R) Windows (R) 10.00. 17763  Multiprocessor Free.","6009",,"32768","4","0",,"36028797018963968","3965","EventLog",,"System",,,"ServerDC2.ad.jasonsexperiments.com",,"4/9/2025 7:33:46 AM",,,"System","System.UInt32[]","System.Diagnostics.Eventing.Reader.EventBookmark","Information",,,"System.Collections.ObjectModel.ReadOnlyCollection`1[System.String]","System.Collections.Generic.List`1[System.Diagnostics.Eventing.Reader.EventProperty]"
"The Intersite Messaging service entered the stopped state.","7036","0","16384","4","0","0","-9187343239835811840","3964","Service Control Manager","555908d1-a6d7-4695-8e1e-26931d2012f4","System","640","5664","ServerDC2.ad.jasonsexperiments.com",,"4/9/2025 7:34:17 AM",,,"System","System.UInt32[]","System.Diagnostics.Eventing.Reader.EventBookmark","Information",,,"System.Collections.ObjectModel.ReadOnlyCollection`1[System.String]","System.Collections.Generic.List`1[System.Diagnostics.Eventing.Reader.EventProperty]"
"The WinHTTP Web Proxy Auto-Discovery Service service entered the stopped state.","7036","0","16384","4","0","0","-9187343239835811840","3963","Service Control Manager","555908d1-a6d7-4695-8e1e-26931d2012f4","System","640","5664","ServerDC2.ad.jasonsexperiments.com",,"4/9/2025 7:34:17 AM",,,"System","System.UInt32[]","System.Diagnostics.Eventing.Reader.EventBookmark","Information",,,"System.Collections.ObjectModel.ReadOnlyCollection`1[System.String]","System.Collections.Generic.List`1[System.Diagnostics.Eventing.Reader.EventProperty]"
"The DHCP Client service entered the stopped state.","7036","0","16384","4","0","0","-9187343239835811840","3962","Service Control Manager","555908d1-a6d7-4695-8e1e-26931d2012f4","System","640","5664","ServerDC2.ad.jasonsexperiments.com",,"4/9/2025 7:34:17 AM",,,"System","System.UInt32[]","System.Diagnostics.Eventing.Reader.EventBookmark","Information",,,"System.Collections.ObjectModel.ReadOnlyCollection`1[System.String]","System.Collections.Generic.List`1[System.Diagnostics.Eventing.Reader.EventProperty]"
"The AppX Deployment Service (AppXSVC) service entered the stopped state.","7036","0","16384","4","0","0","-9187343239835811840","3961","Service Control Manager","555908d1-a6d7-4695-8e1e-26931d2012f4","System","640","5664","ServerDC2.ad.jasonsexperiments.com",,"4/9/2025 7:34:17 AM",,,"System","System.UInt32[]","System.Diagnostics.Eventing.Reader.EventBookmark","Information",,,"System.Collections.ObjectModel.ReadOnlyCollection`1[System.String]","System.Collections.Generic.List`1[System.Diagnostics.Eventing.Reader.EventProperty]"
"The Secure Socket Tunneling Protocol Service service entered the stopped state.","7036","0","16384","4","0","0","-9187343239835811840","3960","Service Control Manager","555908d1-a6d7-4695-8e1e-26931d2012f4","System","640","5664","ServerDC2.ad.jasonsexperiments.com",,"4/9/2025 7:34:17 AM",,,"System","System.UInt32[]","System.Diagnostics.Eventing.Reader.EventBookmark","Information",,,"System.Collections.ObjectModel.ReadOnlyCollection`1[System.String]","System.Collections.Generic.List`1[System.Diagnostics.Eventing.Reader.EventProperty]"
"DHCPv4 client service is stopped. ShutDown Flag value is 1","50037","0",,"4","4","69","2305843009213693952","3959","Microsoft-Windows-Dhcp-Client","15a7a4f8-0072-4eab-abad-f98a4d666aed","System","1160","1244","ServerDC2.ad.jasonsexperiments.com","S-1-5-19","4/9/2025 7:34:17 AM",,,"System","System.UInt32[]","System.Diagnostics.Eventing.Reader.EventBookmark","Information","ServiceStop","Service State Event","System.Collections.ObjectModel.ReadOnlyCollection`1[System.String]","System.Collections.Generic.List`1[System.Diagnostics.Eventing.Reader.EventProperty]"
"DHCPv4 is waiting on DHCPv6 service to stop","50106","0",,"4","4","129","2305843009213693952","3958","Microsoft-Windows-Dhcp-Client","15a7a4f8-0072-4eab-abad-f98a4d666aed","System","1160","1244","ServerDC2.ad.jasonsexperiments.com","S-1-5-19","4/9/2025 7:34:17 AM",,,"System","System.UInt32[]","System.Diagnostics.Eventing.Reader.EventBookmark","Information","ServiceShutdown","Service State Event","System.Collections.ObjectModel.ReadOnlyCollection`1[System.String]","System.Collections.Generic.List`1[System.Diagnostics.Eventing.Reader.EventProperty]"
"The Update Orchestrator Service service entered the stopped state.","7036","0","16384","4","0","0","-9187343239835811840","3957","Service Control Manager","555908d1-a6d7-4695-8e1e-26931d2012f4","System","640","5664","ServerDC2.ad.jasonsexperiments.com",,"4/9/2025 7:34:17 AM",,,"System","System.UInt32[]","System.Diagnostics.Eventing.Reader.EventBookmark","Information",,,"System.Collections.ObjectModel.ReadOnlyCollection`1[System.String]","System.Collections.Generic.List`1[System.Diagnostics.Eventing.Reader.EventProperty]"
"The Active Directory Web Services service entered the stopped state.","7036","0","16384","4","0","0","-9187343239835811840","3956","Service Control Manager","555908d1-a6d7-4695-8e1e-26931d2012f4","System","640","5664","ServerDC2.ad.jasonsexperiments.com",,"4/9/2025 7:34:17 AM",,,"System","System.UInt32[]","System.Diagnostics.Eventing.Reader.EventBookmark","Information",,,"System.Collections.ObjectModel.ReadOnlyCollection`1[System.String]","System.Collections.Generic.List`1[System.Diagnostics.Eventing.Reader.EventProperty]"
"The Distributed Transaction Coordinator service entered the stopped state.","7036","0","16384","4","0","0","-9187343239835811840","3955","Service Control Manager","555908d1-a6d7-4695-8e1e-26931d2012f4","System","640","5664","ServerDC2.ad.jasonsexperiments.com",,"4/9/2025 7:34:17 AM",,,"System","System.UInt32[]","System.Diagnostics.Eventing.Reader.EventBookmark","Information",,,"System.Collections.ObjectModel.ReadOnlyCollection`1[System.String]","System.Collections.Generic.List`1[System.Diagnostics.Eventing.Reader.EventProperty]"
"The Windows Font Cache Service service entered the stopped state.","7036","0","16384","4","0","0","-9187343239835811840","3954","Service Control Manager","555908d1-a6d7-4695-8e1e-26931d2012f4","System","640","5664","ServerDC2.ad.jasonsexperiments.com",,"4/9/2025 7:34:17 AM",,,"System","System.UInt32[]","System.Diagnostics.Eventing.Reader.EventBookmark","Information",,,"System.Collections.ObjectModel.ReadOnlyCollection`1[System.String]","System.Collections.Generic.List`1[System.Diagnostics.Eventing.Reader.EventProperty]"
"The Program Compatibility Assistant Service service entered the stopped state.","7036","0","16384","4","0","0","-9187343239835811840","3953","Service Control Manager","555908d1-a6d7-4695-8e1e-26931d2012f4","System","640","5664","ServerDC2.ad.jasonsexperiments.com",,"4/9/2025 7:34:17 AM",,,"System","System.UInt32[]","System.Diagnostics.Eventing.Reader.EventBookmark","Information",,,"System.Collections.ObjectModel.ReadOnlyCollection`1[System.String]","System.Collections.Generic.List`1[System.Diagnostics.Eventing.Reader.EventProperty]"
"The Windows Management Instrumentation service entered the stopped state.","7036","0","16384","4","0","0","-9187343239835811840","3952","Service Control Manager","555908d1-a6d7-4695-8e1e-26931d2012f4","System","640","5664","ServerDC2.ad.jasonsexperiments.com",,"4/9/2025 7:34:17 AM",,,"System","System.UInt32[]","System.Diagnostics.Eventing.Reader.EventBookmark","Information",,,"System.Collections.ObjectModel.ReadOnlyCollection`1[System.String]","System.Collections.Generic.List`1[System.Diagnostics.Eventing.Reader.EventProperty]"
"The SysMain service entered the stopped state.","7036","0","16384","4","0","0","-9187343239835811840","3951","Service Control Manager","555908d1-a6d7-4695-8e1e-26931d2012f4","System","640","5664","ServerDC2.ad.jasonsexperiments.com",,"4/9/2025 7:34:17 AM",,,"System","System.UInt32[]","System.Diagnostics.Eventing.Reader.EventBookmark","Information",,,"System.Collections.ObjectModel.ReadOnlyCollection`1[System.String]","System.Collections.Generic.List`1[System.Diagnostics.Eventing.Reader.EventProperty]"
"The Plug and Play service entered the stopped state.","7036","0","16384","4","0","0","-9187343239835811840","3950","Service Control Manager","555908d1-a6d7-4695-8e1e-26931d2012f4","System","640","5664","ServerDC2.ad.jasonsexperiments.com",,"4/9/2025 7:34:17 AM",,,"System","System.UInt32[]","System.Diagnostics.Eventing.Reader.EventBookmark","Information",,,"System.Collections.ObjectModel.ReadOnlyCollection`1[System.String]","System.Collections.Generic.List`1[System.Diagnostics.Eventing.Reader.EventProperty]"
"The User Profile Service service entered the stopped state.","7036","0","16384","4","0","0","-9187343239835811840","3949","Service Control Manager","555908d1-a6d7-4695-8e1e-26931d2012f4","System","640","4616","ServerDC2.ad.jasonsexperiments.com",,"4/9/2025 7:34:17 AM",,,"System","System.UInt32[]","System.Diagnostics.Eventing.Reader.EventBookmark","Information",,,"System.Collections.ObjectModel.ReadOnlyCollection`1[System.String]","System.Collections.Generic.List`1[System.Diagnostics.Eventing.Reader.EventProperty]"
"DHCPv6 client service stop is almost done.DHCP Context Ref count is 1","51057","0",,"4","4","104","2305843009213693952","3948","Microsoft-Windows-DHCPv6-Client","6a1f2b00-6a90-4c38-95a5-5cab3b056778","System","1160","1344","ServerDC2.ad.jasonsexperiments.com","S-1-5-19","4/9/2025 7:34:17 AM",,,"System","System.UInt32[]","System.Diagnostics.Eventing.Reader.EventBookmark","Information","ServiceStopWithRefCount","Service State Event","System.Collections.ObjectModel.ReadOnlyCollection`1[System.String]","System.Collections.Generic.List`1[System.Diagnostics.Eventing.Reader.EventProperty]"
"DHCPv6 client service is stopped. ShutDown Flag value is 1","51047","0",,"4","4","63","2305843009213693952","3947","Microsoft-Windows-DHCPv6-Client","6a1f2b00-6a90-4c38-95a5-5cab3b056778","System","1160","1344","ServerDC2.ad.jasonsexperiments.com","S-1-5-19","4/9/2025 7:34:17 AM",,,"System","System.UInt32[]","System.Diagnostics.Eventing.Reader.EventBookmark","Information","ServiceStop","Service State Event","System.Collections.ObjectModel.ReadOnlyCollection`1[System.String]","System.Collections.Generic.List`1[System.Diagnostics.Eventing.Reader.EventProperty]"
"The Windows Time service entered the stopped state.","7036","0","16384","4","0","0","-9187343239835811840","3946","Service Control Manager","555908d1-a6d7-4695-8e1e-26931d2012f4","System","640","5980","ServerDC2.ad.jasonsexperiments.com",,"4/9/2025 7:34:17 AM",,,"System","System.UInt32[]","System.Diagnostics.Eventing.Reader.EventBookmark","Information",,,"System.Collections.ObjectModel.ReadOnlyCollection`1[System.String]","System.Collections.Generic.List`1[System.Diagnostics.Eventing.Reader.EventProperty]"
"DHCPv4 client ProcessDHCPRequestForever received TERMINATE_EVENT","50105","0",,"4","4","129","2305843009213693952","3945","Microsoft-Windows-Dhcp-Client","15a7a4f8-0072-4eab-abad-f98a4d666aed","System","1160","1244","ServerDC2.ad.jasonsexperiments.com","S-1-5-19","4/9/2025 7:34:17 AM",,,"System","System.UInt32[]","System.Diagnostics.Eventing.Reader.EventBookmark","Information","ServiceShutdown","Service State Event","System.Collections.ObjectModel.ReadOnlyCollection`1[System.String]","System.Collections.Generic.List`1[System.Diagnostics.Eventing.Reader.EventProperty]"
"DHCPv4 client received shutdown notification","50104","0",,"4","4","129","2305843009213693952","3944","Microsoft-Windows-Dhcp-Client","15a7a4f8-0072-4eab-abad-f98a4d666aed","System","1160","1164","ServerDC2.ad.jasonsexperiments.com","S-1-5-19","4/9/2025 7:34:17 AM",,,"System","System.UInt32[]","System.Diagnostics.Eventing.Reader.EventBookmark","Information","ServiceShutdown","Service State Event","System.Collections.ObjectModel.ReadOnlyCollection`1[System.String]","System.Collections.Generic.List`1[System.Diagnostics.Eventing.Reader.EventProperty]"
"The Connected User Experiences and Telemetry service entered the stopped state.","7036","0","16384","4","0","0","-9187343239835811840","3943","Service Control Manager","555908d1-a6d7-4695-8e1e-26931d2012f4","System","640","3700","ServerDC2.ad.jasonsexperiments.com",,"4/9/2025 7:34:17 AM",,,"System","System.UInt32[]","System.Diagnostics.Eventing.Reader.EventBookmark","Information",,,"System.Collections.ObjectModel.ReadOnlyCollection`1[System.String]","System.Collections.Generic.List`1[System.Diagnostics.Eventing.Reader.EventProperty]"
"The Microsoft Passport Container service entered the stopped state.","7036","0","16384","4","0","0","-9187343239835811840","3942","Service Control Manager","555908d1-a6d7-4695-8e1e-26931d2012f4","System","640","3700","ServerDC2.ad.jasonsexperiments.com",,"4/9/2025 7:34:17 AM",,,"System","System.UInt32[]","System.Diagnostics.Eventing.Reader.EventBookmark","Information",,,"System.Collections.ObjectModel.ReadOnlyCollection`1[System.String]","System.Collections.Generic.List`1[System.Diagnostics.Eventing.Reader.EventProperty]"
"The User Access Logging Service service entered the stopped state.","7036","0","16384","4","0","0","-9187343239835811840","3941","Service Control Manager","555908d1-a6d7-4695-8e1e-26931d2012f4","System","640","5980","ServerDC2.ad.jasonsexperiments.com",,"4/9/2025 7:34:16 AM",,,"System","System.UInt32[]","System.Diagnostics.Eventing.Reader.EventBookmark","Information",,,"System.Collections.ObjectModel.ReadOnlyCollection`1[System.String]","System.Collections.Generic.List`1[System.Diagnostics.Eventing.Reader.EventProperty]"
"The Group Policy Client service entered the stopped state.","7036","0","16384","4","0","0","-9187343239835811840","3940","Service Control Manager","555908d1-a6d7-4695-8e1e-26931d2012f4","System","640","5980","ServerDC2.ad.jasonsexperiments.com",,"4/9/2025 7:34:16 AM",,,"System","System.UInt32[]","System.Diagnostics.Eventing.Reader.EventBookmark","Information",,,"System.Collections.ObjectModel.ReadOnlyCollection`1[System.String]","System.Collections.Generic.List`1[System.Diagnostics.Eventing.Reader.EventProperty]"
"User Logoff Notification for Customer Experience Improvement Program","7002","0",,"4","1102","0","2305878193585782784","3939","Microsoft-Windows-Winlogon","dbe9b383-7cf3-4331-91cc-a3cb16a3b538","System","568","3384","ServerDC2.ad.jasonsexperiments.com","S-1-5-18","4/9/2025 7:34:16 AM",,,"System","System.UInt32[]","System.Diagnostics.Eventing.Reader.EventBookmark","Information","Info",,"System.Collections.ObjectModel.ReadOnlyCollection`1[System.String]","System.Collections.Generic.List`1[System.Diagnostics.Eventing.Reader.EventProperty]"
