"The WinRM service entered the running state.","7036","0","16384","4","0","0","-9187343239835811840","5050","Service Control Manager","555908d1-a6d7-4695-8e1e-26931d2012f4","System","620","704","ServerDC2.ad.jasonsexperiments.com",,"5/13/2025 9:28:30 PM",,,"System","System.UInt32[]","System.Diagnostics.Eventing.Reader.EventBookmark","Information",,,"System.Collections.ObjectModel.ReadOnlyCollection`1[System.String]","System.Collections.Generic.List`1[System.Diagnostics.Eventing.Reader.EventProperty]"
"The WpnService service entered the running state.","7036","0","16384","4","0","0","-9187343239835811840","5049","Service Control Manager","555908d1-a6d7-4695-8e1e-26931d2012f4","System","620","696","ServerDC2.ad.jasonsexperiments.com",,"5/13/2025 9:28:30 PM",,,"System","System.UInt32[]","System.Diagnostics.Eventing.Reader.EventBookmark","Information",,,"System.Collections.ObjectModel.ReadOnlyCollection`1[System.String]","System.Collections.Generic.List`1[System.Diagnostics.Eventing.Reader.EventProperty]"
"The SstpSvc service entered the running state.","7036","0","16384","4","0","0","-9187343239835811840","5048","Service Control Manager","555908d1-a6d7-4695-8e1e-26931d2012f4","System","620","696","ServerDC2.ad.jasonsexperiments.com",,"5/13/2025 9:28:30 PM",,,"System","System.UInt32[]","System.Diagnostics.Eventing.Reader.EventBookmark","Information",,,"System.Collections.ObjectModel.ReadOnlyCollection`1[System.String]","System.Collections.Generic.List`1[System.Diagnostics.Eventing.Reader.EventProperty]"
"The SysMain service entered the running state.","7036","0","16384","4","0","0","-9187343239835811840","5047","Service Control Manager","555908d1-a6d7-4695-8e1e-26931d2012f4","System","620","388","ServerDC2.ad.jasonsexperiments.com",,"5/13/2025 9:28:29 PM",,,"System","System.UInt32[]","System.Diagnostics.Eventing.Reader.EventBookmark","Information",,,"System.Collections.ObjectModel.ReadOnlyCollection`1[System.String]","System.Collections.Generic.List`1[System.Diagnostics.Eventing.Reader.EventProperty]"
"The DFSR service entered the running state.","7036","0","16384","4","0","0","-9187343239835811840","5046","Service Control Manager","555908d1-a6d7-4695-8e1e-26931d2012f4","System","620","696","ServerDC2.ad.jasonsexperiments.com",,"5/13/2025 9:28:29 PM",,,"System","System.UInt32[]","System.Diagnostics.Eventing.Reader.EventBookmark","Information",,,"System.Collections.ObjectModel.ReadOnlyCollection`1[System.String]","System.Collections.Generic.List`1[System.Diagnostics.Eventing.Reader.EventProperty]"
"The CryptSvc service entered the running state.","7036","0","16384","4","0","0","-9187343239835811840","5045","Service Control Manager","555908d1-a6d7-4695-8e1e-26931d2012f4","System","620","424","ServerDC2.ad.jasonsexperiments.com",,"5/13/2025 9:28:29 PM",,,"System","System.UInt32[]","System.Diagnostics.Eventing.Reader.EventBookmark","Information",,,"System.Collections.ObjectModel.ReadOnlyCollection`1[System.String]","System.Collections.Generic.List`1[System.Diagnostics.Eventing.Reader.EventProperty]"
"The Dfs service entered the running state.","7036","0","16384","4","0","0","-9187343239835811840","5044","Service Control Manager","555908d1-a6d7-4695-8e1e-26931d2012f4","System","620","424","ServerDC2.ad.jasonsexperiments.com",,"5/13/2025 9:28:29 PM",,,"System","System.UInt32[]","System.Diagnostics.Eventing.Reader.EventBookmark","Information",,,"System.Collections.ObjectModel.ReadOnlyCollection`1[System.String]","System.Collections.Generic.List`1[System.Diagnostics.Eventing.Reader.EventProperty]"
"The IsmServ service entered the running state.","7036","0","16384","4","0","0","-9187343239835811840","5043","Service Control Manager","555908d1-a6d7-4695-8e1e-26931d2012f4","System","620","696","ServerDC2.ad.jasonsexperiments.com",,"5/13/2025 9:28:29 PM",,,"System","System.UInt32[]","System.Diagnostics.Eventing.Reader.EventBookmark","Information",,,"System.Collections.ObjectModel.ReadOnlyCollection`1[System.String]","System.Collections.Generic.List`1[System.Diagnostics.Eventing.Reader.EventProperty]"
"The CoreMessagingRegistrar service entered the running state.","7036","0","16384","4","0","0","-9187343239835811840","5042","Service Control Manager","555908d1-a6d7-4695-8e1e-26931d2012f4","System","620","332","ServerDC2.ad.jasonsexperiments.com",,"5/13/2025 9:28:29 PM",,,"System","System.UInt32[]","System.Diagnostics.Eventing.Reader.EventBookmark","Information",,,"System.Collections.ObjectModel.ReadOnlyCollection`1[System.String]","System.Collections.Generic.List`1[System.Diagnostics.Eventing.Reader.EventProperty]"
"The EFS service entered the running state.","7036","0","16384","4","0","0","-9187343239835811840","5041","Service Control Manager","555908d1-a6d7-4695-8e1e-26931d2012f4","System","620","704","ServerDC2.ad.jasonsexperiments.com",,"5/13/2025 9:28:29 PM",,,"System","System.UInt32[]","System.Diagnostics.Eventing.Reader.EventBookmark","Information",,,"System.Collections.ObjectModel.ReadOnlyCollection`1[System.String]","System.Collections.Generic.List`1[System.Diagnostics.Eventing.Reader.EventProperty]"
"The RemoteRegistry service entered the running state.","7036","0","16384","4","0","0","-9187343239835811840","5040","Service Control Manager","555908d1-a6d7-4695-8e1e-26931d2012f4","System","620","488","ServerDC2.ad.jasonsexperiments.com",,"5/13/2025 9:28:29 PM",,,"System","System.UInt32[]","System.Diagnostics.Eventing.Reader.EventBookmark","Information",,,"System.Collections.ObjectModel.ReadOnlyCollection`1[System.String]","System.Collections.Generic.List`1[System.Diagnostics.Eventing.Reader.EventProperty]"
"The mimidrv service failed to start due to the following error: 
A certificate was explicitly revoked by its issuer.","7000","0","49152","2","0","0","-9187343239835811840","5039","Service Control Manager","555908d1-a6d7-4695-8e1e-26931d2012f4","System","620","2692","ServerDC2.ad.jasonsexperiments.com",,"5/13/2025 9:28:29 PM",,,"System","System.UInt32[]","System.Diagnostics.Eventing.Reader.EventBookmark","Error",,,"System.Collections.ObjectModel.ReadOnlyCollection`1[System.String]","System.Collections.Generic.List`1[System.Diagnostics.Eventing.Reader.EventProperty]"
,"26","0","16384","4","0","0","36028797018963968","5038","Application Popup","47bfa2b7-bd54-4fac-b70b-29021084ca8f","System","4","192","ServerDC2.ad.jasonsexperiments.com",,"5/13/2025 9:28:29 PM",,,"System","System.UInt32[]","System.Diagnostics.Eventing.Reader.EventBookmark","Information",,,"System.Collections.ObjectModel.ReadOnlyCollection`1[System.String]","System.Collections.Generic.List`1[System.Diagnostics.Eventing.Reader.EventProperty]"
"The Spooler service entered the running state.","7036","0","16384","4","0","0","-9187343239835811840","5037","Service Control Manager","555908d1-a6d7-4695-8e1e-26931d2012f4","System","620","388","ServerDC2.ad.jasonsexperiments.com",,"5/13/2025 9:28:29 PM",,,"System","System.UInt32[]","System.Diagnostics.Eventing.Reader.EventBookmark","Information",,,"System.Collections.ObjectModel.ReadOnlyCollection`1[System.String]","System.Collections.Generic.List`1[System.Diagnostics.Eventing.Reader.EventProperty]"
"The Netlogon service entered the running state.","7036","0","16384","4","0","0","-9187343239835811840","5036","Service Control Manager","555908d1-a6d7-4695-8e1e-26931d2012f4","System","620","704","ServerDC2.ad.jasonsexperiments.com",,"5/13/2025 9:28:29 PM",,,"System","System.UInt32[]","System.Diagnostics.Eventing.Reader.EventBookmark","Information",,,"System.Collections.ObjectModel.ReadOnlyCollection`1[System.String]","System.Collections.Generic.List`1[System.Diagnostics.Eventing.Reader.EventProperty]"
"The WinRM service is listening for WS-Management requests. 

 User Action 
 Use the following command to see the specific IPs on which WinRM is listening: 

 winrm enumerate winrm/config/listener","10148","0","7","4","0","0","36028797018963968","5035","Microsoft-Windows-WinRM","a7975c8f-ac13-49f1-87da-5a984a4ab417","System","0","0","ServerDC2.ad.jasonsexperiments.com",,"5/13/2025 9:28:30 PM",,,"System","System.UInt32[]","System.Diagnostics.Eventing.Reader.EventBookmark","Information","Info",,"System.Collections.ObjectModel.ReadOnlyCollection`1[System.String]","System.Collections.Generic.List`1[System.Diagnostics.Eventing.Reader.EventProperty]"
"DFS server has finished initializing.","14531","0","16384","4","0","0","36028797018963968","5034","Microsoft-Windows-DfsSvc","7da4fe0e-fd42-4708-9aa5-89b77a224885","System","0","0","ServerDC2.ad.jasonsexperiments.com",,"5/13/2025 9:28:30 PM",,,"System","System.UInt32[]","System.Diagnostics.Eventing.Reader.EventBookmark","Information",,,"System.Collections.ObjectModel.ReadOnlyCollection`1[System.String]","System.Collections.Generic.List`1[System.Diagnostics.Eventing.Reader.EventProperty]"
"DFS has finished building all namespaces.","14533","0","16384","4","0","0","36028797018963968","5033","Microsoft-Windows-DfsSvc","7da4fe0e-fd42-4708-9aa5-89b77a224885","System","0","0","ServerDC2.ad.jasonsexperiments.com",,"5/13/2025 9:28:29 PM",,,"System","System.UInt32[]","System.Diagnostics.Eventing.Reader.EventBookmark","Information",,,"System.Collections.ObjectModel.ReadOnlyCollection`1[System.String]","System.Collections.Generic.List`1[System.Diagnostics.Eventing.Reader.EventProperty]"
"The Netlogon service was able to bind to a TCP/IP port with the configured backlog size of 10.","5836",,"0","4","0",,"36028797018963968","5032","NETLOGON",,"System",,,"ServerDC2.ad.jasonsexperiments.com",,"5/13/2025 9:28:29 PM",,,"System","System.UInt32[]","System.Diagnostics.Eventing.Reader.EventBookmark","Information","Info",,"System.Collections.ObjectModel.ReadOnlyCollection`1[System.String]","System.Collections.Generic.List`1[System.Diagnostics.Eventing.Reader.EventProperty]"
"The LanmanServer service entered the running state.","7036","0","16384","4","0","0","-9187343239835811840","5031","Service Control Manager","555908d1-a6d7-4695-8e1e-26931d2012f4","System","620","388","ServerDC2.ad.jasonsexperiments.com",,"5/13/2025 9:28:21 PM",,,"System","System.UInt32[]","System.Diagnostics.Eventing.Reader.EventBookmark","Information",,,"System.Collections.ObjectModel.ReadOnlyCollection`1[System.String]","System.Collections.Generic.List`1[System.Diagnostics.Eventing.Reader.EventProperty]"
"The SamSs service entered the running state.","7036","0","16384","4","0","0","-9187343239835811840","5030","Service Control Manager","555908d1-a6d7-4695-8e1e-26931d2012f4","System","620","424","ServerDC2.ad.jasonsexperiments.com",,"5/13/2025 9:28:21 PM",,,"System","System.UInt32[]","System.Diagnostics.Eventing.Reader.EventBookmark","Information",,,"System.Collections.ObjectModel.ReadOnlyCollection`1[System.String]","System.Collections.Generic.List`1[System.Diagnostics.Eventing.Reader.EventProperty]"
"The device driver for the Trusted Platform Module (TPM) encountered a non-recoverable error in the TPM hardware, which prevents TPM services (such as data encryption) from being used. For further help, please contact the computer manufacturer.","15","0",,"2","0","0","-9223372036854775808","5029","TPM","1b6b0772-251b-4d42-917d-faca166bc059","System","4","324","ServerDC2.ad.jasonsexperiments.com","S-1-5-18","5/13/2025 9:28:16 PM",,,"System","System.UInt32[]","System.Diagnostics.Eventing.Reader.EventBookmark","Error","Info",,"System.Collections.ObjectModel.ReadOnlyCollection`1[System.String]","System.Collections.Generic.List`1[System.Diagnostics.Eventing.Reader.EventProperty]"
"The device driver for the Trusted Platform Module (TPM) encountered a non-recoverable error in the TPM hardware, which prevents TPM services (such as data encryption) from being used. For further help, please contact the computer manufacturer.","15","0",,"2","0","0","-9223372036854775808","5028","TPM","1b6b0772-251b-4d42-917d-faca166bc059","System","4","324","ServerDC2.ad.jasonsexperiments.com","S-1-5-18","5/13/2025 9:28:16 PM",,,"System","System.UInt32[]","System.Diagnostics.Eventing.Reader.EventBookmark","Error","Info",,"System.Collections.ObjectModel.ReadOnlyCollection`1[System.String]","System.Collections.Generic.List`1[System.Diagnostics.Eventing.Reader.EventProperty]"
"The device driver for the Trusted Platform Module (TPM) encountered a non-recoverable error in the TPM hardware, which prevents TPM services (such as data encryption) from being used. For further help, please contact the computer manufacturer.","15","0",,"2","0","0","-9223372036854775808","5027","TPM","1b6b0772-251b-4d42-917d-faca166bc059","System","4","324","ServerDC2.ad.jasonsexperiments.com","S-1-5-18","5/13/2025 9:28:15 PM",,,"System","System.UInt32[]","System.Diagnostics.Eventing.Reader.EventBookmark","Error","Info",,"System.Collections.ObjectModel.ReadOnlyCollection`1[System.String]","System.Collections.Generic.List`1[System.Diagnostics.Eventing.Reader.EventProperty]"
"The device driver for the Trusted Platform Module (TPM) encountered a non-recoverable error in the TPM hardware, which prevents TPM services (such as data encryption) from being used. For further help, please contact the computer manufacturer.","15","0",,"2","0","0","-9223372036854775808","5026","TPM","1b6b0772-251b-4d42-917d-faca166bc059","System","4","324","ServerDC2.ad.jasonsexperiments.com","S-1-5-18","5/13/2025 9:28:15 PM",,,"System","System.UInt32[]","System.Diagnostics.Eventing.Reader.EventBookmark","Error","Info",,"System.Collections.ObjectModel.ReadOnlyCollection`1[System.String]","System.Collections.Generic.List`1[System.Diagnostics.Eventing.Reader.EventProperty]"
"The device driver for the Trusted Platform Module (TPM) encountered a non-recoverable error in the TPM hardware, which prevents TPM services (such as data encryption) from being used. For further help, please contact the computer manufacturer.","15","0",,"2","0","0","-9223372036854775808","5025","TPM","1b6b0772-251b-4d42-917d-faca166bc059","System","4","324","ServerDC2.ad.jasonsexperiments.com","S-1-5-18","5/13/2025 9:28:14 PM",,,"System","System.UInt32[]","System.Diagnostics.Eventing.Reader.EventBookmark","Error","Info",,"System.Collections.ObjectModel.ReadOnlyCollection`1[System.String]","System.Collections.Generic.List`1[System.Diagnostics.Eventing.Reader.EventProperty]"
"The device driver for the Trusted Platform Module (TPM) encountered a non-recoverable error in the TPM hardware, which prevents TPM services (such as data encryption) from being used. For further help, please contact the computer manufacturer.","15","0",,"2","0","0","-9223372036854775808","5024","TPM","1b6b0772-251b-4d42-917d-faca166bc059","System","4","324","ServerDC2.ad.jasonsexperiments.com","S-1-5-18","5/13/2025 9:28:14 PM",,,"System","System.UInt32[]","System.Diagnostics.Eventing.Reader.EventBookmark","Error","Info",,"System.Collections.ObjectModel.ReadOnlyCollection`1[System.String]","System.Collections.Generic.List`1[System.Diagnostics.Eventing.Reader.EventProperty]"
"The sppsvc service entered the running state.","7036","0","16384","4","0","0","-9187343239835811840","5023","Service Control Manager","555908d1-a6d7-4695-8e1e-26931d2012f4","System","620","388","ServerDC2.ad.jasonsexperiments.com",,"5/13/2025 9:28:13 PM",,,"System","System.UInt32[]","System.Diagnostics.Eventing.Reader.EventBookmark","Information",,,"System.Collections.ObjectModel.ReadOnlyCollection`1[System.String]","System.Collections.Generic.List`1[System.Diagnostics.Eventing.Reader.EventProperty]"
"The device driver for the Trusted Platform Module (TPM) encountered a non-recoverable error in the TPM hardware, which prevents TPM services (such as data encryption) from being used. For further help, please contact the computer manufacturer.","15","0",,"2","0","0","-9223372036854775808","5022","TPM","1b6b0772-251b-4d42-917d-faca166bc059","System","4","324","ServerDC2.ad.jasonsexperiments.com","S-1-5-18","5/13/2025 9:28:13 PM",,,"System","System.UInt32[]","System.Diagnostics.Eventing.Reader.EventBookmark","Error","Info",,"System.Collections.ObjectModel.ReadOnlyCollection`1[System.String]","System.Collections.Generic.List`1[System.Diagnostics.Eventing.Reader.EventProperty]"
"The device driver for the Trusted Platform Module (TPM) encountered a non-recoverable error in the TPM hardware, which prevents TPM services (such as data encryption) from being used. For further help, please contact the computer manufacturer.","15","0",,"2","0","0","-9223372036854775808","5021","TPM","1b6b0772-251b-4d42-917d-faca166bc059","System","4","324","ServerDC2.ad.jasonsexperiments.com","S-1-5-18","5/13/2025 9:28:13 PM",,,"System","System.UInt32[]","System.Diagnostics.Eventing.Reader.EventBookmark","Error","Info",,"System.Collections.ObjectModel.ReadOnlyCollection`1[System.String]","System.Collections.Generic.List`1[System.Diagnostics.Eventing.Reader.EventProperty]"
"Name resolution for the name _ldap._tcp.dc._msdcs.ad.jasonsexperiments.com. timed out after none of the configured DNS servers responded.","1014","0",,"3","1014","0","4611686018695823360","5020","Microsoft-Windows-DNS-Client","1c95126e-7eea-49a9-a3fe-a378b03ddb4d","System","1140","1460","ServerDC2.ad.jasonsexperiments.com","S-1-5-20","5/13/2025 9:28:12 PM",,,"System","System.UInt32[]","System.Diagnostics.Eventing.Reader.EventBookmark","Warning","Info",,"System.Collections.ObjectModel.ReadOnlyCollection`1[System.String]","System.Collections.Generic.List`1[System.Diagnostics.Eventing.Reader.EventProperty]"
"The mpssvc service entered the running state.","7036","0","16384","4","0","0","-9187343239835811840","5019","Service Control Manager","555908d1-a6d7-4695-8e1e-26931d2012f4","System","620","488","ServerDC2.ad.jasonsexperiments.com",,"5/13/2025 9:28:12 PM",,,"System","System.UInt32[]","System.Diagnostics.Eventing.Reader.EventBookmark","Information",,,"System.Collections.ObjectModel.ReadOnlyCollection`1[System.String]","System.Collections.Generic.List`1[System.Diagnostics.Eventing.Reader.EventProperty]"
"The UserManager service entered the running state.","7036","0","16384","4","0","0","-9187343239835811840","5018","Service Control Manager","555908d1-a6d7-4695-8e1e-26931d2012f4","System","620","488","ServerDC2.ad.jasonsexperiments.com",,"5/13/2025 9:28:12 PM",,,"System","System.UInt32[]","System.Diagnostics.Eventing.Reader.EventBookmark","Information",,,"System.Collections.ObjectModel.ReadOnlyCollection`1[System.String]","System.Collections.Generic.List`1[System.Diagnostics.Eventing.Reader.EventProperty]"
"The NcaSvc service entered the stopped state.","7036","0","16384","4","0","0","-9187343239835811840","5017","Service Control Manager","555908d1-a6d7-4695-8e1e-26931d2012f4","System","620","388","ServerDC2.ad.jasonsexperiments.com",,"5/13/2025 9:28:12 PM",,,"System","System.UInt32[]","System.Diagnostics.Eventing.Reader.EventBookmark","Information",,,"System.Collections.ObjectModel.ReadOnlyCollection`1[System.String]","System.Collections.Generic.List`1[System.Diagnostics.Eventing.Reader.EventProperty]"
"The LanmanWorkstation service entered the running state.","7036","0","16384","4","0","0","-9187343239835811840","5016","Service Control Manager","555908d1-a6d7-4695-8e1e-26931d2012f4","System","620","388","ServerDC2.ad.jasonsexperiments.com",,"5/13/2025 9:28:12 PM",,,"System","System.UInt32[]","System.Diagnostics.Eventing.Reader.EventBookmark","Information",,,"System.Collections.ObjectModel.ReadOnlyCollection`1[System.String]","System.Collections.Generic.List`1[System.Diagnostics.Eventing.Reader.EventProperty]"
"The Kdc service entered the running state.","7036","0","16384","4","0","0","-9187343239835811840","5015","Service Control Manager","555908d1-a6d7-4695-8e1e-26931d2012f4","System","620","388","ServerDC2.ad.jasonsexperiments.com",,"5/13/2025 9:28:12 PM",,,"System","System.UInt32[]","System.Diagnostics.Eventing.Reader.EventBookmark","Information",,,"System.Collections.ObjectModel.ReadOnlyCollection`1[System.String]","System.Collections.Generic.List`1[System.Diagnostics.Eventing.Reader.EventProperty]"
"The iphlpsvc service entered the running state.","7036","0","16384","4","0","0","-9187343239835811840","5014","Service Control Manager","555908d1-a6d7-4695-8e1e-26931d2012f4","System","620","332","ServerDC2.ad.jasonsexperiments.com",,"5/13/2025 9:28:12 PM",,,"System","System.UInt32[]","System.Diagnostics.Eventing.Reader.EventBookmark","Information",,,"System.Collections.ObjectModel.ReadOnlyCollection`1[System.String]","System.Collections.Generic.List`1[System.Diagnostics.Eventing.Reader.EventProperty]"
"The device driver for the Trusted Platform Module (TPM) encountered a non-recoverable error in the TPM hardware, which prevents TPM services (such as data encryption) from being used. For further help, please contact the computer manufacturer.","15","0",,"2","0","0","-9223372036854775808","5013","TPM","1b6b0772-251b-4d42-917d-faca166bc059","System","4","324","ServerDC2.ad.jasonsexperiments.com","S-1-5-18","5/13/2025 9:28:12 PM",,,"System","System.UInt32[]","System.Diagnostics.Eventing.Reader.EventBookmark","Error","Info",,"System.Collections.ObjectModel.ReadOnlyCollection`1[System.String]","System.Collections.Generic.List`1[System.Diagnostics.Eventing.Reader.EventProperty]"
"The FontCache service entered the running state.","7036","0","16384","4","0","0","-9187343239835811840","5012","Service Control Manager","555908d1-a6d7-4695-8e1e-26931d2012f4","System","620","740","ServerDC2.ad.jasonsexperiments.com",,"5/13/2025 9:28:12 PM",,,"System","System.UInt32[]","System.Diagnostics.Eventing.Reader.EventBookmark","Information",,,"System.Collections.ObjectModel.ReadOnlyCollection`1[System.String]","System.Collections.Generic.List`1[System.Diagnostics.Eventing.Reader.EventProperty]"
"The Winmgmt service entered the running state.","7036","0","16384","4","0","0","-9187343239835811840","5011","Service Control Manager","555908d1-a6d7-4695-8e1e-26931d2012f4","System","620","388","ServerDC2.ad.jasonsexperiments.com",,"5/13/2025 9:28:12 PM",,,"System","System.UInt32[]","System.Diagnostics.Eventing.Reader.EventBookmark","Information",,,"System.Collections.ObjectModel.ReadOnlyCollection`1[System.String]","System.Collections.Generic.List`1[System.Diagnostics.Eventing.Reader.EventProperty]"
"The Wcmsvc service entered the running state.","7036","0","16384","4","0","0","-9187343239835811840","5010","Service Control Manager","555908d1-a6d7-4695-8e1e-26931d2012f4","System","620","388","ServerDC2.ad.jasonsexperiments.com",,"5/13/2025 9:28:12 PM",,,"System","System.UInt32[]","System.Diagnostics.Eventing.Reader.EventBookmark","Information",,,"System.Collections.ObjectModel.ReadOnlyCollection`1[System.String]","System.Collections.Generic.List`1[System.Diagnostics.Eventing.Reader.EventProperty]"
"The ShellHWDetection service entered the running state.","7036","0","16384","4","0","0","-9187343239835811840","5009","Service Control Manager","555908d1-a6d7-4695-8e1e-26931d2012f4","System","620","388","ServerDC2.ad.jasonsexperiments.com",,"5/13/2025 9:28:12 PM",,,"System","System.UInt32[]","System.Diagnostics.Eventing.Reader.EventBookmark","Information",,,"System.Collections.ObjectModel.ReadOnlyCollection`1[System.String]","System.Collections.Generic.List`1[System.Diagnostics.Eventing.Reader.EventProperty]"
"Name resolution for the name wpad timed out after none of the configured DNS servers responded.","1014","0",,"3","1014","0","4611686018695823360","5008","Microsoft-Windows-DNS-Client","1c95126e-7eea-49a9-a3fe-a378b03ddb4d","System","1140","1956","ServerDC2.ad.jasonsexperiments.com","S-1-5-20","5/13/2025 9:28:12 PM",,,"System","System.UInt32[]","System.Diagnostics.Eventing.Reader.EventBookmark","Warning","Info",,"System.Collections.ObjectModel.ReadOnlyCollection`1[System.String]","System.Collections.Generic.List`1[System.Diagnostics.Eventing.Reader.EventProperty]"
"The WinHttpAutoProxySvc service entered the running state.","7036","0","16384","4","0","0","-9187343239835811840","5007","Service Control Manager","555908d1-a6d7-4695-8e1e-26931d2012f4","System","620","696","ServerDC2.ad.jasonsexperiments.com",,"5/13/2025 9:28:12 PM",,,"System","System.UInt32[]","System.Diagnostics.Eventing.Reader.EventBookmark","Information",,,"System.Collections.ObjectModel.ReadOnlyCollection`1[System.String]","System.Collections.Generic.List`1[System.Diagnostics.Eventing.Reader.EventProperty]"
"The Schedule service entered the running state.","7036","0","16384","4","0","0","-9187343239835811840","5006","Service Control Manager","555908d1-a6d7-4695-8e1e-26931d2012f4","System","620","696","ServerDC2.ad.jasonsexperiments.com",,"5/13/2025 9:28:12 PM",,,"System","System.UInt32[]","System.Diagnostics.Eventing.Reader.EventBookmark","Information",,,"System.Collections.ObjectModel.ReadOnlyCollection`1[System.String]","System.Collections.Generic.List`1[System.Diagnostics.Eventing.Reader.EventProperty]"
"The BFE service entered the running state.","7036","0","16384","4","0","0","-9187343239835811840","5005","Service Control Manager","555908d1-a6d7-4695-8e1e-26931d2012f4","System","620","332","ServerDC2.ad.jasonsexperiments.com",,"5/13/2025 9:28:12 PM",,,"System","System.UInt32[]","System.Diagnostics.Eventing.Reader.EventBookmark","Information",,,"System.Collections.ObjectModel.ReadOnlyCollection`1[System.String]","System.Collections.Generic.List`1[System.Diagnostics.Eventing.Reader.EventProperty]"
"The SENS service entered the running state.","7036","0","16384","4","0","0","-9187343239835811840","5004","Service Control Manager","555908d1-a6d7-4695-8e1e-26931d2012f4","System","620","332","ServerDC2.ad.jasonsexperiments.com",,"5/13/2025 9:28:12 PM",,,"System","System.UInt32[]","System.Diagnostics.Eventing.Reader.EventBookmark","Information",,,"System.Collections.ObjectModel.ReadOnlyCollection`1[System.String]","System.Collections.Generic.List`1[System.Diagnostics.Eventing.Reader.EventProperty]"
"The ProfSvc service entered the running state.","7036","0","16384","4","0","0","-9187343239835811840","5003","Service Control Manager","555908d1-a6d7-4695-8e1e-26931d2012f4","System","620","332","ServerDC2.ad.jasonsexperiments.com",,"5/13/2025 9:28:12 PM",,,"System","System.UInt32[]","System.Diagnostics.Eventing.Reader.EventBookmark","Information",,,"System.Collections.ObjectModel.ReadOnlyCollection`1[System.String]","System.Collections.Generic.List`1[System.Diagnostics.Eventing.Reader.EventProperty]"
"The TrustedInstaller service entered the running state.","7036","0","16384","4","0","0","-9187343239835811840","5002","Service Control Manager","555908d1-a6d7-4695-8e1e-26931d2012f4","System","620","332","ServerDC2.ad.jasonsexperiments.com",,"5/13/2025 9:28:12 PM",,,"System","System.UInt32[]","System.Diagnostics.Eventing.Reader.EventBookmark","Information",,,"System.Collections.ObjectModel.ReadOnlyCollection`1[System.String]","System.Collections.Generic.List`1[System.Diagnostics.Eventing.Reader.EventProperty]"
"The NcbService service entered the running state.","7036","0","16384","4","0","0","-9187343239835811840","5001","Service Control Manager","555908d1-a6d7-4695-8e1e-26931d2012f4","System","620","696","ServerDC2.ad.jasonsexperiments.com",,"5/13/2025 9:28:12 PM",,,"System","System.UInt32[]","System.Diagnostics.Eventing.Reader.EventBookmark","Information",,,"System.Collections.ObjectModel.ReadOnlyCollection`1[System.String]","System.Collections.Generic.List`1[System.Diagnostics.Eventing.Reader.EventProperty]"
"The DsmSvc service entered the running state.","7036","0","16384","4","0","0","-9187343239835811840","5000","Service Control Manager","555908d1-a6d7-4695-8e1e-26931d2012f4","System","620","332","ServerDC2.ad.jasonsexperiments.com",,"5/13/2025 9:28:11 PM",,,"System","System.UInt32[]","System.Diagnostics.Eventing.Reader.EventBookmark","Information",,,"System.Collections.ObjectModel.ReadOnlyCollection`1[System.String]","System.Collections.Generic.List`1[System.Diagnostics.Eventing.Reader.EventProperty]"
"The EventSystem service entered the running state.","7036","0","16384","4","0","0","-9187343239835811840","4999","Service Control Manager","555908d1-a6d7-4695-8e1e-26931d2012f4","System","620","732","ServerDC2.ad.jasonsexperiments.com",,"5/13/2025 9:28:11 PM",,,"System","System.UInt32[]","System.Diagnostics.Eventing.Reader.EventBookmark","Information",,,"System.Collections.ObjectModel.ReadOnlyCollection`1[System.String]","System.Collections.Generic.List`1[System.Diagnostics.Eventing.Reader.EventProperty]"
"The netprofm service entered the running state.","7036","0","16384","4","0","0","-9187343239835811840","4998","Service Control Manager","555908d1-a6d7-4695-8e1e-26931d2012f4","System","620","84","ServerDC2.ad.jasonsexperiments.com",,"5/13/2025 9:28:11 PM",,,"System","System.UInt32[]","System.Diagnostics.Eventing.Reader.EventBookmark","Information",,,"System.Collections.ObjectModel.ReadOnlyCollection`1[System.String]","System.Collections.Generic.List`1[System.Diagnostics.Eventing.Reader.EventProperty]"
"The Themes service entered the running state.","7036","0","16384","4","0","0","-9187343239835811840","4997","Service Control Manager","555908d1-a6d7-4695-8e1e-26931d2012f4","System","620","332","ServerDC2.ad.jasonsexperiments.com",,"5/13/2025 9:28:11 PM",,,"System","System.UInt32[]","System.Diagnostics.Eventing.Reader.EventBookmark","Information",,,"System.Collections.ObjectModel.ReadOnlyCollection`1[System.String]","System.Collections.Generic.List`1[System.Diagnostics.Eventing.Reader.EventProperty]"
"The device driver for the Trusted Platform Module (TPM) encountered a non-recoverable error in the TPM hardware, which prevents TPM services (such as data encryption) from being used. For further help, please contact the computer manufacturer.","15","0",,"2","0","0","-9223372036854775808","4996","TPM","1b6b0772-251b-4d42-917d-faca166bc059","System","4","324","ServerDC2.ad.jasonsexperiments.com","S-1-5-18","5/13/2025 9:28:11 PM",,,"System","System.UInt32[]","System.Diagnostics.Eventing.Reader.EventBookmark","Error","Info",,"System.Collections.ObjectModel.ReadOnlyCollection`1[System.String]","System.Collections.Generic.List`1[System.Diagnostics.Eventing.Reader.EventProperty]"
"The gpsvc service entered the running state.","7036","0","16384","4","0","0","-9187343239835811840","4995","Service Control Manager","555908d1-a6d7-4695-8e1e-26931d2012f4","System","620","332","ServerDC2.ad.jasonsexperiments.com",,"5/13/2025 9:28:11 PM",,,"System","System.UInt32[]","System.Diagnostics.Eventing.Reader.EventBookmark","Information",,,"System.Collections.ObjectModel.ReadOnlyCollection`1[System.String]","System.Collections.Generic.List`1[System.Diagnostics.Eventing.Reader.EventProperty]"
"Name resolution for the name _ldap._tcp.dc._msdcs.ad.jasonsexperiments.com. timed out after none of the configured DNS servers responded.","1014","0",,"3","1014","0","4611686018695823360","4994","Microsoft-Windows-DNS-Client","1c95126e-7eea-49a9-a3fe-a378b03ddb4d","System","1140","1440","ServerDC2.ad.jasonsexperiments.com","S-1-5-20","5/13/2025 9:28:11 PM",,,"System","System.UInt32[]","System.Diagnostics.Eventing.Reader.EventBookmark","Warning","Info",,"System.Collections.ObjectModel.ReadOnlyCollection`1[System.String]","System.Collections.Generic.List`1[System.Diagnostics.Eventing.Reader.EventProperty]"
"The VBoxService service entered the running state.","7036","0","16384","4","0","0","-9187343239835811840","4993","Service Control Manager","555908d1-a6d7-4695-8e1e-26931d2012f4","System","620","84","ServerDC2.ad.jasonsexperiments.com",,"5/13/2025 9:28:11 PM",,,"System","System.UInt32[]","System.Diagnostics.Eventing.Reader.EventBookmark","Information",,,"System.Collections.ObjectModel.ReadOnlyCollection`1[System.String]","System.Collections.Generic.List`1[System.Diagnostics.Eventing.Reader.EventProperty]"
"The NlaSvc service entered the running state.","7036","0","16384","4","0","0","-9187343239835811840","4992","Service Control Manager","555908d1-a6d7-4695-8e1e-26931d2012f4","System","620","740","ServerDC2.ad.jasonsexperiments.com",,"5/13/2025 9:28:11 PM",,,"System","System.UInt32[]","System.Diagnostics.Eventing.Reader.EventBookmark","Information",,,"System.Collections.ObjectModel.ReadOnlyCollection`1[System.String]","System.Collections.Generic.List`1[System.Diagnostics.Eventing.Reader.EventProperty]"
"The WPDBusEnum service entered the running state.","7036","0","16384","4","0","0","-9187343239835811840","4991","Service Control Manager","555908d1-a6d7-4695-8e1e-26931d2012f4","System","620","732","ServerDC2.ad.jasonsexperiments.com",,"5/13/2025 9:28:11 PM",,,"System","System.UInt32[]","System.Diagnostics.Eventing.Reader.EventBookmark","Information",,,"System.Collections.ObjectModel.ReadOnlyCollection`1[System.String]","System.Collections.Generic.List`1[System.Diagnostics.Eventing.Reader.EventProperty]"
"The NTDS service entered the running state.","7036","0","16384","4","0","0","-9187343239835811840","4990","Service Control Manager","555908d1-a6d7-4695-8e1e-26931d2012f4","System","620","732","ServerDC2.ad.jasonsexperiments.com",,"5/13/2025 9:28:11 PM",,,"System","System.UInt32[]","System.Diagnostics.Eventing.Reader.EventBookmark","Information",,,"System.Collections.ObjectModel.ReadOnlyCollection`1[System.String]","System.Collections.Generic.List`1[System.Diagnostics.Eventing.Reader.EventProperty]"
"File System Filter 'storqosflt' (10.0, ?2004?-?08?-?10T11:55:11.000000000Z) has successfully loaded and registered with Filter Manager.","6","0",,"4","0","0","-9223372036854775808","4989","Microsoft-Windows-FilterManager","f3c5e28e-63f6-49c7-a204-e48a1bc4b09d","System","4","32","ServerDC2.ad.jasonsexperiments.com","S-1-5-18","5/13/2025 9:28:11 PM",,,"System","System.UInt32[]","System.Diagnostics.Eventing.Reader.EventBookmark","Information","Info",,"System.Collections.ObjectModel.ReadOnlyCollection`1[System.String]","System.Collections.Generic.List`1[System.Diagnostics.Eventing.Reader.EventProperty]"
"File System Filter 'CldFlt' (10.0, ?2088?-?09?-?21T13:25:04.000000000Z) has successfully loaded and registered with Filter Manager.","6","0",,"4","0","0","-9223372036854775808","4988","Microsoft-Windows-FilterManager","f3c5e28e-63f6-49c7-a204-e48a1bc4b09d","System","4","32","ServerDC2.ad.jasonsexperiments.com","S-1-5-18","5/13/2025 9:28:11 PM",,,"System","System.UInt32[]","System.Diagnostics.Eventing.Reader.EventBookmark","Information","Info",,"System.Collections.ObjectModel.ReadOnlyCollection`1[System.String]","System.Collections.Generic.List`1[System.Diagnostics.Eventing.Reader.EventProperty]"
"File System Filter 'CldFlt' (Version 10.0, ?2088?-?09?-?21T13:25:04.000000000Z) unloaded successfully.","1","0",,"4","0","0","-9223372036854775808","4987","Microsoft-Windows-FilterManager","f3c5e28e-63f6-49c7-a204-e48a1bc4b09d","System","4","32","ServerDC2.ad.jasonsexperiments.com","S-1-5-18","5/13/2025 9:28:11 PM",,,"System","System.UInt32[]","System.Diagnostics.Eventing.Reader.EventBookmark","Information","Info",,"System.Collections.ObjectModel.ReadOnlyCollection`1[System.String]","System.Collections.Generic.List`1[System.Diagnostics.Eventing.Reader.EventProperty]"
"File System Filter 'CldFlt' (10.0, ?2088?-?09?-?21T13:25:04.000000000Z) has successfully loaded and registered with Filter Manager.","6","0",,"4","0","0","-9223372036854775808","4986","Microsoft-Windows-FilterManager","f3c5e28e-63f6-49c7-a204-e48a1bc4b09d","System","4","32","ServerDC2.ad.jasonsexperiments.com","S-1-5-18","5/13/2025 9:28:11 PM",,,"System","System.UInt32[]","System.Diagnostics.Eventing.Reader.EventBookmark","Information","Info",,"System.Collections.ObjectModel.ReadOnlyCollection`1[System.String]","System.Collections.Generic.List`1[System.Diagnostics.Eventing.Reader.EventProperty]"
"The Dnscache service entered the running state.","7036","0","16384","4","0","0","-9187343239835811840","4985","Service Control Manager","555908d1-a6d7-4695-8e1e-26931d2012f4","System","620","332","ServerDC2.ad.jasonsexperiments.com",,"5/13/2025 9:28:11 PM",,,"System","System.UInt32[]","System.Diagnostics.Eventing.Reader.EventBookmark","Information",,,"System.Collections.ObjectModel.ReadOnlyCollection`1[System.String]","System.Collections.Generic.List`1[System.Diagnostics.Eventing.Reader.EventProperty]"
"File System Filter 'luafv' (10.0, ?2083?-?07?-?27T15:34:58.000000000Z) has successfully loaded and registered with Filter Manager.","6","0",,"4","0","0","-9223372036854775808","4984","Microsoft-Windows-FilterManager","f3c5e28e-63f6-49c7-a204-e48a1bc4b09d","System","4","32","ServerDC2.ad.jasonsexperiments.com","S-1-5-18","5/13/2025 9:28:11 PM",,,"System","System.UInt32[]","System.Diagnostics.Eventing.Reader.EventBookmark","Information","Info",,"System.Collections.ObjectModel.ReadOnlyCollection`1[System.String]","System.Collections.Generic.List`1[System.Diagnostics.Eventing.Reader.EventProperty]"
"The EventLog service entered the running state.","7036","0","16384","4","0","0","-9187343239835811840","4983","Service Control Manager","555908d1-a6d7-4695-8e1e-26931d2012f4","System","620","388","ServerDC2.ad.jasonsexperiments.com",,"5/13/2025 9:28:11 PM",,,"System","System.UInt32[]","System.Diagnostics.Eventing.Reader.EventBookmark","Information",,,"System.Collections.ObjectModel.ReadOnlyCollection`1[System.String]","System.Collections.Generic.List`1[System.Diagnostics.Eventing.Reader.EventProperty]"
"File System Filter 'wcifs' (10.0, ?1979?-?05?-?17T09:12:11.000000000Z) has successfully loaded and registered with Filter Manager.","6","0",,"4","0","0","-9223372036854775808","4982","Microsoft-Windows-FilterManager","f3c5e28e-63f6-49c7-a204-e48a1bc4b09d","System","4","256","ServerDC2.ad.jasonsexperiments.com","S-1-5-18","5/13/2025 9:28:11 PM",,,"System","System.UInt32[]","System.Diagnostics.Eventing.Reader.EventBookmark","Information","Info",,"System.Collections.ObjectModel.ReadOnlyCollection`1[System.String]","System.Collections.Generic.List`1[System.Diagnostics.Eventing.Reader.EventProperty]"
"The Dhcp service entered the running state.","7036","0","16384","4","0","0","-9187343239835811840","4981","Service Control Manager","555908d1-a6d7-4695-8e1e-26931d2012f4","System","620","388","ServerDC2.ad.jasonsexperiments.com",,"5/13/2025 9:28:11 PM",,,"System","System.UInt32[]","System.Diagnostics.Eventing.Reader.EventBookmark","Information",,,"System.Collections.ObjectModel.ReadOnlyCollection`1[System.String]","System.Collections.Generic.List`1[System.Diagnostics.Eventing.Reader.EventProperty]"
"DHCPv6 client service is started","51046","0",,"4","4","62","2305843009213693952","4980","Microsoft-Windows-DHCPv6-Client","6a1f2b00-6a90-4c38-95a5-5cab3b056778","System","1100","1236","ServerDC2.ad.jasonsexperiments.com","S-1-5-19","5/13/2025 9:28:11 PM",,,"System","System.UInt32[]","System.Diagnostics.Eventing.Reader.EventBookmark","Information","ServiceStart","Service State Event","System.Collections.ObjectModel.ReadOnlyCollection`1[System.String]","System.Collections.Generic.List`1[System.Diagnostics.Eventing.Reader.EventProperty]"
"DHCPv4 client registered for shutdown notification","50103","0",,"4","4","129","2305843009213693952","4979","Microsoft-Windows-Dhcp-Client","15a7a4f8-0072-4eab-abad-f98a4d666aed","System","1100","1132","ServerDC2.ad.jasonsexperiments.com","S-1-5-19","5/13/2025 9:28:11 PM",,,"System","System.UInt32[]","System.Diagnostics.Eventing.Reader.EventBookmark","Information","ServiceShutdown","Service State Event","System.Collections.ObjectModel.ReadOnlyCollection`1[System.String]","System.Collections.Generic.List`1[System.Diagnostics.Eventing.Reader.EventProperty]"
"DHCPv4 client service is started","50036","0",,"4","4","68","2305843009213693952","4978","Microsoft-Windows-Dhcp-Client","15a7a4f8-0072-4eab-abad-f98a4d666aed","System","1100","1132","ServerDC2.ad.jasonsexperiments.com","S-1-5-19","5/13/2025 9:28:11 PM",,,"System","System.UInt32[]","System.Diagnostics.Eventing.Reader.EventBookmark","Information","ServiceStart","Service State Event","System.Collections.ObjectModel.ReadOnlyCollection`1[System.String]","System.Collections.Generic.List`1[System.Diagnostics.Eventing.Reader.EventProperty]"
"The TimeBrokerSvc service entered the running state.","7036","0","16384","4","0","0","-9187343239835811840","4977","Service Control Manager","555908d1-a6d7-4695-8e1e-26931d2012f4","System","620","732","ServerDC2.ad.jasonsexperiments.com",,"5/13/2025 9:28:11 PM",,,"System","System.UInt32[]","System.Diagnostics.Eventing.Reader.EventBookmark","Information",,,"System.Collections.ObjectModel.ReadOnlyCollection`1[System.String]","System.Collections.Generic.List`1[System.Diagnostics.Eventing.Reader.EventProperty]"
"The lmhosts service entered the running state.","7036","0","16384","4","0","0","-9187343239835811840","4976","Service Control Manager","555908d1-a6d7-4695-8e1e-26931d2012f4","System","620","1036","ServerDC2.ad.jasonsexperiments.com",,"5/13/2025 9:28:11 PM",,,"System","System.UInt32[]","System.Diagnostics.Eventing.Reader.EventBookmark","Information",,,"System.Collections.ObjectModel.ReadOnlyCollection`1[System.String]","System.Collections.Generic.List`1[System.Diagnostics.Eventing.Reader.EventProperty]"
"The nsi service entered the running state.","7036","0","16384","4","0","0","-9187343239835811840","4975","Service Control Manager","555908d1-a6d7-4695-8e1e-26931d2012f4","System","620","1032","ServerDC2.ad.jasonsexperiments.com",,"5/13/2025 9:28:11 PM",,,"System","System.UInt32[]","System.Diagnostics.Eventing.Reader.EventBookmark","Information",,,"System.Collections.ObjectModel.ReadOnlyCollection`1[System.String]","System.Collections.Generic.List`1[System.Diagnostics.Eventing.Reader.EventProperty]"
"The SystemEventsBroker service entered the running state.","7036","0","16384","4","0","0","-9187343239835811840","4974","Service Control Manager","555908d1-a6d7-4695-8e1e-26931d2012f4","System","620","740","ServerDC2.ad.jasonsexperiments.com",,"5/13/2025 9:28:11 PM",,,"System","System.UInt32[]","System.Diagnostics.Eventing.Reader.EventBookmark","Information",,,"System.Collections.ObjectModel.ReadOnlyCollection`1[System.String]","System.Collections.Generic.List`1[System.Diagnostics.Eventing.Reader.EventProperty]"
"The BrokerInfrastructure service entered the running state.","7036","0","16384","4","0","0","-9187343239835811840","4973","Service Control Manager","555908d1-a6d7-4695-8e1e-26931d2012f4","System","620","740","ServerDC2.ad.jasonsexperiments.com",,"5/13/2025 9:28:11 PM",,,"System","System.UInt32[]","System.Diagnostics.Eventing.Reader.EventBookmark","Information",,,"System.Collections.ObjectModel.ReadOnlyCollection`1[System.String]","System.Collections.Generic.List`1[System.Diagnostics.Eventing.Reader.EventProperty]"
"The device driver for the Trusted Platform Module (TPM) encountered a non-recoverable error in the TPM hardware, which prevents TPM services (such as data encryption) from being used. For further help, please contact the computer manufacturer.","15","0",,"2","0","0","-9223372036854775808","4972","TPM","1b6b0772-251b-4d42-917d-faca166bc059","System","4","324","ServerDC2.ad.jasonsexperiments.com","S-1-5-18","5/13/2025 9:28:11 PM",,,"System","System.UInt32[]","System.Diagnostics.Eventing.Reader.EventBookmark","Error","Info",,"System.Collections.ObjectModel.ReadOnlyCollection`1[System.String]","System.Collections.Generic.List`1[System.Diagnostics.Eventing.Reader.EventProperty]"
"The LSM service entered the running state.","7036","0","16384","4","0","0","-9187343239835811840","4971","Service Control Manager","555908d1-a6d7-4695-8e1e-26931d2012f4","System","620","740","ServerDC2.ad.jasonsexperiments.com",,"5/13/2025 9:28:11 PM",,,"System","System.UInt32[]","System.Diagnostics.Eventing.Reader.EventBookmark","Information",,,"System.Collections.ObjectModel.ReadOnlyCollection`1[System.String]","System.Collections.Generic.List`1[System.Diagnostics.Eventing.Reader.EventProperty]"
"The RpcSs service entered the running state.","7036","0","16384","4","0","0","-9187343239835811840","4970","Service Control Manager","555908d1-a6d7-4695-8e1e-26931d2012f4","System","620","696","ServerDC2.ad.jasonsexperiments.com",,"5/13/2025 9:28:11 PM",,,"System","System.UInt32[]","System.Diagnostics.Eventing.Reader.EventBookmark","Information",,,"System.Collections.ObjectModel.ReadOnlyCollection`1[System.String]","System.Collections.Generic.List`1[System.Diagnostics.Eventing.Reader.EventProperty]"
"The RpcEptMapper service entered the running state.","7036","0","16384","4","0","0","-9187343239835811840","4969","Service Control Manager","555908d1-a6d7-4695-8e1e-26931d2012f4","System","620","696","ServerDC2.ad.jasonsexperiments.com",,"5/13/2025 9:28:11 PM",,,"System","System.UInt32[]","System.Diagnostics.Eventing.Reader.EventBookmark","Information",,,"System.Collections.ObjectModel.ReadOnlyCollection`1[System.String]","System.Collections.Generic.List`1[System.Diagnostics.Eventing.Reader.EventProperty]"
"The DcomLaunch service entered the running state.","7036","0","16384","4","0","0","-9187343239835811840","4968","Service Control Manager","555908d1-a6d7-4695-8e1e-26931d2012f4","System","620","696","ServerDC2.ad.jasonsexperiments.com",,"5/13/2025 9:28:11 PM",,,"System","System.UInt32[]","System.Diagnostics.Eventing.Reader.EventBookmark","Information",,,"System.Collections.ObjectModel.ReadOnlyCollection`1[System.String]","System.Collections.Generic.List`1[System.Diagnostics.Eventing.Reader.EventProperty]"
"The Power service entered the running state.","7036","0","16384","4","0","0","-9187343239835811840","4967","Service Control Manager","555908d1-a6d7-4695-8e1e-26931d2012f4","System","620","696","ServerDC2.ad.jasonsexperiments.com",,"5/13/2025 9:28:11 PM",,,"System","System.UInt32[]","System.Diagnostics.Eventing.Reader.EventBookmark","Information",,,"System.Collections.ObjectModel.ReadOnlyCollection`1[System.String]","System.Collections.Generic.List`1[System.Diagnostics.Eventing.Reader.EventProperty]"
"The PlugPlay service entered the running state.","7036","0","16384","4","0","0","-9187343239835811840","4966","Service Control Manager","555908d1-a6d7-4695-8e1e-26931d2012f4","System","620","696","ServerDC2.ad.jasonsexperiments.com",,"5/13/2025 9:28:11 PM",,,"System","System.UInt32[]","System.Diagnostics.Eventing.Reader.EventBookmark","Information",,,"System.Collections.ObjectModel.ReadOnlyCollection`1[System.String]","System.Collections.Generic.List`1[System.Diagnostics.Eventing.Reader.EventProperty]"
"The security account manager successfully initialized the Local Administrator Password Solution (LAPS) extension dll.
","16993","0",,"4","0","0","-9223372036854775808","4965","Microsoft-Windows-Directory-Services-SAM","0d4fdc09-8c27-494a-bda0-505e4fd8adae","System","628","632","ServerDC2.ad.jasonsexperiments.com","S-1-5-18","5/13/2025 9:28:11 PM",,,"System","System.UInt32[]","System.Diagnostics.Eventing.Reader.EventBookmark","Information","Info",,"System.Collections.ObjectModel.ReadOnlyCollection`1[System.String]","System.Collections.Generic.List`1[System.Diagnostics.Eventing.Reader.EventProperty]"
"The security account manager is now logging periodic summary events for remote clients that call legacy password change or set RPC methods.

For more information please see https://go.microsoft.com/fwlink/?linkid=2150956.
","16983","0",,"4","0","0","-9223372036854775808","4964","Microsoft-Windows-Directory-Services-SAM","0d4fdc09-8c27-494a-bda0-505e4fd8adae","System","628","632","ServerDC2.ad.jasonsexperiments.com","S-1-5-18","5/13/2025 9:28:10 PM",,,"System","System.UInt32[]","System.Diagnostics.Eventing.Reader.EventBookmark","Information","Info",,"System.Collections.ObjectModel.ReadOnlyCollection`1[System.String]","System.Collections.Generic.List`1[System.Diagnostics.Eventing.Reader.EventProperty]"
"The domain is configured with the following minimum password length-related settings.

MinimumPasswordLength: 7

MinimumPasswordLengthAudit: -1

For more information see https://go.microsoft.com/fwlink/?LinkId=2097191.
","16977","0",,"4","0","0","-9223372036854775808","4963","Microsoft-Windows-Directory-Services-SAM","0d4fdc09-8c27-494a-bda0-505e4fd8adae","System","628","632","ServerDC2.ad.jasonsexperiments.com","S-1-5-18","5/13/2025 9:28:10 PM",,,"System","System.UInt32[]","System.Diagnostics.Eventing.Reader.EventBookmark","Information","Info",,"System.Collections.ObjectModel.ReadOnlyCollection`1[System.String]","System.Collections.Generic.List`1[System.Diagnostics.Eventing.Reader.EventProperty]"
"The domain is configured with the following minimum password length-related settings.

MinimumPasswordLength: 7

MinimumPasswordLengthAudit: 0

