"The WinRM service entered the running state.","7036","0","16384","4","0","0","-9187343239835811840","5371","Service Control Manager","555908d1-a6d7-4695-8e1e-26931d2012f4","System","628","1084","ServerDC2.ad.jasonsexperiments.com",,"5/24/2025 10:28:10 AM",,,"System","System.UInt32[]","System.Diagnostics.Eventing.Reader.EventBookmark","Information",,,"System.Collections.ObjectModel.ReadOnlyCollection`1[System.String]","System.Collections.Generic.List`1[System.Diagnostics.Eventing.Reader.EventProperty]"
"The WpnService service entered the running state.","7036","0","16384","4","0","0","-9187343239835811840","5370","Service Control Manager","555908d1-a6d7-4695-8e1e-26931d2012f4","System","628","780","ServerDC2.ad.jasonsexperiments.com",,"5/24/2025 10:28:10 AM",,,"System","System.UInt32[]","System.Diagnostics.Eventing.Reader.EventBookmark","Information",,,"System.Collections.ObjectModel.ReadOnlyCollection`1[System.String]","System.Collections.Generic.List`1[System.Diagnostics.Eventing.Reader.EventProperty]"
"The SstpSvc service entered the running state.","7036","0","16384","4","0","0","-9187343239835811840","5369","Service Control Manager","555908d1-a6d7-4695-8e1e-26931d2012f4","System","628","1084","ServerDC2.ad.jasonsexperiments.com",,"5/24/2025 10:28:10 AM",,,"System","System.UInt32[]","System.Diagnostics.Eventing.Reader.EventBookmark","Information",,,"System.Collections.ObjectModel.ReadOnlyCollection`1[System.String]","System.Collections.Generic.List`1[System.Diagnostics.Eventing.Reader.EventProperty]"
"The Dfs service entered the running state.","7036","0","16384","4","0","0","-9187343239835811840","5368","Service Control Manager","555908d1-a6d7-4695-8e1e-26931d2012f4","System","628","780","ServerDC2.ad.jasonsexperiments.com",,"5/24/2025 10:28:10 AM",,,"System","System.UInt32[]","System.Diagnostics.Eventing.Reader.EventBookmark","Information",,,"System.Collections.ObjectModel.ReadOnlyCollection`1[System.String]","System.Collections.Generic.List`1[System.Diagnostics.Eventing.Reader.EventProperty]"
"The SysMain service entered the running state.","7036","0","16384","4","0","0","-9187343239835811840","5367","Service Control Manager","555908d1-a6d7-4695-8e1e-26931d2012f4","System","628","1084","ServerDC2.ad.jasonsexperiments.com",,"5/24/2025 10:28:10 AM",,,"System","System.UInt32[]","System.Diagnostics.Eventing.Reader.EventBookmark","Information",,,"System.Collections.ObjectModel.ReadOnlyCollection`1[System.String]","System.Collections.Generic.List`1[System.Diagnostics.Eventing.Reader.EventProperty]"
"The IsmServ service entered the running state.","7036","0","16384","4","0","0","-9187343239835811840","5366","Service Control Manager","555908d1-a6d7-4695-8e1e-26931d2012f4","System","628","968","ServerDC2.ad.jasonsexperiments.com",,"5/24/2025 10:28:10 AM",,,"System","System.UInt32[]","System.Diagnostics.Eventing.Reader.EventBookmark","Information",,,"System.Collections.ObjectModel.ReadOnlyCollection`1[System.String]","System.Collections.Generic.List`1[System.Diagnostics.Eventing.Reader.EventProperty]"
"The DFSR service entered the running state.","7036","0","16384","4","0","0","-9187343239835811840","5365","Service Control Manager","555908d1-a6d7-4695-8e1e-26931d2012f4","System","628","968","ServerDC2.ad.jasonsexperiments.com",,"5/24/2025 10:28:10 AM",,,"System","System.UInt32[]","System.Diagnostics.Eventing.Reader.EventBookmark","Information",,,"System.Collections.ObjectModel.ReadOnlyCollection`1[System.String]","System.Collections.Generic.List`1[System.Diagnostics.Eventing.Reader.EventProperty]"
"The CoreMessagingRegistrar service entered the running state.","7036","0","16384","4","0","0","-9187343239835811840","5364","Service Control Manager","555908d1-a6d7-4695-8e1e-26931d2012f4","System","628","700","ServerDC2.ad.jasonsexperiments.com",,"5/24/2025 10:28:10 AM",,,"System","System.UInt32[]","System.Diagnostics.Eventing.Reader.EventBookmark","Information",,,"System.Collections.ObjectModel.ReadOnlyCollection`1[System.String]","System.Collections.Generic.List`1[System.Diagnostics.Eventing.Reader.EventProperty]"
"The CryptSvc service entered the running state.","7036","0","16384","4","0","0","-9187343239835811840","5363","Service Control Manager","555908d1-a6d7-4695-8e1e-26931d2012f4","System","628","332","ServerDC2.ad.jasonsexperiments.com",,"5/24/2025 10:28:10 AM",,,"System","System.UInt32[]","System.Diagnostics.Eventing.Reader.EventBookmark","Information",,,"System.Collections.ObjectModel.ReadOnlyCollection`1[System.String]","System.Collections.Generic.List`1[System.Diagnostics.Eventing.Reader.EventProperty]"
"The RemoteRegistry service entered the running state.","7036","0","16384","4","0","0","-9187343239835811840","5362","Service Control Manager","555908d1-a6d7-4695-8e1e-26931d2012f4","System","628","740","ServerDC2.ad.jasonsexperiments.com",,"5/24/2025 10:28:10 AM",,,"System","System.UInt32[]","System.Diagnostics.Eventing.Reader.EventBookmark","Information",,,"System.Collections.ObjectModel.ReadOnlyCollection`1[System.String]","System.Collections.Generic.List`1[System.Diagnostics.Eventing.Reader.EventProperty]"
"The EFS service entered the running state.","7036","0","16384","4","0","0","-9187343239835811840","5361","Service Control Manager","555908d1-a6d7-4695-8e1e-26931d2012f4","System","628","332","ServerDC2.ad.jasonsexperiments.com",,"5/24/2025 10:28:10 AM",,,"System","System.UInt32[]","System.Diagnostics.Eventing.Reader.EventBookmark","Information",,,"System.Collections.ObjectModel.ReadOnlyCollection`1[System.String]","System.Collections.Generic.List`1[System.Diagnostics.Eventing.Reader.EventProperty]"
"The mimidrv service failed to start due to the following error: 
A certificate was explicitly revoked by its issuer.","7000","0","49152","2","0","0","-9187343239835811840","5360","Service Control Manager","555908d1-a6d7-4695-8e1e-26931d2012f4","System","628","2724","ServerDC2.ad.jasonsexperiments.com",,"5/24/2025 10:28:10 AM",,,"System","System.UInt32[]","System.Diagnostics.Eventing.Reader.EventBookmark","Error",,,"System.Collections.ObjectModel.ReadOnlyCollection`1[System.String]","System.Collections.Generic.List`1[System.Diagnostics.Eventing.Reader.EventProperty]"
,"26","0","16384","4","0","0","36028797018963968","5359","Application Popup","47bfa2b7-bd54-4fac-b70b-29021084ca8f","System","4","228","ServerDC2.ad.jasonsexperiments.com",,"5/24/2025 10:28:10 AM",,,"System","System.UInt32[]","System.Diagnostics.Eventing.Reader.EventBookmark","Information",,,"System.Collections.ObjectModel.ReadOnlyCollection`1[System.String]","System.Collections.Generic.List`1[System.Diagnostics.Eventing.Reader.EventProperty]"
"The Spooler service entered the running state.","7036","0","16384","4","0","0","-9187343239835811840","5358","Service Control Manager","555908d1-a6d7-4695-8e1e-26931d2012f4","System","628","476","ServerDC2.ad.jasonsexperiments.com",,"5/24/2025 10:28:10 AM",,,"System","System.UInt32[]","System.Diagnostics.Eventing.Reader.EventBookmark","Information",,,"System.Collections.ObjectModel.ReadOnlyCollection`1[System.String]","System.Collections.Generic.List`1[System.Diagnostics.Eventing.Reader.EventProperty]"
"The Netlogon service entered the running state.","7036","0","16384","4","0","0","-9187343239835811840","5357","Service Control Manager","555908d1-a6d7-4695-8e1e-26931d2012f4","System","628","332","ServerDC2.ad.jasonsexperiments.com",,"5/24/2025 10:28:09 AM",,,"System","System.UInt32[]","System.Diagnostics.Eventing.Reader.EventBookmark","Information",,,"System.Collections.ObjectModel.ReadOnlyCollection`1[System.String]","System.Collections.Generic.List`1[System.Diagnostics.Eventing.Reader.EventProperty]"
"The WinRM service is listening for WS-Management requests. 

 User Action 
 Use the following command to see the specific IPs on which WinRM is listening: 

 winrm enumerate winrm/config/listener","10148","0","7","4","0","0","36028797018963968","5356","Microsoft-Windows-WinRM","a7975c8f-ac13-49f1-87da-5a984a4ab417","System","0","0","ServerDC2.ad.jasonsexperiments.com",,"5/24/2025 10:28:10 AM",,,"System","System.UInt32[]","System.Diagnostics.Eventing.Reader.EventBookmark","Information","Info",,"System.Collections.ObjectModel.ReadOnlyCollection`1[System.String]","System.Collections.Generic.List`1[System.Diagnostics.Eventing.Reader.EventProperty]"
"DFS server has finished initializing.","14531","0","16384","4","0","0","36028797018963968","5355","Microsoft-Windows-DfsSvc","7da4fe0e-fd42-4708-9aa5-89b77a224885","System","0","0","ServerDC2.ad.jasonsexperiments.com",,"5/24/2025 10:28:10 AM",,,"System","System.UInt32[]","System.Diagnostics.Eventing.Reader.EventBookmark","Information",,,"System.Collections.ObjectModel.ReadOnlyCollection`1[System.String]","System.Collections.Generic.List`1[System.Diagnostics.Eventing.Reader.EventProperty]"
"DFS has finished building all namespaces.","14533","0","16384","4","0","0","36028797018963968","5354","Microsoft-Windows-DfsSvc","7da4fe0e-fd42-4708-9aa5-89b77a224885","System","0","0","ServerDC2.ad.jasonsexperiments.com",,"5/24/2025 10:28:10 AM",,,"System","System.UInt32[]","System.Diagnostics.Eventing.Reader.EventBookmark","Information",,,"System.Collections.ObjectModel.ReadOnlyCollection`1[System.String]","System.Collections.Generic.List`1[System.Diagnostics.Eventing.Reader.EventProperty]"
"The Netlogon service was able to bind to a TCP/IP port with the configured backlog size of 10.","5836",,"0","4","0",,"36028797018963968","5353","NETLOGON",,"System",,,"ServerDC2.ad.jasonsexperiments.com",,"5/24/2025 10:28:09 AM",,,"System","System.UInt32[]","System.Diagnostics.Eventing.Reader.EventBookmark","Information","Info",,"System.Collections.ObjectModel.ReadOnlyCollection`1[System.String]","System.Collections.Generic.List`1[System.Diagnostics.Eventing.Reader.EventProperty]"
"The LanmanServer service entered the running state.","7036","0","16384","4","0","0","-9187343239835811840","5352","Service Control Manager","555908d1-a6d7-4695-8e1e-26931d2012f4","System","628","332","ServerDC2.ad.jasonsexperiments.com",,"5/24/2025 10:28:00 AM",,,"System","System.UInt32[]","System.Diagnostics.Eventing.Reader.EventBookmark","Information",,,"System.Collections.ObjectModel.ReadOnlyCollection`1[System.String]","System.Collections.Generic.List`1[System.Diagnostics.Eventing.Reader.EventProperty]"
"The SamSs service entered the running state.","7036","0","16384","4","0","0","-9187343239835811840","5351","Service Control Manager","555908d1-a6d7-4695-8e1e-26931d2012f4","System","628","332","ServerDC2.ad.jasonsexperiments.com",,"5/24/2025 10:28:00 AM",,,"System","System.UInt32[]","System.Diagnostics.Eventing.Reader.EventBookmark","Information",,,"System.Collections.ObjectModel.ReadOnlyCollection`1[System.String]","System.Collections.Generic.List`1[System.Diagnostics.Eventing.Reader.EventProperty]"
"Name resolution for the name wpad timed out after none of the configured DNS servers responded.","1014","0",,"3","1014","0","4611686018695823360","5350","Microsoft-Windows-DNS-Client","1c95126e-7eea-49a9-a3fe-a378b03ddb4d","System","1208","1368","ServerDC2.ad.jasonsexperiments.com","S-1-5-20","5/24/2025 10:27:54 AM",,,"System","System.UInt32[]","System.Diagnostics.Eventing.Reader.EventBookmark","Warning","Info",,"System.Collections.ObjectModel.ReadOnlyCollection`1[System.String]","System.Collections.Generic.List`1[System.Diagnostics.Eventing.Reader.EventProperty]"
"The sppsvc service entered the running state.","7036","0","16384","4","0","0","-9187343239835811840","5349","Service Control Manager","555908d1-a6d7-4695-8e1e-26931d2012f4","System","628","476","ServerDC2.ad.jasonsexperiments.com",,"5/24/2025 10:27:53 AM",,,"System","System.UInt32[]","System.Diagnostics.Eventing.Reader.EventBookmark","Information",,,"System.Collections.ObjectModel.ReadOnlyCollection`1[System.String]","System.Collections.Generic.List`1[System.Diagnostics.Eventing.Reader.EventProperty]"
"The device driver for the Trusted Platform Module (TPM) encountered a non-recoverable error in the TPM hardware, which prevents TPM services (such as data encryption) from being used. For further help, please contact the computer manufacturer.","15","0",,"2","0","0","-9223372036854775808","5348","TPM","1b6b0772-251b-4d42-917d-faca166bc059","System","4","324","ServerDC2.ad.jasonsexperiments.com","S-1-5-18","5/24/2025 10:27:51 AM",,,"System","System.UInt32[]","System.Diagnostics.Eventing.Reader.EventBookmark","Error","Info",,"System.Collections.ObjectModel.ReadOnlyCollection`1[System.String]","System.Collections.Generic.List`1[System.Diagnostics.Eventing.Reader.EventProperty]"
"The mpssvc service entered the running state.","7036","0","16384","4","0","0","-9187343239835811840","5347","Service Control Manager","555908d1-a6d7-4695-8e1e-26931d2012f4","System","628","476","ServerDC2.ad.jasonsexperiments.com",,"5/24/2025 10:27:51 AM",,,"System","System.UInt32[]","System.Diagnostics.Eventing.Reader.EventBookmark","Information",,,"System.Collections.ObjectModel.ReadOnlyCollection`1[System.String]","System.Collections.Generic.List`1[System.Diagnostics.Eventing.Reader.EventProperty]"
"The Kdc service entered the running state.","7036","0","16384","4","0","0","-9187343239835811840","5346","Service Control Manager","555908d1-a6d7-4695-8e1e-26931d2012f4","System","628","476","ServerDC2.ad.jasonsexperiments.com",,"5/24/2025 10:27:51 AM",,,"System","System.UInt32[]","System.Diagnostics.Eventing.Reader.EventBookmark","Information",,,"System.Collections.ObjectModel.ReadOnlyCollection`1[System.String]","System.Collections.Generic.List`1[System.Diagnostics.Eventing.Reader.EventProperty]"
"The LanmanWorkstation service entered the running state.","7036","0","16384","4","0","0","-9187343239835811840","5345","Service Control Manager","555908d1-a6d7-4695-8e1e-26931d2012f4","System","628","476","ServerDC2.ad.jasonsexperiments.com",,"5/24/2025 10:27:51 AM",,,"System","System.UInt32[]","System.Diagnostics.Eventing.Reader.EventBookmark","Information",,,"System.Collections.ObjectModel.ReadOnlyCollection`1[System.String]","System.Collections.Generic.List`1[System.Diagnostics.Eventing.Reader.EventProperty]"
"The NcaSvc service entered the stopped state.","7036","0","16384","4","0","0","-9187343239835811840","5344","Service Control Manager","555908d1-a6d7-4695-8e1e-26931d2012f4","System","628","1100","ServerDC2.ad.jasonsexperiments.com",,"5/24/2025 10:27:51 AM",,,"System","System.UInt32[]","System.Diagnostics.Eventing.Reader.EventBookmark","Information",,,"System.Collections.ObjectModel.ReadOnlyCollection`1[System.String]","System.Collections.Generic.List`1[System.Diagnostics.Eventing.Reader.EventProperty]"
"The device driver for the Trusted Platform Module (TPM) encountered a non-recoverable error in the TPM hardware, which prevents TPM services (such as data encryption) from being used. For further help, please contact the computer manufacturer.","15","0",,"2","0","0","-9223372036854775808","5343","TPM","1b6b0772-251b-4d42-917d-faca166bc059","System","4","324","ServerDC2.ad.jasonsexperiments.com","S-1-5-18","5/24/2025 10:27:51 AM",,,"System","System.UInt32[]","System.Diagnostics.Eventing.Reader.EventBookmark","Error","Info",,"System.Collections.ObjectModel.ReadOnlyCollection`1[System.String]","System.Collections.Generic.List`1[System.Diagnostics.Eventing.Reader.EventProperty]"
"The UserManager service entered the running state.","7036","0","16384","4","0","0","-9187343239835811840","5342","Service Control Manager","555908d1-a6d7-4695-8e1e-26931d2012f4","System","628","740","ServerDC2.ad.jasonsexperiments.com",,"5/24/2025 10:27:51 AM",,,"System","System.UInt32[]","System.Diagnostics.Eventing.Reader.EventBookmark","Information",,,"System.Collections.ObjectModel.ReadOnlyCollection`1[System.String]","System.Collections.Generic.List`1[System.Diagnostics.Eventing.Reader.EventProperty]"
"The iphlpsvc service entered the running state.","7036","0","16384","4","0","0","-9187343239835811840","5341","Service Control Manager","555908d1-a6d7-4695-8e1e-26931d2012f4","System","628","1100","ServerDC2.ad.jasonsexperiments.com",,"5/24/2025 10:27:50 AM",,,"System","System.UInt32[]","System.Diagnostics.Eventing.Reader.EventBookmark","Information",,,"System.Collections.ObjectModel.ReadOnlyCollection`1[System.String]","System.Collections.Generic.List`1[System.Diagnostics.Eventing.Reader.EventProperty]"
"The FontCache service entered the running state.","7036","0","16384","4","0","0","-9187343239835811840","5340","Service Control Manager","555908d1-a6d7-4695-8e1e-26931d2012f4","System","628","1100","ServerDC2.ad.jasonsexperiments.com",,"5/24/2025 10:27:50 AM",,,"System","System.UInt32[]","System.Diagnostics.Eventing.Reader.EventBookmark","Information",,,"System.Collections.ObjectModel.ReadOnlyCollection`1[System.String]","System.Collections.Generic.List`1[System.Diagnostics.Eventing.Reader.EventProperty]"
"The Wcmsvc service entered the running state.","7036","0","16384","4","0","0","-9187343239835811840","5339","Service Control Manager","555908d1-a6d7-4695-8e1e-26931d2012f4","System","628","1100","ServerDC2.ad.jasonsexperiments.com",,"5/24/2025 10:27:50 AM",,,"System","System.UInt32[]","System.Diagnostics.Eventing.Reader.EventBookmark","Information",,,"System.Collections.ObjectModel.ReadOnlyCollection`1[System.String]","System.Collections.Generic.List`1[System.Diagnostics.Eventing.Reader.EventProperty]"
"The Winmgmt service entered the running state.","7036","0","16384","4","0","0","-9187343239835811840","5338","Service Control Manager","555908d1-a6d7-4695-8e1e-26931d2012f4","System","628","780","ServerDC2.ad.jasonsexperiments.com",,"5/24/2025 10:27:50 AM",,,"System","System.UInt32[]","System.Diagnostics.Eventing.Reader.EventBookmark","Information",,,"System.Collections.ObjectModel.ReadOnlyCollection`1[System.String]","System.Collections.Generic.List`1[System.Diagnostics.Eventing.Reader.EventProperty]"
"The ShellHWDetection service entered the running state.","7036","0","16384","4","0","0","-9187343239835811840","5337","Service Control Manager","555908d1-a6d7-4695-8e1e-26931d2012f4","System","628","780","ServerDC2.ad.jasonsexperiments.com",,"5/24/2025 10:27:50 AM",,,"System","System.UInt32[]","System.Diagnostics.Eventing.Reader.EventBookmark","Information",,,"System.Collections.ObjectModel.ReadOnlyCollection`1[System.String]","System.Collections.Generic.List`1[System.Diagnostics.Eventing.Reader.EventProperty]"
"Name resolution for the name wpad timed out after none of the configured DNS servers responded.","1014","0",,"3","1014","0","4611686018695823360","5336","Microsoft-Windows-DNS-Client","1c95126e-7eea-49a9-a3fe-a378b03ddb4d","System","1208","1368","ServerDC2.ad.jasonsexperiments.com","S-1-5-20","5/24/2025 10:27:50 AM",,,"System","System.UInt32[]","System.Diagnostics.Eventing.Reader.EventBookmark","Warning","Info",,"System.Collections.ObjectModel.ReadOnlyCollection`1[System.String]","System.Collections.Generic.List`1[System.Diagnostics.Eventing.Reader.EventProperty]"
"The WinHttpAutoProxySvc service entered the running state.","7036","0","16384","4","0","0","-9187343239835811840","5335","Service Control Manager","555908d1-a6d7-4695-8e1e-26931d2012f4","System","628","740","ServerDC2.ad.jasonsexperiments.com",,"5/24/2025 10:27:50 AM",,,"System","System.UInt32[]","System.Diagnostics.Eventing.Reader.EventBookmark","Information",,,"System.Collections.ObjectModel.ReadOnlyCollection`1[System.String]","System.Collections.Generic.List`1[System.Diagnostics.Eventing.Reader.EventProperty]"
"The BFE service entered the running state.","7036","0","16384","4","0","0","-9187343239835811840","5334","Service Control Manager","555908d1-a6d7-4695-8e1e-26931d2012f4","System","628","740","ServerDC2.ad.jasonsexperiments.com",,"5/24/2025 10:27:50 AM",,,"System","System.UInt32[]","System.Diagnostics.Eventing.Reader.EventBookmark","Information",,,"System.Collections.ObjectModel.ReadOnlyCollection`1[System.String]","System.Collections.Generic.List`1[System.Diagnostics.Eventing.Reader.EventProperty]"
"The Schedule service entered the running state.","7036","0","16384","4","0","0","-9187343239835811840","5333","Service Control Manager","555908d1-a6d7-4695-8e1e-26931d2012f4","System","628","1100","ServerDC2.ad.jasonsexperiments.com",,"5/24/2025 10:27:50 AM",,,"System","System.UInt32[]","System.Diagnostics.Eventing.Reader.EventBookmark","Information",,,"System.Collections.ObjectModel.ReadOnlyCollection`1[System.String]","System.Collections.Generic.List`1[System.Diagnostics.Eventing.Reader.EventProperty]"
"The SENS service entered the running state.","7036","0","16384","4","0","0","-9187343239835811840","5332","Service Control Manager","555908d1-a6d7-4695-8e1e-26931d2012f4","System","628","1084","ServerDC2.ad.jasonsexperiments.com",,"5/24/2025 10:27:50 AM",,,"System","System.UInt32[]","System.Diagnostics.Eventing.Reader.EventBookmark","Information",,,"System.Collections.ObjectModel.ReadOnlyCollection`1[System.String]","System.Collections.Generic.List`1[System.Diagnostics.Eventing.Reader.EventProperty]"
"The ProfSvc service entered the running state.","7036","0","16384","4","0","0","-9187343239835811840","5331","Service Control Manager","555908d1-a6d7-4695-8e1e-26931d2012f4","System","628","780","ServerDC2.ad.jasonsexperiments.com",,"5/24/2025 10:27:50 AM",,,"System","System.UInt32[]","System.Diagnostics.Eventing.Reader.EventBookmark","Information",,,"System.Collections.ObjectModel.ReadOnlyCollection`1[System.String]","System.Collections.Generic.List`1[System.Diagnostics.Eventing.Reader.EventProperty]"
"The NcbService service entered the running state.","7036","0","16384","4","0","0","-9187343239835811840","5330","Service Control Manager","555908d1-a6d7-4695-8e1e-26931d2012f4","System","628","780","ServerDC2.ad.jasonsexperiments.com",,"5/24/2025 10:27:50 AM",,,"System","System.UInt32[]","System.Diagnostics.Eventing.Reader.EventBookmark","Information",,,"System.Collections.ObjectModel.ReadOnlyCollection`1[System.String]","System.Collections.Generic.List`1[System.Diagnostics.Eventing.Reader.EventProperty]"
"The EventSystem service entered the running state.","7036","0","16384","4","0","0","-9187343239835811840","5329","Service Control Manager","555908d1-a6d7-4695-8e1e-26931d2012f4","System","628","780","ServerDC2.ad.jasonsexperiments.com",,"5/24/2025 10:27:50 AM",,,"System","System.UInt32[]","System.Diagnostics.Eventing.Reader.EventBookmark","Information",,,"System.Collections.ObjectModel.ReadOnlyCollection`1[System.String]","System.Collections.Generic.List`1[System.Diagnostics.Eventing.Reader.EventProperty]"
"The netprofm service entered the running state.","7036","0","16384","4","0","0","-9187343239835811840","5328","Service Control Manager","555908d1-a6d7-4695-8e1e-26931d2012f4","System","628","780","ServerDC2.ad.jasonsexperiments.com",,"5/24/2025 10:27:50 AM",,,"System","System.UInt32[]","System.Diagnostics.Eventing.Reader.EventBookmark","Information",,,"System.Collections.ObjectModel.ReadOnlyCollection`1[System.String]","System.Collections.Generic.List`1[System.Diagnostics.Eventing.Reader.EventProperty]"
"The DsmSvc service entered the running state.","7036","0","16384","4","0","0","-9187343239835811840","5327","Service Control Manager","555908d1-a6d7-4695-8e1e-26931d2012f4","System","628","780","ServerDC2.ad.jasonsexperiments.com",,"5/24/2025 10:27:50 AM",,,"System","System.UInt32[]","System.Diagnostics.Eventing.Reader.EventBookmark","Information",,,"System.Collections.ObjectModel.ReadOnlyCollection`1[System.String]","System.Collections.Generic.List`1[System.Diagnostics.Eventing.Reader.EventProperty]"
"The Themes service entered the running state.","7036","0","16384","4","0","0","-9187343239835811840","5326","Service Control Manager","555908d1-a6d7-4695-8e1e-26931d2012f4","System","628","780","ServerDC2.ad.jasonsexperiments.com",,"5/24/2025 10:27:50 AM",,,"System","System.UInt32[]","System.Diagnostics.Eventing.Reader.EventBookmark","Information",,,"System.Collections.ObjectModel.ReadOnlyCollection`1[System.String]","System.Collections.Generic.List`1[System.Diagnostics.Eventing.Reader.EventProperty]"
"The device driver for the Trusted Platform Module (TPM) encountered a non-recoverable error in the TPM hardware, which prevents TPM services (such as data encryption) from being used. For further help, please contact the computer manufacturer.","15","0",,"2","0","0","-9223372036854775808","5325","TPM","1b6b0772-251b-4d42-917d-faca166bc059","System","4","324","ServerDC2.ad.jasonsexperiments.com","S-1-5-18","5/24/2025 10:27:50 AM",,,"System","System.UInt32[]","System.Diagnostics.Eventing.Reader.EventBookmark","Error","Info",,"System.Collections.ObjectModel.ReadOnlyCollection`1[System.String]","System.Collections.Generic.List`1[System.Diagnostics.Eventing.Reader.EventProperty]"
"The VBoxService service entered the running state.","7036","0","16384","4","0","0","-9187343239835811840","5324","Service Control Manager","555908d1-a6d7-4695-8e1e-26931d2012f4","System","628","780","ServerDC2.ad.jasonsexperiments.com",,"5/24/2025 10:27:50 AM",,,"System","System.UInt32[]","System.Diagnostics.Eventing.Reader.EventBookmark","Information",,,"System.Collections.ObjectModel.ReadOnlyCollection`1[System.String]","System.Collections.Generic.List`1[System.Diagnostics.Eventing.Reader.EventProperty]"
"Name resolution for the name _ldap._tcp.dc._msdcs.ad.jasonsexperiments.com. timed out after none of the configured DNS servers responded.","1014","0",,"3","1014","0","4611686018695823360","5323","Microsoft-Windows-DNS-Client","1c95126e-7eea-49a9-a3fe-a378b03ddb4d","System","1208","1496","ServerDC2.ad.jasonsexperiments.com","S-1-5-20","5/24/2025 10:27:50 AM",,,"System","System.UInt32[]","System.Diagnostics.Eventing.Reader.EventBookmark","Warning","Info",,"System.Collections.ObjectModel.ReadOnlyCollection`1[System.String]","System.Collections.Generic.List`1[System.Diagnostics.Eventing.Reader.EventProperty]"
"The NlaSvc service entered the running state.","7036","0","16384","4","0","0","-9187343239835811840","5322","Service Control Manager","555908d1-a6d7-4695-8e1e-26931d2012f4","System","628","748","ServerDC2.ad.jasonsexperiments.com",,"5/24/2025 10:27:50 AM",,,"System","System.UInt32[]","System.Diagnostics.Eventing.Reader.EventBookmark","Information",,,"System.Collections.ObjectModel.ReadOnlyCollection`1[System.String]","System.Collections.Generic.List`1[System.Diagnostics.Eventing.Reader.EventProperty]"
"The gpsvc service entered the running state.","7036","0","16384","4","0","0","-9187343239835811840","5321","Service Control Manager","555908d1-a6d7-4695-8e1e-26931d2012f4","System","628","748","ServerDC2.ad.jasonsexperiments.com",,"5/24/2025 10:27:50 AM",,,"System","System.UInt32[]","System.Diagnostics.Eventing.Reader.EventBookmark","Information",,,"System.Collections.ObjectModel.ReadOnlyCollection`1[System.String]","System.Collections.Generic.List`1[System.Diagnostics.Eventing.Reader.EventProperty]"
"The NTDS service entered the running state.","7036","0","16384","4","0","0","-9187343239835811840","5320","Service Control Manager","555908d1-a6d7-4695-8e1e-26931d2012f4","System","628","748","ServerDC2.ad.jasonsexperiments.com",,"5/24/2025 10:27:50 AM",,,"System","System.UInt32[]","System.Diagnostics.Eventing.Reader.EventBookmark","Information",,,"System.Collections.ObjectModel.ReadOnlyCollection`1[System.String]","System.Collections.Generic.List`1[System.Diagnostics.Eventing.Reader.EventProperty]"
"File System Filter 'storqosflt' (10.0, ?2004?-?08?-?10T11:55:11.000000000Z) has successfully loaded and registered with Filter Manager.","6","0",,"4","0","0","-9223372036854775808","5319","Microsoft-Windows-FilterManager","f3c5e28e-63f6-49c7-a204-e48a1bc4b09d","System","4","192","ServerDC2.ad.jasonsexperiments.com","S-1-5-18","5/24/2025 10:27:50 AM",,,"System","System.UInt32[]","System.Diagnostics.Eventing.Reader.EventBookmark","Information","Info",,"System.Collections.ObjectModel.ReadOnlyCollection`1[System.String]","System.Collections.Generic.List`1[System.Diagnostics.Eventing.Reader.EventProperty]"
"File System Filter 'CldFlt' (10.0, ?2088?-?09?-?21T13:25:04.000000000Z) has successfully loaded and registered with Filter Manager.","6","0",,"4","0","0","-9223372036854775808","5318","Microsoft-Windows-FilterManager","f3c5e28e-63f6-49c7-a204-e48a1bc4b09d","System","4","192","ServerDC2.ad.jasonsexperiments.com","S-1-5-18","5/24/2025 10:27:50 AM",,,"System","System.UInt32[]","System.Diagnostics.Eventing.Reader.EventBookmark","Information","Info",,"System.Collections.ObjectModel.ReadOnlyCollection`1[System.String]","System.Collections.Generic.List`1[System.Diagnostics.Eventing.Reader.EventProperty]"
"File System Filter 'CldFlt' (Version 10.0, ?2088?-?09?-?21T13:25:04.000000000Z) unloaded successfully.","1","0",,"4","0","0","-9223372036854775808","5317","Microsoft-Windows-FilterManager","f3c5e28e-63f6-49c7-a204-e48a1bc4b09d","System","4","192","ServerDC2.ad.jasonsexperiments.com","S-1-5-18","5/24/2025 10:27:50 AM",,,"System","System.UInt32[]","System.Diagnostics.Eventing.Reader.EventBookmark","Information","Info",,"System.Collections.ObjectModel.ReadOnlyCollection`1[System.String]","System.Collections.Generic.List`1[System.Diagnostics.Eventing.Reader.EventProperty]"
"File System Filter 'CldFlt' (10.0, ?2088?-?09?-?21T13:25:04.000000000Z) has successfully loaded and registered with Filter Manager.","6","0",,"4","0","0","-9223372036854775808","5316","Microsoft-Windows-FilterManager","f3c5e28e-63f6-49c7-a204-e48a1bc4b09d","System","4","192","ServerDC2.ad.jasonsexperiments.com","S-1-5-18","5/24/2025 10:27:50 AM",,,"System","System.UInt32[]","System.Diagnostics.Eventing.Reader.EventBookmark","Information","Info",,"System.Collections.ObjectModel.ReadOnlyCollection`1[System.String]","System.Collections.Generic.List`1[System.Diagnostics.Eventing.Reader.EventProperty]"
"The WPDBusEnum service entered the running state.","7036","0","16384","4","0","0","-9187343239835811840","5315","Service Control Manager","555908d1-a6d7-4695-8e1e-26931d2012f4","System","628","412","ServerDC2.ad.jasonsexperiments.com",,"5/24/2025 10:27:50 AM",,,"System","System.UInt32[]","System.Diagnostics.Eventing.Reader.EventBookmark","Information",,,"System.Collections.ObjectModel.ReadOnlyCollection`1[System.String]","System.Collections.Generic.List`1[System.Diagnostics.Eventing.Reader.EventProperty]"
"File System Filter 'luafv' (10.0, ?2083?-?07?-?27T15:34:58.000000000Z) has successfully loaded and registered with Filter Manager.","6","0",,"4","0","0","-9223372036854775808","5314","Microsoft-Windows-FilterManager","f3c5e28e-63f6-49c7-a204-e48a1bc4b09d","System","4","192","ServerDC2.ad.jasonsexperiments.com","S-1-5-18","5/24/2025 10:27:50 AM",,,"System","System.UInt32[]","System.Diagnostics.Eventing.Reader.EventBookmark","Information","Info",,"System.Collections.ObjectModel.ReadOnlyCollection`1[System.String]","System.Collections.Generic.List`1[System.Diagnostics.Eventing.Reader.EventProperty]"
"The Dnscache service entered the running state.","7036","0","16384","4","0","0","-9187343239835811840","5313","Service Control Manager","555908d1-a6d7-4695-8e1e-26931d2012f4","System","628","1084","ServerDC2.ad.jasonsexperiments.com",,"5/24/2025 10:27:50 AM",,,"System","System.UInt32[]","System.Diagnostics.Eventing.Reader.EventBookmark","Information",,,"System.Collections.ObjectModel.ReadOnlyCollection`1[System.String]","System.Collections.Generic.List`1[System.Diagnostics.Eventing.Reader.EventProperty]"
"File System Filter 'wcifs' (10.0, ?1979?-?05?-?17T09:12:11.000000000Z) has successfully loaded and registered with Filter Manager.","6","0",,"4","0","0","-9223372036854775808","5312","Microsoft-Windows-FilterManager","f3c5e28e-63f6-49c7-a204-e48a1bc4b09d","System","4","32","ServerDC2.ad.jasonsexperiments.com","S-1-5-18","5/24/2025 10:27:50 AM",,,"System","System.UInt32[]","System.Diagnostics.Eventing.Reader.EventBookmark","Information","Info",,"System.Collections.ObjectModel.ReadOnlyCollection`1[System.String]","System.Collections.Generic.List`1[System.Diagnostics.Eventing.Reader.EventProperty]"
"The EventLog service entered the running state.","7036","0","16384","4","0","0","-9187343239835811840","5311","Service Control Manager","555908d1-a6d7-4695-8e1e-26931d2012f4","System","628","780","ServerDC2.ad.jasonsexperiments.com",,"5/24/2025 10:27:50 AM",,,"System","System.UInt32[]","System.Diagnostics.Eventing.Reader.EventBookmark","Information",,,"System.Collections.ObjectModel.ReadOnlyCollection`1[System.String]","System.Collections.Generic.List`1[System.Diagnostics.Eventing.Reader.EventProperty]"
"The Dhcp service entered the running state.","7036","0","16384","4","0","0","-9187343239835811840","5310","Service Control Manager","555908d1-a6d7-4695-8e1e-26931d2012f4","System","628","780","ServerDC2.ad.jasonsexperiments.com",,"5/24/2025 10:27:50 AM",,,"System","System.UInt32[]","System.Diagnostics.Eventing.Reader.EventBookmark","Information",,,"System.Collections.ObjectModel.ReadOnlyCollection`1[System.String]","System.Collections.Generic.List`1[System.Diagnostics.Eventing.Reader.EventProperty]"
"DHCPv6 client service is started","51046","0",,"4","4","62","2305843009213693952","5309","Microsoft-Windows-DHCPv6-Client","6a1f2b00-6a90-4c38-95a5-5cab3b056778","System","1144","1256","ServerDC2.ad.jasonsexperiments.com","S-1-5-19","5/24/2025 10:27:50 AM",,,"System","System.UInt32[]","System.Diagnostics.Eventing.Reader.EventBookmark","Information","ServiceStart","Service State Event","System.Collections.ObjectModel.ReadOnlyCollection`1[System.String]","System.Collections.Generic.List`1[System.Diagnostics.Eventing.Reader.EventProperty]"
"DHCPv4 client registered for shutdown notification","50103","0",,"4","4","129","2305843009213693952","5308","Microsoft-Windows-Dhcp-Client","15a7a4f8-0072-4eab-abad-f98a4d666aed","System","1144","1188","ServerDC2.ad.jasonsexperiments.com","S-1-5-19","5/24/2025 10:27:50 AM",,,"System","System.UInt32[]","System.Diagnostics.Eventing.Reader.EventBookmark","Information","ServiceShutdown","Service State Event","System.Collections.ObjectModel.ReadOnlyCollection`1[System.String]","System.Collections.Generic.List`1[System.Diagnostics.Eventing.Reader.EventProperty]"
"DHCPv4 client service is started","50036","0",,"4","4","68","2305843009213693952","5307","Microsoft-Windows-Dhcp-Client","15a7a4f8-0072-4eab-abad-f98a4d666aed","System","1144","1188","ServerDC2.ad.jasonsexperiments.com","S-1-5-19","5/24/2025 10:27:50 AM",,,"System","System.UInt32[]","System.Diagnostics.Eventing.Reader.EventBookmark","Information","ServiceStart","Service State Event","System.Collections.ObjectModel.ReadOnlyCollection`1[System.String]","System.Collections.Generic.List`1[System.Diagnostics.Eventing.Reader.EventProperty]"
"The TimeBrokerSvc service entered the running state.","7036","0","16384","4","0","0","-9187343239835811840","5306","Service Control Manager","555908d1-a6d7-4695-8e1e-26931d2012f4","System","628","968","ServerDC2.ad.jasonsexperiments.com",,"5/24/2025 10:27:50 AM",,,"System","System.UInt32[]","System.Diagnostics.Eventing.Reader.EventBookmark","Information",,,"System.Collections.ObjectModel.ReadOnlyCollection`1[System.String]","System.Collections.Generic.List`1[System.Diagnostics.Eventing.Reader.EventProperty]"
"The lmhosts service entered the running state.","7036","0","16384","4","0","0","-9187343239835811840","5305","Service Control Manager","555908d1-a6d7-4695-8e1e-26931d2012f4","System","628","968","ServerDC2.ad.jasonsexperiments.com",,"5/24/2025 10:27:50 AM",,,"System","System.UInt32[]","System.Diagnostics.Eventing.Reader.EventBookmark","Information",,,"System.Collections.ObjectModel.ReadOnlyCollection`1[System.String]","System.Collections.Generic.List`1[System.Diagnostics.Eventing.Reader.EventProperty]"
"The nsi service entered the running state.","7036","0","16384","4","0","0","-9187343239835811840","5304","Service Control Manager","555908d1-a6d7-4695-8e1e-26931d2012f4","System","628","1104","ServerDC2.ad.jasonsexperiments.com",,"5/24/2025 10:27:50 AM",,,"System","System.UInt32[]","System.Diagnostics.Eventing.Reader.EventBookmark","Information",,,"System.Collections.ObjectModel.ReadOnlyCollection`1[System.String]","System.Collections.Generic.List`1[System.Diagnostics.Eventing.Reader.EventProperty]"
"The access history in hive \??\C:\Windows\ServiceProfiles\LocalService\NTUSER.DAT was cleared updating 48 keys and creating 15 modified pages.","16","0",,"4","0","0","-9223372036854775808","5303","Microsoft-Windows-Kernel-General","a68ca8b7-004f-d7b6-a698-07e2de0f1f5d","System","628","744","ServerDC2.ad.jasonsexperiments.com","S-1-5-18","5/24/2025 10:27:50 AM",,,"System","System.UInt32[]","System.Diagnostics.Eventing.Reader.EventBookmark","Information","Info",,"System.Collections.ObjectModel.ReadOnlyCollection`1[System.String]","System.Collections.Generic.List`1[System.Diagnostics.Eventing.Reader.EventProperty]"
"The access history in hive \SystemRoot\System32\Config\BBI was cleared updating 22 keys and creating 5 modified pages.","16","0",,"4","0","0","-9223372036854775808","5302","Microsoft-Windows-Kernel-General","a68ca8b7-004f-d7b6-a698-07e2de0f1f5d","System","888","916","ServerDC2.ad.jasonsexperiments.com","S-1-5-18","5/24/2025 10:27:50 AM",,,"System","System.UInt32[]","System.Diagnostics.Eventing.Reader.EventBookmark","Information","Info",,"System.Collections.ObjectModel.ReadOnlyCollection`1[System.String]","System.Collections.Generic.List`1[System.Diagnostics.Eventing.Reader.EventProperty]"
"The SystemEventsBroker service entered the running state.","7036","0","16384","4","0","0","-9187343239835811840","5301","Service Control Manager","555908d1-a6d7-4695-8e1e-26931d2012f4","System","628","740","ServerDC2.ad.jasonsexperiments.com",,"5/24/2025 10:27:50 AM",,,"System","System.UInt32[]","System.Diagnostics.Eventing.Reader.EventBookmark","Information",,,"System.Collections.ObjectModel.ReadOnlyCollection`1[System.String]","System.Collections.Generic.List`1[System.Diagnostics.Eventing.Reader.EventProperty]"
"The BrokerInfrastructure service entered the running state.","7036","0","16384","4","0","0","-9187343239835811840","5300","Service Control Manager","555908d1-a6d7-4695-8e1e-26931d2012f4","System","628","740","ServerDC2.ad.jasonsexperiments.com",,"5/24/2025 10:27:49 AM",,,"System","System.UInt32[]","System.Diagnostics.Eventing.Reader.EventBookmark","Information",,,"System.Collections.ObjectModel.ReadOnlyCollection`1[System.String]","System.Collections.Generic.List`1[System.Diagnostics.Eventing.Reader.EventProperty]"
"The device driver for the Trusted Platform Module (TPM) encountered a non-recoverable error in the TPM hardware, which prevents TPM services (such as data encryption) from being used. For further help, please contact the computer manufacturer.","15","0",,"2","0","0","-9223372036854775808","5299","TPM","1b6b0772-251b-4d42-917d-faca166bc059","System","4","324","ServerDC2.ad.jasonsexperiments.com","S-1-5-18","5/24/2025 10:27:49 AM",,,"System","System.UInt32[]","System.Diagnostics.Eventing.Reader.EventBookmark","Error","Info",,"System.Collections.ObjectModel.ReadOnlyCollection`1[System.String]","System.Collections.Generic.List`1[System.Diagnostics.Eventing.Reader.EventProperty]"
"The LSM service entered the running state.","7036","0","16384","4","0","0","-9187343239835811840","5298","Service Control Manager","555908d1-a6d7-4695-8e1e-26931d2012f4","System","628","740","ServerDC2.ad.jasonsexperiments.com",,"5/24/2025 10:27:49 AM",,,"System","System.UInt32[]","System.Diagnostics.Eventing.Reader.EventBookmark","Information",,,"System.Collections.ObjectModel.ReadOnlyCollection`1[System.String]","System.Collections.Generic.List`1[System.Diagnostics.Eventing.Reader.EventProperty]"
"The RpcSs service entered the running state.","7036","0","16384","4","0","0","-9187343239835811840","5297","Service Control Manager","555908d1-a6d7-4695-8e1e-26931d2012f4","System","628","712","ServerDC2.ad.jasonsexperiments.com",,"5/24/2025 10:27:49 AM",,,"System","System.UInt32[]","System.Diagnostics.Eventing.Reader.EventBookmark","Information",,,"System.Collections.ObjectModel.ReadOnlyCollection`1[System.String]","System.Collections.Generic.List`1[System.Diagnostics.Eventing.Reader.EventProperty]"
"The RpcEptMapper service entered the running state.","7036","0","16384","4","0","0","-9187343239835811840","5296","Service Control Manager","555908d1-a6d7-4695-8e1e-26931d2012f4","System","628","712","ServerDC2.ad.jasonsexperiments.com",,"5/24/2025 10:27:49 AM",,,"System","System.UInt32[]","System.Diagnostics.Eventing.Reader.EventBookmark","Information",,,"System.Collections.ObjectModel.ReadOnlyCollection`1[System.String]","System.Collections.Generic.List`1[System.Diagnostics.Eventing.Reader.EventProperty]"
"The access history in hive \??\C:\Windows\ServiceProfiles\NetworkService\NTUSER.DAT was cleared updating 84 keys and creating 13 modified pages.","16","0",,"4","0","0","-9223372036854775808","5295","Microsoft-Windows-Kernel-General","a68ca8b7-004f-d7b6-a698-07e2de0f1f5d","System","628","632","ServerDC2.ad.jasonsexperiments.com","S-1-5-18","5/24/2025 10:27:49 AM",,,"System","System.UInt32[]","System.Diagnostics.Eventing.Reader.EventBookmark","Information","Info",,"System.Collections.ObjectModel.ReadOnlyCollection`1[System.String]","System.Collections.Generic.List`1[System.Diagnostics.Eventing.Reader.EventProperty]"
"The DcomLaunch service entered the running state.","7036","0","16384","4","0","0","-9187343239835811840","5294","Service Control Manager","555908d1-a6d7-4695-8e1e-26931d2012f4","System","628","712","ServerDC2.ad.jasonsexperiments.com",,"5/24/2025 10:27:49 AM",,,"System","System.UInt32[]","System.Diagnostics.Eventing.Reader.EventBookmark","Information",,,"System.Collections.ObjectModel.ReadOnlyCollection`1[System.String]","System.Collections.Generic.List`1[System.Diagnostics.Eventing.Reader.EventProperty]"
"The Power service entered the running state.","7036","0","16384","4","0","0","-9187343239835811840","5293","Service Control Manager","555908d1-a6d7-4695-8e1e-26931d2012f4","System","628","712","ServerDC2.ad.jasonsexperiments.com",,"5/24/2025 10:27:49 AM",,,"System","System.UInt32[]","System.Diagnostics.Eventing.Reader.EventBookmark","Information",,,"System.Collections.ObjectModel.ReadOnlyCollection`1[System.String]","System.Collections.Generic.List`1[System.Diagnostics.Eventing.Reader.EventProperty]"
"The PlugPlay service entered the running state.","7036","0","16384","4","0","0","-9187343239835811840","5292","Service Control Manager","555908d1-a6d7-4695-8e1e-26931d2012f4","System","628","740","ServerDC2.ad.jasonsexperiments.com",,"5/24/2025 10:27:49 AM",,,"System","System.UInt32[]","System.Diagnostics.Eventing.Reader.EventBookmark","Information",,,"System.Collections.ObjectModel.ReadOnlyCollection`1[System.String]","System.Collections.Generic.List`1[System.Diagnostics.Eventing.Reader.EventProperty]"
"The security account manager successfully initialized the Local Administrator Password Solution (LAPS) extension dll.
","16993","0",,"4","0","0","-9223372036854775808","5291","Microsoft-Windows-Directory-Services-SAM","0d4fdc09-8c27-494a-bda0-505e4fd8adae","System","636","640","ServerDC2.ad.jasonsexperiments.com","S-1-5-18","5/24/2025 10:27:49 AM",,,"System","System.UInt32[]","System.Diagnostics.Eventing.Reader.EventBookmark","Information","Info",,"System.Collections.ObjectModel.ReadOnlyCollection`1[System.String]","System.Collections.Generic.List`1[System.Diagnostics.Eventing.Reader.EventProperty]"
"The security account manager is now logging periodic summary events for remote clients that call legacy password change or set RPC methods.

For more information please see https://go.microsoft.com/fwlink/?linkid=2150956.
","16983","0",,"4","0","0","-9223372036854775808","5290","Microsoft-Windows-Directory-Services-SAM","0d4fdc09-8c27-494a-bda0-505e4fd8adae","System","636","640","ServerDC2.ad.jasonsexperiments.com","S-1-5-18","5/24/2025 10:27:49 AM",,,"System","System.UInt32[]","System.Diagnostics.Eventing.Reader.EventBookmark","Information","Info",,"System.Collections.ObjectModel.ReadOnlyCollection`1[System.String]","System.Collections.Generic.List`1[System.Diagnostics.Eventing.Reader.EventProperty]"
"The domain is configured with the following minimum password length-related settings.

MinimumPasswordLength: 7

MinimumPasswordLengthAudit: -1

For more information see https://go.microsoft.com/fwlink/?LinkId=2097191.
","16977","0",,"4","0","0","-9223372036854775808","5289","Microsoft-Windows-Directory-Services-SAM","0d4fdc09-8c27-494a-bda0-505e4fd8adae","System","636","640","ServerDC2.ad.jasonsexperiments.com","S-1-5-18","5/24/2025 10:27:49 AM",,,"System","System.UInt32[]","System.Diagnostics.Eventing.Reader.EventBookmark","Information","Info",,"System.Collections.ObjectModel.ReadOnlyCollection`1[System.String]","System.Collections.Generic.List`1[System.Diagnostics.Eventing.Reader.EventProperty]"
"The domain is configured with the following minimum password length-related settings.

MinimumPasswordLength: 7

MinimumPasswordLengthAudit: 0

