"The WinDefend service entered the running state.","7036","0","16384","4","0","0","-9187343239835811840","4411","Service Control Manager","555908d1-a6d7-4695-8e1e-26931d2012f4","System","644","752","ServerDC2.ad.jasonsexperiments.com",,"4/10/2025 8:15:41 PM",,,"System","System.UInt32[]","System.Diagnostics.Eventing.Reader.EventBookmark","Information",,,"System.Collections.ObjectModel.ReadOnlyCollection`1[System.String]","System.Collections.Generic.List`1[System.Diagnostics.Eventing.Reader.EventProperty]"
"The WinRM service entered the running state.","7036","0","16384","4","0","0","-9187343239835811840","4410","Service Control Manager","555908d1-a6d7-4695-8e1e-26931d2012f4","System","644","752","ServerDC2.ad.jasonsexperiments.com",,"4/10/2025 8:15:41 PM",,,"System","System.UInt32[]","System.Diagnostics.Eventing.Reader.EventBookmark","Information",,,"System.Collections.ObjectModel.ReadOnlyCollection`1[System.String]","System.Collections.Generic.List`1[System.Diagnostics.Eventing.Reader.EventProperty]"
"The WpnService service entered the running state.","7036","0","16384","4","0","0","-9187343239835811840","4409","Service Control Manager","555908d1-a6d7-4695-8e1e-26931d2012f4","System","644","1096","ServerDC2.ad.jasonsexperiments.com",,"4/10/2025 8:15:41 PM",,,"System","System.UInt32[]","System.Diagnostics.Eventing.Reader.EventBookmark","Information",,,"System.Collections.ObjectModel.ReadOnlyCollection`1[System.String]","System.Collections.Generic.List`1[System.Diagnostics.Eventing.Reader.EventProperty]"
"The SstpSvc service entered the running state.","7036","0","16384","4","0","0","-9187343239835811840","4408","Service Control Manager","555908d1-a6d7-4695-8e1e-26931d2012f4","System","644","812","ServerDC2.ad.jasonsexperiments.com",,"4/10/2025 8:15:41 PM",,,"System","System.UInt32[]","System.Diagnostics.Eventing.Reader.EventBookmark","Information",,,"System.Collections.ObjectModel.ReadOnlyCollection`1[System.String]","System.Collections.Generic.List`1[System.Diagnostics.Eventing.Reader.EventProperty]"
"The Dfs service entered the running state.","7036","0","16384","4","0","0","-9187343239835811840","4407","Service Control Manager","555908d1-a6d7-4695-8e1e-26931d2012f4","System","644","752","ServerDC2.ad.jasonsexperiments.com",,"4/10/2025 8:15:41 PM",,,"System","System.UInt32[]","System.Diagnostics.Eventing.Reader.EventBookmark","Information",,,"System.Collections.ObjectModel.ReadOnlyCollection`1[System.String]","System.Collections.Generic.List`1[System.Diagnostics.Eventing.Reader.EventProperty]"
"The SysMain service entered the running state.","7036","0","16384","4","0","0","-9187343239835811840","4406","Service Control Manager","555908d1-a6d7-4695-8e1e-26931d2012f4","System","644","716","ServerDC2.ad.jasonsexperiments.com",,"4/10/2025 8:15:41 PM",,,"System","System.UInt32[]","System.Diagnostics.Eventing.Reader.EventBookmark","Information",,,"System.Collections.ObjectModel.ReadOnlyCollection`1[System.String]","System.Collections.Generic.List`1[System.Diagnostics.Eventing.Reader.EventProperty]"
"The IsmServ service entered the running state.","7036","0","16384","4","0","0","-9187343239835811840","4405","Service Control Manager","555908d1-a6d7-4695-8e1e-26931d2012f4","System","644","1096","ServerDC2.ad.jasonsexperiments.com",,"4/10/2025 8:15:41 PM",,,"System","System.UInt32[]","System.Diagnostics.Eventing.Reader.EventBookmark","Information",,,"System.Collections.ObjectModel.ReadOnlyCollection`1[System.String]","System.Collections.Generic.List`1[System.Diagnostics.Eventing.Reader.EventProperty]"
"The DFSR service entered the running state.","7036","0","16384","4","0","0","-9187343239835811840","4404","Service Control Manager","555908d1-a6d7-4695-8e1e-26931d2012f4","System","644","812","ServerDC2.ad.jasonsexperiments.com",,"4/10/2025 8:15:41 PM",,,"System","System.UInt32[]","System.Diagnostics.Eventing.Reader.EventBookmark","Information",,,"System.Collections.ObjectModel.ReadOnlyCollection`1[System.String]","System.Collections.Generic.List`1[System.Diagnostics.Eventing.Reader.EventProperty]"
"The RemoteRegistry service entered the running state.","7036","0","16384","4","0","0","-9187343239835811840","4403","Service Control Manager","555908d1-a6d7-4695-8e1e-26931d2012f4","System","644","752","ServerDC2.ad.jasonsexperiments.com",,"4/10/2025 8:15:41 PM",,,"System","System.UInt32[]","System.Diagnostics.Eventing.Reader.EventBookmark","Information",,,"System.Collections.ObjectModel.ReadOnlyCollection`1[System.String]","System.Collections.Generic.List`1[System.Diagnostics.Eventing.Reader.EventProperty]"
"The CoreMessagingRegistrar service entered the running state.","7036","0","16384","4","0","0","-9187343239835811840","4402","Service Control Manager","555908d1-a6d7-4695-8e1e-26931d2012f4","System","644","716","ServerDC2.ad.jasonsexperiments.com",,"4/10/2025 8:15:41 PM",,,"System","System.UInt32[]","System.Diagnostics.Eventing.Reader.EventBookmark","Information",,,"System.Collections.ObjectModel.ReadOnlyCollection`1[System.String]","System.Collections.Generic.List`1[System.Diagnostics.Eventing.Reader.EventProperty]"
"The CryptSvc service entered the running state.","7036","0","16384","4","0","0","-9187343239835811840","4401","Service Control Manager","555908d1-a6d7-4695-8e1e-26931d2012f4","System","644","812","ServerDC2.ad.jasonsexperiments.com",,"4/10/2025 8:15:41 PM",,,"System","System.UInt32[]","System.Diagnostics.Eventing.Reader.EventBookmark","Information",,,"System.Collections.ObjectModel.ReadOnlyCollection`1[System.String]","System.Collections.Generic.List`1[System.Diagnostics.Eventing.Reader.EventProperty]"
"The EFS service entered the running state.","7036","0","16384","4","0","0","-9187343239835811840","4400","Service Control Manager","555908d1-a6d7-4695-8e1e-26931d2012f4","System","644","1096","ServerDC2.ad.jasonsexperiments.com",,"4/10/2025 8:15:41 PM",,,"System","System.UInt32[]","System.Diagnostics.Eventing.Reader.EventBookmark","Information",,,"System.Collections.ObjectModel.ReadOnlyCollection`1[System.String]","System.Collections.Generic.List`1[System.Diagnostics.Eventing.Reader.EventProperty]"
"The mimidrv service failed to start due to the following error: 
A certificate was explicitly revoked by its issuer.","7000","0","49152","2","0","0","-9187343239835811840","4399","Service Control Manager","555908d1-a6d7-4695-8e1e-26931d2012f4","System","644","3048","ServerDC2.ad.jasonsexperiments.com",,"4/10/2025 8:15:41 PM",,,"System","System.UInt32[]","System.Diagnostics.Eventing.Reader.EventBookmark","Error",,,"System.Collections.ObjectModel.ReadOnlyCollection`1[System.String]","System.Collections.Generic.List`1[System.Diagnostics.Eventing.Reader.EventProperty]"
,"26","0","16384","4","0","0","36028797018963968","4398","Application Popup","47bfa2b7-bd54-4fac-b70b-29021084ca8f","System","4","268","ServerDC2.ad.jasonsexperiments.com",,"4/10/2025 8:15:41 PM",,,"System","System.UInt32[]","System.Diagnostics.Eventing.Reader.EventBookmark","Information",,,"System.Collections.ObjectModel.ReadOnlyCollection`1[System.String]","System.Collections.Generic.List`1[System.Diagnostics.Eventing.Reader.EventProperty]"
"The Spooler service entered the running state.","7036","0","16384","4","0","0","-9187343239835811840","4397","Service Control Manager","555908d1-a6d7-4695-8e1e-26931d2012f4","System","644","752","ServerDC2.ad.jasonsexperiments.com",,"4/10/2025 8:15:41 PM",,,"System","System.UInt32[]","System.Diagnostics.Eventing.Reader.EventBookmark","Information",,,"System.Collections.ObjectModel.ReadOnlyCollection`1[System.String]","System.Collections.Generic.List`1[System.Diagnostics.Eventing.Reader.EventProperty]"
"The Netlogon service entered the running state.","7036","0","16384","4","0","0","-9187343239835811840","4396","Service Control Manager","555908d1-a6d7-4695-8e1e-26931d2012f4","System","644","1096","ServerDC2.ad.jasonsexperiments.com",,"4/10/2025 8:15:40 PM",,,"System","System.UInt32[]","System.Diagnostics.Eventing.Reader.EventBookmark","Information",,,"System.Collections.ObjectModel.ReadOnlyCollection`1[System.String]","System.Collections.Generic.List`1[System.Diagnostics.Eventing.Reader.EventProperty]"
"The WinRM service is listening for WS-Management requests. 

 User Action 
 Use the following command to see the specific IPs on which WinRM is listening: 

 winrm enumerate winrm/config/listener","10148","0","7","4","0","0","36028797018963968","4395","Microsoft-Windows-WinRM","a7975c8f-ac13-49f1-87da-5a984a4ab417","System","0","0","ServerDC2.ad.jasonsexperiments.com",,"4/10/2025 8:15:41 PM",,,"System","System.UInt32[]","System.Diagnostics.Eventing.Reader.EventBookmark","Information","Info",,"System.Collections.ObjectModel.ReadOnlyCollection`1[System.String]","System.Collections.Generic.List`1[System.Diagnostics.Eventing.Reader.EventProperty]"
"DFS server has finished initializing.","14531","0","16384","4","0","0","36028797018963968","4394","Microsoft-Windows-DfsSvc","7da4fe0e-fd42-4708-9aa5-89b77a224885","System","0","0","ServerDC2.ad.jasonsexperiments.com",,"4/10/2025 8:15:41 PM",,,"System","System.UInt32[]","System.Diagnostics.Eventing.Reader.EventBookmark","Information",,,"System.Collections.ObjectModel.ReadOnlyCollection`1[System.String]","System.Collections.Generic.List`1[System.Diagnostics.Eventing.Reader.EventProperty]"
"DFS has finished building all namespaces.","14533","0","16384","4","0","0","36028797018963968","4393","Microsoft-Windows-DfsSvc","7da4fe0e-fd42-4708-9aa5-89b77a224885","System","0","0","ServerDC2.ad.jasonsexperiments.com",,"4/10/2025 8:15:41 PM",,,"System","System.UInt32[]","System.Diagnostics.Eventing.Reader.EventBookmark","Information",,,"System.Collections.ObjectModel.ReadOnlyCollection`1[System.String]","System.Collections.Generic.List`1[System.Diagnostics.Eventing.Reader.EventProperty]"
"The Netlogon service was able to bind to a TCP/IP port with the configured backlog size of 10.","5836",,"0","4","0",,"36028797018963968","4392","NETLOGON",,"System",,,"ServerDC2.ad.jasonsexperiments.com",,"4/10/2025 8:15:40 PM",,,"System","System.UInt32[]","System.Diagnostics.Eventing.Reader.EventBookmark","Information","Info",,"System.Collections.ObjectModel.ReadOnlyCollection`1[System.String]","System.Collections.Generic.List`1[System.Diagnostics.Eventing.Reader.EventProperty]"
"The LanmanServer service entered the running state.","7036","0","16384","4","0","0","-9187343239835811840","4391","Service Control Manager","555908d1-a6d7-4695-8e1e-26931d2012f4","System","644","1096","ServerDC2.ad.jasonsexperiments.com",,"4/10/2025 8:15:31 PM",,,"System","System.UInt32[]","System.Diagnostics.Eventing.Reader.EventBookmark","Information",,,"System.Collections.ObjectModel.ReadOnlyCollection`1[System.String]","System.Collections.Generic.List`1[System.Diagnostics.Eventing.Reader.EventProperty]"
"The SamSs service entered the running state.","7036","0","16384","4","0","0","-9187343239835811840","4390","Service Control Manager","555908d1-a6d7-4695-8e1e-26931d2012f4","System","644","1096","ServerDC2.ad.jasonsexperiments.com",,"4/10/2025 8:15:31 PM",,,"System","System.UInt32[]","System.Diagnostics.Eventing.Reader.EventBookmark","Information",,,"System.Collections.ObjectModel.ReadOnlyCollection`1[System.String]","System.Collections.Generic.List`1[System.Diagnostics.Eventing.Reader.EventProperty]"
"The device driver for the Trusted Platform Module (TPM) encountered a non-recoverable error in the TPM hardware, which prevents TPM services (such as data encryption) from being used. For further help, please contact the computer manufacturer.","15","0",,"2","0","0","-9223372036854775808","4389","TPM","1b6b0772-251b-4d42-917d-faca166bc059","System","4","344","ServerDC2.ad.jasonsexperiments.com","S-1-5-18","4/10/2025 8:15:31 PM",,,"System","System.UInt32[]","System.Diagnostics.Eventing.Reader.EventBookmark","Error","Info",,"System.Collections.ObjectModel.ReadOnlyCollection`1[System.String]","System.Collections.Generic.List`1[System.Diagnostics.Eventing.Reader.EventProperty]"
"The device driver for the Trusted Platform Module (TPM) encountered a non-recoverable error in the TPM hardware, which prevents TPM services (such as data encryption) from being used. For further help, please contact the computer manufacturer.","15","0",,"2","0","0","-9223372036854775808","4388","TPM","1b6b0772-251b-4d42-917d-faca166bc059","System","4","344","ServerDC2.ad.jasonsexperiments.com","S-1-5-18","4/10/2025 8:15:30 PM",,,"System","System.UInt32[]","System.Diagnostics.Eventing.Reader.EventBookmark","Error","Info",,"System.Collections.ObjectModel.ReadOnlyCollection`1[System.String]","System.Collections.Generic.List`1[System.Diagnostics.Eventing.Reader.EventProperty]"
"The device driver for the Trusted Platform Module (TPM) encountered a non-recoverable error in the TPM hardware, which prevents TPM services (such as data encryption) from being used. For further help, please contact the computer manufacturer.","15","0",,"2","0","0","-9223372036854775808","4387","TPM","1b6b0772-251b-4d42-917d-faca166bc059","System","4","344","ServerDC2.ad.jasonsexperiments.com","S-1-5-18","4/10/2025 8:15:29 PM",,,"System","System.UInt32[]","System.Diagnostics.Eventing.Reader.EventBookmark","Error","Info",,"System.Collections.ObjectModel.ReadOnlyCollection`1[System.String]","System.Collections.Generic.List`1[System.Diagnostics.Eventing.Reader.EventProperty]"
"The device driver for the Trusted Platform Module (TPM) encountered a non-recoverable error in the TPM hardware, which prevents TPM services (such as data encryption) from being used. For further help, please contact the computer manufacturer.","15","0",,"2","0","0","-9223372036854775808","4386","TPM","1b6b0772-251b-4d42-917d-faca166bc059","System","4","344","ServerDC2.ad.jasonsexperiments.com","S-1-5-18","4/10/2025 8:15:28 PM",,,"System","System.UInt32[]","System.Diagnostics.Eventing.Reader.EventBookmark","Error","Info",,"System.Collections.ObjectModel.ReadOnlyCollection`1[System.String]","System.Collections.Generic.List`1[System.Diagnostics.Eventing.Reader.EventProperty]"
"The device driver for the Trusted Platform Module (TPM) encountered a non-recoverable error in the TPM hardware, which prevents TPM services (such as data encryption) from being used. For further help, please contact the computer manufacturer.","15","0",,"2","0","0","-9223372036854775808","4385","TPM","1b6b0772-251b-4d42-917d-faca166bc059","System","4","344","ServerDC2.ad.jasonsexperiments.com","S-1-5-18","4/10/2025 8:15:28 PM",,,"System","System.UInt32[]","System.Diagnostics.Eventing.Reader.EventBookmark","Error","Info",,"System.Collections.ObjectModel.ReadOnlyCollection`1[System.String]","System.Collections.Generic.List`1[System.Diagnostics.Eventing.Reader.EventProperty]"
"The device driver for the Trusted Platform Module (TPM) encountered a non-recoverable error in the TPM hardware, which prevents TPM services (such as data encryption) from being used. For further help, please contact the computer manufacturer.","15","0",,"2","0","0","-9223372036854775808","4384","TPM","1b6b0772-251b-4d42-917d-faca166bc059","System","4","344","ServerDC2.ad.jasonsexperiments.com","S-1-5-18","4/10/2025 8:15:27 PM",,,"System","System.UInt32[]","System.Diagnostics.Eventing.Reader.EventBookmark","Error","Info",,"System.Collections.ObjectModel.ReadOnlyCollection`1[System.String]","System.Collections.Generic.List`1[System.Diagnostics.Eventing.Reader.EventProperty]"
"Name resolution for the name _ldap._tcp.dc._msdcs.ad.jasonsexperiments.com. timed out after none of the configured DNS servers responded.","1014","0",,"3","1014","0","4611686018695823360","4383","Microsoft-Windows-DNS-Client","1c95126e-7eea-49a9-a3fe-a378b03ddb4d","System","1276","2680","ServerDC2.ad.jasonsexperiments.com","S-1-5-20","4/10/2025 8:15:26 PM",,,"System","System.UInt32[]","System.Diagnostics.Eventing.Reader.EventBookmark","Warning","Info",,"System.Collections.ObjectModel.ReadOnlyCollection`1[System.String]","System.Collections.Generic.List`1[System.Diagnostics.Eventing.Reader.EventProperty]"
"The device driver for the Trusted Platform Module (TPM) encountered a non-recoverable error in the TPM hardware, which prevents TPM services (such as data encryption) from being used. For further help, please contact the computer manufacturer.","15","0",,"2","0","0","-9223372036854775808","4382","TPM","1b6b0772-251b-4d42-917d-faca166bc059","System","4","344","ServerDC2.ad.jasonsexperiments.com","S-1-5-18","4/10/2025 8:15:26 PM",,,"System","System.UInt32[]","System.Diagnostics.Eventing.Reader.EventBookmark","Error","Info",,"System.Collections.ObjectModel.ReadOnlyCollection`1[System.String]","System.Collections.Generic.List`1[System.Diagnostics.Eventing.Reader.EventProperty]"
"Name resolution for the name _ldap._tcp.dc._msdcs.ad.jasonsexperiments.com. timed out after none of the configured DNS servers responded.","1014","0",,"3","1014","0","4611686018695823360","4381","Microsoft-Windows-DNS-Client","1c95126e-7eea-49a9-a3fe-a378b03ddb4d","System","1276","1408","ServerDC2.ad.jasonsexperiments.com","S-1-5-20","4/10/2025 8:15:25 PM",,,"System","System.UInt32[]","System.Diagnostics.Eventing.Reader.EventBookmark","Warning","Info",,"System.Collections.ObjectModel.ReadOnlyCollection`1[System.String]","System.Collections.Generic.List`1[System.Diagnostics.Eventing.Reader.EventProperty]"
"The device driver for the Trusted Platform Module (TPM) encountered a non-recoverable error in the TPM hardware, which prevents TPM services (such as data encryption) from being used. For further help, please contact the computer manufacturer.","15","0",,"2","0","0","-9223372036854775808","4380","TPM","1b6b0772-251b-4d42-917d-faca166bc059","System","4","344","ServerDC2.ad.jasonsexperiments.com","S-1-5-18","4/10/2025 8:15:25 PM",,,"System","System.UInt32[]","System.Diagnostics.Eventing.Reader.EventBookmark","Error","Info",,"System.Collections.ObjectModel.ReadOnlyCollection`1[System.String]","System.Collections.Generic.List`1[System.Diagnostics.Eventing.Reader.EventProperty]"
"The sppsvc service entered the running state.","7036","0","16384","4","0","0","-9187343239835811840","4379","Service Control Manager","555908d1-a6d7-4695-8e1e-26931d2012f4","System","644","1076","ServerDC2.ad.jasonsexperiments.com",,"4/10/2025 8:15:24 PM",,,"System","System.UInt32[]","System.Diagnostics.Eventing.Reader.EventBookmark","Information",,,"System.Collections.ObjectModel.ReadOnlyCollection`1[System.String]","System.Collections.Generic.List`1[System.Diagnostics.Eventing.Reader.EventProperty]"
"The device driver for the Trusted Platform Module (TPM) encountered a non-recoverable error in the TPM hardware, which prevents TPM services (such as data encryption) from being used. For further help, please contact the computer manufacturer.","15","0",,"2","0","0","-9223372036854775808","4378","TPM","1b6b0772-251b-4d42-917d-faca166bc059","System","4","344","ServerDC2.ad.jasonsexperiments.com","S-1-5-18","4/10/2025 8:15:24 PM",,,"System","System.UInt32[]","System.Diagnostics.Eventing.Reader.EventBookmark","Error","Info",,"System.Collections.ObjectModel.ReadOnlyCollection`1[System.String]","System.Collections.Generic.List`1[System.Diagnostics.Eventing.Reader.EventProperty]"
"The device driver for the Trusted Platform Module (TPM) encountered a non-recoverable error in the TPM hardware, which prevents TPM services (such as data encryption) from being used. For further help, please contact the computer manufacturer.","15","0",,"2","0","0","-9223372036854775808","4377","TPM","1b6b0772-251b-4d42-917d-faca166bc059","System","4","344","ServerDC2.ad.jasonsexperiments.com","S-1-5-18","4/10/2025 8:15:23 PM",,,"System","System.UInt32[]","System.Diagnostics.Eventing.Reader.EventBookmark","Error","Info",,"System.Collections.ObjectModel.ReadOnlyCollection`1[System.String]","System.Collections.Generic.List`1[System.Diagnostics.Eventing.Reader.EventProperty]"
"The device driver for the Trusted Platform Module (TPM) encountered a non-recoverable error in the TPM hardware, which prevents TPM services (such as data encryption) from being used. For further help, please contact the computer manufacturer.","15","0",,"2","0","0","-9223372036854775808","4376","TPM","1b6b0772-251b-4d42-917d-faca166bc059","System","4","344","ServerDC2.ad.jasonsexperiments.com","S-1-5-18","4/10/2025 8:15:21 PM",,,"System","System.UInt32[]","System.Diagnostics.Eventing.Reader.EventBookmark","Error","Info",,"System.Collections.ObjectModel.ReadOnlyCollection`1[System.String]","System.Collections.Generic.List`1[System.Diagnostics.Eventing.Reader.EventProperty]"
"The mpssvc service entered the running state.","7036","0","16384","4","0","0","-9187343239835811840","4375","Service Control Manager","555908d1-a6d7-4695-8e1e-26931d2012f4","System","644","752","ServerDC2.ad.jasonsexperiments.com",,"4/10/2025 8:15:21 PM",,,"System","System.UInt32[]","System.Diagnostics.Eventing.Reader.EventBookmark","Information",,,"System.Collections.ObjectModel.ReadOnlyCollection`1[System.String]","System.Collections.Generic.List`1[System.Diagnostics.Eventing.Reader.EventProperty]"
"The LanmanWorkstation service entered the running state.","7036","0","16384","4","0","0","-9187343239835811840","4374","Service Control Manager","555908d1-a6d7-4695-8e1e-26931d2012f4","System","644","752","ServerDC2.ad.jasonsexperiments.com",,"4/10/2025 8:15:21 PM",,,"System","System.UInt32[]","System.Diagnostics.Eventing.Reader.EventBookmark","Information",,,"System.Collections.ObjectModel.ReadOnlyCollection`1[System.String]","System.Collections.Generic.List`1[System.Diagnostics.Eventing.Reader.EventProperty]"
"The Kdc service entered the running state.","7036","0","16384","4","0","0","-9187343239835811840","4373","Service Control Manager","555908d1-a6d7-4695-8e1e-26931d2012f4","System","644","1096","ServerDC2.ad.jasonsexperiments.com",,"4/10/2025 8:15:21 PM",,,"System","System.UInt32[]","System.Diagnostics.Eventing.Reader.EventBookmark","Information",,,"System.Collections.ObjectModel.ReadOnlyCollection`1[System.String]","System.Collections.Generic.List`1[System.Diagnostics.Eventing.Reader.EventProperty]"
"The NcaSvc service entered the stopped state.","7036","0","16384","4","0","0","-9187343239835811840","4372","Service Control Manager","555908d1-a6d7-4695-8e1e-26931d2012f4","System","644","1096","ServerDC2.ad.jasonsexperiments.com",,"4/10/2025 8:15:21 PM",,,"System","System.UInt32[]","System.Diagnostics.Eventing.Reader.EventBookmark","Information",,,"System.Collections.ObjectModel.ReadOnlyCollection`1[System.String]","System.Collections.Generic.List`1[System.Diagnostics.Eventing.Reader.EventProperty]"
"The UserManager service entered the running state.","7036","0","16384","4","0","0","-9187343239835811840","4371","Service Control Manager","555908d1-a6d7-4695-8e1e-26931d2012f4","System","644","1084","ServerDC2.ad.jasonsexperiments.com",,"4/10/2025 8:15:21 PM",,,"System","System.UInt32[]","System.Diagnostics.Eventing.Reader.EventBookmark","Information",,,"System.Collections.ObjectModel.ReadOnlyCollection`1[System.String]","System.Collections.Generic.List`1[System.Diagnostics.Eventing.Reader.EventProperty]"
"The iphlpsvc service entered the running state.","7036","0","16384","4","0","0","-9187343239835811840","4370","Service Control Manager","555908d1-a6d7-4695-8e1e-26931d2012f4","System","644","1124","ServerDC2.ad.jasonsexperiments.com",,"4/10/2025 8:15:21 PM",,,"System","System.UInt32[]","System.Diagnostics.Eventing.Reader.EventBookmark","Information",,,"System.Collections.ObjectModel.ReadOnlyCollection`1[System.String]","System.Collections.Generic.List`1[System.Diagnostics.Eventing.Reader.EventProperty]"
"The Wcmsvc service entered the running state.","7036","0","16384","4","0","0","-9187343239835811840","4369","Service Control Manager","555908d1-a6d7-4695-8e1e-26931d2012f4","System","644","1096","ServerDC2.ad.jasonsexperiments.com",,"4/10/2025 8:15:21 PM",,,"System","System.UInt32[]","System.Diagnostics.Eventing.Reader.EventBookmark","Information",,,"System.Collections.ObjectModel.ReadOnlyCollection`1[System.String]","System.Collections.Generic.List`1[System.Diagnostics.Eventing.Reader.EventProperty]"
"The FontCache service entered the running state.","7036","0","16384","4","0","0","-9187343239835811840","4368","Service Control Manager","555908d1-a6d7-4695-8e1e-26931d2012f4","System","644","764","ServerDC2.ad.jasonsexperiments.com",,"4/10/2025 8:15:21 PM",,,"System","System.UInt32[]","System.Diagnostics.Eventing.Reader.EventBookmark","Information",,,"System.Collections.ObjectModel.ReadOnlyCollection`1[System.String]","System.Collections.Generic.List`1[System.Diagnostics.Eventing.Reader.EventProperty]"
"Name resolution for the name wpad timed out after none of the configured DNS servers responded.","1014","0",,"3","1014","0","4611686018695823360","4367","Microsoft-Windows-DNS-Client","1c95126e-7eea-49a9-a3fe-a378b03ddb4d","System","1276","1408","ServerDC2.ad.jasonsexperiments.com","S-1-5-20","4/10/2025 8:15:21 PM",,,"System","System.UInt32[]","System.Diagnostics.Eventing.Reader.EventBookmark","Warning","Info",,"System.Collections.ObjectModel.ReadOnlyCollection`1[System.String]","System.Collections.Generic.List`1[System.Diagnostics.Eventing.Reader.EventProperty]"
"The ShellHWDetection service entered the running state.","7036","0","16384","4","0","0","-9187343239835811840","4366","Service Control Manager","555908d1-a6d7-4695-8e1e-26931d2012f4","System","644","1084","ServerDC2.ad.jasonsexperiments.com",,"4/10/2025 8:15:21 PM",,,"System","System.UInt32[]","System.Diagnostics.Eventing.Reader.EventBookmark","Information",,,"System.Collections.ObjectModel.ReadOnlyCollection`1[System.String]","System.Collections.Generic.List`1[System.Diagnostics.Eventing.Reader.EventProperty]"
"The WinHttpAutoProxySvc service entered the running state.","7036","0","16384","4","0","0","-9187343239835811840","4365","Service Control Manager","555908d1-a6d7-4695-8e1e-26931d2012f4","System","644","1124","ServerDC2.ad.jasonsexperiments.com",,"4/10/2025 8:15:21 PM",,,"System","System.UInt32[]","System.Diagnostics.Eventing.Reader.EventBookmark","Information",,,"System.Collections.ObjectModel.ReadOnlyCollection`1[System.String]","System.Collections.Generic.List`1[System.Diagnostics.Eventing.Reader.EventProperty]"
"The Winmgmt service entered the running state.","7036","0","16384","4","0","0","-9187343239835811840","4364","Service Control Manager","555908d1-a6d7-4695-8e1e-26931d2012f4","System","644","1096","ServerDC2.ad.jasonsexperiments.com",,"4/10/2025 8:15:21 PM",,,"System","System.UInt32[]","System.Diagnostics.Eventing.Reader.EventBookmark","Information",,,"System.Collections.ObjectModel.ReadOnlyCollection`1[System.String]","System.Collections.Generic.List`1[System.Diagnostics.Eventing.Reader.EventProperty]"
"The Schedule service entered the running state.","7036","0","16384","4","0","0","-9187343239835811840","4363","Service Control Manager","555908d1-a6d7-4695-8e1e-26931d2012f4","System","644","1096","ServerDC2.ad.jasonsexperiments.com",,"4/10/2025 8:15:21 PM",,,"System","System.UInt32[]","System.Diagnostics.Eventing.Reader.EventBookmark","Information",,,"System.Collections.ObjectModel.ReadOnlyCollection`1[System.String]","System.Collections.Generic.List`1[System.Diagnostics.Eventing.Reader.EventProperty]"
"The device driver for the Trusted Platform Module (TPM) encountered a non-recoverable error in the TPM hardware, which prevents TPM services (such as data encryption) from being used. For further help, please contact the computer manufacturer.","15","0",,"2","0","0","-9223372036854775808","4362","TPM","1b6b0772-251b-4d42-917d-faca166bc059","System","4","344","ServerDC2.ad.jasonsexperiments.com","S-1-5-18","4/10/2025 8:15:21 PM",,,"System","System.UInt32[]","System.Diagnostics.Eventing.Reader.EventBookmark","Error","Info",,"System.Collections.ObjectModel.ReadOnlyCollection`1[System.String]","System.Collections.Generic.List`1[System.Diagnostics.Eventing.Reader.EventProperty]"
"The BFE service entered the running state.","7036","0","16384","4","0","0","-9187343239835811840","4361","Service Control Manager","555908d1-a6d7-4695-8e1e-26931d2012f4","System","644","1096","ServerDC2.ad.jasonsexperiments.com",,"4/10/2025 8:15:21 PM",,,"System","System.UInt32[]","System.Diagnostics.Eventing.Reader.EventBookmark","Information",,,"System.Collections.ObjectModel.ReadOnlyCollection`1[System.String]","System.Collections.Generic.List`1[System.Diagnostics.Eventing.Reader.EventProperty]"
"The SENS service entered the running state.","7036","0","16384","4","0","0","-9187343239835811840","4360","Service Control Manager","555908d1-a6d7-4695-8e1e-26931d2012f4","System","644","1096","ServerDC2.ad.jasonsexperiments.com",,"4/10/2025 8:15:21 PM",,,"System","System.UInt32[]","System.Diagnostics.Eventing.Reader.EventBookmark","Information",,,"System.Collections.ObjectModel.ReadOnlyCollection`1[System.String]","System.Collections.Generic.List`1[System.Diagnostics.Eventing.Reader.EventProperty]"
"The netprofm service entered the running state.","7036","0","16384","4","0","0","-9187343239835811840","4359","Service Control Manager","555908d1-a6d7-4695-8e1e-26931d2012f4","System","644","1124","ServerDC2.ad.jasonsexperiments.com",,"4/10/2025 8:15:21 PM",,,"System","System.UInt32[]","System.Diagnostics.Eventing.Reader.EventBookmark","Information",,,"System.Collections.ObjectModel.ReadOnlyCollection`1[System.String]","System.Collections.Generic.List`1[System.Diagnostics.Eventing.Reader.EventProperty]"
"The NcbService service entered the running state.","7036","0","16384","4","0","0","-9187343239835811840","4358","Service Control Manager","555908d1-a6d7-4695-8e1e-26931d2012f4","System","644","1124","ServerDC2.ad.jasonsexperiments.com",,"4/10/2025 8:15:21 PM",,,"System","System.UInt32[]","System.Diagnostics.Eventing.Reader.EventBookmark","Information",,,"System.Collections.ObjectModel.ReadOnlyCollection`1[System.String]","System.Collections.Generic.List`1[System.Diagnostics.Eventing.Reader.EventProperty]"
"The DsmSvc service entered the running state.","7036","0","16384","4","0","0","-9187343239835811840","4357","Service Control Manager","555908d1-a6d7-4695-8e1e-26931d2012f4","System","644","1124","ServerDC2.ad.jasonsexperiments.com",,"4/10/2025 8:15:21 PM",,,"System","System.UInt32[]","System.Diagnostics.Eventing.Reader.EventBookmark","Information",,,"System.Collections.ObjectModel.ReadOnlyCollection`1[System.String]","System.Collections.Generic.List`1[System.Diagnostics.Eventing.Reader.EventProperty]"
"The EventSystem service entered the running state.","7036","0","16384","4","0","0","-9187343239835811840","4356","Service Control Manager","555908d1-a6d7-4695-8e1e-26931d2012f4","System","644","764","ServerDC2.ad.jasonsexperiments.com",,"4/10/2025 8:15:21 PM",,,"System","System.UInt32[]","System.Diagnostics.Eventing.Reader.EventBookmark","Information",,,"System.Collections.ObjectModel.ReadOnlyCollection`1[System.String]","System.Collections.Generic.List`1[System.Diagnostics.Eventing.Reader.EventProperty]"
"The ProfSvc service entered the running state.","7036","0","16384","4","0","0","-9187343239835811840","4355","Service Control Manager","555908d1-a6d7-4695-8e1e-26931d2012f4","System","644","1076","ServerDC2.ad.jasonsexperiments.com",,"4/10/2025 8:15:21 PM",,,"System","System.UInt32[]","System.Diagnostics.Eventing.Reader.EventBookmark","Information",,,"System.Collections.ObjectModel.ReadOnlyCollection`1[System.String]","System.Collections.Generic.List`1[System.Diagnostics.Eventing.Reader.EventProperty]"
"Name resolution for the name _ldap._tcp.dc._msdcs.ad.jasonsexperiments.com. timed out after none of the configured DNS servers responded.","1014","0",,"3","1014","0","4611686018695823360","4354","Microsoft-Windows-DNS-Client","1c95126e-7eea-49a9-a3fe-a378b03ddb4d","System","1276","1408","ServerDC2.ad.jasonsexperiments.com","S-1-5-20","4/10/2025 8:15:21 PM",,,"System","System.UInt32[]","System.Diagnostics.Eventing.Reader.EventBookmark","Warning","Info",,"System.Collections.ObjectModel.ReadOnlyCollection`1[System.String]","System.Collections.Generic.List`1[System.Diagnostics.Eventing.Reader.EventProperty]"
"The Themes service entered the running state.","7036","0","16384","4","0","0","-9187343239835811840","4353","Service Control Manager","555908d1-a6d7-4695-8e1e-26931d2012f4","System","644","1136","ServerDC2.ad.jasonsexperiments.com",,"4/10/2025 8:15:21 PM",,,"System","System.UInt32[]","System.Diagnostics.Eventing.Reader.EventBookmark","Information",,,"System.Collections.ObjectModel.ReadOnlyCollection`1[System.String]","System.Collections.Generic.List`1[System.Diagnostics.Eventing.Reader.EventProperty]"
"The NlaSvc service entered the running state.","7036","0","16384","4","0","0","-9187343239835811840","4352","Service Control Manager","555908d1-a6d7-4695-8e1e-26931d2012f4","System","644","1136","ServerDC2.ad.jasonsexperiments.com",,"4/10/2025 8:15:21 PM",,,"System","System.UInt32[]","System.Diagnostics.Eventing.Reader.EventBookmark","Information",,,"System.Collections.ObjectModel.ReadOnlyCollection`1[System.String]","System.Collections.Generic.List`1[System.Diagnostics.Eventing.Reader.EventProperty]"
"The VBoxService service entered the running state.","7036","0","16384","4","0","0","-9187343239835811840","4351","Service Control Manager","555908d1-a6d7-4695-8e1e-26931d2012f4","System","644","1096","ServerDC2.ad.jasonsexperiments.com",,"4/10/2025 8:15:21 PM",,,"System","System.UInt32[]","System.Diagnostics.Eventing.Reader.EventBookmark","Information",,,"System.Collections.ObjectModel.ReadOnlyCollection`1[System.String]","System.Collections.Generic.List`1[System.Diagnostics.Eventing.Reader.EventProperty]"
"The gpsvc service entered the running state.","7036","0","16384","4","0","0","-9187343239835811840","4350","Service Control Manager","555908d1-a6d7-4695-8e1e-26931d2012f4","System","644","1124","ServerDC2.ad.jasonsexperiments.com",,"4/10/2025 8:15:21 PM",,,"System","System.UInt32[]","System.Diagnostics.Eventing.Reader.EventBookmark","Information",,,"System.Collections.ObjectModel.ReadOnlyCollection`1[System.String]","System.Collections.Generic.List`1[System.Diagnostics.Eventing.Reader.EventProperty]"
"The NTDS service entered the running state.","7036","0","16384","4","0","0","-9187343239835811840","4349","Service Control Manager","555908d1-a6d7-4695-8e1e-26931d2012f4","System","644","1124","ServerDC2.ad.jasonsexperiments.com",,"4/10/2025 8:15:21 PM",,,"System","System.UInt32[]","System.Diagnostics.Eventing.Reader.EventBookmark","Information",,,"System.Collections.ObjectModel.ReadOnlyCollection`1[System.String]","System.Collections.Generic.List`1[System.Diagnostics.Eventing.Reader.EventProperty]"
"The WPDBusEnum service entered the running state.","7036","0","16384","4","0","0","-9187343239835811840","4348","Service Control Manager","555908d1-a6d7-4695-8e1e-26931d2012f4","System","644","732","ServerDC2.ad.jasonsexperiments.com",,"4/10/2025 8:15:21 PM",,,"System","System.UInt32[]","System.Diagnostics.Eventing.Reader.EventBookmark","Information",,,"System.Collections.ObjectModel.ReadOnlyCollection`1[System.String]","System.Collections.Generic.List`1[System.Diagnostics.Eventing.Reader.EventProperty]"
"File System Filter 'storqosflt' (10.0, ?2004?-?08?-?10T11:55:11.000000000Z) has successfully loaded and registered with Filter Manager.","6","0",,"4","0","0","-9223372036854775808","4347","Microsoft-Windows-FilterManager","f3c5e28e-63f6-49c7-a204-e48a1bc4b09d","System","4","268","ServerDC2.ad.jasonsexperiments.com","S-1-5-18","4/10/2025 8:15:21 PM",,,"System","System.UInt32[]","System.Diagnostics.Eventing.Reader.EventBookmark","Information","Info",,"System.Collections.ObjectModel.ReadOnlyCollection`1[System.String]","System.Collections.Generic.List`1[System.Diagnostics.Eventing.Reader.EventProperty]"
"The Dnscache service entered the running state.","7036","0","16384","4","0","0","-9187343239835811840","4346","Service Control Manager","555908d1-a6d7-4695-8e1e-26931d2012f4","System","644","1136","ServerDC2.ad.jasonsexperiments.com",,"4/10/2025 8:15:21 PM",,,"System","System.UInt32[]","System.Diagnostics.Eventing.Reader.EventBookmark","Information",,,"System.Collections.ObjectModel.ReadOnlyCollection`1[System.String]","System.Collections.Generic.List`1[System.Diagnostics.Eventing.Reader.EventProperty]"
"File System Filter 'CldFlt' (10.0, ?2008?-?12?-?24T21:48:25.000000000Z) has successfully loaded and registered with Filter Manager.","6","0",,"4","0","0","-9223372036854775808","4345","Microsoft-Windows-FilterManager","f3c5e28e-63f6-49c7-a204-e48a1bc4b09d","System","4","268","ServerDC2.ad.jasonsexperiments.com","S-1-5-18","4/10/2025 8:15:21 PM",,,"System","System.UInt32[]","System.Diagnostics.Eventing.Reader.EventBookmark","Information","Info",,"System.Collections.ObjectModel.ReadOnlyCollection`1[System.String]","System.Collections.Generic.List`1[System.Diagnostics.Eventing.Reader.EventProperty]"
"File System Filter 'CldFlt' (Version 10.0, ?2008?-?12?-?24T21:48:25.000000000Z) unloaded successfully.","1","0",,"4","0","0","-9223372036854775808","4344","Microsoft-Windows-FilterManager","f3c5e28e-63f6-49c7-a204-e48a1bc4b09d","System","4","268","ServerDC2.ad.jasonsexperiments.com","S-1-5-18","4/10/2025 8:15:21 PM",,,"System","System.UInt32[]","System.Diagnostics.Eventing.Reader.EventBookmark","Information","Info",,"System.Collections.ObjectModel.ReadOnlyCollection`1[System.String]","System.Collections.Generic.List`1[System.Diagnostics.Eventing.Reader.EventProperty]"
"File System Filter 'CldFlt' (10.0, ?2008?-?12?-?24T21:48:25.000000000Z) has successfully loaded and registered with Filter Manager.","6","0",,"4","0","0","-9223372036854775808","4343","Microsoft-Windows-FilterManager","f3c5e28e-63f6-49c7-a204-e48a1bc4b09d","System","4","268","ServerDC2.ad.jasonsexperiments.com","S-1-5-18","4/10/2025 8:15:21 PM",,,"System","System.UInt32[]","System.Diagnostics.Eventing.Reader.EventBookmark","Information","Info",,"System.Collections.ObjectModel.ReadOnlyCollection`1[System.String]","System.Collections.Generic.List`1[System.Diagnostics.Eventing.Reader.EventProperty]"
"File System Filter 'luafv' (10.0, ?2083?-?07?-?27T15:34:58.000000000Z) has successfully loaded and registered with Filter Manager.","6","0",,"4","0","0","-9223372036854775808","4342","Microsoft-Windows-FilterManager","f3c5e28e-63f6-49c7-a204-e48a1bc4b09d","System","4","268","ServerDC2.ad.jasonsexperiments.com","S-1-5-18","4/10/2025 8:15:21 PM",,,"System","System.UInt32[]","System.Diagnostics.Eventing.Reader.EventBookmark","Information","Info",,"System.Collections.ObjectModel.ReadOnlyCollection`1[System.String]","System.Collections.Generic.List`1[System.Diagnostics.Eventing.Reader.EventProperty]"
"The EventLog service entered the running state.","7036","0","16384","4","0","0","-9187343239835811840","4341","Service Control Manager","555908d1-a6d7-4695-8e1e-26931d2012f4","System","644","1124","ServerDC2.ad.jasonsexperiments.com",,"4/10/2025 8:15:21 PM",,,"System","System.UInt32[]","System.Diagnostics.Eventing.Reader.EventBookmark","Information",,,"System.Collections.ObjectModel.ReadOnlyCollection`1[System.String]","System.Collections.Generic.List`1[System.Diagnostics.Eventing.Reader.EventProperty]"
"The Dhcp service entered the running state.","7036","0","16384","4","0","0","-9187343239835811840","4340","Service Control Manager","555908d1-a6d7-4695-8e1e-26931d2012f4","System","644","1076","ServerDC2.ad.jasonsexperiments.com",,"4/10/2025 8:15:21 PM",,,"System","System.UInt32[]","System.Diagnostics.Eventing.Reader.EventBookmark","Information",,,"System.Collections.ObjectModel.ReadOnlyCollection`1[System.String]","System.Collections.Generic.List`1[System.Diagnostics.Eventing.Reader.EventProperty]"
"DHCPv6 client service is started","51046","0",,"4","4","62","2305843009213693952","4339","Microsoft-Windows-DHCPv6-Client","6a1f2b00-6a90-4c38-95a5-5cab3b056778","System","1156","1356","ServerDC2.ad.jasonsexperiments.com","S-1-5-19","4/10/2025 8:15:21 PM",,,"System","System.UInt32[]","System.Diagnostics.Eventing.Reader.EventBookmark","Information","ServiceStart","Service State Event","System.Collections.ObjectModel.ReadOnlyCollection`1[System.String]","System.Collections.Generic.List`1[System.Diagnostics.Eventing.Reader.EventProperty]"
"File System Filter 'wcifs' (10.0, ?1979?-?05?-?17T09:12:11.000000000Z) has successfully loaded and registered with Filter Manager.","6","0",,"4","0","0","-9223372036854775808","4338","Microsoft-Windows-FilterManager","f3c5e28e-63f6-49c7-a204-e48a1bc4b09d","System","4","312","ServerDC2.ad.jasonsexperiments.com","S-1-5-18","4/10/2025 8:15:21 PM",,,"System","System.UInt32[]","System.Diagnostics.Eventing.Reader.EventBookmark","Information","Info",,"System.Collections.ObjectModel.ReadOnlyCollection`1[System.String]","System.Collections.Generic.List`1[System.Diagnostics.Eventing.Reader.EventProperty]"
"DHCPv4 client registered for shutdown notification","50103","0",,"4","4","129","2305843009213693952","4337","Microsoft-Windows-Dhcp-Client","15a7a4f8-0072-4eab-abad-f98a4d666aed","System","1156","1264","ServerDC2.ad.jasonsexperiments.com","S-1-5-19","4/10/2025 8:15:21 PM",,,"System","System.UInt32[]","System.Diagnostics.Eventing.Reader.EventBookmark","Information","ServiceShutdown","Service State Event","System.Collections.ObjectModel.ReadOnlyCollection`1[System.String]","System.Collections.Generic.List`1[System.Diagnostics.Eventing.Reader.EventProperty]"
"DHCPv4 client service is started","50036","0",,"4","4","68","2305843009213693952","4336","Microsoft-Windows-Dhcp-Client","15a7a4f8-0072-4eab-abad-f98a4d666aed","System","1156","1264","ServerDC2.ad.jasonsexperiments.com","S-1-5-19","4/10/2025 8:15:21 PM",,,"System","System.UInt32[]","System.Diagnostics.Eventing.Reader.EventBookmark","Information","ServiceStart","Service State Event","System.Collections.ObjectModel.ReadOnlyCollection`1[System.String]","System.Collections.Generic.List`1[System.Diagnostics.Eventing.Reader.EventProperty]"
"The TimeBrokerSvc service entered the running state.","7036","0","16384","4","0","0","-9187343239835811840","4335","Service Control Manager","555908d1-a6d7-4695-8e1e-26931d2012f4","System","644","1136","ServerDC2.ad.jasonsexperiments.com",,"4/10/2025 8:15:21 PM",,,"System","System.UInt32[]","System.Diagnostics.Eventing.Reader.EventBookmark","Information",,,"System.Collections.ObjectModel.ReadOnlyCollection`1[System.String]","System.Collections.Generic.List`1[System.Diagnostics.Eventing.Reader.EventProperty]"
"The nsi service entered the running state.","7036","0","16384","4","0","0","-9187343239835811840","4334","Service Control Manager","555908d1-a6d7-4695-8e1e-26931d2012f4","System","644","764","ServerDC2.ad.jasonsexperiments.com",,"4/10/2025 8:15:20 PM",,,"System","System.UInt32[]","System.Diagnostics.Eventing.Reader.EventBookmark","Information",,,"System.Collections.ObjectModel.ReadOnlyCollection`1[System.String]","System.Collections.Generic.List`1[System.Diagnostics.Eventing.Reader.EventProperty]"
"The lmhosts service entered the running state.","7036","0","16384","4","0","0","-9187343239835811840","4333","Service Control Manager","555908d1-a6d7-4695-8e1e-26931d2012f4","System","644","1124","ServerDC2.ad.jasonsexperiments.com",,"4/10/2025 8:15:20 PM",,,"System","System.UInt32[]","System.Diagnostics.Eventing.Reader.EventBookmark","Information",,,"System.Collections.ObjectModel.ReadOnlyCollection`1[System.String]","System.Collections.Generic.List`1[System.Diagnostics.Eventing.Reader.EventProperty]"
"The SystemEventsBroker service entered the running state.","7036","0","16384","4","0","0","-9187343239835811840","4332","Service Control Manager","555908d1-a6d7-4695-8e1e-26931d2012f4","System","644","760","ServerDC2.ad.jasonsexperiments.com",,"4/10/2025 8:15:20 PM",,,"System","System.UInt32[]","System.Diagnostics.Eventing.Reader.EventBookmark","Information",,,"System.Collections.ObjectModel.ReadOnlyCollection`1[System.String]","System.Collections.Generic.List`1[System.Diagnostics.Eventing.Reader.EventProperty]"
"The device driver for the Trusted Platform Module (TPM) encountered a non-recoverable error in the TPM hardware, which prevents TPM services (such as data encryption) from being used. For further help, please contact the computer manufacturer.","15","0",,"2","0","0","-9223372036854775808","4331","TPM","1b6b0772-251b-4d42-917d-faca166bc059","System","4","344","ServerDC2.ad.jasonsexperiments.com","S-1-5-18","4/10/2025 8:15:20 PM",,,"System","System.UInt32[]","System.Diagnostics.Eventing.Reader.EventBookmark","Error","Info",,"System.Collections.ObjectModel.ReadOnlyCollection`1[System.String]","System.Collections.Generic.List`1[System.Diagnostics.Eventing.Reader.EventProperty]"
"The BrokerInfrastructure service entered the running state.","7036","0","16384","4","0","0","-9187343239835811840","4330","Service Control Manager","555908d1-a6d7-4695-8e1e-26931d2012f4","System","644","760","ServerDC2.ad.jasonsexperiments.com",,"4/10/2025 8:15:20 PM",,,"System","System.UInt32[]","System.Diagnostics.Eventing.Reader.EventBookmark","Information",,,"System.Collections.ObjectModel.ReadOnlyCollection`1[System.String]","System.Collections.Generic.List`1[System.Diagnostics.Eventing.Reader.EventProperty]"
"The LSM service entered the running state.","7036","0","16384","4","0","0","-9187343239835811840","4329","Service Control Manager","555908d1-a6d7-4695-8e1e-26931d2012f4","System","644","760","ServerDC2.ad.jasonsexperiments.com",,"4/10/2025 8:15:20 PM",,,"System","System.UInt32[]","System.Diagnostics.Eventing.Reader.EventBookmark","Information",,,"System.Collections.ObjectModel.ReadOnlyCollection`1[System.String]","System.Collections.Generic.List`1[System.Diagnostics.Eventing.Reader.EventProperty]"
"The RpcSs service entered the running state.","7036","0","16384","4","0","0","-9187343239835811840","4328","Service Control Manager","555908d1-a6d7-4695-8e1e-26931d2012f4","System","644","760","ServerDC2.ad.jasonsexperiments.com",,"4/10/2025 8:15:20 PM",,,"System","System.UInt32[]","System.Diagnostics.Eventing.Reader.EventBookmark","Information",,,"System.Collections.ObjectModel.ReadOnlyCollection`1[System.String]","System.Collections.Generic.List`1[System.Diagnostics.Eventing.Reader.EventProperty]"
"The RpcEptMapper service entered the running state.","7036","0","16384","4","0","0","-9187343239835811840","4327","Service Control Manager","555908d1-a6d7-4695-8e1e-26931d2012f4","System","644","760","ServerDC2.ad.jasonsexperiments.com",,"4/10/2025 8:15:20 PM",,,"System","System.UInt32[]","System.Diagnostics.Eventing.Reader.EventBookmark","Information",,,"System.Collections.ObjectModel.ReadOnlyCollection`1[System.String]","System.Collections.Generic.List`1[System.Diagnostics.Eventing.Reader.EventProperty]"
"The DcomLaunch service entered the running state.","7036","0","16384","4","0","0","-9187343239835811840","4326","Service Control Manager","555908d1-a6d7-4695-8e1e-26931d2012f4","System","644","760","ServerDC2.ad.jasonsexperiments.com",,"4/10/2025 8:15:20 PM",,,"System","System.UInt32[]","System.Diagnostics.Eventing.Reader.EventBookmark","Information",,,"System.Collections.ObjectModel.ReadOnlyCollection`1[System.String]","System.Collections.Generic.List`1[System.Diagnostics.Eventing.Reader.EventProperty]"
"The Power service entered the running state.","7036","0","16384","4","0","0","-9187343239835811840","4325","Service Control Manager","555908d1-a6d7-4695-8e1e-26931d2012f4","System","644","760","ServerDC2.ad.jasonsexperiments.com",,"4/10/2025 8:15:20 PM",,,"System","System.UInt32[]","System.Diagnostics.Eventing.Reader.EventBookmark","Information",,,"System.Collections.ObjectModel.ReadOnlyCollection`1[System.String]","System.Collections.Generic.List`1[System.Diagnostics.Eventing.Reader.EventProperty]"
"The PlugPlay service entered the running state.","7036","0","16384","4","0","0","-9187343239835811840","4324","Service Control Manager","555908d1-a6d7-4695-8e1e-26931d2012f4","System","644","764","ServerDC2.ad.jasonsexperiments.com",,"4/10/2025 8:15:20 PM",,,"System","System.UInt32[]","System.Diagnostics.Eventing.Reader.EventBookmark","Information",,,"System.Collections.ObjectModel.ReadOnlyCollection`1[System.String]","System.Collections.Generic.List`1[System.Diagnostics.Eventing.Reader.EventProperty]"
"The security account manager successfully initialized the Local Administrator Password Solution (LAPS) extension dll.
","16993","0",,"4","0","0","-9223372036854775808","4323","Microsoft-Windows-Directory-Services-SAM","0d4fdc09-8c27-494a-bda0-505e4fd8adae","System","652","656","ServerDC2.ad.jasonsexperiments.com","S-1-5-18","4/10/2025 8:15:20 PM",,,"System","System.UInt32[]","System.Diagnostics.Eventing.Reader.EventBookmark","Information","Info",,"System.Collections.ObjectModel.ReadOnlyCollection`1[System.String]","System.Collections.Generic.List`1[System.Diagnostics.Eventing.Reader.EventProperty]"
"The security account manager is now logging periodic summary events for remote clients that call legacy password change or set RPC methods.

For more information please see https://go.microsoft.com/fwlink/?linkid=2150956.
","16983","0",,"4","0","0","-9223372036854775808","4322","Microsoft-Windows-Directory-Services-SAM","0d4fdc09-8c27-494a-bda0-505e4fd8adae","System","652","656","ServerDC2.ad.jasonsexperiments.com","S-1-5-18","4/10/2025 8:15:20 PM",,,"System","System.UInt32[]","System.Diagnostics.Eventing.Reader.EventBookmark","Information","Info",,"System.Collections.ObjectModel.ReadOnlyCollection`1[System.String]","System.Collections.Generic.List`1[System.Diagnostics.Eventing.Reader.EventProperty]"
"The domain is configured with the following minimum password length-related settings.

MinimumPasswordLength: 7

MinimumPasswordLengthAudit: -1

