"The Windows Modules Installer service entered the running state.","7036","0","16384","4","0","0","-9187343239835811840","4798","Service Control Manager","555908d1-a6d7-4695-8e1e-26931d2012f4","System","624","4808","ServerDC2.ad.jasonsexperiments.com",,"5/13/2025 9:13:09 PM",,,"System","System.UInt32[]","System.Diagnostics.Eventing.Reader.EventBookmark","Information",,,"System.Collections.ObjectModel.ReadOnlyCollection`1[System.String]","System.Collections.Generic.List`1[System.Diagnostics.Eventing.Reader.EventProperty]"
"The Windows Biometric Service service entered the running state.","7036","0","16384","4","0","0","-9187343239835811840","4797","Service Control Manager","555908d1-a6d7-4695-8e1e-26931d2012f4","System","624","4176","ServerDC2.ad.jasonsexperiments.com",,"5/13/2025 9:13:01 PM",,,"System","System.UInt32[]","System.Diagnostics.Eventing.Reader.EventBookmark","Information",,,"System.Collections.ObjectModel.ReadOnlyCollection`1[System.String]","System.Collections.Generic.List`1[System.Diagnostics.Eventing.Reader.EventProperty]"
"The AVCTP service service entered the running state.","7036","0","16384","4","0","0","-9187343239835811840","4796","Service Control Manager","555908d1-a6d7-4695-8e1e-26931d2012f4","System","624","4176","ServerDC2.ad.jasonsexperiments.com",,"5/13/2025 9:13:00 PM",,,"System","System.UInt32[]","System.Diagnostics.Eventing.Reader.EventBookmark","Information",,,"System.Collections.ObjectModel.ReadOnlyCollection`1[System.String]","System.Collections.Generic.List`1[System.Diagnostics.Eventing.Reader.EventProperty]"
"The Network Setup Service service entered the stopped state.","7036","0","16384","4","0","0","-9187343239835811840","4795","Service Control Manager","555908d1-a6d7-4695-8e1e-26931d2012f4","System","624","4176","ServerDC2.ad.jasonsexperiments.com",,"5/13/2025 9:12:59 PM",,,"System","System.UInt32[]","System.Diagnostics.Eventing.Reader.EventBookmark","Information",,,"System.Collections.ObjectModel.ReadOnlyCollection`1[System.String]","System.Collections.Generic.List`1[System.Diagnostics.Eventing.Reader.EventProperty]"
"The Capability Access Manager Service service entered the running state.","7036","0","16384","4","0","0","-9187343239835811840","4794","Service Control Manager","555908d1-a6d7-4695-8e1e-26931d2012f4","System","624","4596","ServerDC2.ad.jasonsexperiments.com",,"5/13/2025 9:12:52 PM",,,"System","System.UInt32[]","System.Diagnostics.Eventing.Reader.EventBookmark","Information",,,"System.Collections.ObjectModel.ReadOnlyCollection`1[System.String]","System.Collections.Generic.List`1[System.Diagnostics.Eventing.Reader.EventProperty]"
"The access history in hive \??\C:\Users\vboxuser\AppData\Local\Packages\Microsoft.Windows.Cortana_cw5n1h2txyewy\Settings\settings.dat was cleared updating 35 keys and creating 7 modified pages.","16","0",,"4","0","0","-9223372036854775808","4793","Microsoft-Windows-Kernel-General","a68ca8b7-004f-d7b6-a698-07e2de0f1f5d","System","876","4684","ServerDC2.ad.jasonsexperiments.com","S-1-5-18","5/13/2025 9:12:51 PM",,,"System","System.UInt32[]","System.Diagnostics.Eventing.Reader.EventBookmark","Information","Info",,"System.Collections.ObjectModel.ReadOnlyCollection`1[System.String]","System.Collections.Generic.List`1[System.Diagnostics.Eventing.Reader.EventProperty]"
"The access history in hive \??\C:\Users\vboxuser\AppData\Local\Packages\Microsoft.Windows.ShellExperienceHost_cw5n1h2txyewy\Settings\settings.dat was cleared updating 3 keys and creating 1 modified pages.","16","0",,"4","0","0","-9223372036854775808","4792","Microsoft-Windows-Kernel-General","a68ca8b7-004f-d7b6-a698-07e2de0f1f5d","System","3808","3756","ServerDC2.ad.jasonsexperiments.com","S-1-5-18","5/13/2025 9:12:51 PM",,,"System","System.UInt32[]","System.Diagnostics.Eventing.Reader.EventBookmark","Information","Info",,"System.Collections.ObjectModel.ReadOnlyCollection`1[System.String]","System.Collections.Generic.List`1[System.Diagnostics.Eventing.Reader.EventProperty]"
"The machine-default permission settings do not grant Local Activation permission for the COM Server application with CLSID 
{F87B28F1-DA9A-4F35-8EC0-800EFCF26B83}
 and APPID 
{0868DC9B-D9A2-4F64-9362-133CEA201299}
 to the user NT AUTHORITY\NETWORK SERVICE SID (S-1-5-20) from address LocalHost (Using LRPC) running in the application container Unavailable SID (Unavailable). This security permission can be modified using the Component Services administrative tool.","10016","0","0","2","0","0","-9187343239835811840","4791","Microsoft-Windows-DistributedCOM","1b562e86-b7aa-4131-badc-b6f3a001407e","System","936","968","ServerDC2.ad.jasonsexperiments.com","S-1-5-20","5/13/2025 9:12:50 PM",,,"System","System.UInt32[]","System.Diagnostics.Eventing.Reader.EventBookmark","Error","Info",,"System.Collections.ObjectModel.ReadOnlyCollection`1[System.String]","System.Collections.Generic.List`1[System.Diagnostics.Eventing.Reader.EventProperty]"
"The AppX Deployment Service (AppXSVC) service entered the running state.","7036","0","16384","4","0","0","-9187343239835811840","4790","Service Control Manager","555908d1-a6d7-4695-8e1e-26931d2012f4","System","624","4596","ServerDC2.ad.jasonsexperiments.com",,"5/13/2025 9:12:50 PM",,,"System","System.UInt32[]","System.Diagnostics.Eventing.Reader.EventBookmark","Information",,,"System.Collections.ObjectModel.ReadOnlyCollection`1[System.String]","System.Collections.Generic.List`1[System.Diagnostics.Eventing.Reader.EventProperty]"
"The State Repository Service service entered the running state.","7036","0","16384","4","0","0","-9187343239835811840","4789","Service Control Manager","555908d1-a6d7-4695-8e1e-26931d2012f4","System","624","4596","ServerDC2.ad.jasonsexperiments.com",,"5/13/2025 9:12:50 PM",,,"System","System.UInt32[]","System.Diagnostics.Eventing.Reader.EventBookmark","Information",,,"System.Collections.ObjectModel.ReadOnlyCollection`1[System.String]","System.Collections.Generic.List`1[System.Diagnostics.Eventing.Reader.EventProperty]"
"The Touch Keyboard and Handwriting Panel Service service entered the running state.","7036","0","16384","4","0","0","-9187343239835811840","4788","Service Control Manager","555908d1-a6d7-4695-8e1e-26931d2012f4","System","624","4596","ServerDC2.ad.jasonsexperiments.com",,"5/13/2025 9:12:50 PM",,,"System","System.UInt32[]","System.Diagnostics.Eventing.Reader.EventBookmark","Information",,,"System.Collections.ObjectModel.ReadOnlyCollection`1[System.String]","System.Collections.Generic.List`1[System.Diagnostics.Eventing.Reader.EventProperty]"
"The Microsoft Passport Container service entered the running state.","7036","0","16384","4","0","0","-9187343239835811840","4787","Service Control Manager","555908d1-a6d7-4695-8e1e-26931d2012f4","System","624","4808","ServerDC2.ad.jasonsexperiments.com",,"5/13/2025 9:12:50 PM",,,"System","System.UInt32[]","System.Diagnostics.Eventing.Reader.EventBookmark","Information",,,"System.Collections.ObjectModel.ReadOnlyCollection`1[System.String]","System.Collections.Generic.List`1[System.Diagnostics.Eventing.Reader.EventProperty]"
"The Web Account Manager service entered the running state.","7036","0","16384","4","0","0","-9187343239835811840","4786","Service Control Manager","555908d1-a6d7-4695-8e1e-26931d2012f4","System","624","4808","ServerDC2.ad.jasonsexperiments.com",,"5/13/2025 9:12:49 PM",,,"System","System.UInt32[]","System.Diagnostics.Eventing.Reader.EventBookmark","Information",,,"System.Collections.ObjectModel.ReadOnlyCollection`1[System.String]","System.Collections.Generic.List`1[System.Diagnostics.Eventing.Reader.EventProperty]"
"The Windows Push Notifications User Service_480e0 service entered the running state.","7036","0","16384","4","0","0","-9187343239835811840","4785","Service Control Manager","555908d1-a6d7-4695-8e1e-26931d2012f4","System","624","4176","ServerDC2.ad.jasonsexperiments.com",,"5/13/2025 9:12:49 PM",,,"System","System.UInt32[]","System.Diagnostics.Eventing.Reader.EventBookmark","Information",,,"System.Collections.ObjectModel.ReadOnlyCollection`1[System.String]","System.Collections.Generic.List`1[System.Diagnostics.Eventing.Reader.EventProperty]"
"The Connected Devices Platform User Service_480e0 service entered the running state.","7036","0","16384","4","0","0","-9187343239835811840","4784","Service Control Manager","555908d1-a6d7-4695-8e1e-26931d2012f4","System","624","4176","ServerDC2.ad.jasonsexperiments.com",,"5/13/2025 9:12:49 PM",,,"System","System.UInt32[]","System.Diagnostics.Eventing.Reader.EventBookmark","Information",,,"System.Collections.ObjectModel.ReadOnlyCollection`1[System.String]","System.Collections.Generic.List`1[System.Diagnostics.Eventing.Reader.EventProperty]"
"User Logon Notification for Customer Experience Improvement Program","7001","0",,"4","1101","0","2305878193585782784","4783","Microsoft-Windows-Winlogon","dbe9b383-7cf3-4331-91cc-a3cb16a3b538","System","552","340","ServerDC2.ad.jasonsexperiments.com","S-1-5-18","5/13/2025 9:12:49 PM",,,"System","System.UInt32[]","System.Diagnostics.Eventing.Reader.EventBookmark","Information","Info",,"System.Collections.ObjectModel.ReadOnlyCollection`1[System.String]","System.Collections.Generic.List`1[System.Diagnostics.Eventing.Reader.EventProperty]"
"The Connected Devices Platform Service service entered the running state.","7036","0","16384","4","0","0","-9187343239835811840","4782","Service Control Manager","555908d1-a6d7-4695-8e1e-26931d2012f4","System","624","4176","ServerDC2.ad.jasonsexperiments.com",,"5/13/2025 9:12:45 PM",,,"System","System.UInt32[]","System.Diagnostics.Eventing.Reader.EventBookmark","Information",,,"System.Collections.ObjectModel.ReadOnlyCollection`1[System.String]","System.Collections.Generic.List`1[System.Diagnostics.Eventing.Reader.EventProperty]"
"The CNG Key Isolation service entered the running state.","7036","0","16384","4","0","0","-9187343239835811840","4781","Service Control Manager","555908d1-a6d7-4695-8e1e-26931d2012f4","System","624","4176","ServerDC2.ad.jasonsexperiments.com",,"5/13/2025 9:12:45 PM",,,"System","System.UInt32[]","System.Diagnostics.Eventing.Reader.EventBookmark","Information",,,"System.Collections.ObjectModel.ReadOnlyCollection`1[System.String]","System.Collections.Generic.List`1[System.Diagnostics.Eventing.Reader.EventProperty]"
"The Update Orchestrator Service service entered the running state.","7036","0","16384","4","0","0","-9187343239835811840","4780","Service Control Manager","555908d1-a6d7-4695-8e1e-26931d2012f4","System","624","4176","ServerDC2.ad.jasonsexperiments.com",,"5/13/2025 9:12:45 PM",,,"System","System.UInt32[]","System.Diagnostics.Eventing.Reader.EventBookmark","Information",,,"System.Collections.ObjectModel.ReadOnlyCollection`1[System.String]","System.Collections.Generic.List`1[System.Diagnostics.Eventing.Reader.EventProperty]"
"The User Access Logging Service service entered the running state.","7036","0","16384","4","0","0","-9187343239835811840","4779","Service Control Manager","555908d1-a6d7-4695-8e1e-26931d2012f4","System","624","4176","ServerDC2.ad.jasonsexperiments.com",,"5/13/2025 9:12:44 PM",,,"System","System.UInt32[]","System.Diagnostics.Eventing.Reader.EventBookmark","Information",,,"System.Collections.ObjectModel.ReadOnlyCollection`1[System.String]","System.Collections.Generic.List`1[System.Diagnostics.Eventing.Reader.EventProperty]"
"The Network Setup Service service entered the running state.","7036","0","16384","4","0","0","-9187343239835811840","4778","Service Control Manager","555908d1-a6d7-4695-8e1e-26931d2012f4","System","624","4176","ServerDC2.ad.jasonsexperiments.com",,"5/13/2025 9:12:44 PM",,,"System","System.UInt32[]","System.Diagnostics.Eventing.Reader.EventBookmark","Information",,,"System.Collections.ObjectModel.ReadOnlyCollection`1[System.String]","System.Collections.Generic.List`1[System.Diagnostics.Eventing.Reader.EventProperty]"
"The Software Protection service entered the running state.","7036","0","16384","4","0","0","-9187343239835811840","4777","Service Control Manager","555908d1-a6d7-4695-8e1e-26931d2012f4","System","624","4808","ServerDC2.ad.jasonsexperiments.com",,"5/13/2025 9:12:43 PM",,,"System","System.UInt32[]","System.Diagnostics.Eventing.Reader.EventBookmark","Information",,,"System.Collections.ObjectModel.ReadOnlyCollection`1[System.String]","System.Collections.Generic.List`1[System.Diagnostics.Eventing.Reader.EventProperty]"
"The Distributed Transaction Coordinator service entered the running state.","7036","0","16384","4","0","0","-9187343239835811840","4776","Service Control Manager","555908d1-a6d7-4695-8e1e-26931d2012f4","System","624","4176","ServerDC2.ad.jasonsexperiments.com",,"5/13/2025 9:12:43 PM",,,"System","System.UInt32[]","System.Diagnostics.Eventing.Reader.EventBookmark","Information",,,"System.Collections.ObjectModel.ReadOnlyCollection`1[System.String]","System.Collections.Generic.List`1[System.Diagnostics.Eventing.Reader.EventProperty]"
"The Diagnostic Policy Service service entered the running state.","7036","0","16384","4","0","0","-9187343239835811840","4775","Service Control Manager","555908d1-a6d7-4695-8e1e-26931d2012f4","System","624","4176","ServerDC2.ad.jasonsexperiments.com",,"5/13/2025 9:12:42 PM",,,"System","System.UInt32[]","System.Diagnostics.Eventing.Reader.EventBookmark","Information",,,"System.Collections.ObjectModel.ReadOnlyCollection`1[System.String]","System.Collections.Generic.List`1[System.Diagnostics.Eventing.Reader.EventProperty]"
"Hive \SystemRoot\System32\config\DRIVERS was reorganized with a starting size of 3833856 bytes and an ending size of 3813376 bytes.","15","0",,"4","0","0","-9223372036854775808","4774","Microsoft-Windows-Kernel-General","a68ca8b7-004f-d7b6-a698-07e2de0f1f5d","System","4","3552","ServerDC2.ad.jasonsexperiments.com","S-1-5-18","5/13/2025 9:12:41 PM",,,"System","System.UInt32[]","System.Diagnostics.Eventing.Reader.EventBookmark","Information","Info",,"System.Collections.ObjectModel.ReadOnlyCollection`1[System.String]","System.Collections.Generic.List`1[System.Diagnostics.Eventing.Reader.EventProperty]"
"The Credential Manager service entered the running state.","7036","0","16384","4","0","0","-9187343239835811840","4773","Service Control Manager","555908d1-a6d7-4695-8e1e-26931d2012f4","System","624","4808","ServerDC2.ad.jasonsexperiments.com",,"5/13/2025 9:12:40 PM",,,"System","System.UInt32[]","System.Diagnostics.Eventing.Reader.EventBookmark","Information",,,"System.Collections.ObjectModel.ReadOnlyCollection`1[System.String]","System.Collections.Generic.List`1[System.Diagnostics.Eventing.Reader.EventProperty]"
"The Microsoft Passport service entered the running state.","7036","0","16384","4","0","0","-9187343239835811840","4772","Service Control Manager","555908d1-a6d7-4695-8e1e-26931d2012f4","System","624","4816","ServerDC2.ad.jasonsexperiments.com",,"5/13/2025 9:12:40 PM",,,"System","System.UInt32[]","System.Diagnostics.Eventing.Reader.EventBookmark","Information",,,"System.Collections.ObjectModel.ReadOnlyCollection`1[System.String]","System.Collections.Generic.List`1[System.Diagnostics.Eventing.Reader.EventProperty]"
"The access history in hive \??\C:\Users\vboxuser\AppData\Local\Microsoft\Windows\UsrClass.dat was cleared updating 607 keys and creating 149 modified pages.","16","0",,"4","0","0","-9223372036854775808","4771","Microsoft-Windows-Kernel-General","a68ca8b7-004f-d7b6-a698-07e2de0f1f5d","System","1616","1796","ServerDC2.ad.jasonsexperiments.com","S-1-5-18","5/13/2025 9:12:40 PM",,,"System","System.UInt32[]","System.Diagnostics.Eventing.Reader.EventBookmark","Information","Info",,"System.Collections.ObjectModel.ReadOnlyCollection`1[System.String]","System.Collections.Generic.List`1[System.Diagnostics.Eventing.Reader.EventProperty]"
"The access history in hive \??\C:\Users\vboxuser\ntuser.dat was cleared updating 1229 keys and creating 120 modified pages.","16","0",,"4","0","0","-9223372036854775808","4770","Microsoft-Windows-Kernel-General","a68ca8b7-004f-d7b6-a698-07e2de0f1f5d","System","1616","1796","ServerDC2.ad.jasonsexperiments.com","S-1-5-18","5/13/2025 9:12:39 PM",,,"System","System.UInt32[]","System.Diagnostics.Eventing.Reader.EventBookmark","Information","Info",,"System.Collections.ObjectModel.ReadOnlyCollection`1[System.String]","System.Collections.Generic.List`1[System.Diagnostics.Eventing.Reader.EventProperty]"
"The Windows Update service entered the running state.","7036","0","16384","4","0","0","-9187343239835811840","4769","Service Control Manager","555908d1-a6d7-4695-8e1e-26931d2012f4","System","624","428","ServerDC2.ad.jasonsexperiments.com",,"5/13/2025 9:11:03 PM",,,"System","System.UInt32[]","System.Diagnostics.Eventing.Reader.EventBookmark","Information",,,"System.Collections.ObjectModel.ReadOnlyCollection`1[System.String]","System.Collections.Generic.List`1[System.Diagnostics.Eventing.Reader.EventProperty]"
"The Delivery Optimization service entered the stopped state.","7036","0","16384","4","0","0","-9187343239835811840","4768","Service Control Manager","555908d1-a6d7-4695-8e1e-26931d2012f4","System","624","428","ServerDC2.ad.jasonsexperiments.com",,"5/13/2025 9:11:03 PM",,,"System","System.UInt32[]","System.Diagnostics.Eventing.Reader.EventBookmark","Information",,,"System.Collections.ObjectModel.ReadOnlyCollection`1[System.String]","System.Collections.Generic.List`1[System.Diagnostics.Eventing.Reader.EventProperty]"
"The access history in hive \??\C:\Windows\ServiceProfiles\NetworkService\AppData\Local\Microsoft\Windows\DeliveryOptimization\State\dosvcState.dat was cleared updating 4 keys and creating 1 modified pages.","16","0",,"4","0","0","-9223372036854775808","4767","Microsoft-Windows-Kernel-General","a68ca8b7-004f-d7b6-a698-07e2de0f1f5d","System","4508","4544","ServerDC2.ad.jasonsexperiments.com","S-1-5-18","5/13/2025 9:11:03 PM",,,"System","System.UInt32[]","System.Diagnostics.Eventing.Reader.EventBookmark","Information","Info",,"System.Collections.ObjectModel.ReadOnlyCollection`1[System.String]","System.Collections.Generic.List`1[System.Diagnostics.Eventing.Reader.EventProperty]"
"The Delivery Optimization service entered the running state.","7036","0","16384","4","0","0","-9187343239835811840","4766","Service Control Manager","555908d1-a6d7-4695-8e1e-26931d2012f4","System","624","428","ServerDC2.ad.jasonsexperiments.com",,"5/13/2025 9:11:03 PM",,,"System","System.UInt32[]","System.Diagnostics.Eventing.Reader.EventBookmark","Information",,,"System.Collections.ObjectModel.ReadOnlyCollection`1[System.String]","System.Collections.Generic.List`1[System.Diagnostics.Eventing.Reader.EventProperty]"
"The access history in hive \??\C:\Windows\ServiceProfiles\NetworkService\AppData\Local\Microsoft\Windows\DeliveryOptimization\State\migration.dat was cleared updating 4 keys and creating 1 modified pages.","16","0",,"4","0","0","-9223372036854775808","4765","Microsoft-Windows-Kernel-General","a68ca8b7-004f-d7b6-a698-07e2de0f1f5d","System","4508","4544","ServerDC2.ad.jasonsexperiments.com","S-1-5-18","5/13/2025 9:11:03 PM",,,"System","System.UInt32[]","System.Diagnostics.Eventing.Reader.EventBookmark","Information","Info",,"System.Collections.ObjectModel.ReadOnlyCollection`1[System.String]","System.Collections.Generic.List`1[System.Diagnostics.Eventing.Reader.EventProperty]"
"The Network Connectivity Assistant service entered the stopped state.","7036","0","16384","4","0","0","-9187343239835811840","4764","Service Control Manager","555908d1-a6d7-4695-8e1e-26931d2012f4","System","624","700","ServerDC2.ad.jasonsexperiments.com",,"5/13/2025 9:11:03 PM",,,"System","System.UInt32[]","System.Diagnostics.Eventing.Reader.EventBookmark","Information",,,"System.Collections.ObjectModel.ReadOnlyCollection`1[System.String]","System.Collections.Generic.List`1[System.Diagnostics.Eventing.Reader.EventProperty]"
"The DNS service entered the running state.","7036","0","16384","4","0","0","-9187343239835811840","4763","Service Control Manager","555908d1-a6d7-4695-8e1e-26931d2012f4","System","624","736","ServerDC2.ad.jasonsexperiments.com",,"5/13/2025 9:11:02 PM",,,"System","System.UInt32[]","System.Diagnostics.Eventing.Reader.EventBookmark","Information",,,"System.Collections.ObjectModel.ReadOnlyCollection`1[System.String]","System.Collections.Generic.List`1[System.Diagnostics.Eventing.Reader.EventProperty]"
"The sppsvc service entered the stopped state.","7036","0","16384","4","0","0","-9187343239835811840","4762","Service Control Manager","555908d1-a6d7-4695-8e1e-26931d2012f4","System","624","736","ServerDC2.ad.jasonsexperiments.com",,"5/13/2025 9:10:56 PM",,,"System","System.UInt32[]","System.Diagnostics.Eventing.Reader.EventBookmark","Information",,,"System.Collections.ObjectModel.ReadOnlyCollection`1[System.String]","System.Collections.Generic.List`1[System.Diagnostics.Eventing.Reader.EventProperty]"
"The W32Time service entered the running state.","7036","0","16384","4","0","0","-9187343239835811840","4761","Service Control Manager","555908d1-a6d7-4695-8e1e-26931d2012f4","System","624","736","ServerDC2.ad.jasonsexperiments.com",,"5/13/2025 9:10:52 PM",,,"System","System.UInt32[]","System.Diagnostics.Eventing.Reader.EventBookmark","Information",,,"System.Collections.ObjectModel.ReadOnlyCollection`1[System.String]","System.Collections.Generic.List`1[System.Diagnostics.Eventing.Reader.EventProperty]"
"Time Provider NtpClient: This machine is configured to use the domain hierarchy to determine its time source, but it is the AD PDC emulator for the domain at the root of the forest, so there is no machine above it in the domain hierarchy to use as a time source. It is recommended that you either configure a reliable time service in the root domain, or manually configure the AD PDC to synchronize with an external time source. Otherwise, this machine will function as the authoritative time source in the domain hierarchy. If an external time source is not configured or used for this computer, you may choose to disable the NtpClient.","12","0",,"3","0","0","-9223372036854775808","4760","Microsoft-Windows-Time-Service","06edcfeb-0fd0-4e53-acca-a6f8bbf81bcb","System","1100","1280","ServerDC2.ad.jasonsexperiments.com","S-1-5-19","5/13/2025 9:10:52 PM",,,"System","System.UInt32[]","System.Diagnostics.Eventing.Reader.EventBookmark","Warning","Info",,"System.Collections.ObjectModel.ReadOnlyCollection`1[System.String]","System.Collections.Generic.List`1[System.Diagnostics.Eventing.Reader.EventProperty]"
"The WinRM service failed to create the following SPNs: WSMAN/ServerDC2.ad.jasonsexperiments.com; WSMAN/ServerDC2. 

 Additional Data 
 The error received was 1355: %%1355.

 User Action 
 The SPNs can be created by an administrator using setspn.exe utility.","10154","0","7","3","0","0","36028797018963968","4759","Microsoft-Windows-WinRM","a7975c8f-ac13-49f1-87da-5a984a4ab417","System","0","0","ServerDC2.ad.jasonsexperiments.com",,"5/13/2025 9:10:52 PM",,,"System","System.UInt32[]","System.Diagnostics.Eventing.Reader.EventBookmark","Warning","Info",,"System.Collections.ObjectModel.ReadOnlyCollection`1[System.String]","System.Collections.Generic.List`1[System.Diagnostics.Eventing.Reader.EventProperty]"
"The Microsoft Account Sign-in Assistant service entered the running state.","7036","0","16384","4","0","0","-9187343239835811840","4758","Service Control Manager","555908d1-a6d7-4695-8e1e-26931d2012f4","System","624","736","ServerDC2.ad.jasonsexperiments.com",,"5/13/2025 9:10:42 PM",,,"System","System.UInt32[]","System.Diagnostics.Eventing.Reader.EventBookmark","Information",,,"System.Collections.ObjectModel.ReadOnlyCollection`1[System.String]","System.Collections.Generic.List`1[System.Diagnostics.Eventing.Reader.EventProperty]"
"The Trusted Platform Module (TPM) hardware on this computer cannot be provisioned for use automatically.  To set up the TPM interactively use the TPM management console (Start->tpm.msc) and use the action to make the TPM ready.

Error: TPM 1.2: The command was received in the wrong sequence relative to TPM_Init and a subsequent TPM_Startup.
Additional Information: 0x900020","1026","0",,"4","0","0","-9223372036854775808","4757","Microsoft-Windows-TPM-WMI","7d5387b0-cbe0-11da-a94d-0800200c9a66","System","3900","4088","ServerDC2.ad.jasonsexperiments.com","S-1-5-18","5/13/2025 9:10:42 PM",,,"System","System.UInt32[]","System.Diagnostics.Eventing.Reader.EventBookmark","Information","Info",,"System.Collections.ObjectModel.ReadOnlyCollection`1[System.String]","System.Collections.Generic.List`1[System.Diagnostics.Eventing.Reader.EventProperty]"
"The access history in hive \??\C:\Windows\AppCompat\Programs\Amcache.hve was cleared updating 717 keys and creating 249 modified pages.","16","0",,"4","0","0","-9223372036854775808","4756","Microsoft-Windows-Kernel-General","a68ca8b7-004f-d7b6-a698-07e2de0f1f5d","System","2956","3960","ServerDC2.ad.jasonsexperiments.com","S-1-5-18","5/13/2025 9:10:42 PM",,,"System","System.UInt32[]","System.Diagnostics.Eventing.Reader.EventBookmark","Information","Info",,"System.Collections.ObjectModel.ReadOnlyCollection`1[System.String]","System.Collections.Generic.List`1[System.Diagnostics.Eventing.Reader.EventProperty]"
"The time service has started advertising as a good time source.","143","0",,"4","0","0","-9223372036854775808","4755","Microsoft-Windows-Time-Service","06edcfeb-0fd0-4e53-acca-a6f8bbf81bcb","System","1100","3984","ServerDC2.ad.jasonsexperiments.com","S-1-5-19","5/13/2025 9:10:41 PM",,,"System","System.UInt32[]","System.Diagnostics.Eventing.Reader.EventBookmark","Information","Info",,"System.Collections.ObjectModel.ReadOnlyCollection`1[System.String]","System.Collections.Generic.List`1[System.Diagnostics.Eventing.Reader.EventProperty]"
"The time service has started advertising as a time source.","139","0",,"4","0","0","-9223372036854775808","4754","Microsoft-Windows-Time-Service","06edcfeb-0fd0-4e53-acca-a6f8bbf81bcb","System","1100","3984","ServerDC2.ad.jasonsexperiments.com","S-1-5-19","5/13/2025 9:10:41 PM",,,"System","System.UInt32[]","System.Diagnostics.Eventing.Reader.EventBookmark","Information","Info",,"System.Collections.ObjectModel.ReadOnlyCollection`1[System.String]","System.Collections.Generic.List`1[System.Diagnostics.Eventing.Reader.EventProperty]"
"The DiagTrack service entered the running state.","7036","0","16384","4","0","0","-9187343239835811840","4753","Service Control Manager","555908d1-a6d7-4695-8e1e-26931d2012f4","System","624","736","ServerDC2.ad.jasonsexperiments.com",,"5/13/2025 9:10:41 PM",,,"System","System.UInt32[]","System.Diagnostics.Eventing.Reader.EventBookmark","Information",,,"System.Collections.ObjectModel.ReadOnlyCollection`1[System.String]","System.Collections.Generic.List`1[System.Diagnostics.Eventing.Reader.EventProperty]"
"The ADWS service entered the running state.","7036","0","16384","4","0","0","-9187343239835811840","4752","Service Control Manager","555908d1-a6d7-4695-8e1e-26931d2012f4","System","624","736","ServerDC2.ad.jasonsexperiments.com",,"5/13/2025 9:10:40 PM",,,"System","System.UInt32[]","System.Diagnostics.Eventing.Reader.EventBookmark","Information",,,"System.Collections.ObjectModel.ReadOnlyCollection`1[System.String]","System.Collections.Generic.List`1[System.Diagnostics.Eventing.Reader.EventProperty]"
"This event triggers the Trusted Platform Module (TPM) provisioning/status check to run.","18","0",,"4","0","0","-9223372036854775808","4751","TPM","1b6b0772-251b-4d42-917d-faca166bc059","System","4","316","ServerDC2.ad.jasonsexperiments.com","S-1-5-18","5/13/2025 9:10:40 PM",,,"System","System.UInt32[]","System.Diagnostics.Eventing.Reader.EventBookmark","Information","Info",,"System.Collections.ObjectModel.ReadOnlyCollection`1[System.String]","System.Collections.Generic.List`1[System.Diagnostics.Eventing.Reader.EventProperty]"
"The following boot-start or system-start driver(s) did not load: 
dam","7026","0","49152","4","0","0","-9187343239835811840","4750","Service Control Manager","555908d1-a6d7-4695-8e1e-26931d2012f4","System","624","628","ServerDC2.ad.jasonsexperiments.com",,"5/13/2025 9:10:40 PM",,,"System","System.UInt32[]","System.Diagnostics.Eventing.Reader.EventBookmark","Information",,,"System.Collections.ObjectModel.ReadOnlyCollection`1[System.String]","System.Collections.Generic.List`1[System.Diagnostics.Eventing.Reader.EventProperty]"
"The vds service entered the running state.","7036","0","16384","4","0","0","-9187343239835811840","4749","Service Control Manager","555908d1-a6d7-4695-8e1e-26931d2012f4","System","624","736","ServerDC2.ad.jasonsexperiments.com",,"5/13/2025 9:10:40 PM",,,"System","System.UInt32[]","System.Diagnostics.Eventing.Reader.EventBookmark","Information",,,"System.Collections.ObjectModel.ReadOnlyCollection`1[System.String]","System.Collections.Generic.List`1[System.Diagnostics.Eventing.Reader.EventProperty]"
"The RasMan service entered the running state.","7036","0","16384","4","0","0","-9187343239835811840","4748","Service Control Manager","555908d1-a6d7-4695-8e1e-26931d2012f4","System","624","700","ServerDC2.ad.jasonsexperiments.com",,"5/13/2025 9:10:40 PM",,,"System","System.UInt32[]","System.Diagnostics.Eventing.Reader.EventBookmark","Information",,,"System.Collections.ObjectModel.ReadOnlyCollection`1[System.String]","System.Collections.Generic.List`1[System.Diagnostics.Eventing.Reader.EventProperty]"
"Service started.","3",,"16896","4","0",,"36028797018963968","4747","Virtual Disk Service",,"System",,,"ServerDC2.ad.jasonsexperiments.com",,"5/13/2025 9:10:40 PM",,,"System","System.UInt32[]","System.Diagnostics.Eventing.Reader.EventBookmark","Information",,,"System.Collections.ObjectModel.ReadOnlyCollection`1[System.String]","System.Collections.Generic.List`1[System.Diagnostics.Eventing.Reader.EventProperty]"
"The WinRM service entered the running state.","7036","0","16384","4","0","0","-9187343239835811840","4746","Service Control Manager","555908d1-a6d7-4695-8e1e-26931d2012f4","System","624","76","ServerDC2.ad.jasonsexperiments.com",,"5/13/2025 9:10:39 PM",,,"System","System.UInt32[]","System.Diagnostics.Eventing.Reader.EventBookmark","Information",,,"System.Collections.ObjectModel.ReadOnlyCollection`1[System.String]","System.Collections.Generic.List`1[System.Diagnostics.Eventing.Reader.EventProperty]"
"The WpnService service entered the running state.","7036","0","16384","4","0","0","-9187343239835811840","4745","Service Control Manager","555908d1-a6d7-4695-8e1e-26931d2012f4","System","624","700","ServerDC2.ad.jasonsexperiments.com",,"5/13/2025 9:10:39 PM",,,"System","System.UInt32[]","System.Diagnostics.Eventing.Reader.EventBookmark","Information",,,"System.Collections.ObjectModel.ReadOnlyCollection`1[System.String]","System.Collections.Generic.List`1[System.Diagnostics.Eventing.Reader.EventProperty]"
"The Dfs service entered the running state.","7036","0","16384","4","0","0","-9187343239835811840","4744","Service Control Manager","555908d1-a6d7-4695-8e1e-26931d2012f4","System","624","700","ServerDC2.ad.jasonsexperiments.com",,"5/13/2025 9:10:39 PM",,,"System","System.UInt32[]","System.Diagnostics.Eventing.Reader.EventBookmark","Information",,,"System.Collections.ObjectModel.ReadOnlyCollection`1[System.String]","System.Collections.Generic.List`1[System.Diagnostics.Eventing.Reader.EventProperty]"
"The SstpSvc service entered the running state.","7036","0","16384","4","0","0","-9187343239835811840","4743","Service Control Manager","555908d1-a6d7-4695-8e1e-26931d2012f4","System","624","700","ServerDC2.ad.jasonsexperiments.com",,"5/13/2025 9:10:39 PM",,,"System","System.UInt32[]","System.Diagnostics.Eventing.Reader.EventBookmark","Information",,,"System.Collections.ObjectModel.ReadOnlyCollection`1[System.String]","System.Collections.Generic.List`1[System.Diagnostics.Eventing.Reader.EventProperty]"
"The IsmServ service entered the running state.","7036","0","16384","4","0","0","-9187343239835811840","4742","Service Control Manager","555908d1-a6d7-4695-8e1e-26931d2012f4","System","624","700","ServerDC2.ad.jasonsexperiments.com",,"5/13/2025 9:10:39 PM",,,"System","System.UInt32[]","System.Diagnostics.Eventing.Reader.EventBookmark","Information",,,"System.Collections.ObjectModel.ReadOnlyCollection`1[System.String]","System.Collections.Generic.List`1[System.Diagnostics.Eventing.Reader.EventProperty]"
"The CryptSvc service entered the running state.","7036","0","16384","4","0","0","-9187343239835811840","4741","Service Control Manager","555908d1-a6d7-4695-8e1e-26931d2012f4","System","624","700","ServerDC2.ad.jasonsexperiments.com",,"5/13/2025 9:10:39 PM",,,"System","System.UInt32[]","System.Diagnostics.Eventing.Reader.EventBookmark","Information",,,"System.Collections.ObjectModel.ReadOnlyCollection`1[System.String]","System.Collections.Generic.List`1[System.Diagnostics.Eventing.Reader.EventProperty]"
"The RemoteRegistry service entered the running state.","7036","0","16384","4","0","0","-9187343239835811840","4740","Service Control Manager","555908d1-a6d7-4695-8e1e-26931d2012f4","System","624","712","ServerDC2.ad.jasonsexperiments.com",,"5/13/2025 9:10:39 PM",,,"System","System.UInt32[]","System.Diagnostics.Eventing.Reader.EventBookmark","Information",,,"System.Collections.ObjectModel.ReadOnlyCollection`1[System.String]","System.Collections.Generic.List`1[System.Diagnostics.Eventing.Reader.EventProperty]"
"The SysMain service entered the running state.","7036","0","16384","4","0","0","-9187343239835811840","4739","Service Control Manager","555908d1-a6d7-4695-8e1e-26931d2012f4","System","624","712","ServerDC2.ad.jasonsexperiments.com",,"5/13/2025 9:10:39 PM",,,"System","System.UInt32[]","System.Diagnostics.Eventing.Reader.EventBookmark","Information",,,"System.Collections.ObjectModel.ReadOnlyCollection`1[System.String]","System.Collections.Generic.List`1[System.Diagnostics.Eventing.Reader.EventProperty]"
"The DFSR service entered the running state.","7036","0","16384","4","0","0","-9187343239835811840","4738","Service Control Manager","555908d1-a6d7-4695-8e1e-26931d2012f4","System","624","428","ServerDC2.ad.jasonsexperiments.com",,"5/13/2025 9:10:39 PM",,,"System","System.UInt32[]","System.Diagnostics.Eventing.Reader.EventBookmark","Information",,,"System.Collections.ObjectModel.ReadOnlyCollection`1[System.String]","System.Collections.Generic.List`1[System.Diagnostics.Eventing.Reader.EventProperty]"
"The CoreMessagingRegistrar service entered the running state.","7036","0","16384","4","0","0","-9187343239835811840","4737","Service Control Manager","555908d1-a6d7-4695-8e1e-26931d2012f4","System","624","428","ServerDC2.ad.jasonsexperiments.com",,"5/13/2025 9:10:39 PM",,,"System","System.UInt32[]","System.Diagnostics.Eventing.Reader.EventBookmark","Information",,,"System.Collections.ObjectModel.ReadOnlyCollection`1[System.String]","System.Collections.Generic.List`1[System.Diagnostics.Eventing.Reader.EventProperty]"
"The EFS service entered the running state.","7036","0","16384","4","0","0","-9187343239835811840","4736","Service Control Manager","555908d1-a6d7-4695-8e1e-26931d2012f4","System","624","76","ServerDC2.ad.jasonsexperiments.com",,"5/13/2025 9:10:39 PM",,,"System","System.UInt32[]","System.Diagnostics.Eventing.Reader.EventBookmark","Information",,,"System.Collections.ObjectModel.ReadOnlyCollection`1[System.String]","System.Collections.Generic.List`1[System.Diagnostics.Eventing.Reader.EventProperty]"
"The mimidrv service failed to start due to the following error: 
A certificate was explicitly revoked by its issuer.","7000","0","49152","2","0","0","-9187343239835811840","4735","Service Control Manager","555908d1-a6d7-4695-8e1e-26931d2012f4","System","624","1936","ServerDC2.ad.jasonsexperiments.com",,"5/13/2025 9:10:39 PM",,,"System","System.UInt32[]","System.Diagnostics.Eventing.Reader.EventBookmark","Error",,,"System.Collections.ObjectModel.ReadOnlyCollection`1[System.String]","System.Collections.Generic.List`1[System.Diagnostics.Eventing.Reader.EventProperty]"
,"26","0","16384","4","0","0","36028797018963968","4734","Application Popup","47bfa2b7-bd54-4fac-b70b-29021084ca8f","System","4","32","ServerDC2.ad.jasonsexperiments.com",,"5/13/2025 9:10:39 PM",,,"System","System.UInt32[]","System.Diagnostics.Eventing.Reader.EventBookmark","Information",,,"System.Collections.ObjectModel.ReadOnlyCollection`1[System.String]","System.Collections.Generic.List`1[System.Diagnostics.Eventing.Reader.EventProperty]"
"The Spooler service entered the running state.","7036","0","16384","4","0","0","-9187343239835811840","4733","Service Control Manager","555908d1-a6d7-4695-8e1e-26931d2012f4","System","624","428","ServerDC2.ad.jasonsexperiments.com",,"5/13/2025 9:10:39 PM",,,"System","System.UInt32[]","System.Diagnostics.Eventing.Reader.EventBookmark","Information",,,"System.Collections.ObjectModel.ReadOnlyCollection`1[System.String]","System.Collections.Generic.List`1[System.Diagnostics.Eventing.Reader.EventProperty]"
"The Netlogon service entered the running state.","7036","0","16384","4","0","0","-9187343239835811840","4732","Service Control Manager","555908d1-a6d7-4695-8e1e-26931d2012f4","System","624","740","ServerDC2.ad.jasonsexperiments.com",,"5/13/2025 9:10:38 PM",,,"System","System.UInt32[]","System.Diagnostics.Eventing.Reader.EventBookmark","Information",,,"System.Collections.ObjectModel.ReadOnlyCollection`1[System.String]","System.Collections.Generic.List`1[System.Diagnostics.Eventing.Reader.EventProperty]"
"The WinRM service is listening for WS-Management requests. 

 User Action 
 Use the following command to see the specific IPs on which WinRM is listening: 

 winrm enumerate winrm/config/listener","10148","0","7","4","0","0","36028797018963968","4731","Microsoft-Windows-WinRM","a7975c8f-ac13-49f1-87da-5a984a4ab417","System","0","0","ServerDC2.ad.jasonsexperiments.com",,"5/13/2025 9:10:39 PM",,,"System","System.UInt32[]","System.Diagnostics.Eventing.Reader.EventBookmark","Information","Info",,"System.Collections.ObjectModel.ReadOnlyCollection`1[System.String]","System.Collections.Generic.List`1[System.Diagnostics.Eventing.Reader.EventProperty]"
"DFS server has finished initializing.","14531","0","16384","4","0","0","36028797018963968","4730","Microsoft-Windows-DfsSvc","7da4fe0e-fd42-4708-9aa5-89b77a224885","System","0","0","ServerDC2.ad.jasonsexperiments.com",,"5/13/2025 9:10:39 PM",,,"System","System.UInt32[]","System.Diagnostics.Eventing.Reader.EventBookmark","Information",,,"System.Collections.ObjectModel.ReadOnlyCollection`1[System.String]","System.Collections.Generic.List`1[System.Diagnostics.Eventing.Reader.EventProperty]"
"DFS has finished building all namespaces.","14533","0","16384","4","0","0","36028797018963968","4729","Microsoft-Windows-DfsSvc","7da4fe0e-fd42-4708-9aa5-89b77a224885","System","0","0","ServerDC2.ad.jasonsexperiments.com",,"5/13/2025 9:10:39 PM",,,"System","System.UInt32[]","System.Diagnostics.Eventing.Reader.EventBookmark","Information",,,"System.Collections.ObjectModel.ReadOnlyCollection`1[System.String]","System.Collections.Generic.List`1[System.Diagnostics.Eventing.Reader.EventProperty]"
" The system successfully changed its password on the domain controller .  This event is logged when the password for the computer account is changed by the system. It is logged on the computer that changed the password.","5823",,"0","4","0",,"36028797018963968","4728","NETLOGON",,"System",,,"ServerDC2.ad.jasonsexperiments.com",,"5/13/2025 9:10:39 PM",,,"System","System.UInt32[]","System.Diagnostics.Eventing.Reader.EventBookmark","Information","Info",,"System.Collections.ObjectModel.ReadOnlyCollection`1[System.String]","System.Collections.Generic.List`1[System.Diagnostics.Eventing.Reader.EventProperty]"
"The Netlogon service was able to bind to a TCP/IP port with the configured backlog size of 10.","5836",,"0","4","0",,"36028797018963968","4727","NETLOGON",,"System",,,"ServerDC2.ad.jasonsexperiments.com",,"5/13/2025 9:10:38 PM",,,"System","System.UInt32[]","System.Diagnostics.Eventing.Reader.EventBookmark","Information","Info",,"System.Collections.ObjectModel.ReadOnlyCollection`1[System.String]","System.Collections.Generic.List`1[System.Diagnostics.Eventing.Reader.EventProperty]"
"The LanmanServer service entered the running state.","7036","0","16384","4","0","0","-9187343239835811840","4726","Service Control Manager","555908d1-a6d7-4695-8e1e-26931d2012f4","System","624","740","ServerDC2.ad.jasonsexperiments.com",,"5/13/2025 9:10:29 PM",,,"System","System.UInt32[]","System.Diagnostics.Eventing.Reader.EventBookmark","Information",,,"System.Collections.ObjectModel.ReadOnlyCollection`1[System.String]","System.Collections.Generic.List`1[System.Diagnostics.Eventing.Reader.EventProperty]"
"The SamSs service entered the running state.","7036","0","16384","4","0","0","-9187343239835811840","4725","Service Control Manager","555908d1-a6d7-4695-8e1e-26931d2012f4","System","624","712","ServerDC2.ad.jasonsexperiments.com",,"5/13/2025 9:10:29 PM",,,"System","System.UInt32[]","System.Diagnostics.Eventing.Reader.EventBookmark","Information",,,"System.Collections.ObjectModel.ReadOnlyCollection`1[System.String]","System.Collections.Generic.List`1[System.Diagnostics.Eventing.Reader.EventProperty]"
"Name resolution for the name wpad timed out after none of the configured DNS servers responded.","1014","0",,"3","1014","0","4611686018695823360","4724","Microsoft-Windows-DNS-Client","1c95126e-7eea-49a9-a3fe-a378b03ddb4d","System","1196","1344","ServerDC2.ad.jasonsexperiments.com","S-1-5-20","5/13/2025 9:10:22 PM",,,"System","System.UInt32[]","System.Diagnostics.Eventing.Reader.EventBookmark","Warning","Info",,"System.Collections.ObjectModel.ReadOnlyCollection`1[System.String]","System.Collections.Generic.List`1[System.Diagnostics.Eventing.Reader.EventProperty]"
"The sppsvc service entered the running state.","7036","0","16384","4","0","0","-9187343239835811840","4723","Service Control Manager","555908d1-a6d7-4695-8e1e-26931d2012f4","System","624","740","ServerDC2.ad.jasonsexperiments.com",,"5/13/2025 9:10:22 PM",,,"System","System.UInt32[]","System.Diagnostics.Eventing.Reader.EventBookmark","Information",,,"System.Collections.ObjectModel.ReadOnlyCollection`1[System.String]","System.Collections.Generic.List`1[System.Diagnostics.Eventing.Reader.EventProperty]"
"The NcaSvc service entered the stopped state.","7036","0","16384","4","0","0","-9187343239835811840","4722","Service Control Manager","555908d1-a6d7-4695-8e1e-26931d2012f4","System","624","928","ServerDC2.ad.jasonsexperiments.com",,"5/13/2025 9:10:19 PM",,,"System","System.UInt32[]","System.Diagnostics.Eventing.Reader.EventBookmark","Information",,,"System.Collections.ObjectModel.ReadOnlyCollection`1[System.String]","System.Collections.Generic.List`1[System.Diagnostics.Eventing.Reader.EventProperty]"
"The mpssvc service entered the running state.","7036","0","16384","4","0","0","-9187343239835811840","4721","Service Control Manager","555908d1-a6d7-4695-8e1e-26931d2012f4","System","624","928","ServerDC2.ad.jasonsexperiments.com",,"5/13/2025 9:10:19 PM",,,"System","System.UInt32[]","System.Diagnostics.Eventing.Reader.EventBookmark","Information",,,"System.Collections.ObjectModel.ReadOnlyCollection`1[System.String]","System.Collections.Generic.List`1[System.Diagnostics.Eventing.Reader.EventProperty]"
"The iphlpsvc service entered the running state.","7036","0","16384","4","0","0","-9187343239835811840","4720","Service Control Manager","555908d1-a6d7-4695-8e1e-26931d2012f4","System","624","740","ServerDC2.ad.jasonsexperiments.com",,"5/13/2025 9:10:19 PM",,,"System","System.UInt32[]","System.Diagnostics.Eventing.Reader.EventBookmark","Information",,,"System.Collections.ObjectModel.ReadOnlyCollection`1[System.String]","System.Collections.Generic.List`1[System.Diagnostics.Eventing.Reader.EventProperty]"
"The Kdc service entered the running state.","7036","0","16384","4","0","0","-9187343239835811840","4719","Service Control Manager","555908d1-a6d7-4695-8e1e-26931d2012f4","System","624","740","ServerDC2.ad.jasonsexperiments.com",,"5/13/2025 9:10:19 PM",,,"System","System.UInt32[]","System.Diagnostics.Eventing.Reader.EventBookmark","Information",,,"System.Collections.ObjectModel.ReadOnlyCollection`1[System.String]","System.Collections.Generic.List`1[System.Diagnostics.Eventing.Reader.EventProperty]"
