"The Winmgmt service entered the running state.","7036","0","16384","4","0","0","-9187343239835811840","4718","Service Control Manager","555908d1-a6d7-4695-8e1e-26931d2012f4","System","624","928","ServerDC2.ad.jasonsexperiments.com",,"5/13/2025 9:10:19 PM",,,"System","System.UInt32[]","System.Diagnostics.Eventing.Reader.EventBookmark","Information",,,"System.Collections.ObjectModel.ReadOnlyCollection`1[System.String]","System.Collections.Generic.List`1[System.Diagnostics.Eventing.Reader.EventProperty]"
"The BFE service entered the running state.","7036","0","16384","4","0","0","-9187343239835811840","4717","Service Control Manager","555908d1-a6d7-4695-8e1e-26931d2012f4","System","624","740","ServerDC2.ad.jasonsexperiments.com",,"5/13/2025 9:10:19 PM",,,"System","System.UInt32[]","System.Diagnostics.Eventing.Reader.EventBookmark","Information",,,"System.Collections.ObjectModel.ReadOnlyCollection`1[System.String]","System.Collections.Generic.List`1[System.Diagnostics.Eventing.Reader.EventProperty]"
"The LanmanWorkstation service entered the running state.","7036","0","16384","4","0","0","-9187343239835811840","4716","Service Control Manager","555908d1-a6d7-4695-8e1e-26931d2012f4","System","624","928","ServerDC2.ad.jasonsexperiments.com",,"5/13/2025 9:10:19 PM",,,"System","System.UInt32[]","System.Diagnostics.Eventing.Reader.EventBookmark","Information",,,"System.Collections.ObjectModel.ReadOnlyCollection`1[System.String]","System.Collections.Generic.List`1[System.Diagnostics.Eventing.Reader.EventProperty]"
"The UserManager service entered the running state.","7036","0","16384","4","0","0","-9187343239835811840","4715","Service Control Manager","555908d1-a6d7-4695-8e1e-26931d2012f4","System","624","928","ServerDC2.ad.jasonsexperiments.com",,"5/13/2025 9:10:18 PM",,,"System","System.UInt32[]","System.Diagnostics.Eventing.Reader.EventBookmark","Information",,,"System.Collections.ObjectModel.ReadOnlyCollection`1[System.String]","System.Collections.Generic.List`1[System.Diagnostics.Eventing.Reader.EventProperty]"
"The Wcmsvc service entered the running state.","7036","0","16384","4","0","0","-9187343239835811840","4714","Service Control Manager","555908d1-a6d7-4695-8e1e-26931d2012f4","System","624","740","ServerDC2.ad.jasonsexperiments.com",,"5/13/2025 9:10:18 PM",,,"System","System.UInt32[]","System.Diagnostics.Eventing.Reader.EventBookmark","Information",,,"System.Collections.ObjectModel.ReadOnlyCollection`1[System.String]","System.Collections.Generic.List`1[System.Diagnostics.Eventing.Reader.EventProperty]"
"The FontCache service entered the running state.","7036","0","16384","4","0","0","-9187343239835811840","4713","Service Control Manager","555908d1-a6d7-4695-8e1e-26931d2012f4","System","624","736","ServerDC2.ad.jasonsexperiments.com",,"5/13/2025 9:10:18 PM",,,"System","System.UInt32[]","System.Diagnostics.Eventing.Reader.EventBookmark","Information",,,"System.Collections.ObjectModel.ReadOnlyCollection`1[System.String]","System.Collections.Generic.List`1[System.Diagnostics.Eventing.Reader.EventProperty]"
"The WinHttpAutoProxySvc service entered the running state.","7036","0","16384","4","0","0","-9187343239835811840","4712","Service Control Manager","555908d1-a6d7-4695-8e1e-26931d2012f4","System","624","688","ServerDC2.ad.jasonsexperiments.com",,"5/13/2025 9:10:18 PM",,,"System","System.UInt32[]","System.Diagnostics.Eventing.Reader.EventBookmark","Information",,,"System.Collections.ObjectModel.ReadOnlyCollection`1[System.String]","System.Collections.Generic.List`1[System.Diagnostics.Eventing.Reader.EventProperty]"
"The ShellHWDetection service entered the running state.","7036","0","16384","4","0","0","-9187343239835811840","4711","Service Control Manager","555908d1-a6d7-4695-8e1e-26931d2012f4","System","624","76","ServerDC2.ad.jasonsexperiments.com",,"5/13/2025 9:10:18 PM",,,"System","System.UInt32[]","System.Diagnostics.Eventing.Reader.EventBookmark","Information",,,"System.Collections.ObjectModel.ReadOnlyCollection`1[System.String]","System.Collections.Generic.List`1[System.Diagnostics.Eventing.Reader.EventProperty]"
"The Schedule service entered the running state.","7036","0","16384","4","0","0","-9187343239835811840","4710","Service Control Manager","555908d1-a6d7-4695-8e1e-26931d2012f4","System","624","76","ServerDC2.ad.jasonsexperiments.com",,"5/13/2025 9:10:18 PM",,,"System","System.UInt32[]","System.Diagnostics.Eventing.Reader.EventBookmark","Information",,,"System.Collections.ObjectModel.ReadOnlyCollection`1[System.String]","System.Collections.Generic.List`1[System.Diagnostics.Eventing.Reader.EventProperty]"
"The NcbService service entered the running state.","7036","0","16384","4","0","0","-9187343239835811840","4709","Service Control Manager","555908d1-a6d7-4695-8e1e-26931d2012f4","System","624","1040","ServerDC2.ad.jasonsexperiments.com",,"5/13/2025 9:10:18 PM",,,"System","System.UInt32[]","System.Diagnostics.Eventing.Reader.EventBookmark","Information",,,"System.Collections.ObjectModel.ReadOnlyCollection`1[System.String]","System.Collections.Generic.List`1[System.Diagnostics.Eventing.Reader.EventProperty]"
"The netprofm service entered the running state.","7036","0","16384","4","0","0","-9187343239835811840","4708","Service Control Manager","555908d1-a6d7-4695-8e1e-26931d2012f4","System","624","1040","ServerDC2.ad.jasonsexperiments.com",,"5/13/2025 9:10:18 PM",,,"System","System.UInt32[]","System.Diagnostics.Eventing.Reader.EventBookmark","Information",,,"System.Collections.ObjectModel.ReadOnlyCollection`1[System.String]","System.Collections.Generic.List`1[System.Diagnostics.Eventing.Reader.EventProperty]"
"The SENS service entered the running state.","7036","0","16384","4","0","0","-9187343239835811840","4707","Service Control Manager","555908d1-a6d7-4695-8e1e-26931d2012f4","System","624","1040","ServerDC2.ad.jasonsexperiments.com",,"5/13/2025 9:10:18 PM",,,"System","System.UInt32[]","System.Diagnostics.Eventing.Reader.EventBookmark","Information",,,"System.Collections.ObjectModel.ReadOnlyCollection`1[System.String]","System.Collections.Generic.List`1[System.Diagnostics.Eventing.Reader.EventProperty]"
"The DsmSvc service entered the running state.","7036","0","16384","4","0","0","-9187343239835811840","4706","Service Control Manager","555908d1-a6d7-4695-8e1e-26931d2012f4","System","624","736","ServerDC2.ad.jasonsexperiments.com",,"5/13/2025 9:10:18 PM",,,"System","System.UInt32[]","System.Diagnostics.Eventing.Reader.EventBookmark","Information",,,"System.Collections.ObjectModel.ReadOnlyCollection`1[System.String]","System.Collections.Generic.List`1[System.Diagnostics.Eventing.Reader.EventProperty]"
"The ProfSvc service entered the running state.","7036","0","16384","4","0","0","-9187343239835811840","4705","Service Control Manager","555908d1-a6d7-4695-8e1e-26931d2012f4","System","624","1040","ServerDC2.ad.jasonsexperiments.com",,"5/13/2025 9:10:18 PM",,,"System","System.UInt32[]","System.Diagnostics.Eventing.Reader.EventBookmark","Information",,,"System.Collections.ObjectModel.ReadOnlyCollection`1[System.String]","System.Collections.Generic.List`1[System.Diagnostics.Eventing.Reader.EventProperty]"
"Name resolution for the name _ldap._tcp.dc._msdcs.ad.jasonsexperiments.com. timed out after none of the configured DNS servers responded.","1014","0",,"3","1014","0","4611686018695823360","4704","Microsoft-Windows-DNS-Client","1c95126e-7eea-49a9-a3fe-a378b03ddb4d","System","1196","1348","ServerDC2.ad.jasonsexperiments.com","S-1-5-20","5/13/2025 9:10:18 PM",,,"System","System.UInt32[]","System.Diagnostics.Eventing.Reader.EventBookmark","Warning","Info",,"System.Collections.ObjectModel.ReadOnlyCollection`1[System.String]","System.Collections.Generic.List`1[System.Diagnostics.Eventing.Reader.EventProperty]"
"The Themes service entered the running state.","7036","0","16384","4","0","0","-9187343239835811840","4703","Service Control Manager","555908d1-a6d7-4695-8e1e-26931d2012f4","System","624","76","ServerDC2.ad.jasonsexperiments.com",,"5/13/2025 9:10:18 PM",,,"System","System.UInt32[]","System.Diagnostics.Eventing.Reader.EventBookmark","Information",,,"System.Collections.ObjectModel.ReadOnlyCollection`1[System.String]","System.Collections.Generic.List`1[System.Diagnostics.Eventing.Reader.EventProperty]"
"The EventSystem service entered the running state.","7036","0","16384","4","0","0","-9187343239835811840","4702","Service Control Manager","555908d1-a6d7-4695-8e1e-26931d2012f4","System","624","1040","ServerDC2.ad.jasonsexperiments.com",,"5/13/2025 9:10:18 PM",,,"System","System.UInt32[]","System.Diagnostics.Eventing.Reader.EventBookmark","Information",,,"System.Collections.ObjectModel.ReadOnlyCollection`1[System.String]","System.Collections.Generic.List`1[System.Diagnostics.Eventing.Reader.EventProperty]"
"The NlaSvc service entered the running state.","7036","0","16384","4","0","0","-9187343239835811840","4701","Service Control Manager","555908d1-a6d7-4695-8e1e-26931d2012f4","System","624","688","ServerDC2.ad.jasonsexperiments.com",,"5/13/2025 9:10:18 PM",,,"System","System.UInt32[]","System.Diagnostics.Eventing.Reader.EventBookmark","Information",,,"System.Collections.ObjectModel.ReadOnlyCollection`1[System.String]","System.Collections.Generic.List`1[System.Diagnostics.Eventing.Reader.EventProperty]"
"The gpsvc service entered the running state.","7036","0","16384","4","0","0","-9187343239835811840","4700","Service Control Manager","555908d1-a6d7-4695-8e1e-26931d2012f4","System","624","688","ServerDC2.ad.jasonsexperiments.com",,"5/13/2025 9:10:18 PM",,,"System","System.UInt32[]","System.Diagnostics.Eventing.Reader.EventBookmark","Information",,,"System.Collections.ObjectModel.ReadOnlyCollection`1[System.String]","System.Collections.Generic.List`1[System.Diagnostics.Eventing.Reader.EventProperty]"
"The VBoxService service entered the running state.","7036","0","16384","4","0","0","-9187343239835811840","4699","Service Control Manager","555908d1-a6d7-4695-8e1e-26931d2012f4","System","624","736","ServerDC2.ad.jasonsexperiments.com",,"5/13/2025 9:10:18 PM",,,"System","System.UInt32[]","System.Diagnostics.Eventing.Reader.EventBookmark","Information",,,"System.Collections.ObjectModel.ReadOnlyCollection`1[System.String]","System.Collections.Generic.List`1[System.Diagnostics.Eventing.Reader.EventProperty]"
"The NTDS service entered the running state.","7036","0","16384","4","0","0","-9187343239835811840","4698","Service Control Manager","555908d1-a6d7-4695-8e1e-26931d2012f4","System","624","736","ServerDC2.ad.jasonsexperiments.com",,"5/13/2025 9:10:18 PM",,,"System","System.UInt32[]","System.Diagnostics.Eventing.Reader.EventBookmark","Information",,,"System.Collections.ObjectModel.ReadOnlyCollection`1[System.String]","System.Collections.Generic.List`1[System.Diagnostics.Eventing.Reader.EventProperty]"
"The WPDBusEnum service entered the running state.","7036","0","16384","4","0","0","-9187343239835811840","4697","Service Control Manager","555908d1-a6d7-4695-8e1e-26931d2012f4","System","624","928","ServerDC2.ad.jasonsexperiments.com",,"5/13/2025 9:10:18 PM",,,"System","System.UInt32[]","System.Diagnostics.Eventing.Reader.EventBookmark","Information",,,"System.Collections.ObjectModel.ReadOnlyCollection`1[System.String]","System.Collections.Generic.List`1[System.Diagnostics.Eventing.Reader.EventProperty]"
"The Dhcp service entered the running state.","7036","0","16384","4","0","0","-9187343239835811840","4696","Service Control Manager","555908d1-a6d7-4695-8e1e-26931d2012f4","System","624","736","ServerDC2.ad.jasonsexperiments.com",,"5/13/2025 9:10:18 PM",,,"System","System.UInt32[]","System.Diagnostics.Eventing.Reader.EventBookmark","Information",,,"System.Collections.ObjectModel.ReadOnlyCollection`1[System.String]","System.Collections.Generic.List`1[System.Diagnostics.Eventing.Reader.EventProperty]"
"The EventLog service entered the running state.","7036","0","16384","4","0","0","-9187343239835811840","4695","Service Control Manager","555908d1-a6d7-4695-8e1e-26931d2012f4","System","624","1040","ServerDC2.ad.jasonsexperiments.com",,"5/13/2025 9:10:18 PM",,,"System","System.UInt32[]","System.Diagnostics.Eventing.Reader.EventBookmark","Information",,,"System.Collections.ObjectModel.ReadOnlyCollection`1[System.String]","System.Collections.Generic.List`1[System.Diagnostics.Eventing.Reader.EventProperty]"
"The Dnscache service entered the running state.","7036","0","16384","4","0","0","-9187343239835811840","4694","Service Control Manager","555908d1-a6d7-4695-8e1e-26931d2012f4","System","624","928","ServerDC2.ad.jasonsexperiments.com",,"5/13/2025 9:10:18 PM",,,"System","System.UInt32[]","System.Diagnostics.Eventing.Reader.EventBookmark","Information",,,"System.Collections.ObjectModel.ReadOnlyCollection`1[System.String]","System.Collections.Generic.List`1[System.Diagnostics.Eventing.Reader.EventProperty]"
"File System Filter 'storqosflt' (10.0, ?2004?-?08?-?10T11:55:11.000000000Z) has successfully loaded and registered with Filter Manager.","6","0",,"4","0","0","-9223372036854775808","4693","Microsoft-Windows-FilterManager","f3c5e28e-63f6-49c7-a204-e48a1bc4b09d","System","4","192","ServerDC2.ad.jasonsexperiments.com","S-1-5-18","5/13/2025 9:10:18 PM",,,"System","System.UInt32[]","System.Diagnostics.Eventing.Reader.EventBookmark","Information","Info",,"System.Collections.ObjectModel.ReadOnlyCollection`1[System.String]","System.Collections.Generic.List`1[System.Diagnostics.Eventing.Reader.EventProperty]"
"File System Filter 'CldFlt' (10.0, ?2008?-?12?-?24T21:48:25.000000000Z) has successfully loaded and registered with Filter Manager.","6","0",,"4","0","0","-9223372036854775808","4692","Microsoft-Windows-FilterManager","f3c5e28e-63f6-49c7-a204-e48a1bc4b09d","System","4","192","ServerDC2.ad.jasonsexperiments.com","S-1-5-18","5/13/2025 9:10:18 PM",,,"System","System.UInt32[]","System.Diagnostics.Eventing.Reader.EventBookmark","Information","Info",,"System.Collections.ObjectModel.ReadOnlyCollection`1[System.String]","System.Collections.Generic.List`1[System.Diagnostics.Eventing.Reader.EventProperty]"
"File System Filter 'CldFlt' (Version 10.0, ?2008?-?12?-?24T21:48:25.000000000Z) unloaded successfully.","1","0",,"4","0","0","-9223372036854775808","4691","Microsoft-Windows-FilterManager","f3c5e28e-63f6-49c7-a204-e48a1bc4b09d","System","4","192","ServerDC2.ad.jasonsexperiments.com","S-1-5-18","5/13/2025 9:10:18 PM",,,"System","System.UInt32[]","System.Diagnostics.Eventing.Reader.EventBookmark","Information","Info",,"System.Collections.ObjectModel.ReadOnlyCollection`1[System.String]","System.Collections.Generic.List`1[System.Diagnostics.Eventing.Reader.EventProperty]"
"File System Filter 'CldFlt' (10.0, ?2008?-?12?-?24T21:48:25.000000000Z) has successfully loaded and registered with Filter Manager.","6","0",,"4","0","0","-9223372036854775808","4690","Microsoft-Windows-FilterManager","f3c5e28e-63f6-49c7-a204-e48a1bc4b09d","System","4","192","ServerDC2.ad.jasonsexperiments.com","S-1-5-18","5/13/2025 9:10:18 PM",,,"System","System.UInt32[]","System.Diagnostics.Eventing.Reader.EventBookmark","Information","Info",,"System.Collections.ObjectModel.ReadOnlyCollection`1[System.String]","System.Collections.Generic.List`1[System.Diagnostics.Eventing.Reader.EventProperty]"
"DHCPv6 client service is started","51046","0",,"4","4","62","2305843009213693952","4689","Microsoft-Windows-DHCPv6-Client","6a1f2b00-6a90-4c38-95a5-5cab3b056778","System","1296","1376","ServerDC2.ad.jasonsexperiments.com","S-1-5-19","5/13/2025 9:10:18 PM",,,"System","System.UInt32[]","System.Diagnostics.Eventing.Reader.EventBookmark","Information","ServiceStart","Service State Event","System.Collections.ObjectModel.ReadOnlyCollection`1[System.String]","System.Collections.Generic.List`1[System.Diagnostics.Eventing.Reader.EventProperty]"
"File System Filter 'luafv' (10.0, ?2083?-?07?-?27T15:34:58.000000000Z) has successfully loaded and registered with Filter Manager.","6","0",,"4","0","0","-9223372036854775808","4688","Microsoft-Windows-FilterManager","f3c5e28e-63f6-49c7-a204-e48a1bc4b09d","System","4","192","ServerDC2.ad.jasonsexperiments.com","S-1-5-18","5/13/2025 9:10:18 PM",,,"System","System.UInt32[]","System.Diagnostics.Eventing.Reader.EventBookmark","Information","Info",,"System.Collections.ObjectModel.ReadOnlyCollection`1[System.String]","System.Collections.Generic.List`1[System.Diagnostics.Eventing.Reader.EventProperty]"
"DHCPv4 client registered for shutdown notification","50103","0",,"4","4","129","2305843009213693952","4687","Microsoft-Windows-Dhcp-Client","15a7a4f8-0072-4eab-abad-f98a4d666aed","System","1296","1332","ServerDC2.ad.jasonsexperiments.com","S-1-5-19","5/13/2025 9:10:18 PM",,,"System","System.UInt32[]","System.Diagnostics.Eventing.Reader.EventBookmark","Information","ServiceShutdown","Service State Event","System.Collections.ObjectModel.ReadOnlyCollection`1[System.String]","System.Collections.Generic.List`1[System.Diagnostics.Eventing.Reader.EventProperty]"
"DHCPv4 client service is started","50036","0",,"4","4","68","2305843009213693952","4686","Microsoft-Windows-Dhcp-Client","15a7a4f8-0072-4eab-abad-f98a4d666aed","System","1296","1332","ServerDC2.ad.jasonsexperiments.com","S-1-5-19","5/13/2025 9:10:18 PM",,,"System","System.UInt32[]","System.Diagnostics.Eventing.Reader.EventBookmark","Information","ServiceStart","Service State Event","System.Collections.ObjectModel.ReadOnlyCollection`1[System.String]","System.Collections.Generic.List`1[System.Diagnostics.Eventing.Reader.EventProperty]"
"File System Filter 'wcifs' (10.0, ?1979?-?05?-?17T09:12:11.000000000Z) has successfully loaded and registered with Filter Manager.","6","0",,"4","0","0","-9223372036854775808","4685","Microsoft-Windows-FilterManager","f3c5e28e-63f6-49c7-a204-e48a1bc4b09d","System","4","288","ServerDC2.ad.jasonsexperiments.com","S-1-5-18","5/13/2025 9:10:18 PM",,,"System","System.UInt32[]","System.Diagnostics.Eventing.Reader.EventBookmark","Information","Info",,"System.Collections.ObjectModel.ReadOnlyCollection`1[System.String]","System.Collections.Generic.List`1[System.Diagnostics.Eventing.Reader.EventProperty]"
"The TimeBrokerSvc service entered the running state.","7036","0","16384","4","0","0","-9187343239835811840","4684","Service Control Manager","555908d1-a6d7-4695-8e1e-26931d2012f4","System","624","928","ServerDC2.ad.jasonsexperiments.com",,"5/13/2025 9:10:18 PM",,,"System","System.UInt32[]","System.Diagnostics.Eventing.Reader.EventBookmark","Information",,,"System.Collections.ObjectModel.ReadOnlyCollection`1[System.String]","System.Collections.Generic.List`1[System.Diagnostics.Eventing.Reader.EventProperty]"
"The lmhosts service entered the running state.","7036","0","16384","4","0","0","-9187343239835811840","4683","Service Control Manager","555908d1-a6d7-4695-8e1e-26931d2012f4","System","624","736","ServerDC2.ad.jasonsexperiments.com",,"5/13/2025 9:10:18 PM",,,"System","System.UInt32[]","System.Diagnostics.Eventing.Reader.EventBookmark","Information",,,"System.Collections.ObjectModel.ReadOnlyCollection`1[System.String]","System.Collections.Generic.List`1[System.Diagnostics.Eventing.Reader.EventProperty]"
"The nsi service entered the running state.","7036","0","16384","4","0","0","-9187343239835811840","4682","Service Control Manager","555908d1-a6d7-4695-8e1e-26931d2012f4","System","624","1044","ServerDC2.ad.jasonsexperiments.com",,"5/13/2025 9:10:18 PM",,,"System","System.UInt32[]","System.Diagnostics.Eventing.Reader.EventBookmark","Information",,,"System.Collections.ObjectModel.ReadOnlyCollection`1[System.String]","System.Collections.Generic.List`1[System.Diagnostics.Eventing.Reader.EventProperty]"
"The access history in hive \??\C:\Windows\ServiceProfiles\LocalService\NTUSER.DAT was cleared updating 60 keys and creating 16 modified pages.","16","0",,"4","0","0","-9223372036854775808","4681","Microsoft-Windows-Kernel-General","a68ca8b7-004f-d7b6-a698-07e2de0f1f5d","System","624","380","ServerDC2.ad.jasonsexperiments.com","S-1-5-18","5/13/2025 9:10:17 PM",,,"System","System.UInt32[]","System.Diagnostics.Eventing.Reader.EventBookmark","Information","Info",,"System.Collections.ObjectModel.ReadOnlyCollection`1[System.String]","System.Collections.Generic.List`1[System.Diagnostics.Eventing.Reader.EventProperty]"
"The access history in hive \SystemRoot\System32\Config\BBI was cleared updating 22 keys and creating 5 modified pages.","16","0",,"4","0","0","-9223372036854775808","4680","Microsoft-Windows-Kernel-General","a68ca8b7-004f-d7b6-a698-07e2de0f1f5d","System","884","912","ServerDC2.ad.jasonsexperiments.com","S-1-5-18","5/13/2025 9:10:17 PM",,,"System","System.UInt32[]","System.Diagnostics.Eventing.Reader.EventBookmark","Information","Info",,"System.Collections.ObjectModel.ReadOnlyCollection`1[System.String]","System.Collections.Generic.List`1[System.Diagnostics.Eventing.Reader.EventProperty]"
"The SystemEventsBroker service entered the running state.","7036","0","16384","4","0","0","-9187343239835811840","4679","Service Control Manager","555908d1-a6d7-4695-8e1e-26931d2012f4","System","624","740","ServerDC2.ad.jasonsexperiments.com",,"5/13/2025 9:10:17 PM",,,"System","System.UInt32[]","System.Diagnostics.Eventing.Reader.EventBookmark","Information",,,"System.Collections.ObjectModel.ReadOnlyCollection`1[System.String]","System.Collections.Generic.List`1[System.Diagnostics.Eventing.Reader.EventProperty]"
"The BrokerInfrastructure service entered the running state.","7036","0","16384","4","0","0","-9187343239835811840","4678","Service Control Manager","555908d1-a6d7-4695-8e1e-26931d2012f4","System","624","740","ServerDC2.ad.jasonsexperiments.com",,"5/13/2025 9:10:17 PM",,,"System","System.UInt32[]","System.Diagnostics.Eventing.Reader.EventBookmark","Information",,,"System.Collections.ObjectModel.ReadOnlyCollection`1[System.String]","System.Collections.Generic.List`1[System.Diagnostics.Eventing.Reader.EventProperty]"
"The LSM service entered the running state.","7036","0","16384","4","0","0","-9187343239835811840","4677","Service Control Manager","555908d1-a6d7-4695-8e1e-26931d2012f4","System","624","744","ServerDC2.ad.jasonsexperiments.com",,"5/13/2025 9:10:17 PM",,,"System","System.UInt32[]","System.Diagnostics.Eventing.Reader.EventBookmark","Information",,,"System.Collections.ObjectModel.ReadOnlyCollection`1[System.String]","System.Collections.Generic.List`1[System.Diagnostics.Eventing.Reader.EventProperty]"
"The RpcSs service entered the running state.","7036","0","16384","4","0","0","-9187343239835811840","4676","Service Control Manager","555908d1-a6d7-4695-8e1e-26931d2012f4","System","624","740","ServerDC2.ad.jasonsexperiments.com",,"5/13/2025 9:10:17 PM",,,"System","System.UInt32[]","System.Diagnostics.Eventing.Reader.EventBookmark","Information",,,"System.Collections.ObjectModel.ReadOnlyCollection`1[System.String]","System.Collections.Generic.List`1[System.Diagnostics.Eventing.Reader.EventProperty]"
"The RpcEptMapper service entered the running state.","7036","0","16384","4","0","0","-9187343239835811840","4675","Service Control Manager","555908d1-a6d7-4695-8e1e-26931d2012f4","System","624","740","ServerDC2.ad.jasonsexperiments.com",,"5/13/2025 9:10:17 PM",,,"System","System.UInt32[]","System.Diagnostics.Eventing.Reader.EventBookmark","Information",,,"System.Collections.ObjectModel.ReadOnlyCollection`1[System.String]","System.Collections.Generic.List`1[System.Diagnostics.Eventing.Reader.EventProperty]"
"The access history in hive \??\C:\Windows\ServiceProfiles\NetworkService\NTUSER.DAT was cleared updating 104 keys and creating 15 modified pages.","16","0",,"4","0","0","-9223372036854775808","4674","Microsoft-Windows-Kernel-General","a68ca8b7-004f-d7b6-a698-07e2de0f1f5d","System","624","628","ServerDC2.ad.jasonsexperiments.com","S-1-5-18","5/13/2025 9:10:17 PM",,,"System","System.UInt32[]","System.Diagnostics.Eventing.Reader.EventBookmark","Information","Info",,"System.Collections.ObjectModel.ReadOnlyCollection`1[System.String]","System.Collections.Generic.List`1[System.Diagnostics.Eventing.Reader.EventProperty]"
"The DcomLaunch service entered the running state.","7036","0","16384","4","0","0","-9187343239835811840","4673","Service Control Manager","555908d1-a6d7-4695-8e1e-26931d2012f4","System","624","740","ServerDC2.ad.jasonsexperiments.com",,"5/13/2025 9:10:17 PM",,,"System","System.UInt32[]","System.Diagnostics.Eventing.Reader.EventBookmark","Information",,,"System.Collections.ObjectModel.ReadOnlyCollection`1[System.String]","System.Collections.Generic.List`1[System.Diagnostics.Eventing.Reader.EventProperty]"
"The Power service entered the running state.","7036","0","16384","4","0","0","-9187343239835811840","4672","Service Control Manager","555908d1-a6d7-4695-8e1e-26931d2012f4","System","624","740","ServerDC2.ad.jasonsexperiments.com",,"5/13/2025 9:10:17 PM",,,"System","System.UInt32[]","System.Diagnostics.Eventing.Reader.EventBookmark","Information",,,"System.Collections.ObjectModel.ReadOnlyCollection`1[System.String]","System.Collections.Generic.List`1[System.Diagnostics.Eventing.Reader.EventProperty]"
"The PlugPlay service entered the running state.","7036","0","16384","4","0","0","-9187343239835811840","4671","Service Control Manager","555908d1-a6d7-4695-8e1e-26931d2012f4","System","624","740","ServerDC2.ad.jasonsexperiments.com",,"5/13/2025 9:10:17 PM",,,"System","System.UInt32[]","System.Diagnostics.Eventing.Reader.EventBookmark","Information",,,"System.Collections.ObjectModel.ReadOnlyCollection`1[System.String]","System.Collections.Generic.List`1[System.Diagnostics.Eventing.Reader.EventProperty]"
"The security account manager successfully initialized the Local Administrator Password Solution (LAPS) extension dll.
","16993","0",,"4","0","0","-9223372036854775808","4670","Microsoft-Windows-Directory-Services-SAM","0d4fdc09-8c27-494a-bda0-505e4fd8adae","System","632","636","ServerDC2.ad.jasonsexperiments.com","S-1-5-18","5/13/2025 9:10:17 PM",,,"System","System.UInt32[]","System.Diagnostics.Eventing.Reader.EventBookmark","Information","Info",,"System.Collections.ObjectModel.ReadOnlyCollection`1[System.String]","System.Collections.Generic.List`1[System.Diagnostics.Eventing.Reader.EventProperty]"
"The security account manager is now logging periodic summary events for remote clients that call legacy password change or set RPC methods.

For more information please see https://go.microsoft.com/fwlink/?linkid=2150956.
","16983","0",,"4","0","0","-9223372036854775808","4669","Microsoft-Windows-Directory-Services-SAM","0d4fdc09-8c27-494a-bda0-505e4fd8adae","System","632","636","ServerDC2.ad.jasonsexperiments.com","S-1-5-18","5/13/2025 9:10:17 PM",,,"System","System.UInt32[]","System.Diagnostics.Eventing.Reader.EventBookmark","Information","Info",,"System.Collections.ObjectModel.ReadOnlyCollection`1[System.String]","System.Collections.Generic.List`1[System.Diagnostics.Eventing.Reader.EventProperty]"
"The domain is configured with the following minimum password length-related settings.

MinimumPasswordLength: 7

MinimumPasswordLengthAudit: -1

For more information see https://go.microsoft.com/fwlink/?LinkId=2097191.
","16977","0",,"4","0","0","-9223372036854775808","4668","Microsoft-Windows-Directory-Services-SAM","0d4fdc09-8c27-494a-bda0-505e4fd8adae","System","632","636","ServerDC2.ad.jasonsexperiments.com","S-1-5-18","5/13/2025 9:10:17 PM",,,"System","System.UInt32[]","System.Diagnostics.Eventing.Reader.EventBookmark","Information","Info",,"System.Collections.ObjectModel.ReadOnlyCollection`1[System.String]","System.Collections.Generic.List`1[System.Diagnostics.Eventing.Reader.EventProperty]"
"The domain is configured with the following minimum password length-related settings.

MinimumPasswordLength: 7

MinimumPasswordLengthAudit: 0

For more information see https://go.microsoft.com/fwlink/?LinkId=2097191.
","16977","0",,"4","0","0","-9223372036854775808","4667","Microsoft-Windows-Directory-Services-SAM","0d4fdc09-8c27-494a-bda0-505e4fd8adae","System","632","816","ServerDC2.ad.jasonsexperiments.com","S-1-5-18","5/13/2025 9:10:17 PM",,,"System","System.UInt32[]","System.Diagnostics.Eventing.Reader.EventBookmark","Information","Info",,"System.Collections.ObjectModel.ReadOnlyCollection`1[System.String]","System.Collections.Generic.List`1[System.Diagnostics.Eventing.Reader.EventProperty]"
"The device driver for the Trusted Platform Module (TPM) encountered a non-recoverable error in the TPM hardware, which prevents TPM services (such as data encryption) from being used. For further help, please contact the computer manufacturer.","15","0",,"2","0","0","-9223372036854775808","4666","TPM","1b6b0772-251b-4d42-917d-faca166bc059","System","4","320","ServerDC2.ad.jasonsexperiments.com","S-1-5-18","5/13/2025 9:10:17 PM",,,"System","System.UInt32[]","System.Diagnostics.Eventing.Reader.EventBookmark","Error","Info",,"System.Collections.ObjectModel.ReadOnlyCollection`1[System.String]","System.Collections.Generic.List`1[System.Diagnostics.Eventing.Reader.EventProperty]"
"The device driver for the Trusted Platform Module (TPM) encountered a non-recoverable error in the TPM hardware, which prevents TPM services (such as data encryption) from being used. For further help, please contact the computer manufacturer.","15","0",,"2","0","0","-9223372036854775808","4665","TPM","1b6b0772-251b-4d42-917d-faca166bc059","System","4","320","ServerDC2.ad.jasonsexperiments.com","S-1-5-18","5/13/2025 9:10:16 PM",,,"System","System.UInt32[]","System.Diagnostics.Eventing.Reader.EventBookmark","Error","Info",,"System.Collections.ObjectModel.ReadOnlyCollection`1[System.String]","System.Collections.Generic.List`1[System.Diagnostics.Eventing.Reader.EventProperty]"
"The device driver for the Trusted Platform Module (TPM) encountered a non-recoverable error in the TPM hardware, which prevents TPM services (such as data encryption) from being used. For further help, please contact the computer manufacturer.","15","0",,"2","0","0","-9223372036854775808","4664","TPM","1b6b0772-251b-4d42-917d-faca166bc059","System","4","320","ServerDC2.ad.jasonsexperiments.com","S-1-5-18","5/13/2025 9:10:15 PM",,,"System","System.UInt32[]","System.Diagnostics.Eventing.Reader.EventBookmark","Error","Info",,"System.Collections.ObjectModel.ReadOnlyCollection`1[System.String]","System.Collections.Generic.List`1[System.Diagnostics.Eventing.Reader.EventProperty]"
"The device driver for the Trusted Platform Module (TPM) encountered a non-recoverable error in the TPM hardware, which prevents TPM services (such as data encryption) from being used. For further help, please contact the computer manufacturer.","15","0",,"2","0","0","-9223372036854775808","4663","TPM","1b6b0772-251b-4d42-917d-faca166bc059","System","4","320","ServerDC2.ad.jasonsexperiments.com","S-1-5-18","5/13/2025 9:10:15 PM",,,"System","System.UInt32[]","System.Diagnostics.Eventing.Reader.EventBookmark","Error","Info",,"System.Collections.ObjectModel.ReadOnlyCollection`1[System.String]","System.Collections.Generic.List`1[System.Diagnostics.Eventing.Reader.EventProperty]"
"The device driver for the Trusted Platform Module (TPM) encountered a non-recoverable error in the TPM hardware, which prevents TPM services (such as data encryption) from being used. For further help, please contact the computer manufacturer.","15","0",,"2","0","0","-9223372036854775808","4662","TPM","1b6b0772-251b-4d42-917d-faca166bc059","System","4","320","ServerDC2.ad.jasonsexperiments.com","S-1-5-18","5/13/2025 9:10:14 PM",,,"System","System.UInt32[]","System.Diagnostics.Eventing.Reader.EventBookmark","Error","Info",,"System.Collections.ObjectModel.ReadOnlyCollection`1[System.String]","System.Collections.Generic.List`1[System.Diagnostics.Eventing.Reader.EventProperty]"
"The device driver for the Trusted Platform Module (TPM) encountered a non-recoverable error in the TPM hardware, which prevents TPM services (such as data encryption) from being used. For further help, please contact the computer manufacturer.","15","0",,"2","0","0","-9223372036854775808","4661","TPM","1b6b0772-251b-4d42-917d-faca166bc059","System","4","320","ServerDC2.ad.jasonsexperiments.com","S-1-5-18","5/13/2025 9:10:13 PM",,,"System","System.UInt32[]","System.Diagnostics.Eventing.Reader.EventBookmark","Error","Info",,"System.Collections.ObjectModel.ReadOnlyCollection`1[System.String]","System.Collections.Generic.List`1[System.Diagnostics.Eventing.Reader.EventProperty]"
"The device driver for the Trusted Platform Module (TPM) encountered a non-recoverable error in the TPM hardware, which prevents TPM services (such as data encryption) from being used. For further help, please contact the computer manufacturer.","15","0",,"2","0","0","-9223372036854775808","4660","TPM","1b6b0772-251b-4d42-917d-faca166bc059","System","4","320","ServerDC2.ad.jasonsexperiments.com","S-1-5-18","5/13/2025 9:10:12 PM",,,"System","System.UInt32[]","System.Diagnostics.Eventing.Reader.EventBookmark","Error","Info",,"System.Collections.ObjectModel.ReadOnlyCollection`1[System.String]","System.Collections.Generic.List`1[System.Diagnostics.Eventing.Reader.EventProperty]"
"The device driver for the Trusted Platform Module (TPM) encountered a non-recoverable error in the TPM hardware, which prevents TPM services (such as data encryption) from being used. For further help, please contact the computer manufacturer.","15","0",,"2","0","0","-9223372036854775808","4659","TPM","1b6b0772-251b-4d42-917d-faca166bc059","System","4","320","ServerDC2.ad.jasonsexperiments.com","S-1-5-18","5/13/2025 9:10:11 PM",,,"System","System.UInt32[]","System.Diagnostics.Eventing.Reader.EventBookmark","Error","Info",,"System.Collections.ObjectModel.ReadOnlyCollection`1[System.String]","System.Collections.Generic.List`1[System.Diagnostics.Eventing.Reader.EventProperty]"
"The device driver for the Trusted Platform Module (TPM) encountered a non-recoverable error in the TPM hardware, which prevents TPM services (such as data encryption) from being used. For further help, please contact the computer manufacturer.","15","0",,"2","0","0","-9223372036854775808","4658","TPM","1b6b0772-251b-4d42-917d-faca166bc059","System","4","320","ServerDC2.ad.jasonsexperiments.com","S-1-5-18","5/13/2025 9:10:10 PM",,,"System","System.UInt32[]","System.Diagnostics.Eventing.Reader.EventBookmark","Error","Info",,"System.Collections.ObjectModel.ReadOnlyCollection`1[System.String]","System.Collections.Generic.List`1[System.Diagnostics.Eventing.Reader.EventProperty]"
"The driver disabled the write cache on device \Device\Harddisk0\DR0.","34",,"32772","3","0",,"36028797018963968","4657","Disk",,"System",,,"ServerDC2.ad.jasonsexperiments.com",,"5/13/2025 9:10:09 PM",,,"System","System.UInt32[]","System.Diagnostics.Eventing.Reader.EventBookmark","Warning",,,"System.Collections.ObjectModel.ReadOnlyCollection`1[System.String]","System.Collections.Generic.List`1[System.Diagnostics.Eventing.Reader.EventProperty]"
"The driver disabled the write cache on device \Device\Harddisk0\DR0.","34",,"32772","3","0",,"36028797018963968","4656","Disk",,"System",,,"ServerDC2.ad.jasonsexperiments.com",,"5/13/2025 9:10:09 PM",,,"System","System.UInt32[]","System.Diagnostics.Eventing.Reader.EventBookmark","Warning",,,"System.Collections.ObjectModel.ReadOnlyCollection`1[System.String]","System.Collections.Generic.List`1[System.Diagnostics.Eventing.Reader.EventProperty]"
"The driver disabled the write cache on device \Device\Harddisk0\DR0.","34",,"32772","3","0",,"36028797018963968","4655","Disk",,"System",,,"ServerDC2.ad.jasonsexperiments.com",,"5/13/2025 9:10:09 PM",,,"System","System.UInt32[]","System.Diagnostics.Eventing.Reader.EventBookmark","Warning",,,"System.Collections.ObjectModel.ReadOnlyCollection`1[System.String]","System.Collections.Generic.List`1[System.Diagnostics.Eventing.Reader.EventProperty]"
"Remote calls to the SAM database are being restricted using the default security descriptor: .
For more information please see http://go.microsoft.com/fwlink/?LinkId=787651.","16962","0",,"4","0","0","-9223372036854775808","4654","Microsoft-Windows-Directory-Services-SAM","0d4fdc09-8c27-494a-bda0-505e4fd8adae","System","632","636","ServerDC2.ad.jasonsexperiments.com","S-1-5-18","5/13/2025 9:10:09 PM","4ccf17d1-c475-0000-6e18-cf4c75c4db01",,"System","System.UInt32[]","System.Diagnostics.Eventing.Reader.EventBookmark","Information","Info",,"System.Collections.ObjectModel.ReadOnlyCollection`1[System.String]","System.Collections.Generic.List`1[System.Diagnostics.Eventing.Reader.EventProperty]"
"The device driver for the Trusted Platform Module (TPM) encountered a non-recoverable error in the TPM hardware, which prevents TPM services (such as data encryption) from being used. For further help, please contact the computer manufacturer.","15","0",,"2","0","0","-9223372036854775808","4653","TPM","1b6b0772-251b-4d42-917d-faca166bc059","System","4","320","ServerDC2.ad.jasonsexperiments.com","S-1-5-18","5/13/2025 9:10:09 PM",,,"System","System.UInt32[]","System.Diagnostics.Eventing.Reader.EventBookmark","Error","Info",,"System.Collections.ObjectModel.ReadOnlyCollection`1[System.String]","System.Collections.Generic.List`1[System.Diagnostics.Eventing.Reader.EventProperty]"
"Credential Guard configuration: 0x0, 0","14","0",,"4","0","0","4611686018427387904","4652","Microsoft-Windows-Wininit","206f6dea-d3c5-4d10-bc72-989f03c8b84b","System","480","484","ServerDC2.ad.jasonsexperiments.com","S-1-5-18","5/13/2025 9:10:09 PM",,,"System","System.UInt32[]","System.Diagnostics.Eventing.Reader.EventBookmark","Information","Info",,"System.Collections.ObjectModel.ReadOnlyCollection`1[System.String]","System.Collections.Generic.List`1[System.Diagnostics.Eventing.Reader.EventProperty]"
"The device driver for the Trusted Platform Module (TPM) encountered a non-recoverable error in the TPM hardware, which prevents TPM services (such as data encryption) from being used. For further help, please contact the computer manufacturer.","15","0",,"2","0","0","-9223372036854775808","4651","TPM","1b6b0772-251b-4d42-917d-faca166bc059","System","4","320","ServerDC2.ad.jasonsexperiments.com","S-1-5-18","5/13/2025 9:10:09 PM",,,"System","System.UInt32[]","System.Diagnostics.Eventing.Reader.EventBookmark","Error","Info",,"System.Collections.ObjectModel.ReadOnlyCollection`1[System.String]","System.Collections.Generic.List`1[System.Diagnostics.Eventing.Reader.EventProperty]"
"The device driver for the Trusted Platform Module (TPM) encountered a non-recoverable error in the TPM hardware, which prevents TPM services (such as data encryption) from being used. For further help, please contact the computer manufacturer.","15","0",,"2","0","0","-9223372036854775808","4650","TPM","1b6b0772-251b-4d42-917d-faca166bc059","System","4","320","ServerDC2.ad.jasonsexperiments.com","S-1-5-18","5/13/2025 9:10:08 PM",,,"System","System.UInt32[]","System.Diagnostics.Eventing.Reader.EventBookmark","Error","Info",,"System.Collections.ObjectModel.ReadOnlyCollection`1[System.String]","System.Collections.Generic.List`1[System.Diagnostics.Eventing.Reader.EventProperty]"
"The access history in hive \Device\HarddiskVolume1\Boot\BCD was cleared updating 28 keys and creating 5 modified pages.","16","0",,"4","0","0","-9223372036854775808","4649","Microsoft-Windows-Kernel-General","a68ca8b7-004f-d7b6-a698-07e2de0f1f5d","System","296","300","ServerDC2.ad.jasonsexperiments.com","S-1-5-18","5/13/2025 9:10:08 PM",,,"System","System.UInt32[]","System.Diagnostics.Eventing.Reader.EventBookmark","Information","Info",,"System.Collections.ObjectModel.ReadOnlyCollection`1[System.String]","System.Collections.Generic.List`1[System.Diagnostics.Eventing.Reader.EventProperty]"
"The device driver for the Trusted Platform Module (TPM) encountered a non-recoverable error in the TPM hardware, which prevents TPM services (such as data encryption) from being used. For further help, please contact the computer manufacturer.","15","0",,"2","0","0","-9223372036854775808","4648","TPM","1b6b0772-251b-4d42-917d-faca166bc059","System","4","320","ServerDC2.ad.jasonsexperiments.com","S-1-5-18","5/13/2025 9:10:08 PM",,,"System","System.UInt32[]","System.Diagnostics.Eventing.Reader.EventBookmark","Error","Info",,"System.Collections.ObjectModel.ReadOnlyCollection`1[System.String]","System.Collections.Generic.List`1[System.Diagnostics.Eventing.Reader.EventProperty]"
"Hive \SystemRoot\System32\Config\SOFTWARE was reorganized with a starting size of 83914752 bytes and an ending size of 81866752 bytes.","15","0",,"4","0","0","-9223372036854775808","4647","Microsoft-Windows-Kernel-General","a68ca8b7-004f-d7b6-a698-07e2de0f1f5d","System","104","348","ServerDC2.ad.jasonsexperiments.com","S-1-5-18","5/13/2025 9:10:08 PM",,,"System","System.UInt32[]","System.Diagnostics.Eventing.Reader.EventBookmark","Information","Info",,"System.Collections.ObjectModel.ReadOnlyCollection`1[System.String]","System.Collections.Generic.List`1[System.Diagnostics.Eventing.Reader.EventProperty]"
"The device driver for the Trusted Platform Module (TPM) encountered a non-recoverable error in the TPM hardware, which prevents TPM services (such as data encryption) from being used. For further help, please contact the computer manufacturer.","15","0",,"2","0","0","-9223372036854775808","4646","TPM","1b6b0772-251b-4d42-917d-faca166bc059","System","4","320","ServerDC2.ad.jasonsexperiments.com","S-1-5-18","5/13/2025 9:10:07 PM",,,"System","System.UInt32[]","System.Diagnostics.Eventing.Reader.EventBookmark","Error","Info",,"System.Collections.ObjectModel.ReadOnlyCollection`1[System.String]","System.Collections.Generic.List`1[System.Diagnostics.Eventing.Reader.EventProperty]"
"The device driver for the Trusted Platform Module (TPM) encountered a non-recoverable error in the TPM hardware, which prevents TPM services (such as data encryption) from being used. For further help, please contact the computer manufacturer.","15","0",,"2","0","0","-9223372036854775808","4645","TPM","1b6b0772-251b-4d42-917d-faca166bc059","System","4","320","ServerDC2.ad.jasonsexperiments.com","S-1-5-18","5/13/2025 9:10:07 PM",,,"System","System.UInt32[]","System.Diagnostics.Eventing.Reader.EventBookmark","Error","Info",,"System.Collections.ObjectModel.ReadOnlyCollection`1[System.String]","System.Collections.Generic.List`1[System.Diagnostics.Eventing.Reader.EventProperty]"
"The device driver for the Trusted Platform Module (TPM) encountered a non-recoverable error in the TPM hardware, which prevents TPM services (such as data encryption) from being used. For further help, please contact the computer manufacturer.","15","0",,"2","0","0","-9223372036854775808","4644","TPM","1b6b0772-251b-4d42-917d-faca166bc059","System","4","320","ServerDC2.ad.jasonsexperiments.com","S-1-5-18","5/13/2025 9:10:06 PM",,,"System","System.UInt32[]","System.Diagnostics.Eventing.Reader.EventBookmark","Error","Info",,"System.Collections.ObjectModel.ReadOnlyCollection`1[System.String]","System.Collections.Generic.List`1[System.Diagnostics.Eventing.Reader.EventProperty]"
"The device driver for the Trusted Platform Module (TPM) encountered a non-recoverable error in the TPM hardware, which prevents TPM services (such as data encryption) from being used. For further help, please contact the computer manufacturer.","15","0",,"2","0","0","-9223372036854775808","4643","TPM","1b6b0772-251b-4d42-917d-faca166bc059","System","4","320","ServerDC2.ad.jasonsexperiments.com","S-1-5-18","5/13/2025 9:10:06 PM",,,"System","System.UInt32[]","System.Diagnostics.Eventing.Reader.EventBookmark","Error","Info",,"System.Collections.ObjectModel.ReadOnlyCollection`1[System.String]","System.Collections.Generic.List`1[System.Diagnostics.Eventing.Reader.EventProperty]"
"The device driver for the Trusted Platform Module (TPM) encountered a non-recoverable error in the TPM hardware, which prevents TPM services (such as data encryption) from being used. For further help, please contact the computer manufacturer.","15","0",,"2","0","0","-9223372036854775808","4642","TPM","1b6b0772-251b-4d42-917d-faca166bc059","System","4","320","ServerDC2.ad.jasonsexperiments.com","S-1-5-18","5/13/2025 9:10:05 PM",,,"System","System.UInt32[]","System.Diagnostics.Eventing.Reader.EventBookmark","Error","Info",,"System.Collections.ObjectModel.ReadOnlyCollection`1[System.String]","System.Collections.Generic.List`1[System.Diagnostics.Eventing.Reader.EventProperty]"
"The access history in hive \SystemRoot\System32\Config\DEFAULT was cleared updating 297 keys and creating 32 modified pages.","16","0",,"4","0","0","-9223372036854775808","4641","Microsoft-Windows-Kernel-General","a68ca8b7-004f-d7b6-a698-07e2de0f1f5d","System","104","356","ServerDC2.ad.jasonsexperiments.com","S-1-5-18","5/13/2025 9:10:05 PM",,,"System","System.UInt32[]","System.Diagnostics.Eventing.Reader.EventBookmark","Information","Info",,"System.Collections.ObjectModel.ReadOnlyCollection`1[System.String]","System.Collections.Generic.List`1[System.Diagnostics.Eventing.Reader.EventProperty]"
"The access history in hive \SystemRoot\System32\Config\SECURITY was cleared updating 123 keys and creating 6 modified pages.","16","0",,"4","0","0","-9223372036854775808","4640","Microsoft-Windows-Kernel-General","a68ca8b7-004f-d7b6-a698-07e2de0f1f5d","System","104","344","ServerDC2.ad.jasonsexperiments.com","S-1-5-18","5/13/2025 9:10:05 PM",,,"System","System.UInt32[]","System.Diagnostics.Eventing.Reader.EventBookmark","Information","Info",,"System.Collections.ObjectModel.ReadOnlyCollection`1[System.String]","System.Collections.Generic.List`1[System.Diagnostics.Eventing.Reader.EventProperty]"
"The access history in hive \SystemRoot\System32\Config\SAM was cleared updating 65 keys and creating 4 modified pages.","16","0",,"4","0","0","-9223372036854775808","4639","Microsoft-Windows-Kernel-General","a68ca8b7-004f-d7b6-a698-07e2de0f1f5d","System","104","360","ServerDC2.ad.jasonsexperiments.com","S-1-5-18","5/13/2025 9:10:05 PM",,,"System","System.UInt32[]","System.Diagnostics.Eventing.Reader.EventBookmark","Information","Info",,"System.Collections.ObjectModel.ReadOnlyCollection`1[System.String]","System.Collections.Generic.List`1[System.Diagnostics.Eventing.Reader.EventProperty]"
"The device driver for the Trusted Platform Module (TPM) encountered a non-recoverable error in the TPM hardware, which prevents TPM services (such as data encryption) from being used. For further help, please contact the computer manufacturer.","15","0",,"2","0","0","-9223372036854775808","4638","TPM","1b6b0772-251b-4d42-917d-faca166bc059","System","4","320","ServerDC2.ad.jasonsexperiments.com","S-1-5-18","5/13/2025 9:10:05 PM",,,"System","System.UInt32[]","System.Diagnostics.Eventing.Reader.EventBookmark","Error","Info",,"System.Collections.ObjectModel.ReadOnlyCollection`1[System.String]","System.Collections.Generic.List`1[System.Diagnostics.Eventing.Reader.EventProperty]"
"The device driver for the Trusted Platform Module (TPM) encountered a non-recoverable error in the TPM hardware, which prevents TPM services (such as data encryption) from being used. For further help, please contact the computer manufacturer.","15","0",,"2","0","0","-9223372036854775808","4637","TPM","1b6b0772-251b-4d42-917d-faca166bc059","System","4","320","ServerDC2.ad.jasonsexperiments.com","S-1-5-18","5/13/2025 9:10:04 PM",,,"System","System.UInt32[]","System.Diagnostics.Eventing.Reader.EventBookmark","Error","Info",,"System.Collections.ObjectModel.ReadOnlyCollection`1[System.String]","System.Collections.Generic.List`1[System.Diagnostics.Eventing.Reader.EventProperty]"
"Processor 3 in group 0 exposes the following power management capabilities:

Idle state type: ACPI Idle (C) States (1 state(s))

Performance state type: None
Nominal Frequency (MHz): 3400
Maximum performance percentage: 100
Minimum performance percentage: 100
Minimum throttle percentage: 100","55","0",,"4","47","0","-9223372036854775808","4636","Microsoft-Windows-Kernel-Processor-Power","0f67e49f-fe51-4e9f-b490-6f2948cc6027","System","4","192","ServerDC2.ad.jasonsexperiments.com","S-1-5-18","5/13/2025 9:10:04 PM",,,"System","System.UInt32[]","System.Diagnostics.Eventing.Reader.EventBookmark","Information","Info",,"System.Collections.ObjectModel.ReadOnlyCollection`1[System.String]","System.Collections.Generic.List`1[System.Diagnostics.Eventing.Reader.EventProperty]"
"The device driver for the Trusted Platform Module (TPM) encountered a non-recoverable error in the TPM hardware, which prevents TPM services (such as data encryption) from being used. For further help, please contact the computer manufacturer.","15","0",,"2","0","0","-9223372036854775808","4635","TPM","1b6b0772-251b-4d42-917d-faca166bc059","System","4","320","ServerDC2.ad.jasonsexperiments.com","S-1-5-18","5/13/2025 9:10:04 PM",,,"System","System.UInt32[]","System.Diagnostics.Eventing.Reader.EventBookmark","Error","Info",,"System.Collections.ObjectModel.ReadOnlyCollection`1[System.String]","System.Collections.Generic.List`1[System.Diagnostics.Eventing.Reader.EventProperty]"
"Processor 2 in group 0 exposes the following power management capabilities:

Idle state type: ACPI Idle (C) States (1 state(s))

Performance state type: None
Nominal Frequency (MHz): 3400
Maximum performance percentage: 100
Minimum performance percentage: 100
Minimum throttle percentage: 100","55","0",,"4","47","0","-9223372036854775808","4634","Microsoft-Windows-Kernel-Processor-Power","0f67e49f-fe51-4e9f-b490-6f2948cc6027","System","4","192","ServerDC2.ad.jasonsexperiments.com","S-1-5-18","5/13/2025 9:10:04 PM",,,"System","System.UInt32[]","System.Diagnostics.Eventing.Reader.EventBookmark","Information","Info",,"System.Collections.ObjectModel.ReadOnlyCollection`1[System.String]","System.Collections.Generic.List`1[System.Diagnostics.Eventing.Reader.EventProperty]"
"Processor 1 in group 0 exposes the following power management capabilities:

Idle state type: ACPI Idle (C) States (1 state(s))

