Performance state type: None
Nominal Frequency (MHz): 3400
Maximum performance percentage: 100
Minimum performance percentage: 100
Minimum throttle percentage: 100","55","0",,"4","47","0","-9223372036854775808","4633","Microsoft-Windows-Kernel-Processor-Power","0f67e49f-fe51-4e9f-b490-6f2948cc6027","System","4","192","ServerDC2.ad.jasonsexperiments.com","S-1-5-18","5/13/2025 9:10:04 PM",,,"System","System.UInt32[]","System.Diagnostics.Eventing.Reader.EventBookmark","Information","Info",,"System.Collections.ObjectModel.ReadOnlyCollection`1[System.String]","System.Collections.Generic.List`1[System.Diagnostics.Eventing.Reader.EventProperty]"
"Processor 0 in group 0 exposes the following power management capabilities:

Idle state type: ACPI Idle (C) States (1 state(s))

Performance state type: None
Nominal Frequency (MHz): 3400
Maximum performance percentage: 100
Minimum performance percentage: 100
Minimum throttle percentage: 100","55","0",,"4","47","0","-9223372036854775808","4632","Microsoft-Windows-Kernel-Processor-Power","0f67e49f-fe51-4e9f-b490-6f2948cc6027","System","4","192","ServerDC2.ad.jasonsexperiments.com","S-1-5-18","5/13/2025 9:10:04 PM",,,"System","System.UInt32[]","System.Diagnostics.Eventing.Reader.EventBookmark","Information","Info",,"System.Collections.ObjectModel.ReadOnlyCollection`1[System.String]","System.Collections.Generic.List`1[System.Diagnostics.Eventing.Reader.EventProperty]"
"Connectivity state in standby: Disconnected, Reason: NIC compliance","172","0",,"4","203","0","-9223372036854774780","4631","Microsoft-Windows-Kernel-Power","331c3b3a-2005-44c2-ac5e-77220c37d6b4","System","4","256","ServerDC2.ad.jasonsexperiments.com","S-1-5-18","5/13/2025 9:10:02 PM",,,"System","System.UInt32[]","System.Diagnostics.Eventing.Reader.EventBookmark","Information","Info",,"System.Collections.ObjectModel.ReadOnlyCollection`1[System.String]","System.Collections.Generic.List`1[System.Diagnostics.Eventing.Reader.EventProperty]"
"The system has rebooted without cleanly shutting down first. This error could be caused if the system stopped responding, crashed, or lost power unexpectedly.","41","6",,"1","63","0","-9223301668110598142","4630","Microsoft-Windows-Kernel-Power","331c3b3a-2005-44c2-ac5e-77220c37d6b4","System","4","8","ServerDC2.ad.jasonsexperiments.com","S-1-5-18","5/13/2025 9:10:02 PM",,,"System","System.UInt32[]","System.Diagnostics.Eventing.Reader.EventBookmark","Critical","Info",,"System.Collections.ObjectModel.ReadOnlyCollection`1[System.String]","System.Collections.Generic.List`1[System.Diagnostics.Eventing.Reader.EventProperty]"
"File System Filter 'npsvctrig' (10.0, ?2037?-?02?-?23T01:11:04.000000000Z) has successfully loaded and registered with Filter Manager.","6","0",,"4","0","0","-9223372036854775808","4629","Microsoft-Windows-FilterManager","f3c5e28e-63f6-49c7-a204-e48a1bc4b09d","System","4","8","ServerDC2.ad.jasonsexperiments.com","S-1-5-18","5/13/2025 9:10:02 PM",,,"System","System.UInt32[]","System.Diagnostics.Eventing.Reader.EventBookmark","Information","Info",,"System.Collections.ObjectModel.ReadOnlyCollection`1[System.String]","System.Collections.Generic.List`1[System.Diagnostics.Eventing.Reader.EventProperty]"
"File System Filter 'DfsDriver' (10.0, ?1975?-?08?-?18T07:58:38.000000000Z) has successfully loaded and registered with Filter Manager.","6","0",,"4","0","0","-9223372036854775808","4628","Microsoft-Windows-FilterManager","f3c5e28e-63f6-49c7-a204-e48a1bc4b09d","System","4","8","ServerDC2.ad.jasonsexperiments.com","S-1-5-18","5/13/2025 9:10:02 PM",,,"System","System.UInt32[]","System.Diagnostics.Eventing.Reader.EventBookmark","Information","Info",,"System.Collections.ObjectModel.ReadOnlyCollection`1[System.String]","System.Collections.Generic.List`1[System.Diagnostics.Eventing.Reader.EventProperty]"
"File System Filter 'FileCrypt' (10.0, ?2034?-?08?-?13T09:30:12.000000000Z) has successfully loaded and registered with Filter Manager.","6","0",,"4","0","0","-9223372036854775808","4627","Microsoft-Windows-FilterManager","f3c5e28e-63f6-49c7-a204-e48a1bc4b09d","System","4","8","ServerDC2.ad.jasonsexperiments.com","S-1-5-18","5/13/2025 9:10:02 PM",,,"System","System.UInt32[]","System.Diagnostics.Eventing.Reader.EventBookmark","Information","Info",,"System.Collections.ObjectModel.ReadOnlyCollection`1[System.String]","System.Collections.Generic.List`1[System.Diagnostics.Eventing.Reader.EventProperty]"
"Volume C: (\Device\HarddiskVolume1) is healthy.  No action is needed.","98","0",,"4","0","0","-9223372036854775806","4626","Microsoft-Windows-Ntfs","3ff37a1c-a68d-4d6e-8c9b-f79e8b16c482","System","4","192","ServerDC2.ad.jasonsexperiments.com","S-1-5-18","5/13/2025 9:10:02 PM",,,"System","System.UInt32[]","System.Diagnostics.Eventing.Reader.EventBookmark","Information","Info",,"System.Collections.ObjectModel.ReadOnlyCollection`1[System.String]","System.Collections.Generic.List`1[System.Diagnostics.Eventing.Reader.EventProperty]"
"File System Filter 'DfsrRo' (10.0, ?2087?-?05?-?27T10:05:55.000000000Z) has successfully loaded and registered with Filter Manager.","6","0",,"4","0","0","-9223372036854775808","4625","Microsoft-Windows-FilterManager","f3c5e28e-63f6-49c7-a204-e48a1bc4b09d","System","4","8","ServerDC2.ad.jasonsexperiments.com","S-1-5-18","5/13/2025 9:10:02 PM",,,"System","System.UInt32[]","System.Diagnostics.Eventing.Reader.EventBookmark","Information","Info",,"System.Collections.ObjectModel.ReadOnlyCollection`1[System.String]","System.Collections.Generic.List`1[System.Diagnostics.Eventing.Reader.EventProperty]"
"File System Filter 'Wof' (10.0, ?2036?-?08?-?31T11:15:55.000000000Z) has successfully loaded and registered with Filter Manager.","6","0",,"4","0","0","-9223372036854775808","4624","Microsoft-Windows-FilterManager","f3c5e28e-63f6-49c7-a204-e48a1bc4b09d","System","4","8","ServerDC2.ad.jasonsexperiments.com","S-1-5-18","5/13/2025 9:10:02 PM",,,"System","System.UInt32[]","System.Diagnostics.Eventing.Reader.EventBookmark","Information","Info",,"System.Collections.ObjectModel.ReadOnlyCollection`1[System.String]","System.Collections.Generic.List`1[System.Diagnostics.Eventing.Reader.EventProperty]"
"The leap second configuration has been updated.
Reason: Leap second data initialized from registry during boot
Leap seconds enabled: true
New leap second count: 0
Old leap second count: 0","20","0",,"4","6","0","-9223372036854775792","4623","Microsoft-Windows-Kernel-General","a68ca8b7-004f-d7b6-a698-07e2de0f1f5d","System","4","8","ServerDC2.ad.jasonsexperiments.com","S-1-5-18","5/13/2025 9:10:01 PM",,,"System","System.UInt32[]","System.Diagnostics.Eventing.Reader.EventBookmark","Information","Info",,"System.Collections.ObjectModel.ReadOnlyCollection`1[System.String]","System.Collections.Generic.List`1[System.Diagnostics.Eventing.Reader.EventProperty]"
"The bootmgr spent 0 ms waiting for user input.","32","0",,"4","58","0","-9223372036854775808","4622","Microsoft-Windows-Kernel-Boot","15ca44ff-4d7a-4baa-bba5-0998955e531e","System","4","8","ServerDC2.ad.jasonsexperiments.com","S-1-5-18","5/13/2025 9:10:01 PM",,,"System","System.UInt32[]","System.Diagnostics.Eventing.Reader.EventBookmark","Information","Info",,"System.Collections.ObjectModel.ReadOnlyCollection`1[System.String]","System.Collections.Generic.List`1[System.Diagnostics.Eventing.Reader.EventProperty]"
"There are 0x1 boot options on this system.","18","0",,"4","57","0","-9223372036854775808","4621","Microsoft-Windows-Kernel-Boot","15ca44ff-4d7a-4baa-bba5-0998955e531e","System","4","8","ServerDC2.ad.jasonsexperiments.com","S-1-5-18","5/13/2025 9:10:01 PM",,,"System","System.UInt32[]","System.Diagnostics.Eventing.Reader.EventBookmark","Information","Info",,"System.Collections.ObjectModel.ReadOnlyCollection`1[System.String]","System.Collections.Generic.List`1[System.Diagnostics.Eventing.Reader.EventProperty]"
"The boot type was 0x0.","27","1",,"4","33","0","-9223372036854775808","4620","Microsoft-Windows-Kernel-Boot","15ca44ff-4d7a-4baa-bba5-0998955e531e","System","4","8","ServerDC2.ad.jasonsexperiments.com","S-1-5-18","5/13/2025 9:10:01 PM",,,"System","System.UInt32[]","System.Diagnostics.Eventing.Reader.EventBookmark","Information","Info",,"System.Collections.ObjectModel.ReadOnlyCollection`1[System.String]","System.Collections.Generic.List`1[System.Diagnostics.Eventing.Reader.EventProperty]"
"The boot menu policy was 0x0.","25","0",,"4","32","0","-9223372036854775808","4619","Microsoft-Windows-Kernel-Boot","15ca44ff-4d7a-4baa-bba5-0998955e531e","System","4","8","ServerDC2.ad.jasonsexperiments.com","S-1-5-18","5/13/2025 9:10:01 PM",,,"System","System.UInt32[]","System.Diagnostics.Eventing.Reader.EventBookmark","Information","Info",,"System.Collections.ObjectModel.ReadOnlyCollection`1[System.String]","System.Collections.Generic.List`1[System.Diagnostics.Eventing.Reader.EventProperty]"
"The last shutdown's success status was false. The last boot's success status was true.","20","1",,"4","31","0","-9223372036854775808","4618","Microsoft-Windows-Kernel-Boot","15ca44ff-4d7a-4baa-bba5-0998955e531e","System","4","8","ServerDC2.ad.jasonsexperiments.com","S-1-5-18","5/13/2025 9:10:01 PM",,,"System","System.UInt32[]","System.Diagnostics.Eventing.Reader.EventBookmark","Information","Info",,"System.Collections.ObjectModel.ReadOnlyCollection`1[System.String]","System.Collections.Generic.List`1[System.Diagnostics.Eventing.Reader.EventProperty]"
"Virtualization-based security (policies: 0) is disabled.","153","0",,"4","62","0","-9223372036854775808","4617","Microsoft-Windows-Kernel-Boot","15ca44ff-4d7a-4baa-bba5-0998955e531e","System","4","8","ServerDC2.ad.jasonsexperiments.com","S-1-5-18","5/13/2025 9:10:01 PM",,,"System","System.UInt32[]","System.Diagnostics.Eventing.Reader.EventBookmark","Information","Info",,"System.Collections.ObjectModel.ReadOnlyCollection`1[System.String]","System.Collections.Generic.List`1[System.Diagnostics.Eventing.Reader.EventProperty]"
"The operating system started at system time ?2025?-?05?-?14T02:10:00.500000000Z.","12","0",,"4","1","0","-9223372036854775680","4616","Microsoft-Windows-Kernel-General","a68ca8b7-004f-d7b6-a698-07e2de0f1f5d","System","4","8","ServerDC2.ad.jasonsexperiments.com","S-1-5-18","5/13/2025 9:10:01 PM",,,"System","System.UInt32[]","System.Diagnostics.Eventing.Reader.EventBookmark","Information","Info",,"System.Collections.ObjectModel.ReadOnlyCollection`1[System.String]","System.Collections.Generic.List`1[System.Diagnostics.Eventing.Reader.EventProperty]"
"The system uptime is 17 seconds.","6013",,"32768","4","0",,"36028797018963968","4615","EventLog",,"System",,,"ServerDC2.ad.jasonsexperiments.com",,"5/13/2025 9:10:18 PM",,,"System","System.UInt32[]","System.Diagnostics.Eventing.Reader.EventBookmark","Information",,,"System.Collections.ObjectModel.ReadOnlyCollection`1[System.String]","System.Collections.Generic.List`1[System.Diagnostics.Eventing.Reader.EventProperty]"
"The Event log service was started.","6005",,"32768","4","0",,"36028797018963968","4614","EventLog",,"System",,,"ServerDC2.ad.jasonsexperiments.com",,"5/13/2025 9:10:18 PM",,,"System","System.UInt32[]","System.Diagnostics.Eventing.Reader.EventBookmark","Information",,,"System.Collections.ObjectModel.ReadOnlyCollection`1[System.String]","System.Collections.Generic.List`1[System.Diagnostics.Eventing.Reader.EventProperty]"
"Microsoft (R) Windows (R) 10.00. 17763  Multiprocessor Free.","6009",,"32768","4","0",,"36028797018963968","4613","EventLog",,"System",,,"ServerDC2.ad.jasonsexperiments.com",,"5/13/2025 9:10:18 PM",,,"System","System.UInt32[]","System.Diagnostics.Eventing.Reader.EventBookmark","Information",,,"System.Collections.ObjectModel.ReadOnlyCollection`1[System.String]","System.Collections.Generic.List`1[System.Diagnostics.Eventing.Reader.EventProperty]"
"The previous system shutdown at 6:19:27 AM on ?4/?11/?2025 was unexpected.","6008",,"32768","2","0",,"36028797018963968","4612","EventLog",,"System",,,"ServerDC2.ad.jasonsexperiments.com",,"5/13/2025 9:10:18 PM",,,"System","System.UInt32[]","System.Diagnostics.Eventing.Reader.EventBookmark","Error",,,"System.Collections.ObjectModel.ReadOnlyCollection`1[System.String]","System.Collections.Generic.List`1[System.Diagnostics.Eventing.Reader.EventProperty]"
"The Network Setup Service service entered the running state.","7036","0","16384","4","0","0","-9187343239835811840","4611","Service Control Manager","555908d1-a6d7-4695-8e1e-26931d2012f4","System","644","2808","ServerDC2.ad.jasonsexperiments.com",,"4/11/2025 6:17:42 AM",,,"System","System.UInt32[]","System.Diagnostics.Eventing.Reader.EventBookmark","Information",,,"System.Collections.ObjectModel.ReadOnlyCollection`1[System.String]","System.Collections.Generic.List`1[System.Diagnostics.Eventing.Reader.EventProperty]"
"The WinHTTP Web Proxy Auto-Discovery Service service entered the running state.","7036","0","16384","4","0","0","-9187343239835811840","4610","Service Control Manager","555908d1-a6d7-4695-8e1e-26931d2012f4","System","644","2408","ServerDC2.ad.jasonsexperiments.com",,"4/11/2025 6:00:25 AM",,,"System","System.UInt32[]","System.Diagnostics.Eventing.Reader.EventBookmark","Information",,,"System.Collections.ObjectModel.ReadOnlyCollection`1[System.String]","System.Collections.Generic.List`1[System.Diagnostics.Eventing.Reader.EventProperty]"
"The WinHTTP Web Proxy Auto-Discovery Service service entered the stopped state.","7036","0","16384","4","0","0","-9187343239835811840","4609","Service Control Manager","555908d1-a6d7-4695-8e1e-26931d2012f4","System","644","2408","ServerDC2.ad.jasonsexperiments.com",,"4/11/2025 5:57:25 AM",,,"System","System.UInt32[]","System.Diagnostics.Eventing.Reader.EventBookmark","Information",,,"System.Collections.ObjectModel.ReadOnlyCollection`1[System.String]","System.Collections.Generic.List`1[System.Diagnostics.Eventing.Reader.EventProperty]"
"The WinHTTP Web Proxy Auto-Discovery Service service entered the running state.","7036","0","16384","4","0","0","-9187343239835811840","4608","Service Control Manager","555908d1-a6d7-4695-8e1e-26931d2012f4","System","644","2332","ServerDC2.ad.jasonsexperiments.com",,"4/11/2025 5:30:25 AM",,,"System","System.UInt32[]","System.Diagnostics.Eventing.Reader.EventBookmark","Information",,,"System.Collections.ObjectModel.ReadOnlyCollection`1[System.String]","System.Collections.Generic.List`1[System.Diagnostics.Eventing.Reader.EventProperty]"
"The WinHTTP Web Proxy Auto-Discovery Service service entered the stopped state.","7036","0","16384","4","0","0","-9187343239835811840","4607","Service Control Manager","555908d1-a6d7-4695-8e1e-26931d2012f4","System","644","2332","ServerDC2.ad.jasonsexperiments.com",,"4/11/2025 5:27:26 AM",,,"System","System.UInt32[]","System.Diagnostics.Eventing.Reader.EventBookmark","Information",,,"System.Collections.ObjectModel.ReadOnlyCollection`1[System.String]","System.Collections.Generic.List`1[System.Diagnostics.Eventing.Reader.EventProperty]"
"The Network Setup Service service entered the stopped state.","7036","0","16384","4","0","0","-9187343239835811840","4606","Service Control Manager","555908d1-a6d7-4695-8e1e-26931d2012f4","System","644","6992","ServerDC2.ad.jasonsexperiments.com",,"4/11/2025 5:20:44 AM",,,"System","System.UInt32[]","System.Diagnostics.Eventing.Reader.EventBookmark","Information",,,"System.Collections.ObjectModel.ReadOnlyCollection`1[System.String]","System.Collections.Generic.List`1[System.Diagnostics.Eventing.Reader.EventProperty]"
"The Network Setup Service service entered the running state.","7036","0","16384","4","0","0","-9187343239835811840","4605","Service Control Manager","555908d1-a6d7-4695-8e1e-26931d2012f4","System","644","4916","ServerDC2.ad.jasonsexperiments.com",,"4/11/2025 5:17:42 AM",,,"System","System.UInt32[]","System.Diagnostics.Eventing.Reader.EventBookmark","Information",,,"System.Collections.ObjectModel.ReadOnlyCollection`1[System.String]","System.Collections.Generic.List`1[System.Diagnostics.Eventing.Reader.EventProperty]"
"The WinHTTP Web Proxy Auto-Discovery Service service entered the running state.","7036","0","16384","4","0","0","-9187343239835811840","4604","Service Control Manager","555908d1-a6d7-4695-8e1e-26931d2012f4","System","644","6856","ServerDC2.ad.jasonsexperiments.com",,"4/11/2025 5:00:25 AM",,,"System","System.UInt32[]","System.Diagnostics.Eventing.Reader.EventBookmark","Information",,,"System.Collections.ObjectModel.ReadOnlyCollection`1[System.String]","System.Collections.Generic.List`1[System.Diagnostics.Eventing.Reader.EventProperty]"
"The WinHTTP Web Proxy Auto-Discovery Service service entered the stopped state.","7036","0","16384","4","0","0","-9187343239835811840","4603","Service Control Manager","555908d1-a6d7-4695-8e1e-26931d2012f4","System","644","1316","ServerDC2.ad.jasonsexperiments.com",,"4/11/2025 4:48:39 AM",,,"System","System.UInt32[]","System.Diagnostics.Eventing.Reader.EventBookmark","Information",,,"System.Collections.ObjectModel.ReadOnlyCollection`1[System.String]","System.Collections.Generic.List`1[System.Diagnostics.Eventing.Reader.EventProperty]"
"The PDC completed an automatic trust scan operation for all trusts with no errors.

More information can be found at https://go.microsoft.com/fwlink/?linkid=2162089.","6148","0",,"4","0","0","-9223372036854775808","4602","LsaSrv","199fe037-2b82-40a9-82ac-e1d46c792b99","System","652","3484","ServerDC2.ad.jasonsexperiments.com","S-1-5-18","4/11/2025 4:30:18 AM",,,"System","System.UInt32[]","System.Diagnostics.Eventing.Reader.EventBookmark","Information","Info",,"System.Collections.ObjectModel.ReadOnlyCollection`1[System.String]","System.Collections.Generic.List`1[System.Diagnostics.Eventing.Reader.EventProperty]"
"The WinHTTP Web Proxy Auto-Discovery Service service entered the running state.","7036","0","16384","4","0","0","-9187343239835811840","4601","Service Control Manager","555908d1-a6d7-4695-8e1e-26931d2012f4","System","644","900","ServerDC2.ad.jasonsexperiments.com",,"4/11/2025 4:21:38 AM",,,"System","System.UInt32[]","System.Diagnostics.Eventing.Reader.EventBookmark","Information",,,"System.Collections.ObjectModel.ReadOnlyCollection`1[System.String]","System.Collections.Generic.List`1[System.Diagnostics.Eventing.Reader.EventProperty]"
"The WinHTTP Web Proxy Auto-Discovery Service service entered the stopped state.","7036","0","16384","4","0","0","-9187343239835811840","4600","Service Control Manager","555908d1-a6d7-4695-8e1e-26931d2012f4","System","644","900","ServerDC2.ad.jasonsexperiments.com",,"4/11/2025 4:21:26 AM",,,"System","System.UInt32[]","System.Diagnostics.Eventing.Reader.EventBookmark","Information",,,"System.Collections.ObjectModel.ReadOnlyCollection`1[System.String]","System.Collections.Generic.List`1[System.Diagnostics.Eventing.Reader.EventProperty]"
"The Network Setup Service service entered the stopped state.","7036","0","16384","4","0","0","-9187343239835811840","4599","Service Control Manager","555908d1-a6d7-4695-8e1e-26931d2012f4","System","644","900","ServerDC2.ad.jasonsexperiments.com",,"4/11/2025 4:20:44 AM",,,"System","System.UInt32[]","System.Diagnostics.Eventing.Reader.EventBookmark","Information",,,"System.Collections.ObjectModel.ReadOnlyCollection`1[System.String]","System.Collections.Generic.List`1[System.Diagnostics.Eventing.Reader.EventProperty]"
"The Network Setup Service service entered the running state.","7036","0","16384","4","0","0","-9187343239835811840","4598","Service Control Manager","555908d1-a6d7-4695-8e1e-26931d2012f4","System","644","900","ServerDC2.ad.jasonsexperiments.com",,"4/11/2025 4:17:42 AM",,,"System","System.UInt32[]","System.Diagnostics.Eventing.Reader.EventBookmark","Information",,,"System.Collections.ObjectModel.ReadOnlyCollection`1[System.String]","System.Collections.Generic.List`1[System.Diagnostics.Eventing.Reader.EventProperty]"
"The Capability Access Manager Service service entered the stopped state.","7036","0","16384","4","0","0","-9187343239835811840","4597","Service Control Manager","555908d1-a6d7-4695-8e1e-26931d2012f4","System","644","6564","ServerDC2.ad.jasonsexperiments.com",,"4/11/2025 3:57:56 AM",,,"System","System.UInt32[]","System.Diagnostics.Eventing.Reader.EventBookmark","Information",,,"System.Collections.ObjectModel.ReadOnlyCollection`1[System.String]","System.Collections.Generic.List`1[System.Diagnostics.Eventing.Reader.EventProperty]"
"The Software Protection service entered the stopped state.","7036","0","16384","4","0","0","-9187343239835811840","4596","Service Control Manager","555908d1-a6d7-4695-8e1e-26931d2012f4","System","644","2652","ServerDC2.ad.jasonsexperiments.com",,"4/11/2025 3:53:27 AM",,,"System","System.UInt32[]","System.Diagnostics.Eventing.Reader.EventBookmark","Information",,,"System.Collections.ObjectModel.ReadOnlyCollection`1[System.String]","System.Collections.Generic.List`1[System.Diagnostics.Eventing.Reader.EventProperty]"
"The Capability Access Manager Service service entered the running state.","7036","0","16384","4","0","0","-9187343239835811840","4595","Service Control Manager","555908d1-a6d7-4695-8e1e-26931d2012f4","System","644","2652","ServerDC2.ad.jasonsexperiments.com",,"4/11/2025 3:52:56 AM",,,"System","System.UInt32[]","System.Diagnostics.Eventing.Reader.EventBookmark","Information",,,"System.Collections.ObjectModel.ReadOnlyCollection`1[System.String]","System.Collections.Generic.List`1[System.Diagnostics.Eventing.Reader.EventProperty]"
"The Software Protection service entered the running state.","7036","0","16384","4","0","0","-9187343239835811840","4594","Service Control Manager","555908d1-a6d7-4695-8e1e-26931d2012f4","System","644","2652","ServerDC2.ad.jasonsexperiments.com",,"4/11/2025 3:52:56 AM",,,"System","System.UInt32[]","System.Diagnostics.Eventing.Reader.EventBookmark","Information",,,"System.Collections.ObjectModel.ReadOnlyCollection`1[System.String]","System.Collections.Generic.List`1[System.Diagnostics.Eventing.Reader.EventProperty]"
"The WinHTTP Web Proxy Auto-Discovery Service service entered the running state.","7036","0","16384","4","0","0","-9187343239835811840","4593","Service Control Manager","555908d1-a6d7-4695-8e1e-26931d2012f4","System","644","708","ServerDC2.ad.jasonsexperiments.com",,"4/11/2025 3:30:25 AM",,,"System","System.UInt32[]","System.Diagnostics.Eventing.Reader.EventBookmark","Information",,,"System.Collections.ObjectModel.ReadOnlyCollection`1[System.String]","System.Collections.Generic.List`1[System.Diagnostics.Eventing.Reader.EventProperty]"
"The WinHTTP Web Proxy Auto-Discovery Service service entered the stopped state.","7036","0","16384","4","0","0","-9187343239835811840","4592","Service Control Manager","555908d1-a6d7-4695-8e1e-26931d2012f4","System","644","708","ServerDC2.ad.jasonsexperiments.com",,"4/11/2025 3:28:56 AM",,,"System","System.UInt32[]","System.Diagnostics.Eventing.Reader.EventBookmark","Information",,,"System.Collections.ObjectModel.ReadOnlyCollection`1[System.String]","System.Collections.Generic.List`1[System.Diagnostics.Eventing.Reader.EventProperty]"
"The Network Setup Service service entered the stopped state.","7036","0","16384","4","0","0","-9187343239835811840","4591","Service Control Manager","555908d1-a6d7-4695-8e1e-26931d2012f4","System","644","3788","ServerDC2.ad.jasonsexperiments.com",,"4/11/2025 3:20:44 AM",,,"System","System.UInt32[]","System.Diagnostics.Eventing.Reader.EventBookmark","Information",,,"System.Collections.ObjectModel.ReadOnlyCollection`1[System.String]","System.Collections.Generic.List`1[System.Diagnostics.Eventing.Reader.EventProperty]"
"The Network Setup Service service entered the running state.","7036","0","16384","4","0","0","-9187343239835811840","4590","Service Control Manager","555908d1-a6d7-4695-8e1e-26931d2012f4","System","644","4644","ServerDC2.ad.jasonsexperiments.com",,"4/11/2025 3:17:42 AM",,,"System","System.UInt32[]","System.Diagnostics.Eventing.Reader.EventBookmark","Information",,,"System.Collections.ObjectModel.ReadOnlyCollection`1[System.String]","System.Collections.Generic.List`1[System.Diagnostics.Eventing.Reader.EventProperty]"
"The Microsoft Account Sign-in Assistant service entered the stopped state.","7036","0","16384","4","0","0","-9187343239835811840","4589","Service Control Manager","555908d1-a6d7-4695-8e1e-26931d2012f4","System","644","4460","ServerDC2.ad.jasonsexperiments.com",,"4/11/2025 3:04:12 AM",,,"System","System.UInt32[]","System.Diagnostics.Eventing.Reader.EventBookmark","Information",,,"System.Collections.ObjectModel.ReadOnlyCollection`1[System.String]","System.Collections.Generic.List`1[System.Diagnostics.Eventing.Reader.EventProperty]"
"The Microsoft Account Sign-in Assistant service entered the running state.","7036","0","16384","4","0","0","-9187343239835811840","4588","Service Control Manager","555908d1-a6d7-4695-8e1e-26931d2012f4","System","644","4460","ServerDC2.ad.jasonsexperiments.com",,"4/11/2025 3:01:11 AM",,,"System","System.UInt32[]","System.Diagnostics.Eventing.Reader.EventBookmark","Information",,,"System.Collections.ObjectModel.ReadOnlyCollection`1[System.String]","System.Collections.Generic.List`1[System.Diagnostics.Eventing.Reader.EventProperty]"
"The WinHTTP Web Proxy Auto-Discovery Service service entered the running state.","7036","0","16384","4","0","0","-9187343239835811840","4587","Service Control Manager","555908d1-a6d7-4695-8e1e-26931d2012f4","System","644","6132","ServerDC2.ad.jasonsexperiments.com",,"4/11/2025 2:30:25 AM",,,"System","System.UInt32[]","System.Diagnostics.Eventing.Reader.EventBookmark","Information",,,"System.Collections.ObjectModel.ReadOnlyCollection`1[System.String]","System.Collections.Generic.List`1[System.Diagnostics.Eventing.Reader.EventProperty]"
"The WinHTTP Web Proxy Auto-Discovery Service service entered the stopped state.","7036","0","16384","4","0","0","-9187343239835811840","4586","Service Control Manager","555908d1-a6d7-4695-8e1e-26931d2012f4","System","644","5684","ServerDC2.ad.jasonsexperiments.com",,"4/11/2025 2:27:25 AM",,,"System","System.UInt32[]","System.Diagnostics.Eventing.Reader.EventBookmark","Information",,,"System.Collections.ObjectModel.ReadOnlyCollection`1[System.String]","System.Collections.Generic.List`1[System.Diagnostics.Eventing.Reader.EventProperty]"
"The Network Setup Service service entered the stopped state.","7036","0","16384","4","0","0","-9187343239835811840","4585","Service Control Manager","555908d1-a6d7-4695-8e1e-26931d2012f4","System","644","6528","ServerDC2.ad.jasonsexperiments.com",,"4/11/2025 2:20:44 AM",,,"System","System.UInt32[]","System.Diagnostics.Eventing.Reader.EventBookmark","Information",,,"System.Collections.ObjectModel.ReadOnlyCollection`1[System.String]","System.Collections.Generic.List`1[System.Diagnostics.Eventing.Reader.EventProperty]"
"The Network Setup Service service entered the running state.","7036","0","16384","4","0","0","-9187343239835811840","4584","Service Control Manager","555908d1-a6d7-4695-8e1e-26931d2012f4","System","644","4840","ServerDC2.ad.jasonsexperiments.com",,"4/11/2025 2:17:42 AM",,,"System","System.UInt32[]","System.Diagnostics.Eventing.Reader.EventBookmark","Information",,,"System.Collections.ObjectModel.ReadOnlyCollection`1[System.String]","System.Collections.Generic.List`1[System.Diagnostics.Eventing.Reader.EventProperty]"
"The WinHTTP Web Proxy Auto-Discovery Service service entered the running state.","7036","0","16384","4","0","0","-9187343239835811840","4583","Service Control Manager","555908d1-a6d7-4695-8e1e-26931d2012f4","System","644","2756","ServerDC2.ad.jasonsexperiments.com",,"4/11/2025 2:00:25 AM",,,"System","System.UInt32[]","System.Diagnostics.Eventing.Reader.EventBookmark","Information",,,"System.Collections.ObjectModel.ReadOnlyCollection`1[System.String]","System.Collections.Generic.List`1[System.Diagnostics.Eventing.Reader.EventProperty]"
"The WinHTTP Web Proxy Auto-Discovery Service service entered the stopped state.","7036","0","16384","4","0","0","-9187343239835811840","4582","Service Control Manager","555908d1-a6d7-4695-8e1e-26931d2012f4","System","644","2756","ServerDC2.ad.jasonsexperiments.com",,"4/11/2025 1:57:25 AM",,,"System","System.UInt32[]","System.Diagnostics.Eventing.Reader.EventBookmark","Information",,,"System.Collections.ObjectModel.ReadOnlyCollection`1[System.String]","System.Collections.Generic.List`1[System.Diagnostics.Eventing.Reader.EventProperty]"
"The WinHTTP Web Proxy Auto-Discovery Service service entered the running state.","7036","0","16384","4","0","0","-9187343239835811840","4581","Service Control Manager","555908d1-a6d7-4695-8e1e-26931d2012f4","System","644","3788","ServerDC2.ad.jasonsexperiments.com",,"4/11/2025 1:30:25 AM",,,"System","System.UInt32[]","System.Diagnostics.Eventing.Reader.EventBookmark","Information",,,"System.Collections.ObjectModel.ReadOnlyCollection`1[System.String]","System.Collections.Generic.List`1[System.Diagnostics.Eventing.Reader.EventProperty]"
"The WinHTTP Web Proxy Auto-Discovery Service service entered the stopped state.","7036","0","16384","4","0","0","-9187343239835811840","4580","Service Control Manager","555908d1-a6d7-4695-8e1e-26931d2012f4","System","644","3788","ServerDC2.ad.jasonsexperiments.com",,"4/11/2025 1:27:25 AM",,,"System","System.UInt32[]","System.Diagnostics.Eventing.Reader.EventBookmark","Information",,,"System.Collections.ObjectModel.ReadOnlyCollection`1[System.String]","System.Collections.Generic.List`1[System.Diagnostics.Eventing.Reader.EventProperty]"
"The Network Setup Service service entered the stopped state.","7036","0","16384","4","0","0","-9187343239835811840","4579","Service Control Manager","555908d1-a6d7-4695-8e1e-26931d2012f4","System","644","4056","ServerDC2.ad.jasonsexperiments.com",,"4/11/2025 1:20:44 AM",,,"System","System.UInt32[]","System.Diagnostics.Eventing.Reader.EventBookmark","Information",,,"System.Collections.ObjectModel.ReadOnlyCollection`1[System.String]","System.Collections.Generic.List`1[System.Diagnostics.Eventing.Reader.EventProperty]"
"The Network Setup Service service entered the running state.","7036","0","16384","4","0","0","-9187343239835811840","4578","Service Control Manager","555908d1-a6d7-4695-8e1e-26931d2012f4","System","644","4656","ServerDC2.ad.jasonsexperiments.com",,"4/11/2025 1:17:42 AM",,,"System","System.UInt32[]","System.Diagnostics.Eventing.Reader.EventBookmark","Information",,,"System.Collections.ObjectModel.ReadOnlyCollection`1[System.String]","System.Collections.Generic.List`1[System.Diagnostics.Eventing.Reader.EventProperty]"
"The WinHTTP Web Proxy Auto-Discovery Service service entered the running state.","7036","0","16384","4","0","0","-9187343239835811840","4577","Service Control Manager","555908d1-a6d7-4695-8e1e-26931d2012f4","System","644","6204","ServerDC2.ad.jasonsexperiments.com",,"4/11/2025 1:00:25 AM",,,"System","System.UInt32[]","System.Diagnostics.Eventing.Reader.EventBookmark","Information",,,"System.Collections.ObjectModel.ReadOnlyCollection`1[System.String]","System.Collections.Generic.List`1[System.Diagnostics.Eventing.Reader.EventProperty]"
"The WinHTTP Web Proxy Auto-Discovery Service service entered the stopped state.","7036","0","16384","4","0","0","-9187343239835811840","4576","Service Control Manager","555908d1-a6d7-4695-8e1e-26931d2012f4","System","644","7024","ServerDC2.ad.jasonsexperiments.com",,"4/11/2025 12:56:38 AM",,,"System","System.UInt32[]","System.Diagnostics.Eventing.Reader.EventBookmark","Information",,,"System.Collections.ObjectModel.ReadOnlyCollection`1[System.String]","System.Collections.Generic.List`1[System.Diagnostics.Eventing.Reader.EventProperty]"
"The WinHTTP Web Proxy Auto-Discovery Service service entered the running state.","7036","0","16384","4","0","0","-9187343239835811840","4575","Service Control Manager","555908d1-a6d7-4695-8e1e-26931d2012f4","System","644","1624","ServerDC2.ad.jasonsexperiments.com",,"4/11/2025 12:29:38 AM",,,"System","System.UInt32[]","System.Diagnostics.Eventing.Reader.EventBookmark","Information",,,"System.Collections.ObjectModel.ReadOnlyCollection`1[System.String]","System.Collections.Generic.List`1[System.Diagnostics.Eventing.Reader.EventProperty]"
"The WinHTTP Web Proxy Auto-Discovery Service service entered the stopped state.","7036","0","16384","4","0","0","-9187343239835811840","4574","Service Control Manager","555908d1-a6d7-4695-8e1e-26931d2012f4","System","644","1624","ServerDC2.ad.jasonsexperiments.com",,"4/11/2025 12:27:25 AM",,,"System","System.UInt32[]","System.Diagnostics.Eventing.Reader.EventBookmark","Information",,,"System.Collections.ObjectModel.ReadOnlyCollection`1[System.String]","System.Collections.Generic.List`1[System.Diagnostics.Eventing.Reader.EventProperty]"
"The Network Setup Service service entered the stopped state.","7036","0","16384","4","0","0","-9187343239835811840","4573","Service Control Manager","555908d1-a6d7-4695-8e1e-26931d2012f4","System","644","4900","ServerDC2.ad.jasonsexperiments.com",,"4/11/2025 12:20:44 AM",,,"System","System.UInt32[]","System.Diagnostics.Eventing.Reader.EventBookmark","Information",,,"System.Collections.ObjectModel.ReadOnlyCollection`1[System.String]","System.Collections.Generic.List`1[System.Diagnostics.Eventing.Reader.EventProperty]"
"The Windows Modules Installer service entered the stopped state.","7036","0","16384","4","0","0","-9187343239835811840","4572","Service Control Manager","555908d1-a6d7-4695-8e1e-26931d2012f4","System","644","4900","ServerDC2.ad.jasonsexperiments.com",,"4/11/2025 12:18:59 AM",,,"System","System.UInt32[]","System.Diagnostics.Eventing.Reader.EventBookmark","Information",,,"System.Collections.ObjectModel.ReadOnlyCollection`1[System.String]","System.Collections.Generic.List`1[System.Diagnostics.Eventing.Reader.EventProperty]"
"The Optimize drives service entered the stopped state.","7036","0","16384","4","0","0","-9187343239835811840","4571","Service Control Manager","555908d1-a6d7-4695-8e1e-26931d2012f4","System","644","4900","ServerDC2.ad.jasonsexperiments.com",,"4/11/2025 12:18:29 AM",,,"System","System.UInt32[]","System.Diagnostics.Eventing.Reader.EventBookmark","Information",,,"System.Collections.ObjectModel.ReadOnlyCollection`1[System.String]","System.Collections.Generic.List`1[System.Diagnostics.Eventing.Reader.EventProperty]"
"The Network Setup Service service entered the running state.","7036","0","16384","4","0","0","-9187343239835811840","4570","Service Control Manager","555908d1-a6d7-4695-8e1e-26931d2012f4","System","644","4900","ServerDC2.ad.jasonsexperiments.com",,"4/11/2025 12:17:42 AM",,,"System","System.UInt32[]","System.Diagnostics.Eventing.Reader.EventBookmark","Information",,,"System.Collections.ObjectModel.ReadOnlyCollection`1[System.String]","System.Collections.Generic.List`1[System.Diagnostics.Eventing.Reader.EventProperty]"
"The start type of the Windows Modules Installer service was changed from auto start to demand start.","7040","0","16384","4","0","0","-9187343239835811840","4569","Service Control Manager","555908d1-a6d7-4695-8e1e-26931d2012f4","System","644","2340","ServerDC2.ad.jasonsexperiments.com","S-1-5-18","4/11/2025 12:16:58 AM",,,"System","System.UInt32[]","System.Diagnostics.Eventing.Reader.EventBookmark","Information",,,"System.Collections.ObjectModel.ReadOnlyCollection`1[System.String]","System.Collections.Generic.List`1[System.Diagnostics.Eventing.Reader.EventProperty]"
"The access history in hive \??\C:\Windows\System32\SMI\Store\Machine\SCHEMA.DAT was cleared updating 15680 keys and creating 2707 modified pages.","16","0",,"4","0","0","-9223372036854775808","4568","Microsoft-Windows-Kernel-General","a68ca8b7-004f-d7b6-a698-07e2de0f1f5d","System","4072","5540","ServerDC2.ad.jasonsexperiments.com","S-1-5-18","4/11/2025 12:16:48 AM",,,"System","System.UInt32[]","System.Diagnostics.Eventing.Reader.EventBookmark","Information","Info",,"System.Collections.ObjectModel.ReadOnlyCollection`1[System.String]","System.Collections.Generic.List`1[System.Diagnostics.Eventing.Reader.EventProperty]"
"Hive \??\C:\Windows\System32\config\COMPONENTS was reorganized with a starting size of 79331328 bytes and an ending size of 60690432 bytes.","15","0",,"4","0","0","-9223372036854775808","4567","Microsoft-Windows-Kernel-General","a68ca8b7-004f-d7b6-a698-07e2de0f1f5d","System","4072","5540","ServerDC2.ad.jasonsexperiments.com","S-1-5-18","4/11/2025 12:16:48 AM",,,"System","System.UInt32[]","System.Diagnostics.Eventing.Reader.EventBookmark","Information","Info",,"System.Collections.ObjectModel.ReadOnlyCollection`1[System.String]","System.Collections.Generic.List`1[System.Diagnostics.Eventing.Reader.EventProperty]"
"The Optimize drives service entered the running state.","7036","0","16384","4","0","0","-9187343239835811840","4566","Service Control Manager","555908d1-a6d7-4695-8e1e-26931d2012f4","System","644","2340","ServerDC2.ad.jasonsexperiments.com",,"4/11/2025 12:15:23 AM",,,"System","System.UInt32[]","System.Diagnostics.Eventing.Reader.EventBookmark","Information",,,"System.Collections.ObjectModel.ReadOnlyCollection`1[System.String]","System.Collections.Generic.List`1[System.Diagnostics.Eventing.Reader.EventProperty]"
"The start type of the Windows Modules Installer service was changed from demand start to auto start.","7040","0","16384","4","0","0","-9187343239835811840","4565","Service Control Manager","555908d1-a6d7-4695-8e1e-26931d2012f4","System","644","2340","ServerDC2.ad.jasonsexperiments.com","S-1-5-18","4/11/2025 12:15:23 AM",,,"System","System.UInt32[]","System.Diagnostics.Eventing.Reader.EventBookmark","Information",,,"System.Collections.ObjectModel.ReadOnlyCollection`1[System.String]","System.Collections.Generic.List`1[System.Diagnostics.Eventing.Reader.EventProperty]"
