"The Microsoft Passport Container service entered the stopped state.","7036","0","16384","4","0","0","-9187343239835811840","4880","Service Control Manager","555908d1-a6d7-4695-8e1e-26931d2012f4","System","624","4808","ServerDC2.ad.jasonsexperiments.com",,"5/13/2025 9:27:49 PM",,,"System","System.UInt32[]","System.Diagnostics.Eventing.Reader.EventBookmark","Information",,,"System.Collections.ObjectModel.ReadOnlyCollection`1[System.String]","System.Collections.Generic.List`1[System.Diagnostics.Eventing.Reader.EventProperty]"
"The Windows Modules Installer service entered the stopped state.","7036","0","16384","4","0","0","-9187343239835811840","4879","Service Control Manager","555908d1-a6d7-4695-8e1e-26931d2012f4","System","624","4808","ServerDC2.ad.jasonsexperiments.com",,"5/13/2025 9:27:49 PM",,,"System","System.UInt32[]","System.Diagnostics.Eventing.Reader.EventBookmark","Information",,,"System.Collections.ObjectModel.ReadOnlyCollection`1[System.String]","System.Collections.Generic.List`1[System.Diagnostics.Eventing.Reader.EventProperty]"
"The Event log service was stopped.","6006",,"32768","4","0",,"36028797018963968","4878","EventLog",,"System",,,"ServerDC2.ad.jasonsexperiments.com",,"5/13/2025 9:27:49 PM",,,"System","System.UInt32[]","System.Diagnostics.Eventing.Reader.EventBookmark","Information",,,"System.Collections.ObjectModel.ReadOnlyCollection`1[System.String]","System.Collections.Generic.List`1[System.Diagnostics.Eventing.Reader.EventProperty]"
"The Background Intelligent Transfer Service service entered the stopped state.","7036","0","16384","4","0","0","-9187343239835811840","4877","Service Control Manager","555908d1-a6d7-4695-8e1e-26931d2012f4","System","624","5912","ServerDC2.ad.jasonsexperiments.com",,"5/13/2025 9:27:27 PM",,,"System","System.UInt32[]","System.Diagnostics.Eventing.Reader.EventBookmark","Information",,,"System.Collections.ObjectModel.ReadOnlyCollection`1[System.String]","System.Collections.Generic.List`1[System.Diagnostics.Eventing.Reader.EventProperty]"
"The start type of the Background Intelligent Transfer Service service was changed from auto start to demand start.","7040","0","16384","4","0","0","-9187343239835811840","4876","Service Control Manager","555908d1-a6d7-4695-8e1e-26931d2012f4","System","624","3044","ServerDC2.ad.jasonsexperiments.com","S-1-5-18","5/13/2025 9:27:27 PM",,,"System","System.UInt32[]","System.Diagnostics.Eventing.Reader.EventBookmark","Information",,,"System.Collections.ObjectModel.ReadOnlyCollection`1[System.String]","System.Collections.Generic.List`1[System.Diagnostics.Eventing.Reader.EventProperty]"
"The Group Policy Client service entered the stopped state.","7036","0","16384","4","0","0","-9187343239835811840","4875","Service Control Manager","555908d1-a6d7-4695-8e1e-26931d2012f4","System","624","3044","ServerDC2.ad.jasonsexperiments.com",,"5/13/2025 9:27:15 PM",,,"System","System.UInt32[]","System.Diagnostics.Eventing.Reader.EventBookmark","Information",,,"System.Collections.ObjectModel.ReadOnlyCollection`1[System.String]","System.Collections.Generic.List`1[System.Diagnostics.Eventing.Reader.EventProperty]"
"The Update Orchestrator Service service terminated with the following error: 
This operation returned because the timeout period expired.","7023","0","49152","2","0","0","-9187343239835811840","4874","Service Control Manager","555908d1-a6d7-4695-8e1e-26931d2012f4","System","624","3044","ServerDC2.ad.jasonsexperiments.com",,"5/13/2025 9:27:15 PM",,,"System","System.UInt32[]","System.Diagnostics.Eventing.Reader.EventBookmark","Error",,,"System.Collections.ObjectModel.ReadOnlyCollection`1[System.String]","System.Collections.Generic.List`1[System.Diagnostics.Eventing.Reader.EventProperty]"
"The Update Orchestrator Service service entered the stopped state.","7036","0","16384","4","0","0","-9187343239835811840","4873","Service Control Manager","555908d1-a6d7-4695-8e1e-26931d2012f4","System","624","3044","ServerDC2.ad.jasonsexperiments.com",,"5/13/2025 9:27:15 PM",,,"System","System.UInt32[]","System.Diagnostics.Eventing.Reader.EventBookmark","Information",,,"System.Collections.ObjectModel.ReadOnlyCollection`1[System.String]","System.Collections.Generic.List`1[System.Diagnostics.Eventing.Reader.EventProperty]"
"The Windows Modules Installer service entered the running state.","7036","0","16384","4","0","0","-9187343239835811840","4872","Service Control Manager","555908d1-a6d7-4695-8e1e-26931d2012f4","System","624","3044","ServerDC2.ad.jasonsexperiments.com",,"5/13/2025 9:27:12 PM",,,"System","System.UInt32[]","System.Diagnostics.Eventing.Reader.EventBookmark","Information",,,"System.Collections.ObjectModel.ReadOnlyCollection`1[System.String]","System.Collections.Generic.List`1[System.Diagnostics.Eventing.Reader.EventProperty]"
"User Logoff Notification for Customer Experience Improvement Program","7002","0",,"4","1102","0","2305878193585782784","4871","Microsoft-Windows-Winlogon","dbe9b383-7cf3-4331-91cc-a3cb16a3b538","System","552","340","ServerDC2.ad.jasonsexperiments.com","S-1-5-18","5/13/2025 9:27:12 PM",,,"System","System.UInt32[]","System.Diagnostics.Eventing.Reader.EventBookmark","Information","Info",,"System.Collections.ObjectModel.ReadOnlyCollection`1[System.String]","System.Collections.Generic.List`1[System.Diagnostics.Eventing.Reader.EventProperty]"
"The Windows Push Notifications User Service_480e0 service entered the stopped state.","7036","0","16384","4","0","0","-9187343239835811840","4870","Service Control Manager","555908d1-a6d7-4695-8e1e-26931d2012f4","System","624","2108","ServerDC2.ad.jasonsexperiments.com",,"5/13/2025 9:27:12 PM",,,"System","System.UInt32[]","System.Diagnostics.Eventing.Reader.EventBookmark","Information",,,"System.Collections.ObjectModel.ReadOnlyCollection`1[System.String]","System.Collections.Generic.List`1[System.Diagnostics.Eventing.Reader.EventProperty]"
"The Connected Devices Platform User Service_480e0 service entered the stopped state.","7036","0","16384","4","0","0","-9187343239835811840","4869","Service Control Manager","555908d1-a6d7-4695-8e1e-26931d2012f4","System","624","5912","ServerDC2.ad.jasonsexperiments.com",,"5/13/2025 9:27:12 PM",,,"System","System.UInt32[]","System.Diagnostics.Eventing.Reader.EventBookmark","Information",,,"System.Collections.ObjectModel.ReadOnlyCollection`1[System.String]","System.Collections.Generic.List`1[System.Diagnostics.Eventing.Reader.EventProperty]"
"The process C:\Windows\system32\svchost.exe (SERVERDC2) has initiated the restart of computer SERVERDC2 on behalf of user NT AUTHORITY\SYSTEM for the following reason: Operating System: Service pack (Planned)
 Reason Code: 0x80020010
 Shutdown Type: restart
 Comment: ","1074","0","32768","4","0","0","-9187343239835811840","4868","User32","b0aa8734-56f7-41cc-b2f4-de228e98b946","System","400","1088","ServerDC2.ad.jasonsexperiments.com","S-1-5-18","5/13/2025 9:27:11 PM",,,"System","System.UInt32[]","System.Diagnostics.Eventing.Reader.EventBookmark","Information",,,"System.Collections.ObjectModel.ReadOnlyCollection`1[System.String]","System.Collections.Generic.List`1[System.Diagnostics.Eventing.Reader.EventProperty]"
"The Microsoft Passport Container service entered the running state.","7036","0","16384","4","0","0","-9187343239835811840","4867","Service Control Manager","555908d1-a6d7-4695-8e1e-26931d2012f4","System","624","4808","ServerDC2.ad.jasonsexperiments.com",,"5/13/2025 9:27:09 PM",,,"System","System.UInt32[]","System.Diagnostics.Eventing.Reader.EventBookmark","Information",,,"System.Collections.ObjectModel.ReadOnlyCollection`1[System.String]","System.Collections.Generic.List`1[System.Diagnostics.Eventing.Reader.EventProperty]"
"The Microsoft Passport service entered the running state.","7036","0","16384","4","0","0","-9187343239835811840","4866","Service Control Manager","555908d1-a6d7-4695-8e1e-26931d2012f4","System","624","2108","ServerDC2.ad.jasonsexperiments.com",,"5/13/2025 9:27:09 PM",,,"System","System.UInt32[]","System.Diagnostics.Eventing.Reader.EventBookmark","Information",,,"System.Collections.ObjectModel.ReadOnlyCollection`1[System.String]","System.Collections.Generic.List`1[System.Diagnostics.Eventing.Reader.EventProperty]"
"The Optimize drives service entered the stopped state.","7036","0","16384","4","0","0","-9187343239835811840","4865","Service Control Manager","555908d1-a6d7-4695-8e1e-26931d2012f4","System","624","3044","ServerDC2.ad.jasonsexperiments.com",,"5/13/2025 9:26:49 PM",,,"System","System.UInt32[]","System.Diagnostics.Eventing.Reader.EventBookmark","Information",,,"System.Collections.ObjectModel.ReadOnlyCollection`1[System.String]","System.Collections.Generic.List`1[System.Diagnostics.Eventing.Reader.EventProperty]"
"The access history in hive \??\C:\Users\vboxuser\AppData\Local\Packages\Microsoft.LockApp_cw5n1h2txyewy\Settings\settings.dat was cleared updating 3 keys and creating 1 modified pages.","16","0",,"4","0","0","-9223372036854775808","4864","Microsoft-Windows-Kernel-General","a68ca8b7-004f-d7b6-a698-07e2de0f1f5d","System","5908","6560","ServerDC2.ad.jasonsexperiments.com","S-1-5-18","5/13/2025 9:26:11 PM",,,"System","System.UInt32[]","System.Diagnostics.Eventing.Reader.EventBookmark","Information","Info",,"System.Collections.ObjectModel.ReadOnlyCollection`1[System.String]","System.Collections.Generic.List`1[System.Diagnostics.Eventing.Reader.EventProperty]"
"The Windows Modules Installer service entered the stopped state.","7036","0","16384","4","0","0","-9187343239835811840","4863","Service Control Manager","555908d1-a6d7-4695-8e1e-26931d2012f4","System","624","4808","ServerDC2.ad.jasonsexperiments.com",,"5/13/2025 9:25:48 PM",,,"System","System.UInt32[]","System.Diagnostics.Eventing.Reader.EventBookmark","Information",,,"System.Collections.ObjectModel.ReadOnlyCollection`1[System.String]","System.Collections.Generic.List`1[System.Diagnostics.Eventing.Reader.EventProperty]"
"The Volume Shadow Copy service entered the stopped state.","7036","0","16384","4","0","0","-9187343239835811840","4862","Service Control Manager","555908d1-a6d7-4695-8e1e-26931d2012f4","System","624","4808","ServerDC2.ad.jasonsexperiments.com",,"5/13/2025 9:25:36 PM",,,"System","System.UInt32[]","System.Diagnostics.Eventing.Reader.EventBookmark","Information",,,"System.Collections.ObjectModel.ReadOnlyCollection`1[System.String]","System.Collections.Generic.List`1[System.Diagnostics.Eventing.Reader.EventProperty]"
"The WMI Performance Adapter service entered the stopped state.","7036","0","16384","4","0","0","-9187343239835811840","4861","Service Control Manager","555908d1-a6d7-4695-8e1e-26931d2012f4","System","624","4808","ServerDC2.ad.jasonsexperiments.com",,"5/13/2025 9:25:27 PM",,,"System","System.UInt32[]","System.Diagnostics.Eventing.Reader.EventBookmark","Information",,,"System.Collections.ObjectModel.ReadOnlyCollection`1[System.String]","System.Collections.Generic.List`1[System.Diagnostics.Eventing.Reader.EventProperty]"
"The PDC completed an automatic trust scan operation for all trusts with no errors.

More information can be found at https://go.microsoft.com/fwlink/?linkid=2162089.","6148","0",,"4","0","0","-9223372036854775808","4860","LsaSrv","199fe037-2b82-40a9-82ac-e1d46c792b99","System","632","6832","ServerDC2.ad.jasonsexperiments.com","S-1-5-18","5/13/2025 9:25:11 PM",,,"System","System.UInt32[]","System.Diagnostics.Eventing.Reader.EventBookmark","Information","Info",,"System.Collections.ObjectModel.ReadOnlyCollection`1[System.String]","System.Collections.Generic.List`1[System.Diagnostics.Eventing.Reader.EventProperty]"
"The Software Protection service entered the stopped state.","7036","0","16384","4","0","0","-9187343239835811840","4859","Service Control Manager","555908d1-a6d7-4695-8e1e-26931d2012f4","System","624","3044","ServerDC2.ad.jasonsexperiments.com",,"5/13/2025 9:23:58 PM",,,"System","System.UInt32[]","System.Diagnostics.Eventing.Reader.EventBookmark","Information",,,"System.Collections.ObjectModel.ReadOnlyCollection`1[System.String]","System.Collections.Generic.List`1[System.Diagnostics.Eventing.Reader.EventProperty]"
"The AppX Deployment Service (AppXSVC) service entered the running state.","7036","0","16384","4","0","0","-9187343239835811840","4858","Service Control Manager","555908d1-a6d7-4695-8e1e-26931d2012f4","System","624","3044","ServerDC2.ad.jasonsexperiments.com",,"5/13/2025 9:23:45 PM",,,"System","System.UInt32[]","System.Diagnostics.Eventing.Reader.EventBookmark","Information",,,"System.Collections.ObjectModel.ReadOnlyCollection`1[System.String]","System.Collections.Generic.List`1[System.Diagnostics.Eventing.Reader.EventProperty]"
"The Delivery Optimization service entered the running state.","7036","0","16384","4","0","0","-9187343239835811840","4857","Service Control Manager","555908d1-a6d7-4695-8e1e-26931d2012f4","System","624","3044","ServerDC2.ad.jasonsexperiments.com",,"5/13/2025 9:23:44 PM",,,"System","System.UInt32[]","System.Diagnostics.Eventing.Reader.EventBookmark","Information",,,"System.Collections.ObjectModel.ReadOnlyCollection`1[System.String]","System.Collections.Generic.List`1[System.Diagnostics.Eventing.Reader.EventProperty]"
"The Optimize drives service entered the running state.","7036","0","16384","4","0","0","-9187343239835811840","4856","Service Control Manager","555908d1-a6d7-4695-8e1e-26931d2012f4","System","624","4808","ServerDC2.ad.jasonsexperiments.com",,"5/13/2025 9:23:43 PM",,,"System","System.UInt32[]","System.Diagnostics.Eventing.Reader.EventBookmark","Information",,,"System.Collections.ObjectModel.ReadOnlyCollection`1[System.String]","System.Collections.Generic.List`1[System.Diagnostics.Eventing.Reader.EventProperty]"
"The Data Sharing Service service entered the running state.","7036","0","16384","4","0","0","-9187343239835811840","4855","Service Control Manager","555908d1-a6d7-4695-8e1e-26931d2012f4","System","624","4808","ServerDC2.ad.jasonsexperiments.com",,"5/13/2025 9:23:42 PM",,,"System","System.UInt32[]","System.Diagnostics.Eventing.Reader.EventBookmark","Information",,,"System.Collections.ObjectModel.ReadOnlyCollection`1[System.String]","System.Collections.Generic.List`1[System.Diagnostics.Eventing.Reader.EventProperty]"
"The Client License Service (ClipSVC) service entered the running state.","7036","0","16384","4","0","0","-9187343239835811840","4854","Service Control Manager","555908d1-a6d7-4695-8e1e-26931d2012f4","System","624","3044","ServerDC2.ad.jasonsexperiments.com",,"5/13/2025 9:23:41 PM",,,"System","System.UInt32[]","System.Diagnostics.Eventing.Reader.EventBookmark","Information",,,"System.Collections.ObjectModel.ReadOnlyCollection`1[System.String]","System.Collections.Generic.List`1[System.Diagnostics.Eventing.Reader.EventProperty]"
"The Windows License Manager Service service entered the running state.","7036","0","16384","4","0","0","-9187343239835811840","4853","Service Control Manager","555908d1-a6d7-4695-8e1e-26931d2012f4","System","624","3044","ServerDC2.ad.jasonsexperiments.com",,"5/13/2025 9:23:41 PM",,,"System","System.UInt32[]","System.Diagnostics.Eventing.Reader.EventBookmark","Information",,,"System.Collections.ObjectModel.ReadOnlyCollection`1[System.String]","System.Collections.Generic.List`1[System.Diagnostics.Eventing.Reader.EventProperty]"
"The Software Protection service entered the running state.","7036","0","16384","4","0","0","-9187343239835811840","4852","Service Control Manager","555908d1-a6d7-4695-8e1e-26931d2012f4","System","624","3044","ServerDC2.ad.jasonsexperiments.com",,"5/13/2025 9:23:28 PM",,,"System","System.UInt32[]","System.Diagnostics.Eventing.Reader.EventBookmark","Information",,,"System.Collections.ObjectModel.ReadOnlyCollection`1[System.String]","System.Collections.Generic.List`1[System.Diagnostics.Eventing.Reader.EventProperty]"
"Installation Successful: Windows successfully installed the following update: Windows Malicious Software Removal Tool x64 - v5.133 (KB890830)","19","1",,"4","1","13","-9223372036854775784","4851","Microsoft-Windows-WindowsUpdateClient","945a8954-c147-4acd-923f-40c45405a658","System","4496","6120","ServerDC2.ad.jasonsexperiments.com","S-1-5-18","5/13/2025 9:23:28 PM",,,"System","System.UInt32[]","System.Diagnostics.Eventing.Reader.EventBookmark","Information","Installation","Windows Update Agent","System.Collections.ObjectModel.ReadOnlyCollection`1[System.String]","System.Collections.Generic.List`1[System.Diagnostics.Eventing.Reader.EventProperty]"
"The WMI Performance Adapter service entered the running state.","7036","0","16384","4","0","0","-9187343239835811840","4850","Service Control Manager","555908d1-a6d7-4695-8e1e-26931d2012f4","System","624","3044","ServerDC2.ad.jasonsexperiments.com",,"5/13/2025 9:23:27 PM",,,"System","System.UInt32[]","System.Diagnostics.Eventing.Reader.EventBookmark","Information",,,"System.Collections.ObjectModel.ReadOnlyCollection`1[System.String]","System.Collections.Generic.List`1[System.Diagnostics.Eventing.Reader.EventProperty]"
"The start type of the Background Intelligent Transfer Service service was changed from demand start to auto start.","7040","0","16384","4","0","0","-9187343239835811840","4849","Service Control Manager","555908d1-a6d7-4695-8e1e-26931d2012f4","System","624","3044","ServerDC2.ad.jasonsexperiments.com","S-1-5-18","5/13/2025 9:23:25 PM",,,"System","System.UInt32[]","System.Diagnostics.Eventing.Reader.EventBookmark","Information",,,"System.Collections.ObjectModel.ReadOnlyCollection`1[System.String]","System.Collections.Generic.List`1[System.Diagnostics.Eventing.Reader.EventProperty]"
"The Background Intelligent Transfer Service service entered the running state.","7036","0","16384","4","0","0","-9187343239835811840","4848","Service Control Manager","555908d1-a6d7-4695-8e1e-26931d2012f4","System","624","3044","ServerDC2.ad.jasonsexperiments.com",,"5/13/2025 9:23:25 PM",,,"System","System.UInt32[]","System.Diagnostics.Eventing.Reader.EventBookmark","Information",,,"System.Collections.ObjectModel.ReadOnlyCollection`1[System.String]","System.Collections.Generic.List`1[System.Diagnostics.Eventing.Reader.EventProperty]"
"The Software Protection service entered the stopped state.","7036","0","16384","4","0","0","-9187343239835811840","4847","Service Control Manager","555908d1-a6d7-4695-8e1e-26931d2012f4","System","624","3044","ServerDC2.ad.jasonsexperiments.com",,"5/13/2025 9:23:07 PM",,,"System","System.UInt32[]","System.Diagnostics.Eventing.Reader.EventBookmark","Information",,,"System.Collections.ObjectModel.ReadOnlyCollection`1[System.String]","System.Collections.Generic.List`1[System.Diagnostics.Eventing.Reader.EventProperty]"
"Installation Started: Windows has started installing the following update: Windows Malicious Software Removal Tool x64 - v5.133 (KB890830)","43","1",,"4","1","13","-9223372036854767608","4846","Microsoft-Windows-WindowsUpdateClient","945a8954-c147-4acd-923f-40c45405a658","System","4496","6120","ServerDC2.ad.jasonsexperiments.com","S-1-5-18","5/13/2025 9:22:37 PM",,,"System","System.UInt32[]","System.Diagnostics.Eventing.Reader.EventBookmark","Information","Installation","Windows Update Agent","System.Collections.ObjectModel.ReadOnlyCollection`1[System.String]","System.Collections.Generic.List`1[System.Diagnostics.Eventing.Reader.EventProperty]"
"The Software Protection service entered the running state.","7036","0","16384","4","0","0","-9187343239835811840","4845","Service Control Manager","555908d1-a6d7-4695-8e1e-26931d2012f4","System","624","4808","ServerDC2.ad.jasonsexperiments.com",,"5/13/2025 9:22:36 PM",,,"System","System.UInt32[]","System.Diagnostics.Eventing.Reader.EventBookmark","Information",,,"System.Collections.ObjectModel.ReadOnlyCollection`1[System.String]","System.Collections.Generic.List`1[System.Diagnostics.Eventing.Reader.EventProperty]"
"The Software Protection service entered the stopped state.","7036","0","16384","4","0","0","-9187343239835811840","4844","Service Control Manager","555908d1-a6d7-4695-8e1e-26931d2012f4","System","624","4808","ServerDC2.ad.jasonsexperiments.com",,"5/13/2025 9:22:32 PM",,,"System","System.UInt32[]","System.Diagnostics.Eventing.Reader.EventBookmark","Information",,,"System.Collections.ObjectModel.ReadOnlyCollection`1[System.String]","System.Collections.Generic.List`1[System.Diagnostics.Eventing.Reader.EventProperty]"
"Installation Started: Windows has started installing the following update: 2025-04 Cumulative Update for .NET Framework 3.5, 4.7.2 and 4.8 for Windows Server 2019 for x64 (KB5055681)","43","1",,"4","1","13","-9223372036854767608","4843","Microsoft-Windows-WindowsUpdateClient","945a8954-c147-4acd-923f-40c45405a658","System","4496","6120","ServerDC2.ad.jasonsexperiments.com","S-1-5-18","5/13/2025 9:22:04 PM",,,"System","System.UInt32[]","System.Diagnostics.Eventing.Reader.EventBookmark","Information","Installation","Windows Update Agent","System.Collections.ObjectModel.ReadOnlyCollection`1[System.String]","System.Collections.Generic.List`1[System.Diagnostics.Eventing.Reader.EventProperty]"
"The Microsoft Account Sign-in Assistant service entered the running state.","7036","0","16384","4","0","0","-9187343239835811840","4842","Service Control Manager","555908d1-a6d7-4695-8e1e-26931d2012f4","System","624","4808","ServerDC2.ad.jasonsexperiments.com",,"5/13/2025 9:22:03 PM",,,"System","System.UInt32[]","System.Diagnostics.Eventing.Reader.EventBookmark","Information",,,"System.Collections.ObjectModel.ReadOnlyCollection`1[System.String]","System.Collections.Generic.List`1[System.Diagnostics.Eventing.Reader.EventProperty]"
"The Software Protection service entered the running state.","7036","0","16384","4","0","0","-9187343239835811840","4841","Service Control Manager","555908d1-a6d7-4695-8e1e-26931d2012f4","System","624","6680","ServerDC2.ad.jasonsexperiments.com",,"5/13/2025 9:22:02 PM",,,"System","System.UInt32[]","System.Diagnostics.Eventing.Reader.EventBookmark","Information",,,"System.Collections.ObjectModel.ReadOnlyCollection`1[System.String]","System.Collections.Generic.List`1[System.Diagnostics.Eventing.Reader.EventProperty]"
"The Microsoft Software Shadow Copy Provider service entered the running state.","7036","0","16384","4","0","0","-9187343239835811840","4840","Service Control Manager","555908d1-a6d7-4695-8e1e-26931d2012f4","System","624","6680","ServerDC2.ad.jasonsexperiments.com",,"5/13/2025 9:22:01 PM",,,"System","System.UInt32[]","System.Diagnostics.Eventing.Reader.EventBookmark","Information",,,"System.Collections.ObjectModel.ReadOnlyCollection`1[System.String]","System.Collections.Generic.List`1[System.Diagnostics.Eventing.Reader.EventProperty]"
"The Volume Shadow Copy service entered the running state.","7036","0","16384","4","0","0","-9187343239835811840","4839","Service Control Manager","555908d1-a6d7-4695-8e1e-26931d2012f4","System","624","6680","ServerDC2.ad.jasonsexperiments.com",,"5/13/2025 9:22:01 PM",,,"System","System.UInt32[]","System.Diagnostics.Eventing.Reader.EventBookmark","Information",,,"System.Collections.ObjectModel.ReadOnlyCollection`1[System.String]","System.Collections.Generic.List`1[System.Diagnostics.Eventing.Reader.EventProperty]"
"The Microsoft Software Shadow Copy Provider service entered the stopped state.","7036","0","16384","4","0","0","-9187343239835811840","4838","Service Control Manager","555908d1-a6d7-4695-8e1e-26931d2012f4","System","624","6680","ServerDC2.ad.jasonsexperiments.com",,"5/13/2025 9:21:27 PM",,,"System","System.UInt32[]","System.Diagnostics.Eventing.Reader.EventBookmark","Information",,,"System.Collections.ObjectModel.ReadOnlyCollection`1[System.String]","System.Collections.Generic.List`1[System.Diagnostics.Eventing.Reader.EventProperty]"
"The Microsoft Account Sign-in Assistant service entered the stopped state.","7036","0","16384","4","0","0","-9187343239835811840","4837","Service Control Manager","555908d1-a6d7-4695-8e1e-26931d2012f4","System","624","6680","ServerDC2.ad.jasonsexperiments.com",,"5/13/2025 9:21:08 PM",,,"System","System.UInt32[]","System.Diagnostics.Eventing.Reader.EventBookmark","Information",,,"System.Collections.ObjectModel.ReadOnlyCollection`1[System.String]","System.Collections.Generic.List`1[System.Diagnostics.Eventing.Reader.EventProperty]"
"The Remote Registry service entered the stopped state.","7036","0","16384","4","0","0","-9187343239835811840","4836","Service Control Manager","555908d1-a6d7-4695-8e1e-26931d2012f4","System","624","6680","ServerDC2.ad.jasonsexperiments.com",,"5/13/2025 9:20:38 PM",,,"System","System.UInt32[]","System.Diagnostics.Eventing.Reader.EventBookmark","Information",,,"System.Collections.ObjectModel.ReadOnlyCollection`1[System.String]","System.Collections.Generic.List`1[System.Diagnostics.Eventing.Reader.EventProperty]"
"The Microsoft Passport Container service entered the stopped state.","7036","0","16384","4","0","0","-9187343239835811840","4835","Service Control Manager","555908d1-a6d7-4695-8e1e-26931d2012f4","System","624","4596","ServerDC2.ad.jasonsexperiments.com",,"5/13/2025 9:19:48 PM",,,"System","System.UInt32[]","System.Diagnostics.Eventing.Reader.EventBookmark","Information",,,"System.Collections.ObjectModel.ReadOnlyCollection`1[System.String]","System.Collections.Generic.List`1[System.Diagnostics.Eventing.Reader.EventProperty]"
"The Capability Access Manager Service service entered the stopped state.","7036","0","16384","4","0","0","-9187343239835811840","4834","Service Control Manager","555908d1-a6d7-4695-8e1e-26931d2012f4","System","624","4596","ServerDC2.ad.jasonsexperiments.com",,"5/13/2025 9:19:06 PM",,,"System","System.UInt32[]","System.Diagnostics.Eventing.Reader.EventBookmark","Information",,,"System.Collections.ObjectModel.ReadOnlyCollection`1[System.String]","System.Collections.Generic.List`1[System.Diagnostics.Eventing.Reader.EventProperty]"
"The Client License Service (ClipSVC) service entered the stopped state.","7036","0","16384","4","0","0","-9187343239835811840","4833","Service Control Manager","555908d1-a6d7-4695-8e1e-26931d2012f4","System","624","4596","ServerDC2.ad.jasonsexperiments.com",,"5/13/2025 9:18:34 PM",,,"System","System.UInt32[]","System.Diagnostics.Eventing.Reader.EventBookmark","Information",,,"System.Collections.ObjectModel.ReadOnlyCollection`1[System.String]","System.Collections.Generic.List`1[System.Diagnostics.Eventing.Reader.EventProperty]"
"The AppX Deployment Service (AppXSVC) service entered the stopped state.","7036","0","16384","4","0","0","-9187343239835811840","4832","Service Control Manager","555908d1-a6d7-4695-8e1e-26931d2012f4","System","624","4596","ServerDC2.ad.jasonsexperiments.com",,"5/13/2025 9:18:34 PM",,,"System","System.UInt32[]","System.Diagnostics.Eventing.Reader.EventBookmark","Information",,,"System.Collections.ObjectModel.ReadOnlyCollection`1[System.String]","System.Collections.Generic.List`1[System.Diagnostics.Eventing.Reader.EventProperty]"
"The Delivery Optimization service entered the stopped state.","7036","0","16384","4","0","0","-9187343239835811840","4831","Service Control Manager","555908d1-a6d7-4695-8e1e-26931d2012f4","System","624","4596","ServerDC2.ad.jasonsexperiments.com",,"5/13/2025 9:18:34 PM",,,"System","System.UInt32[]","System.Diagnostics.Eventing.Reader.EventBookmark","Information",,,"System.Collections.ObjectModel.ReadOnlyCollection`1[System.String]","System.Collections.Generic.List`1[System.Diagnostics.Eventing.Reader.EventProperty]"
"The Volume Shadow Copy service entered the stopped state.","7036","0","16384","4","0","0","-9187343239835811840","4830","Service Control Manager","555908d1-a6d7-4695-8e1e-26931d2012f4","System","624","4596","ServerDC2.ad.jasonsexperiments.com",,"5/13/2025 9:18:27 PM",,,"System","System.UInt32[]","System.Diagnostics.Eventing.Reader.EventBookmark","Information",,,"System.Collections.ObjectModel.ReadOnlyCollection`1[System.String]","System.Collections.Generic.List`1[System.Diagnostics.Eventing.Reader.EventProperty]"
"The Windows Biometric Service service entered the stopped state.","7036","0","16384","4","0","0","-9187343239835811840","4829","Service Control Manager","555908d1-a6d7-4695-8e1e-26931d2012f4","System","624","4596","ServerDC2.ad.jasonsexperiments.com",,"5/13/2025 9:17:14 PM",,,"System","System.UInt32[]","System.Diagnostics.Eventing.Reader.EventBookmark","Information",,,"System.Collections.ObjectModel.ReadOnlyCollection`1[System.String]","System.Collections.Generic.List`1[System.Diagnostics.Eventing.Reader.EventProperty]"
"The Network Setup Service service entered the stopped state.","7036","0","16384","4","0","0","-9187343239835811840","4828","Service Control Manager","555908d1-a6d7-4695-8e1e-26931d2012f4","System","624","4808","ServerDC2.ad.jasonsexperiments.com",,"5/13/2025 9:16:37 PM",,,"System","System.UInt32[]","System.Diagnostics.Eventing.Reader.EventBookmark","Information",,,"System.Collections.ObjectModel.ReadOnlyCollection`1[System.String]","System.Collections.Generic.List`1[System.Diagnostics.Eventing.Reader.EventProperty]"
"The Software Protection service entered the stopped state.","7036","0","16384","4","0","0","-9187343239835811840","4827","Service Control Manager","555908d1-a6d7-4695-8e1e-26931d2012f4","System","624","4596","ServerDC2.ad.jasonsexperiments.com",,"5/13/2025 9:15:53 PM",,,"System","System.UInt32[]","System.Diagnostics.Eventing.Reader.EventBookmark","Information",,,"System.Collections.ObjectModel.ReadOnlyCollection`1[System.String]","System.Collections.Generic.List`1[System.Diagnostics.Eventing.Reader.EventProperty]"
"The start type of the Windows Modules Installer service was changed from demand start to auto start.","7040","0","16384","4","0","0","-9187343239835811840","4826","Service Control Manager","555908d1-a6d7-4695-8e1e-26931d2012f4","System","624","4596","ServerDC2.ad.jasonsexperiments.com","S-1-5-18","5/13/2025 9:15:38 PM",,,"System","System.UInt32[]","System.Diagnostics.Eventing.Reader.EventBookmark","Information",,,"System.Collections.ObjectModel.ReadOnlyCollection`1[System.String]","System.Collections.Generic.List`1[System.Diagnostics.Eventing.Reader.EventProperty]"
"Installation Started: Windows has started installing the following update: 2025-05 Cumulative Update for Windows Server 2019 (1809) for x64-based Systems (KB5058392)","43","1",,"4","1","13","-9223372036854767608","4825","Microsoft-Windows-WindowsUpdateClient","945a8954-c147-4acd-923f-40c45405a658","System","4496","4760","ServerDC2.ad.jasonsexperiments.com","S-1-5-18","5/13/2025 9:15:27 PM",,,"System","System.UInt32[]","System.Diagnostics.Eventing.Reader.EventBookmark","Information","Installation","Windows Update Agent","System.Collections.ObjectModel.ReadOnlyCollection`1[System.String]","System.Collections.Generic.List`1[System.Diagnostics.Eventing.Reader.EventProperty]"
"The start type of the Windows Modules Installer service was changed from auto start to demand start.","7040","0","16384","4","0","0","-9187343239835811840","4824","Service Control Manager","555908d1-a6d7-4695-8e1e-26931d2012f4","System","624","4596","ServerDC2.ad.jasonsexperiments.com","S-1-5-18","5/13/2025 9:15:27 PM",,,"System","System.UInt32[]","System.Diagnostics.Eventing.Reader.EventBookmark","Information",,,"System.Collections.ObjectModel.ReadOnlyCollection`1[System.String]","System.Collections.Generic.List`1[System.Diagnostics.Eventing.Reader.EventProperty]"
"The Microsoft Software Shadow Copy Provider service entered the running state.","7036","0","16384","4","0","0","-9187343239835811840","4823","Service Control Manager","555908d1-a6d7-4695-8e1e-26931d2012f4","System","624","4596","ServerDC2.ad.jasonsexperiments.com",,"5/13/2025 9:15:27 PM",,,"System","System.UInt32[]","System.Diagnostics.Eventing.Reader.EventBookmark","Information",,,"System.Collections.ObjectModel.ReadOnlyCollection`1[System.String]","System.Collections.Generic.List`1[System.Diagnostics.Eventing.Reader.EventProperty]"
"The Volume Shadow Copy service entered the running state.","7036","0","16384","4","0","0","-9187343239835811840","4822","Service Control Manager","555908d1-a6d7-4695-8e1e-26931d2012f4","System","624","4596","ServerDC2.ad.jasonsexperiments.com",,"5/13/2025 9:15:27 PM",,,"System","System.UInt32[]","System.Diagnostics.Eventing.Reader.EventBookmark","Information",,,"System.Collections.ObjectModel.ReadOnlyCollection`1[System.String]","System.Collections.Generic.List`1[System.Diagnostics.Eventing.Reader.EventProperty]"
"The access history in hive \??\C:\Windows\System32\SMI\Store\Machine\SCHEMA.DAT was cleared updating 1 keys and creating 1 modified pages.","16","0",,"4","0","0","-9223372036854775808","4821","Microsoft-Windows-Kernel-General","a68ca8b7-004f-d7b6-a698-07e2de0f1f5d","System","5532","6036","ServerDC2.ad.jasonsexperiments.com","S-1-5-18","5/13/2025 9:15:26 PM",,,"System","System.UInt32[]","System.Diagnostics.Eventing.Reader.EventBookmark","Information","Info",,"System.Collections.ObjectModel.ReadOnlyCollection`1[System.String]","System.Collections.Generic.List`1[System.Diagnostics.Eventing.Reader.EventProperty]"
"The start type of the Windows Modules Installer service was changed from demand start to auto start.","7040","0","16384","4","0","0","-9187343239835811840","4820","Service Control Manager","555908d1-a6d7-4695-8e1e-26931d2012f4","System","624","4808","ServerDC2.ad.jasonsexperiments.com","S-1-5-18","5/13/2025 9:15:25 PM",,,"System","System.UInt32[]","System.Diagnostics.Eventing.Reader.EventBookmark","Information",,,"System.Collections.ObjectModel.ReadOnlyCollection`1[System.String]","System.Collections.Generic.List`1[System.Diagnostics.Eventing.Reader.EventProperty]"
"The Software Protection service entered the running state.","7036","0","16384","4","0","0","-9187343239835811840","4819","Service Control Manager","555908d1-a6d7-4695-8e1e-26931d2012f4","System","624","4596","ServerDC2.ad.jasonsexperiments.com",,"5/13/2025 9:15:23 PM",,,"System","System.UInt32[]","System.Diagnostics.Eventing.Reader.EventBookmark","Information",,,"System.Collections.ObjectModel.ReadOnlyCollection`1[System.String]","System.Collections.Generic.List`1[System.Diagnostics.Eventing.Reader.EventProperty]"
"The Microsoft Passport service entered the stopped state.","7036","0","16384","4","0","0","-9187343239835811840","4818","Service Control Manager","555908d1-a6d7-4695-8e1e-26931d2012f4","System","624","4816","ServerDC2.ad.jasonsexperiments.com",,"5/13/2025 9:14:48 PM",,,"System","System.UInt32[]","System.Diagnostics.Eventing.Reader.EventBookmark","Information",,,"System.Collections.ObjectModel.ReadOnlyCollection`1[System.String]","System.Collections.Generic.List`1[System.Diagnostics.Eventing.Reader.EventProperty]"
"The Portable Device Enumerator Service service entered the stopped state.","7036","0","16384","4","0","0","-9187343239835811840","4817","Service Control Manager","555908d1-a6d7-4695-8e1e-26931d2012f4","System","624","4816","ServerDC2.ad.jasonsexperiments.com",,"5/13/2025 9:14:47 PM",,,"System","System.UInt32[]","System.Diagnostics.Eventing.Reader.EventBookmark","Information",,,"System.Collections.ObjectModel.ReadOnlyCollection`1[System.String]","System.Collections.Generic.List`1[System.Diagnostics.Eventing.Reader.EventProperty]"
"The Software Protection service entered the stopped state.","7036","0","16384","4","0","0","-9187343239835811840","4816","Service Control Manager","555908d1-a6d7-4695-8e1e-26931d2012f4","System","624","4816","ServerDC2.ad.jasonsexperiments.com",,"5/13/2025 9:14:36 PM",,,"System","System.UInt32[]","System.Diagnostics.Eventing.Reader.EventBookmark","Information",,,"System.Collections.ObjectModel.ReadOnlyCollection`1[System.String]","System.Collections.Generic.List`1[System.Diagnostics.Eventing.Reader.EventProperty]"
"The Software Protection service entered the running state.","7036","0","16384","4","0","0","-9187343239835811840","4815","Service Control Manager","555908d1-a6d7-4695-8e1e-26931d2012f4","System","624","4808","ServerDC2.ad.jasonsexperiments.com",,"5/13/2025 9:14:06 PM",,,"System","System.UInt32[]","System.Diagnostics.Eventing.Reader.EventBookmark","Information",,,"System.Collections.ObjectModel.ReadOnlyCollection`1[System.String]","System.Collections.Generic.List`1[System.Diagnostics.Eventing.Reader.EventProperty]"
"The Software Protection service entered the stopped state.","7036","0","16384","4","0","0","-9187343239835811840","4814","Service Control Manager","555908d1-a6d7-4695-8e1e-26931d2012f4","System","624","4808","ServerDC2.ad.jasonsexperiments.com",,"5/13/2025 9:14:06 PM",,,"System","System.UInt32[]","System.Diagnostics.Eventing.Reader.EventBookmark","Information",,,"System.Collections.ObjectModel.ReadOnlyCollection`1[System.String]","System.Collections.Generic.List`1[System.Diagnostics.Eventing.Reader.EventProperty]"
"The access history in hive \??\C:\Windows\System32\config\COMPONENTS was cleared updating 113244 keys and creating 14087 modified pages.","16","0",,"4","0","0","-9223372036854775808","4813","Microsoft-Windows-Kernel-General","a68ca8b7-004f-d7b6-a698-07e2de0f1f5d","System","5532","6036","ServerDC2.ad.jasonsexperiments.com","S-1-5-18","5/13/2025 9:13:55 PM",,,"System","System.UInt32[]","System.Diagnostics.Eventing.Reader.EventBookmark","Information","Info",,"System.Collections.ObjectModel.ReadOnlyCollection`1[System.String]","System.Collections.Generic.List`1[System.Diagnostics.Eventing.Reader.EventProperty]"
"Windows Update started downloading an update.","44","1",,"4","1","12","-9223372036854767612","4812","Microsoft-Windows-WindowsUpdateClient","945a8954-c147-4acd-923f-40c45405a658","System","4496","4760","ServerDC2.ad.jasonsexperiments.com","S-1-5-18","5/13/2025 9:13:44 PM",,,"System","System.UInt32[]","System.Diagnostics.Eventing.Reader.EventBookmark","Information","Download","Windows Update Agent","System.Collections.ObjectModel.ReadOnlyCollection`1[System.String]","System.Collections.Generic.List`1[System.Diagnostics.Eventing.Reader.EventProperty]"
"Windows Update started downloading an update.","44","1",,"4","1","12","-9223372036854767612","4811","Microsoft-Windows-WindowsUpdateClient","945a8954-c147-4acd-923f-40c45405a658","System","4496","4760","ServerDC2.ad.jasonsexperiments.com","S-1-5-18","5/13/2025 9:13:44 PM",,,"System","System.UInt32[]","System.Diagnostics.Eventing.Reader.EventBookmark","Information","Download","Windows Update Agent","System.Collections.ObjectModel.ReadOnlyCollection`1[System.String]","System.Collections.Generic.List`1[System.Diagnostics.Eventing.Reader.EventProperty]"
"Windows Update started downloading an update.","44","1",,"4","1","12","-9223372036854767612","4810","Microsoft-Windows-WindowsUpdateClient","945a8954-c147-4acd-923f-40c45405a658","System","4496","4760","ServerDC2.ad.jasonsexperiments.com","S-1-5-18","5/13/2025 9:13:44 PM",,,"System","System.UInt32[]","System.Diagnostics.Eventing.Reader.EventBookmark","Information","Download","Windows Update Agent","System.Collections.ObjectModel.ReadOnlyCollection`1[System.String]","System.Collections.Generic.List`1[System.Diagnostics.Eventing.Reader.EventProperty]"
"The Application Information service entered the running state.","7036","0","16384","4","0","0","-9187343239835811840","4809","Service Control Manager","555908d1-a6d7-4695-8e1e-26931d2012f4","System","624","4816","ServerDC2.ad.jasonsexperiments.com",,"5/13/2025 9:13:34 PM",,,"System","System.UInt32[]","System.Diagnostics.Eventing.Reader.EventBookmark","Information",,,"System.Collections.ObjectModel.ReadOnlyCollection`1[System.String]","System.Collections.Generic.List`1[System.Diagnostics.Eventing.Reader.EventProperty]"
"The Network Setup Service service entered the running state.","7036","0","16384","4","0","0","-9187343239835811840","4808","Service Control Manager","555908d1-a6d7-4695-8e1e-26931d2012f4","System","624","4808","ServerDC2.ad.jasonsexperiments.com",,"5/13/2025 9:13:31 PM",,,"System","System.UInt32[]","System.Diagnostics.Eventing.Reader.EventBookmark","Information",,,"System.Collections.ObjectModel.ReadOnlyCollection`1[System.String]","System.Collections.Generic.List`1[System.Diagnostics.Eventing.Reader.EventProperty]"
"The Network Connections service entered the running state.","7036","0","16384","4","0","0","-9187343239835811840","4807","Service Control Manager","555908d1-a6d7-4695-8e1e-26931d2012f4","System","624","4596","ServerDC2.ad.jasonsexperiments.com",,"5/13/2025 9:13:31 PM",,,"System","System.UInt32[]","System.Diagnostics.Eventing.Reader.EventBookmark","Information",,,"System.Collections.ObjectModel.ReadOnlyCollection`1[System.String]","System.Collections.Generic.List`1[System.Diagnostics.Eventing.Reader.EventProperty]"
"The Client License Service (ClipSVC) service entered the running state.","7036","0","16384","4","0","0","-9187343239835811840","4806","Service Control Manager","555908d1-a6d7-4695-8e1e-26931d2012f4","System","624","4816","ServerDC2.ad.jasonsexperiments.com",,"5/13/2025 9:13:31 PM",,,"System","System.UInt32[]","System.Diagnostics.Eventing.Reader.EventBookmark","Information",,,"System.Collections.ObjectModel.ReadOnlyCollection`1[System.String]","System.Collections.Generic.List`1[System.Diagnostics.Eventing.Reader.EventProperty]"
"The Storage Service service entered the running state.","7036","0","16384","4","0","0","-9187343239835811840","4805","Service Control Manager","555908d1-a6d7-4695-8e1e-26931d2012f4","System","624","4596","ServerDC2.ad.jasonsexperiments.com",,"5/13/2025 9:13:31 PM",,,"System","System.UInt32[]","System.Diagnostics.Eventing.Reader.EventBookmark","Information",,,"System.Collections.ObjectModel.ReadOnlyCollection`1[System.String]","System.Collections.Generic.List`1[System.Diagnostics.Eventing.Reader.EventProperty]"
"The Delivery Optimization service entered the running state.","7036","0","16384","4","0","0","-9187343239835811840","4804","Service Control Manager","555908d1-a6d7-4695-8e1e-26931d2012f4","System","624","4596","ServerDC2.ad.jasonsexperiments.com",,"5/13/2025 9:13:31 PM",,,"System","System.UInt32[]","System.Diagnostics.Eventing.Reader.EventBookmark","Information",,,"System.Collections.ObjectModel.ReadOnlyCollection`1[System.String]","System.Collections.Generic.List`1[System.Diagnostics.Eventing.Reader.EventProperty]"
"The Windows Update Medic Service service entered the running state.","7036","0","16384","4","0","0","-9187343239835811840","4803","Service Control Manager","555908d1-a6d7-4695-8e1e-26931d2012f4","System","624","4808","ServerDC2.ad.jasonsexperiments.com",,"5/13/2025 9:13:14 PM",,,"System","System.UInt32[]","System.Diagnostics.Eventing.Reader.EventBookmark","Information",,,"System.Collections.ObjectModel.ReadOnlyCollection`1[System.String]","System.Collections.Generic.List`1[System.Diagnostics.Eventing.Reader.EventProperty]"
"Installation Failure: Windows failed to install the following update with error 0x80246007: 2025-04 Cumulative Update for .NET Framework 3.5, 4.7.2 and 4.8 for Windows Server 2019 for x64 (KB5055681).","20","1",,"2","1","13","-9223372036854775768","4802","Microsoft-Windows-WindowsUpdateClient","945a8954-c147-4acd-923f-40c45405a658","System","4496","4760","ServerDC2.ad.jasonsexperiments.com","S-1-5-18","5/13/2025 9:13:13 PM",,,"System","System.UInt32[]","System.Diagnostics.Eventing.Reader.EventBookmark","Error","Installation","Windows Update Agent","System.Collections.ObjectModel.ReadOnlyCollection`1[System.String]","System.Collections.Generic.List`1[System.Diagnostics.Eventing.Reader.EventProperty]"
"Installation Started: Windows has started installing the following update: 2025-04 Cumulative Update for .NET Framework 3.5, 4.7.2 and 4.8 for Windows Server 2019 for x64 (KB5055681)","43","1",,"4","1","13","-9223372036854767608","4801","Microsoft-Windows-WindowsUpdateClient","945a8954-c147-4acd-923f-40c45405a658","System","4496","4760","ServerDC2.ad.jasonsexperiments.com","S-1-5-18","5/13/2025 9:13:13 PM",,,"System","System.UInt32[]","System.Diagnostics.Eventing.Reader.EventBookmark","Information","Installation","Windows Update Agent","System.Collections.ObjectModel.ReadOnlyCollection`1[System.String]","System.Collections.Generic.List`1[System.Diagnostics.Eventing.Reader.EventProperty]"
"Installation Failure: Windows failed to install the following update with error 0x80246007: 2025-04 Cumulative Update for Windows Server 2019 (1809) for x64-based Systems (KB5055519).","20","1",,"2","1","13","-9223372036854775768","4800","Microsoft-Windows-WindowsUpdateClient","945a8954-c147-4acd-923f-40c45405a658","System","4496","4760","ServerDC2.ad.jasonsexperiments.com","S-1-5-18","5/13/2025 9:13:13 PM",,,"System","System.UInt32[]","System.Diagnostics.Eventing.Reader.EventBookmark","Error","Installation","Windows Update Agent","System.Collections.ObjectModel.ReadOnlyCollection`1[System.String]","System.Collections.Generic.List`1[System.Diagnostics.Eventing.Reader.EventProperty]"
"Installation Started: Windows has started installing the following update: 2025-04 Cumulative Update for Windows Server 2019 (1809) for x64-based Systems (KB5055519)","43","1",,"4","1","13","-9223372036854767608","4799","Microsoft-Windows-WindowsUpdateClient","945a8954-c147-4acd-923f-40c45405a658","System","4496","4760","ServerDC2.ad.jasonsexperiments.com","S-1-5-18","5/13/2025 9:13:13 PM",,,"System","System.UInt32[]","System.Diagnostics.Eventing.Reader.EventBookmark","Information","Installation","Windows Update Agent","System.Collections.ObjectModel.ReadOnlyCollection`1[System.String]","System.Collections.Generic.List`1[System.Diagnostics.Eventing.Reader.EventProperty]"
