"The Microsoft Passport Container service entered the running state.","7036","0","16384","4","0","0","-9187343239835811840","6496","Service Control Manager","555908d1-a6d7-4695-8e1e-26931d2012f4","System","616","1240","ServerDC2.ad.jasonsexperiments.com",,"5/28/2025 10:23:41 PM",,,"System","System.UInt32[]","System.Diagnostics.Eventing.Reader.EventBookmark","Information",,,"System.Collections.ObjectModel.ReadOnlyCollection`1[System.String]","System.Collections.Generic.List`1[System.Diagnostics.Eventing.Reader.EventProperty]"
"The Touch Keyboard and Handwriting Panel Service service entered the running state.","7036","0","16384","4","0","0","-9187343239835811840","6495","Service Control Manager","555908d1-a6d7-4695-8e1e-26931d2012f4","System","616","3192","ServerDC2.ad.jasonsexperiments.com",,"5/28/2025 10:23:41 PM",,,"System","System.UInt32[]","System.Diagnostics.Eventing.Reader.EventBookmark","Information",,,"System.Collections.ObjectModel.ReadOnlyCollection`1[System.String]","System.Collections.Generic.List`1[System.Diagnostics.Eventing.Reader.EventProperty]"
"The Microsoft Passport service entered the running state.","7036","0","16384","4","0","0","-9187343239835811840","6494","Service Control Manager","555908d1-a6d7-4695-8e1e-26931d2012f4","System","616","1240","ServerDC2.ad.jasonsexperiments.com",,"5/28/2025 10:23:41 PM",,,"System","System.UInt32[]","System.Diagnostics.Eventing.Reader.EventBookmark","Information",,,"System.Collections.ObjectModel.ReadOnlyCollection`1[System.String]","System.Collections.Generic.List`1[System.Diagnostics.Eventing.Reader.EventProperty]"
"The Web Account Manager service entered the running state.","7036","0","16384","4","0","0","-9187343239835811840","6493","Service Control Manager","555908d1-a6d7-4695-8e1e-26931d2012f4","System","616","3192","ServerDC2.ad.jasonsexperiments.com",,"5/28/2025 10:23:41 PM",,,"System","System.UInt32[]","System.Diagnostics.Eventing.Reader.EventBookmark","Information",,,"System.Collections.ObjectModel.ReadOnlyCollection`1[System.String]","System.Collections.Generic.List`1[System.Diagnostics.Eventing.Reader.EventProperty]"
"The Windows Push Notifications User Service_c8fb1 service entered the running state.","7036","0","16384","4","0","0","-9187343239835811840","6492","Service Control Manager","555908d1-a6d7-4695-8e1e-26931d2012f4","System","616","1240","ServerDC2.ad.jasonsexperiments.com",,"5/28/2025 10:23:41 PM",,,"System","System.UInt32[]","System.Diagnostics.Eventing.Reader.EventBookmark","Information",,,"System.Collections.ObjectModel.ReadOnlyCollection`1[System.String]","System.Collections.Generic.List`1[System.Diagnostics.Eventing.Reader.EventProperty]"
"The Connected Devices Platform User Service_c8fb1 service entered the running state.","7036","0","16384","4","0","0","-9187343239835811840","6491","Service Control Manager","555908d1-a6d7-4695-8e1e-26931d2012f4","System","616","1240","ServerDC2.ad.jasonsexperiments.com",,"5/28/2025 10:23:41 PM",,,"System","System.UInt32[]","System.Diagnostics.Eventing.Reader.EventBookmark","Information",,,"System.Collections.ObjectModel.ReadOnlyCollection`1[System.String]","System.Collections.Generic.List`1[System.Diagnostics.Eventing.Reader.EventProperty]"
"User Logon Notification for Customer Experience Improvement Program","7001","0",,"4","1101","0","2305878193585782784","6490","Microsoft-Windows-Winlogon","dbe9b383-7cf3-4331-91cc-a3cb16a3b538","System","544","348","ServerDC2.ad.jasonsexperiments.com","S-1-5-18","5/28/2025 10:23:40 PM",,,"System","System.UInt32[]","System.Diagnostics.Eventing.Reader.EventBookmark","Information","Info",,"System.Collections.ObjectModel.ReadOnlyCollection`1[System.String]","System.Collections.Generic.List`1[System.Diagnostics.Eventing.Reader.EventProperty]"
"The State Repository Service service entered the stopped state.","7036","0","16384","4","0","0","-9187343239835811840","6489","Service Control Manager","555908d1-a6d7-4695-8e1e-26931d2012f4","System","616","4824","ServerDC2.ad.jasonsexperiments.com",,"5/28/2025 10:22:36 PM",,,"System","System.UInt32[]","System.Diagnostics.Eventing.Reader.EventBookmark","Information",,,"System.Collections.ObjectModel.ReadOnlyCollection`1[System.String]","System.Collections.Generic.List`1[System.Diagnostics.Eventing.Reader.EventProperty]"
"The Software Protection service entered the stopped state.","7036","0","16384","4","0","0","-9187343239835811840","6488","Service Control Manager","555908d1-a6d7-4695-8e1e-26931d2012f4","System","616","4824","ServerDC2.ad.jasonsexperiments.com",,"5/28/2025 10:22:09 PM",,,"System","System.UInt32[]","System.Diagnostics.Eventing.Reader.EventBookmark","Information",,,"System.Collections.ObjectModel.ReadOnlyCollection`1[System.String]","System.Collections.Generic.List`1[System.Diagnostics.Eventing.Reader.EventProperty]"
"The Program Compatibility Assistant Service service entered the running state.","7036","0","16384","4","0","0","-9187343239835811840","6487","Service Control Manager","555908d1-a6d7-4695-8e1e-26931d2012f4","System","616","4824","ServerDC2.ad.jasonsexperiments.com",,"5/28/2025 10:21:43 PM",,,"System","System.UInt32[]","System.Diagnostics.Eventing.Reader.EventBookmark","Information",,,"System.Collections.ObjectModel.ReadOnlyCollection`1[System.String]","System.Collections.Generic.List`1[System.Diagnostics.Eventing.Reader.EventProperty]"
"The Diagnostic System Host service entered the running state.","7036","0","16384","4","0","0","-9187343239835811840","6486","Service Control Manager","555908d1-a6d7-4695-8e1e-26931d2012f4","System","616","1088","ServerDC2.ad.jasonsexperiments.com",,"5/28/2025 10:21:43 PM",,,"System","System.UInt32[]","System.Diagnostics.Eventing.Reader.EventBookmark","Information",,,"System.Collections.ObjectModel.ReadOnlyCollection`1[System.String]","System.Collections.Generic.List`1[System.Diagnostics.Eventing.Reader.EventProperty]"
"The AppX Deployment Service (AppXSVC) service entered the running state.","7036","0","16384","4","0","0","-9187343239835811840","6485","Service Control Manager","555908d1-a6d7-4695-8e1e-26931d2012f4","System","616","4824","ServerDC2.ad.jasonsexperiments.com",,"5/28/2025 10:21:39 PM",,,"System","System.UInt32[]","System.Diagnostics.Eventing.Reader.EventBookmark","Information",,,"System.Collections.ObjectModel.ReadOnlyCollection`1[System.String]","System.Collections.Generic.List`1[System.Diagnostics.Eventing.Reader.EventProperty]"
"The State Repository Service service entered the running state.","7036","0","16384","4","0","0","-9187343239835811840","6484","Service Control Manager","555908d1-a6d7-4695-8e1e-26931d2012f4","System","616","4824","ServerDC2.ad.jasonsexperiments.com",,"5/28/2025 10:21:39 PM",,,"System","System.UInt32[]","System.Diagnostics.Eventing.Reader.EventBookmark","Information",,,"System.Collections.ObjectModel.ReadOnlyCollection`1[System.String]","System.Collections.Generic.List`1[System.Diagnostics.Eventing.Reader.EventProperty]"
"The Windows Update service entered the running state.","7036","0","16384","4","0","0","-9187343239835811840","6483","Service Control Manager","555908d1-a6d7-4695-8e1e-26931d2012f4","System","616","4824","ServerDC2.ad.jasonsexperiments.com",,"5/28/2025 10:21:39 PM",,,"System","System.UInt32[]","System.Diagnostics.Eventing.Reader.EventBookmark","Information",,,"System.Collections.ObjectModel.ReadOnlyCollection`1[System.String]","System.Collections.Generic.List`1[System.Diagnostics.Eventing.Reader.EventProperty]"
"The Software Protection service entered the running state.","7036","0","16384","4","0","0","-9187343239835811840","6482","Service Control Manager","555908d1-a6d7-4695-8e1e-26931d2012f4","System","616","4824","ServerDC2.ad.jasonsexperiments.com",,"5/28/2025 10:21:39 PM",,,"System","System.UInt32[]","System.Diagnostics.Eventing.Reader.EventBookmark","Information",,,"System.Collections.ObjectModel.ReadOnlyCollection`1[System.String]","System.Collections.Generic.List`1[System.Diagnostics.Eventing.Reader.EventProperty]"
"The Windows Update service entered the stopped state.","7036","0","16384","4","0","0","-9187343239835811840","6481","Service Control Manager","555908d1-a6d7-4695-8e1e-26931d2012f4","System","616","4492","ServerDC2.ad.jasonsexperiments.com",,"5/28/2025 10:13:07 PM",,,"System","System.UInt32[]","System.Diagnostics.Eventing.Reader.EventBookmark","Information",,,"System.Collections.ObjectModel.ReadOnlyCollection`1[System.String]","System.Collections.Generic.List`1[System.Diagnostics.Eventing.Reader.EventProperty]"
"The PDC completed an automatic trust scan operation for all trusts with no errors.

More information can be found at https://go.microsoft.com/fwlink/?linkid=2162089.","6148","0",,"4","0","0","-9223372036854775808","6480","LsaSrv","199fe037-2b82-40a9-82ac-e1d46c792b99","System","624","1740","ServerDC2.ad.jasonsexperiments.com","S-1-5-18","5/28/2025 10:11:02 PM",,,"System","System.UInt32[]","System.Diagnostics.Eventing.Reader.EventBookmark","Information","Info",,"System.Collections.ObjectModel.ReadOnlyCollection`1[System.String]","System.Collections.Generic.List`1[System.Diagnostics.Eventing.Reader.EventProperty]"
"The Microsoft Account Sign-in Assistant service entered the stopped state.","7036","0","16384","4","0","0","-9187343239835811840","6479","Service Control Manager","555908d1-a6d7-4695-8e1e-26931d2012f4","System","616","4020","ServerDC2.ad.jasonsexperiments.com",,"5/28/2025 10:09:10 PM",,,"System","System.UInt32[]","System.Diagnostics.Eventing.Reader.EventBookmark","Information",,,"System.Collections.ObjectModel.ReadOnlyCollection`1[System.String]","System.Collections.Generic.List`1[System.Diagnostics.Eventing.Reader.EventProperty]"
"The Data Sharing Service service entered the running state.","7036","0","16384","4","0","0","-9187343239835811840","6478","Service Control Manager","555908d1-a6d7-4695-8e1e-26931d2012f4","System","616","2664","ServerDC2.ad.jasonsexperiments.com",,"5/28/2025 10:06:29 PM",,,"System","System.UInt32[]","System.Diagnostics.Eventing.Reader.EventBookmark","Information",,,"System.Collections.ObjectModel.ReadOnlyCollection`1[System.String]","System.Collections.Generic.List`1[System.Diagnostics.Eventing.Reader.EventProperty]"
"The Remote Registry service entered the stopped state.","7036","0","16384","4","0","0","-9187343239835811840","6477","Service Control Manager","555908d1-a6d7-4695-8e1e-26931d2012f4","System","616","4020","ServerDC2.ad.jasonsexperiments.com",,"5/28/2025 10:06:25 PM",,,"System","System.UInt32[]","System.Diagnostics.Eventing.Reader.EventBookmark","Information",,,"System.Collections.ObjectModel.ReadOnlyCollection`1[System.String]","System.Collections.Generic.List`1[System.Diagnostics.Eventing.Reader.EventProperty]"
"The Capability Access Manager Service service entered the stopped state.","7036","0","16384","4","0","0","-9187343239835811840","6476","Service Control Manager","555908d1-a6d7-4695-8e1e-26931d2012f4","System","616","4020","ServerDC2.ad.jasonsexperiments.com",,"5/28/2025 10:05:09 PM",,,"System","System.UInt32[]","System.Diagnostics.Eventing.Reader.EventBookmark","Information",,,"System.Collections.ObjectModel.ReadOnlyCollection`1[System.String]","System.Collections.Generic.List`1[System.Diagnostics.Eventing.Reader.EventProperty]"
"The Windows Modules Installer service entered the stopped state.","7036","0","16384","4","0","0","-9187343239835811840","6475","Service Control Manager","555908d1-a6d7-4695-8e1e-26931d2012f4","System","616","2664","ServerDC2.ad.jasonsexperiments.com",,"5/28/2025 10:02:12 PM",,,"System","System.UInt32[]","System.Diagnostics.Eventing.Reader.EventBookmark","Information",,,"System.Collections.ObjectModel.ReadOnlyCollection`1[System.String]","System.Collections.Generic.List`1[System.Diagnostics.Eventing.Reader.EventProperty]"
"The Windows Update Medic Service service entered the stopped state.","7036","0","16384","4","0","0","-9187343239835811840","6474","Service Control Manager","555908d1-a6d7-4695-8e1e-26931d2012f4","System","616","5072","ServerDC2.ad.jasonsexperiments.com",,"5/28/2025 10:01:03 PM",,,"System","System.UInt32[]","System.Diagnostics.Eventing.Reader.EventBookmark","Information",,,"System.Collections.ObjectModel.ReadOnlyCollection`1[System.String]","System.Collections.Generic.List`1[System.Diagnostics.Eventing.Reader.EventProperty]"
"The Software Protection service entered the stopped state.","7036","0","16384","4","0","0","-9187343239835811840","6473","Service Control Manager","555908d1-a6d7-4695-8e1e-26931d2012f4","System","616","5072","ServerDC2.ad.jasonsexperiments.com",,"5/28/2025 10:00:43 PM",,,"System","System.UInt32[]","System.Diagnostics.Eventing.Reader.EventBookmark","Information",,,"System.Collections.ObjectModel.ReadOnlyCollection`1[System.String]","System.Collections.Generic.List`1[System.Diagnostics.Eventing.Reader.EventProperty]"
"The Windows Modules Installer service entered the running state.","7036","0","16384","4","0","0","-9187343239835811840","6472","Service Control Manager","555908d1-a6d7-4695-8e1e-26931d2012f4","System","616","5072","ServerDC2.ad.jasonsexperiments.com",,"5/28/2025 10:00:16 PM",,,"System","System.UInt32[]","System.Diagnostics.Eventing.Reader.EventBookmark","Information",,,"System.Collections.ObjectModel.ReadOnlyCollection`1[System.String]","System.Collections.Generic.List`1[System.Diagnostics.Eventing.Reader.EventProperty]"
"The Capability Access Manager Service service entered the running state.","7036","0","16384","4","0","0","-9187343239835811840","6471","Service Control Manager","555908d1-a6d7-4695-8e1e-26931d2012f4","System","616","5072","ServerDC2.ad.jasonsexperiments.com",,"5/28/2025 10:00:15 PM",,,"System","System.UInt32[]","System.Diagnostics.Eventing.Reader.EventBookmark","Information",,,"System.Collections.ObjectModel.ReadOnlyCollection`1[System.String]","System.Collections.Generic.List`1[System.Diagnostics.Eventing.Reader.EventProperty]"
"The Microsoft Account Sign-in Assistant service entered the running state.","7036","0","16384","4","0","0","-9187343239835811840","6470","Service Control Manager","555908d1-a6d7-4695-8e1e-26931d2012f4","System","616","4752","ServerDC2.ad.jasonsexperiments.com",,"5/28/2025 10:00:14 PM",,,"System","System.UInt32[]","System.Diagnostics.Eventing.Reader.EventBookmark","Information",,,"System.Collections.ObjectModel.ReadOnlyCollection`1[System.String]","System.Collections.Generic.List`1[System.Diagnostics.Eventing.Reader.EventProperty]"
"The Software Protection service entered the running state.","7036","0","16384","4","0","0","-9187343239835811840","6469","Service Control Manager","555908d1-a6d7-4695-8e1e-26931d2012f4","System","616","4736","ServerDC2.ad.jasonsexperiments.com",,"5/28/2025 10:00:14 PM",,,"System","System.UInt32[]","System.Diagnostics.Eventing.Reader.EventBookmark","Information",,,"System.Collections.ObjectModel.ReadOnlyCollection`1[System.String]","System.Collections.Generic.List`1[System.Diagnostics.Eventing.Reader.EventProperty]"
"The Windows Update Medic Service service entered the running state.","7036","0","16384","4","0","0","-9187343239835811840","6468","Service Control Manager","555908d1-a6d7-4695-8e1e-26931d2012f4","System","616","5072","ServerDC2.ad.jasonsexperiments.com",,"5/28/2025 10:00:13 PM",,,"System","System.UInt32[]","System.Diagnostics.Eventing.Reader.EventBookmark","Information",,,"System.Collections.ObjectModel.ReadOnlyCollection`1[System.String]","System.Collections.Generic.List`1[System.Diagnostics.Eventing.Reader.EventProperty]"
"The Microsoft Account Sign-in Assistant service entered the stopped state.","7036","0","16384","4","0","0","-9187343239835811840","6467","Service Control Manager","555908d1-a6d7-4695-8e1e-26931d2012f4","System","616","5072","ServerDC2.ad.jasonsexperiments.com",,"5/28/2025 10:00:04 PM",,,"System","System.UInt32[]","System.Diagnostics.Eventing.Reader.EventBookmark","Information",,,"System.Collections.ObjectModel.ReadOnlyCollection`1[System.String]","System.Collections.Generic.List`1[System.Diagnostics.Eventing.Reader.EventProperty]"
"The Network Setup Service service entered the stopped state.","7036","0","16384","4","0","0","-9187343239835811840","6466","Service Control Manager","555908d1-a6d7-4695-8e1e-26931d2012f4","System","616","5072","ServerDC2.ad.jasonsexperiments.com",,"5/28/2025 9:58:57 PM",,,"System","System.UInt32[]","System.Diagnostics.Eventing.Reader.EventBookmark","Information",,,"System.Collections.ObjectModel.ReadOnlyCollection`1[System.String]","System.Collections.Generic.List`1[System.Diagnostics.Eventing.Reader.EventProperty]"
"The Software Protection service entered the stopped state.","7036","0","16384","4","0","0","-9187343239835811840","6465","Service Control Manager","555908d1-a6d7-4695-8e1e-26931d2012f4","System","616","5072","ServerDC2.ad.jasonsexperiments.com",,"5/28/2025 9:58:54 PM",,,"System","System.UInt32[]","System.Diagnostics.Eventing.Reader.EventBookmark","Information",,,"System.Collections.ObjectModel.ReadOnlyCollection`1[System.String]","System.Collections.Generic.List`1[System.Diagnostics.Eventing.Reader.EventProperty]"
"The Portable Device Enumerator Service service entered the stopped state.","7036","0","16384","4","0","0","-9187343239835811840","6464","Service Control Manager","555908d1-a6d7-4695-8e1e-26931d2012f4","System","616","4752","ServerDC2.ad.jasonsexperiments.com",,"5/28/2025 9:58:47 PM",,,"System","System.UInt32[]","System.Diagnostics.Eventing.Reader.EventBookmark","Information",,,"System.Collections.ObjectModel.ReadOnlyCollection`1[System.String]","System.Collections.Generic.List`1[System.Diagnostics.Eventing.Reader.EventProperty]"
"The Connected Devices Platform Service service entered the running state.","7036","0","16384","4","0","0","-9187343239835811840","6463","Service Control Manager","555908d1-a6d7-4695-8e1e-26931d2012f4","System","616","5072","ServerDC2.ad.jasonsexperiments.com",,"5/28/2025 9:58:32 PM",,,"System","System.UInt32[]","System.Diagnostics.Eventing.Reader.EventBookmark","Information",,,"System.Collections.ObjectModel.ReadOnlyCollection`1[System.String]","System.Collections.Generic.List`1[System.Diagnostics.Eventing.Reader.EventProperty]"
"The CNG Key Isolation service entered the running state.","7036","0","16384","4","0","0","-9187343239835811840","6462","Service Control Manager","555908d1-a6d7-4695-8e1e-26931d2012f4","System","616","5072","ServerDC2.ad.jasonsexperiments.com",,"5/28/2025 9:58:32 PM",,,"System","System.UInt32[]","System.Diagnostics.Eventing.Reader.EventBookmark","Information",,,"System.Collections.ObjectModel.ReadOnlyCollection`1[System.String]","System.Collections.Generic.List`1[System.Diagnostics.Eventing.Reader.EventProperty]"
"The Update Orchestrator Service service entered the running state.","7036","0","16384","4","0","0","-9187343239835811840","6461","Service Control Manager","555908d1-a6d7-4695-8e1e-26931d2012f4","System","616","4736","ServerDC2.ad.jasonsexperiments.com",,"5/28/2025 9:58:32 PM",,,"System","System.UInt32[]","System.Diagnostics.Eventing.Reader.EventBookmark","Information",,,"System.Collections.ObjectModel.ReadOnlyCollection`1[System.String]","System.Collections.Generic.List`1[System.Diagnostics.Eventing.Reader.EventProperty]"
"The User Access Logging Service service entered the running state.","7036","0","16384","4","0","0","-9187343239835811840","6460","Service Control Manager","555908d1-a6d7-4695-8e1e-26931d2012f4","System","616","4736","ServerDC2.ad.jasonsexperiments.com",,"5/28/2025 9:58:32 PM",,,"System","System.UInt32[]","System.Diagnostics.Eventing.Reader.EventBookmark","Information",,,"System.Collections.ObjectModel.ReadOnlyCollection`1[System.String]","System.Collections.Generic.List`1[System.Diagnostics.Eventing.Reader.EventProperty]"
"The Network Setup Service service entered the running state.","7036","0","16384","4","0","0","-9187343239835811840","6459","Service Control Manager","555908d1-a6d7-4695-8e1e-26931d2012f4","System","616","4736","ServerDC2.ad.jasonsexperiments.com",,"5/28/2025 9:58:31 PM",,,"System","System.UInt32[]","System.Diagnostics.Eventing.Reader.EventBookmark","Information",,,"System.Collections.ObjectModel.ReadOnlyCollection`1[System.String]","System.Collections.Generic.List`1[System.Diagnostics.Eventing.Reader.EventProperty]"
"The Software Protection service entered the running state.","7036","0","16384","4","0","0","-9187343239835811840","6458","Service Control Manager","555908d1-a6d7-4695-8e1e-26931d2012f4","System","616","5072","ServerDC2.ad.jasonsexperiments.com",,"5/28/2025 9:58:30 PM",,,"System","System.UInt32[]","System.Diagnostics.Eventing.Reader.EventBookmark","Information",,,"System.Collections.ObjectModel.ReadOnlyCollection`1[System.String]","System.Collections.Generic.List`1[System.Diagnostics.Eventing.Reader.EventProperty]"
"The Distributed Transaction Coordinator service entered the running state.","7036","0","16384","4","0","0","-9187343239835811840","6457","Service Control Manager","555908d1-a6d7-4695-8e1e-26931d2012f4","System","616","5072","ServerDC2.ad.jasonsexperiments.com",,"5/28/2025 9:58:30 PM",,,"System","System.UInt32[]","System.Diagnostics.Eventing.Reader.EventBookmark","Information",,,"System.Collections.ObjectModel.ReadOnlyCollection`1[System.String]","System.Collections.Generic.List`1[System.Diagnostics.Eventing.Reader.EventProperty]"
"The Diagnostic Policy Service service entered the running state.","7036","0","16384","4","0","0","-9187343239835811840","6456","Service Control Manager","555908d1-a6d7-4695-8e1e-26931d2012f4","System","616","5072","ServerDC2.ad.jasonsexperiments.com",,"5/28/2025 9:58:30 PM",,,"System","System.UInt32[]","System.Diagnostics.Eventing.Reader.EventBookmark","Information",,,"System.Collections.ObjectModel.ReadOnlyCollection`1[System.String]","System.Collections.Generic.List`1[System.Diagnostics.Eventing.Reader.EventProperty]"
"The Windows Update service entered the running state.","7036","0","16384","4","0","0","-9187343239835811840","6455","Service Control Manager","555908d1-a6d7-4695-8e1e-26931d2012f4","System","616","380","ServerDC2.ad.jasonsexperiments.com",,"5/28/2025 9:56:50 PM",,,"System","System.UInt32[]","System.Diagnostics.Eventing.Reader.EventBookmark","Information",,,"System.Collections.ObjectModel.ReadOnlyCollection`1[System.String]","System.Collections.Generic.List`1[System.Diagnostics.Eventing.Reader.EventProperty]"
"The Delivery Optimization service entered the stopped state.","7036","0","16384","4","0","0","-9187343239835811840","6454","Service Control Manager","555908d1-a6d7-4695-8e1e-26931d2012f4","System","616","380","ServerDC2.ad.jasonsexperiments.com",,"5/28/2025 9:56:50 PM",,,"System","System.UInt32[]","System.Diagnostics.Eventing.Reader.EventBookmark","Information",,,"System.Collections.ObjectModel.ReadOnlyCollection`1[System.String]","System.Collections.Generic.List`1[System.Diagnostics.Eventing.Reader.EventProperty]"
"The Delivery Optimization service entered the running state.","7036","0","16384","4","0","0","-9187343239835811840","6453","Service Control Manager","555908d1-a6d7-4695-8e1e-26931d2012f4","System","616","380","ServerDC2.ad.jasonsexperiments.com",,"5/28/2025 9:56:50 PM",,,"System","System.UInt32[]","System.Diagnostics.Eventing.Reader.EventBookmark","Information",,,"System.Collections.ObjectModel.ReadOnlyCollection`1[System.String]","System.Collections.Generic.List`1[System.Diagnostics.Eventing.Reader.EventProperty]"
"The Network Connectivity Assistant service entered the stopped state.","7036","0","16384","4","0","0","-9187343239835811840","6452","Service Control Manager","555908d1-a6d7-4695-8e1e-26931d2012f4","System","616","692","ServerDC2.ad.jasonsexperiments.com",,"5/28/2025 9:56:50 PM",,,"System","System.UInt32[]","System.Diagnostics.Eventing.Reader.EventBookmark","Information",,,"System.Collections.ObjectModel.ReadOnlyCollection`1[System.String]","System.Collections.Generic.List`1[System.Diagnostics.Eventing.Reader.EventProperty]"
"The DNS service entered the running state.","7036","0","16384","4","0","0","-9187343239835811840","6451","Service Control Manager","555908d1-a6d7-4695-8e1e-26931d2012f4","System","616","1100","ServerDC2.ad.jasonsexperiments.com",,"5/28/2025 9:56:49 PM",,,"System","System.UInt32[]","System.Diagnostics.Eventing.Reader.EventBookmark","Information",,,"System.Collections.ObjectModel.ReadOnlyCollection`1[System.String]","System.Collections.Generic.List`1[System.Diagnostics.Eventing.Reader.EventProperty]"
"The sppsvc service entered the stopped state.","7036","0","16384","4","0","0","-9187343239835811840","6450","Service Control Manager","555908d1-a6d7-4695-8e1e-26931d2012f4","System","616","1100","ServerDC2.ad.jasonsexperiments.com",,"5/28/2025 9:56:44 PM",,,"System","System.UInt32[]","System.Diagnostics.Eventing.Reader.EventBookmark","Information",,,"System.Collections.ObjectModel.ReadOnlyCollection`1[System.String]","System.Collections.Generic.List`1[System.Diagnostics.Eventing.Reader.EventProperty]"
"The W32Time service entered the running state.","7036","0","16384","4","0","0","-9187343239835811840","6449","Service Control Manager","555908d1-a6d7-4695-8e1e-26931d2012f4","System","616","1100","ServerDC2.ad.jasonsexperiments.com",,"5/28/2025 9:56:39 PM",,,"System","System.UInt32[]","System.Diagnostics.Eventing.Reader.EventBookmark","Information",,,"System.Collections.ObjectModel.ReadOnlyCollection`1[System.String]","System.Collections.Generic.List`1[System.Diagnostics.Eventing.Reader.EventProperty]"
"Time Provider NtpClient: This machine is configured to use the domain hierarchy to determine its time source, but it is the AD PDC emulator for the domain at the root of the forest, so there is no machine above it in the domain hierarchy to use as a time source. It is recommended that you either configure a reliable time service in the root domain, or manually configure the AD PDC to synchronize with an external time source. Otherwise, this machine will function as the authoritative time source in the domain hierarchy. If an external time source is not configured or used for this computer, you may choose to disable the NtpClient.","12","0",,"3","0","0","-9223372036854775808","6448","Microsoft-Windows-Time-Service","06edcfeb-0fd0-4e53-acca-a6f8bbf81bcb","System","656","1180","ServerDC2.ad.jasonsexperiments.com","S-1-5-19","5/28/2025 9:56:39 PM",,,"System","System.UInt32[]","System.Diagnostics.Eventing.Reader.EventBookmark","Warning","Info",,"System.Collections.ObjectModel.ReadOnlyCollection`1[System.String]","System.Collections.Generic.List`1[System.Diagnostics.Eventing.Reader.EventProperty]"
"The WinRM service failed to create the following SPNs: WSMAN/ServerDC2.ad.jasonsexperiments.com; WSMAN/ServerDC2. 

 Additional Data 
 The error received was 1355: %%1355.

 User Action 
 The SPNs can be created by an administrator using setspn.exe utility.","10154","0","7","3","0","0","36028797018963968","6447","Microsoft-Windows-WinRM","a7975c8f-ac13-49f1-87da-5a984a4ab417","System","0","0","ServerDC2.ad.jasonsexperiments.com",,"5/28/2025 9:56:40 PM",,,"System","System.UInt32[]","System.Diagnostics.Eventing.Reader.EventBookmark","Warning","Info",,"System.Collections.ObjectModel.ReadOnlyCollection`1[System.String]","System.Collections.Generic.List`1[System.Diagnostics.Eventing.Reader.EventProperty]"
"The Trusted Platform Module (TPM) hardware on this computer cannot be provisioned for use automatically.  To set up the TPM interactively use the TPM management console (Start->tpm.msc) and use the action to make the TPM ready.

Error: TPM 1.2: The command was received in the wrong sequence relative to TPM_Init and a subsequent TPM_Startup.
Additional Information: 0x900020","1026","0",,"4","0","0","-9223372036854775808","6446","Microsoft-Windows-TPM-WMI","7d5387b0-cbe0-11da-a94d-0800200c9a66","System","3820","4104","ServerDC2.ad.jasonsexperiments.com","S-1-5-18","5/28/2025 9:56:30 PM",,,"System","System.UInt32[]","System.Diagnostics.Eventing.Reader.EventBookmark","Information","Info",,"System.Collections.ObjectModel.ReadOnlyCollection`1[System.String]","System.Collections.Generic.List`1[System.Diagnostics.Eventing.Reader.EventProperty]"
"The Microsoft Account Sign-in Assistant service entered the running state.","7036","0","16384","4","0","0","-9187343239835811840","6445","Service Control Manager","555908d1-a6d7-4695-8e1e-26931d2012f4","System","616","1100","ServerDC2.ad.jasonsexperiments.com",,"5/28/2025 9:56:29 PM",,,"System","System.UInt32[]","System.Diagnostics.Eventing.Reader.EventBookmark","Information",,,"System.Collections.ObjectModel.ReadOnlyCollection`1[System.String]","System.Collections.Generic.List`1[System.Diagnostics.Eventing.Reader.EventProperty]"
"The time service has started advertising as a good time source.","143","0",,"4","0","0","-9223372036854775808","6444","Microsoft-Windows-Time-Service","06edcfeb-0fd0-4e53-acca-a6f8bbf81bcb","System","656","3920","ServerDC2.ad.jasonsexperiments.com","S-1-5-19","5/28/2025 9:56:28 PM",,,"System","System.UInt32[]","System.Diagnostics.Eventing.Reader.EventBookmark","Information","Info",,"System.Collections.ObjectModel.ReadOnlyCollection`1[System.String]","System.Collections.Generic.List`1[System.Diagnostics.Eventing.Reader.EventProperty]"
"The time service has started advertising as a time source.","139","0",,"4","0","0","-9223372036854775808","6443","Microsoft-Windows-Time-Service","06edcfeb-0fd0-4e53-acca-a6f8bbf81bcb","System","656","3920","ServerDC2.ad.jasonsexperiments.com","S-1-5-19","5/28/2025 9:56:28 PM",,,"System","System.UInt32[]","System.Diagnostics.Eventing.Reader.EventBookmark","Information","Info",,"System.Collections.ObjectModel.ReadOnlyCollection`1[System.String]","System.Collections.Generic.List`1[System.Diagnostics.Eventing.Reader.EventProperty]"
"The DiagTrack service entered the running state.","7036","0","16384","4","0","0","-9187343239835811840","6442","Service Control Manager","555908d1-a6d7-4695-8e1e-26931d2012f4","System","616","380","ServerDC2.ad.jasonsexperiments.com",,"5/28/2025 9:56:28 PM",,,"System","System.UInt32[]","System.Diagnostics.Eventing.Reader.EventBookmark","Information",,,"System.Collections.ObjectModel.ReadOnlyCollection`1[System.String]","System.Collections.Generic.List`1[System.Diagnostics.Eventing.Reader.EventProperty]"
"The ADWS service entered the running state.","7036","0","16384","4","0","0","-9187343239835811840","6441","Service Control Manager","555908d1-a6d7-4695-8e1e-26931d2012f4","System","616","1100","ServerDC2.ad.jasonsexperiments.com",,"5/28/2025 9:56:28 PM",,,"System","System.UInt32[]","System.Diagnostics.Eventing.Reader.EventBookmark","Information",,,"System.Collections.ObjectModel.ReadOnlyCollection`1[System.String]","System.Collections.Generic.List`1[System.Diagnostics.Eventing.Reader.EventProperty]"
"This event triggers the Trusted Platform Module (TPM) provisioning/status check to run.","18","0",,"4","0","0","-9223372036854775808","6440","TPM","1b6b0772-251b-4d42-917d-faca166bc059","System","4","316","ServerDC2.ad.jasonsexperiments.com","S-1-5-18","5/28/2025 9:56:28 PM",,,"System","System.UInt32[]","System.Diagnostics.Eventing.Reader.EventBookmark","Information","Info",,"System.Collections.ObjectModel.ReadOnlyCollection`1[System.String]","System.Collections.Generic.List`1[System.Diagnostics.Eventing.Reader.EventProperty]"
"The following boot-start or system-start driver(s) did not load: 
dam","7026","0","49152","4","0","0","-9187343239835811840","6439","Service Control Manager","555908d1-a6d7-4695-8e1e-26931d2012f4","System","616","620","ServerDC2.ad.jasonsexperiments.com",,"5/28/2025 9:56:28 PM",,,"System","System.UInt32[]","System.Diagnostics.Eventing.Reader.EventBookmark","Information",,,"System.Collections.ObjectModel.ReadOnlyCollection`1[System.String]","System.Collections.Generic.List`1[System.Diagnostics.Eventing.Reader.EventProperty]"
"The vds service entered the running state.","7036","0","16384","4","0","0","-9187343239835811840","6438","Service Control Manager","555908d1-a6d7-4695-8e1e-26931d2012f4","System","616","1100","ServerDC2.ad.jasonsexperiments.com",,"5/28/2025 9:56:27 PM",,,"System","System.UInt32[]","System.Diagnostics.Eventing.Reader.EventBookmark","Information",,,"System.Collections.ObjectModel.ReadOnlyCollection`1[System.String]","System.Collections.Generic.List`1[System.Diagnostics.Eventing.Reader.EventProperty]"
"Service started.","3",,"16896","4","0",,"36028797018963968","6437","Virtual Disk Service",,"System",,,"ServerDC2.ad.jasonsexperiments.com",,"5/28/2025 9:56:27 PM",,,"System","System.UInt32[]","System.Diagnostics.Eventing.Reader.EventBookmark","Information",,,"System.Collections.ObjectModel.ReadOnlyCollection`1[System.String]","System.Collections.Generic.List`1[System.Diagnostics.Eventing.Reader.EventProperty]"
"The RasMan service entered the running state.","7036","0","16384","4","0","0","-9187343239835811840","6436","Service Control Manager","555908d1-a6d7-4695-8e1e-26931d2012f4","System","616","380","ServerDC2.ad.jasonsexperiments.com",,"5/28/2025 9:56:27 PM",,,"System","System.UInt32[]","System.Diagnostics.Eventing.Reader.EventBookmark","Information",,,"System.Collections.ObjectModel.ReadOnlyCollection`1[System.String]","System.Collections.Generic.List`1[System.Diagnostics.Eventing.Reader.EventProperty]"
