"DHCPv4 client service is started","50036","0",,"4","4","68","2305843009213693952","3777","Microsoft-Windows-Dhcp-Client","15a7a4f8-0072-4eab-abad-f98a4d666aed","System","1160","1244","ServerDC2.ad.jasonsexperiments.com","S-1-5-19","4/9/2025 6:08:09 AM",,,"System","System.UInt32[]","System.Diagnostics.Eventing.Reader.EventBookmark","Information","ServiceStart","Service State Event","System.Collections.ObjectModel.ReadOnlyCollection`1[System.String]","System.Collections.Generic.List`1[System.Diagnostics.Eventing.Reader.EventProperty]"
"The device driver for the Trusted Platform Module (TPM) encountered a non-recoverable error in the TPM hardware, which prevents TPM services (such as data encryption) from being used. For further help, please contact the computer manufacturer.","15","0",,"2","0","0","-9223372036854775808","3776","TPM","1b6b0772-251b-4d42-917d-faca166bc059","System","4","344","ServerDC2.ad.jasonsexperiments.com","S-1-5-18","4/9/2025 6:08:09 AM",,,"System","System.UInt32[]","System.Diagnostics.Eventing.Reader.EventBookmark","Error","Info",,"System.Collections.ObjectModel.ReadOnlyCollection`1[System.String]","System.Collections.Generic.List`1[System.Diagnostics.Eventing.Reader.EventProperty]"
"The TimeBrokerSvc service entered the running state.","7036","0","16384","4","0","0","-9187343239835811840","3775","Service Control Manager","555908d1-a6d7-4695-8e1e-26931d2012f4","System","640","756","ServerDC2.ad.jasonsexperiments.com",,"4/9/2025 6:08:09 AM",,,"System","System.UInt32[]","System.Diagnostics.Eventing.Reader.EventBookmark","Information",,,"System.Collections.ObjectModel.ReadOnlyCollection`1[System.String]","System.Collections.Generic.List`1[System.Diagnostics.Eventing.Reader.EventProperty]"
"The lmhosts service entered the running state.","7036","0","16384","4","0","0","-9187343239835811840","3774","Service Control Manager","555908d1-a6d7-4695-8e1e-26931d2012f4","System","640","756","ServerDC2.ad.jasonsexperiments.com",,"4/9/2025 6:08:09 AM",,,"System","System.UInt32[]","System.Diagnostics.Eventing.Reader.EventBookmark","Information",,,"System.Collections.ObjectModel.ReadOnlyCollection`1[System.String]","System.Collections.Generic.List`1[System.Diagnostics.Eventing.Reader.EventProperty]"
"The nsi service entered the running state.","7036","0","16384","4","0","0","-9187343239835811840","3773","Service Control Manager","555908d1-a6d7-4695-8e1e-26931d2012f4","System","640","1116","ServerDC2.ad.jasonsexperiments.com",,"4/9/2025 6:08:09 AM",,,"System","System.UInt32[]","System.Diagnostics.Eventing.Reader.EventBookmark","Information",,,"System.Collections.ObjectModel.ReadOnlyCollection`1[System.String]","System.Collections.Generic.List`1[System.Diagnostics.Eventing.Reader.EventProperty]"
"The SystemEventsBroker service entered the running state.","7036","0","16384","4","0","0","-9187343239835811840","3772","Service Control Manager","555908d1-a6d7-4695-8e1e-26931d2012f4","System","640","728","ServerDC2.ad.jasonsexperiments.com",,"4/9/2025 6:08:09 AM",,,"System","System.UInt32[]","System.Diagnostics.Eventing.Reader.EventBookmark","Information",,,"System.Collections.ObjectModel.ReadOnlyCollection`1[System.String]","System.Collections.Generic.List`1[System.Diagnostics.Eventing.Reader.EventProperty]"
"The BrokerInfrastructure service entered the running state.","7036","0","16384","4","0","0","-9187343239835811840","3771","Service Control Manager","555908d1-a6d7-4695-8e1e-26931d2012f4","System","640","728","ServerDC2.ad.jasonsexperiments.com",,"4/9/2025 6:08:09 AM",,,"System","System.UInt32[]","System.Diagnostics.Eventing.Reader.EventBookmark","Information",,,"System.Collections.ObjectModel.ReadOnlyCollection`1[System.String]","System.Collections.Generic.List`1[System.Diagnostics.Eventing.Reader.EventProperty]"
"The LSM service entered the running state.","7036","0","16384","4","0","0","-9187343239835811840","3770","Service Control Manager","555908d1-a6d7-4695-8e1e-26931d2012f4","System","640","728","ServerDC2.ad.jasonsexperiments.com",,"4/9/2025 6:08:09 AM",,,"System","System.UInt32[]","System.Diagnostics.Eventing.Reader.EventBookmark","Information",,,"System.Collections.ObjectModel.ReadOnlyCollection`1[System.String]","System.Collections.Generic.List`1[System.Diagnostics.Eventing.Reader.EventProperty]"
"The RpcSs service entered the running state.","7036","0","16384","4","0","0","-9187343239835811840","3769","Service Control Manager","555908d1-a6d7-4695-8e1e-26931d2012f4","System","640","752","ServerDC2.ad.jasonsexperiments.com",,"4/9/2025 6:08:09 AM",,,"System","System.UInt32[]","System.Diagnostics.Eventing.Reader.EventBookmark","Information",,,"System.Collections.ObjectModel.ReadOnlyCollection`1[System.String]","System.Collections.Generic.List`1[System.Diagnostics.Eventing.Reader.EventProperty]"
"The RpcEptMapper service entered the running state.","7036","0","16384","4","0","0","-9187343239835811840","3768","Service Control Manager","555908d1-a6d7-4695-8e1e-26931d2012f4","System","640","752","ServerDC2.ad.jasonsexperiments.com",,"4/9/2025 6:08:09 AM",,,"System","System.UInt32[]","System.Diagnostics.Eventing.Reader.EventBookmark","Information",,,"System.Collections.ObjectModel.ReadOnlyCollection`1[System.String]","System.Collections.Generic.List`1[System.Diagnostics.Eventing.Reader.EventProperty]"
"The DcomLaunch service entered the running state.","7036","0","16384","4","0","0","-9187343239835811840","3767","Service Control Manager","555908d1-a6d7-4695-8e1e-26931d2012f4","System","640","752","ServerDC2.ad.jasonsexperiments.com",,"4/9/2025 6:08:09 AM",,,"System","System.UInt32[]","System.Diagnostics.Eventing.Reader.EventBookmark","Information",,,"System.Collections.ObjectModel.ReadOnlyCollection`1[System.String]","System.Collections.Generic.List`1[System.Diagnostics.Eventing.Reader.EventProperty]"
"The Power service entered the running state.","7036","0","16384","4","0","0","-9187343239835811840","3766","Service Control Manager","555908d1-a6d7-4695-8e1e-26931d2012f4","System","640","752","ServerDC2.ad.jasonsexperiments.com",,"4/9/2025 6:08:09 AM",,,"System","System.UInt32[]","System.Diagnostics.Eventing.Reader.EventBookmark","Information",,,"System.Collections.ObjectModel.ReadOnlyCollection`1[System.String]","System.Collections.Generic.List`1[System.Diagnostics.Eventing.Reader.EventProperty]"
"The PlugPlay service entered the running state.","7036","0","16384","4","0","0","-9187343239835811840","3765","Service Control Manager","555908d1-a6d7-4695-8e1e-26931d2012f4","System","640","752","ServerDC2.ad.jasonsexperiments.com",,"4/9/2025 6:08:08 AM",,,"System","System.UInt32[]","System.Diagnostics.Eventing.Reader.EventBookmark","Information",,,"System.Collections.ObjectModel.ReadOnlyCollection`1[System.String]","System.Collections.Generic.List`1[System.Diagnostics.Eventing.Reader.EventProperty]"
"The security account manager successfully initialized the Local Administrator Password Solution (LAPS) extension dll.
","16993","0",,"4","0","0","-9223372036854775808","3764","Microsoft-Windows-Directory-Services-SAM","0d4fdc09-8c27-494a-bda0-505e4fd8adae","System","648","652","ServerDC2.ad.jasonsexperiments.com","S-1-5-18","4/9/2025 6:08:08 AM",,,"System","System.UInt32[]","System.Diagnostics.Eventing.Reader.EventBookmark","Information","Info",,"System.Collections.ObjectModel.ReadOnlyCollection`1[System.String]","System.Collections.Generic.List`1[System.Diagnostics.Eventing.Reader.EventProperty]"
"The device driver for the Trusted Platform Module (TPM) encountered a non-recoverable error in the TPM hardware, which prevents TPM services (such as data encryption) from being used. For further help, please contact the computer manufacturer.","15","0",,"2","0","0","-9223372036854775808","3763","TPM","1b6b0772-251b-4d42-917d-faca166bc059","System","4","344","ServerDC2.ad.jasonsexperiments.com","S-1-5-18","4/9/2025 6:08:08 AM",,,"System","System.UInt32[]","System.Diagnostics.Eventing.Reader.EventBookmark","Error","Info",,"System.Collections.ObjectModel.ReadOnlyCollection`1[System.String]","System.Collections.Generic.List`1[System.Diagnostics.Eventing.Reader.EventProperty]"
"The security account manager is now logging periodic summary events for remote clients that call legacy password change or set RPC methods.

For more information please see https://go.microsoft.com/fwlink/?linkid=2150956.
","16983","0",,"4","0","0","-9223372036854775808","3762","Microsoft-Windows-Directory-Services-SAM","0d4fdc09-8c27-494a-bda0-505e4fd8adae","System","648","652","ServerDC2.ad.jasonsexperiments.com","S-1-5-18","4/9/2025 6:08:08 AM",,,"System","System.UInt32[]","System.Diagnostics.Eventing.Reader.EventBookmark","Information","Info",,"System.Collections.ObjectModel.ReadOnlyCollection`1[System.String]","System.Collections.Generic.List`1[System.Diagnostics.Eventing.Reader.EventProperty]"
"The domain is configured with the following minimum password length-related settings.

MinimumPasswordLength: 7

MinimumPasswordLengthAudit: -1

For more information see https://go.microsoft.com/fwlink/?LinkId=2097191.
","16977","0",,"4","0","0","-9223372036854775808","3761","Microsoft-Windows-Directory-Services-SAM","0d4fdc09-8c27-494a-bda0-505e4fd8adae","System","648","652","ServerDC2.ad.jasonsexperiments.com","S-1-5-18","4/9/2025 6:08:08 AM",,,"System","System.UInt32[]","System.Diagnostics.Eventing.Reader.EventBookmark","Information","Info",,"System.Collections.ObjectModel.ReadOnlyCollection`1[System.String]","System.Collections.Generic.List`1[System.Diagnostics.Eventing.Reader.EventProperty]"
"The domain is configured with the following minimum password length-related settings.

MinimumPasswordLength: 7

MinimumPasswordLengthAudit: 0

For more information see https://go.microsoft.com/fwlink/?LinkId=2097191.
","16977","0",,"4","0","0","-9223372036854775808","3760","Microsoft-Windows-Directory-Services-SAM","0d4fdc09-8c27-494a-bda0-505e4fd8adae","System","648","844","ServerDC2.ad.jasonsexperiments.com","S-1-5-18","4/9/2025 6:08:08 AM",,,"System","System.UInt32[]","System.Diagnostics.Eventing.Reader.EventBookmark","Information","Info",,"System.Collections.ObjectModel.ReadOnlyCollection`1[System.String]","System.Collections.Generic.List`1[System.Diagnostics.Eventing.Reader.EventProperty]"
"The device driver for the Trusted Platform Module (TPM) encountered a non-recoverable error in the TPM hardware, which prevents TPM services (such as data encryption) from being used. For further help, please contact the computer manufacturer.","15","0",,"2","0","0","-9223372036854775808","3759","TPM","1b6b0772-251b-4d42-917d-faca166bc059","System","4","344","ServerDC2.ad.jasonsexperiments.com","S-1-5-18","4/9/2025 6:08:08 AM",,,"System","System.UInt32[]","System.Diagnostics.Eventing.Reader.EventBookmark","Error","Info",,"System.Collections.ObjectModel.ReadOnlyCollection`1[System.String]","System.Collections.Generic.List`1[System.Diagnostics.Eventing.Reader.EventProperty]"
"The device driver for the Trusted Platform Module (TPM) encountered a non-recoverable error in the TPM hardware, which prevents TPM services (such as data encryption) from being used. For further help, please contact the computer manufacturer.","15","0",,"2","0","0","-9223372036854775808","3758","TPM","1b6b0772-251b-4d42-917d-faca166bc059","System","4","344","ServerDC2.ad.jasonsexperiments.com","S-1-5-18","4/9/2025 6:08:07 AM",,,"System","System.UInt32[]","System.Diagnostics.Eventing.Reader.EventBookmark","Error","Info",,"System.Collections.ObjectModel.ReadOnlyCollection`1[System.String]","System.Collections.Generic.List`1[System.Diagnostics.Eventing.Reader.EventProperty]"
"The device driver for the Trusted Platform Module (TPM) encountered a non-recoverable error in the TPM hardware, which prevents TPM services (such as data encryption) from being used. For further help, please contact the computer manufacturer.","15","0",,"2","0","0","-9223372036854775808","3757","TPM","1b6b0772-251b-4d42-917d-faca166bc059","System","4","344","ServerDC2.ad.jasonsexperiments.com","S-1-5-18","4/9/2025 6:08:07 AM",,,"System","System.UInt32[]","System.Diagnostics.Eventing.Reader.EventBookmark","Error","Info",,"System.Collections.ObjectModel.ReadOnlyCollection`1[System.String]","System.Collections.Generic.List`1[System.Diagnostics.Eventing.Reader.EventProperty]"
"The device driver for the Trusted Platform Module (TPM) encountered a non-recoverable error in the TPM hardware, which prevents TPM services (such as data encryption) from being used. For further help, please contact the computer manufacturer.","15","0",,"2","0","0","-9223372036854775808","3756","TPM","1b6b0772-251b-4d42-917d-faca166bc059","System","4","344","ServerDC2.ad.jasonsexperiments.com","S-1-5-18","4/9/2025 6:08:06 AM",,,"System","System.UInt32[]","System.Diagnostics.Eventing.Reader.EventBookmark","Error","Info",,"System.Collections.ObjectModel.ReadOnlyCollection`1[System.String]","System.Collections.Generic.List`1[System.Diagnostics.Eventing.Reader.EventProperty]"
"The driver disabled the write cache on device \Device\Harddisk0\DR0.","34",,"32772","3","0",,"36028797018963968","3755","Disk",,"System",,,"ServerDC2.ad.jasonsexperiments.com",,"4/9/2025 6:07:51 AM",,,"System","System.UInt32[]","System.Diagnostics.Eventing.Reader.EventBookmark","Warning",,,"System.Collections.ObjectModel.ReadOnlyCollection`1[System.String]","System.Collections.Generic.List`1[System.Diagnostics.Eventing.Reader.EventProperty]"
"The driver disabled the write cache on device \Device\Harddisk0\DR0.","34",,"32772","3","0",,"36028797018963968","3754","Disk",,"System",,,"ServerDC2.ad.jasonsexperiments.com",,"4/9/2025 6:07:51 AM",,,"System","System.UInt32[]","System.Diagnostics.Eventing.Reader.EventBookmark","Warning",,,"System.Collections.ObjectModel.ReadOnlyCollection`1[System.String]","System.Collections.Generic.List`1[System.Diagnostics.Eventing.Reader.EventProperty]"
"The driver disabled the write cache on device \Device\Harddisk0\DR0.","34",,"32772","3","0",,"36028797018963968","3753","Disk",,"System",,,"ServerDC2.ad.jasonsexperiments.com",,"4/9/2025 6:07:51 AM",,,"System","System.UInt32[]","System.Diagnostics.Eventing.Reader.EventBookmark","Warning",,,"System.Collections.ObjectModel.ReadOnlyCollection`1[System.String]","System.Collections.Generic.List`1[System.Diagnostics.Eventing.Reader.EventProperty]"
"The device driver for the Trusted Platform Module (TPM) encountered a non-recoverable error in the TPM hardware, which prevents TPM services (such as data encryption) from being used. For further help, please contact the computer manufacturer.","15","0",,"2","0","0","-9223372036854775808","3752","TPM","1b6b0772-251b-4d42-917d-faca166bc059","System","4","344","ServerDC2.ad.jasonsexperiments.com","S-1-5-18","4/9/2025 6:07:51 AM",,,"System","System.UInt32[]","System.Diagnostics.Eventing.Reader.EventBookmark","Error","Info",,"System.Collections.ObjectModel.ReadOnlyCollection`1[System.String]","System.Collections.Generic.List`1[System.Diagnostics.Eventing.Reader.EventProperty]"
"Remote calls to the SAM database are being restricted using the default security descriptor: .
For more information please see http://go.microsoft.com/fwlink/?LinkId=787651.","16962","0",,"4","0","0","-9223372036854775808","3751","Microsoft-Windows-Directory-Services-SAM","0d4fdc09-8c27-494a-bda0-505e4fd8adae","System","648","652","ServerDC2.ad.jasonsexperiments.com","S-1-5-18","4/9/2025 6:07:51 AM","a03e7da9-a93f-0001-ec7d-3ea03fa9db01",,"System","System.UInt32[]","System.Diagnostics.Eventing.Reader.EventBookmark","Information","Info",,"System.Collections.ObjectModel.ReadOnlyCollection`1[System.String]","System.Collections.Generic.List`1[System.Diagnostics.Eventing.Reader.EventProperty]"
"Credential Guard configuration: 0x0, 0","14","0",,"4","0","0","4611686018427387904","3750","Microsoft-Windows-Wininit","206f6dea-d3c5-4d10-bc72-989f03c8b84b","System","496","500","ServerDC2.ad.jasonsexperiments.com","S-1-5-18","4/9/2025 6:07:51 AM",,,"System","System.UInt32[]","System.Diagnostics.Eventing.Reader.EventBookmark","Information","Info",,"System.Collections.ObjectModel.ReadOnlyCollection`1[System.String]","System.Collections.Generic.List`1[System.Diagnostics.Eventing.Reader.EventProperty]"
"The device driver for the Trusted Platform Module (TPM) encountered a non-recoverable error in the TPM hardware, which prevents TPM services (such as data encryption) from being used. For further help, please contact the computer manufacturer.","15","0",,"2","0","0","-9223372036854775808","3749","TPM","1b6b0772-251b-4d42-917d-faca166bc059","System","4","344","ServerDC2.ad.jasonsexperiments.com","S-1-5-18","4/9/2025 6:07:51 AM",,,"System","System.UInt32[]","System.Diagnostics.Eventing.Reader.EventBookmark","Error","Info",,"System.Collections.ObjectModel.ReadOnlyCollection`1[System.String]","System.Collections.Generic.List`1[System.Diagnostics.Eventing.Reader.EventProperty]"
"The device driver for the Trusted Platform Module (TPM) encountered a non-recoverable error in the TPM hardware, which prevents TPM services (such as data encryption) from being used. For further help, please contact the computer manufacturer.","15","0",,"2","0","0","-9223372036854775808","3748","TPM","1b6b0772-251b-4d42-917d-faca166bc059","System","4","344","ServerDC2.ad.jasonsexperiments.com","S-1-5-18","4/9/2025 6:07:50 AM",,,"System","System.UInt32[]","System.Diagnostics.Eventing.Reader.EventBookmark","Error","Info",,"System.Collections.ObjectModel.ReadOnlyCollection`1[System.String]","System.Collections.Generic.List`1[System.Diagnostics.Eventing.Reader.EventProperty]"
"The device driver for the Trusted Platform Module (TPM) encountered a non-recoverable error in the TPM hardware, which prevents TPM services (such as data encryption) from being used. For further help, please contact the computer manufacturer.","15","0",,"2","0","0","-9223372036854775808","3747","TPM","1b6b0772-251b-4d42-917d-faca166bc059","System","4","344","ServerDC2.ad.jasonsexperiments.com","S-1-5-18","4/9/2025 6:07:50 AM",,,"System","System.UInt32[]","System.Diagnostics.Eventing.Reader.EventBookmark","Error","Info",,"System.Collections.ObjectModel.ReadOnlyCollection`1[System.String]","System.Collections.Generic.List`1[System.Diagnostics.Eventing.Reader.EventProperty]"
"The device driver for the Trusted Platform Module (TPM) encountered a non-recoverable error in the TPM hardware, which prevents TPM services (such as data encryption) from being used. For further help, please contact the computer manufacturer.","15","0",,"2","0","0","-9223372036854775808","3746","TPM","1b6b0772-251b-4d42-917d-faca166bc059","System","4","344","ServerDC2.ad.jasonsexperiments.com","S-1-5-18","4/9/2025 6:07:49 AM",,,"System","System.UInt32[]","System.Diagnostics.Eventing.Reader.EventBookmark","Error","Info",,"System.Collections.ObjectModel.ReadOnlyCollection`1[System.String]","System.Collections.Generic.List`1[System.Diagnostics.Eventing.Reader.EventProperty]"
"The device driver for the Trusted Platform Module (TPM) encountered a non-recoverable error in the TPM hardware, which prevents TPM services (such as data encryption) from being used. For further help, please contact the computer manufacturer.","15","0",,"2","0","0","-9223372036854775808","3745","TPM","1b6b0772-251b-4d42-917d-faca166bc059","System","4","344","ServerDC2.ad.jasonsexperiments.com","S-1-5-18","4/9/2025 6:07:49 AM",,,"System","System.UInt32[]","System.Diagnostics.Eventing.Reader.EventBookmark","Error","Info",,"System.Collections.ObjectModel.ReadOnlyCollection`1[System.String]","System.Collections.Generic.List`1[System.Diagnostics.Eventing.Reader.EventProperty]"
"Processor 3 in group 0 exposes the following power management capabilities:

Idle state type: ACPI Idle (C) States (1 state(s))

Performance state type: None
Nominal Frequency (MHz): 3400
Maximum performance percentage: 100
Minimum performance percentage: 100
Minimum throttle percentage: 100","55","0",,"4","47","0","-9223372036854775808","3744","Microsoft-Windows-Kernel-Processor-Power","0f67e49f-fe51-4e9f-b490-6f2948cc6027","System","4","192","ServerDC2.ad.jasonsexperiments.com","S-1-5-18","4/9/2025 6:07:49 AM",,,"System","System.UInt32[]","System.Diagnostics.Eventing.Reader.EventBookmark","Information","Info",,"System.Collections.ObjectModel.ReadOnlyCollection`1[System.String]","System.Collections.Generic.List`1[System.Diagnostics.Eventing.Reader.EventProperty]"
"Processor 2 in group 0 exposes the following power management capabilities:

Idle state type: ACPI Idle (C) States (1 state(s))

Performance state type: None
Nominal Frequency (MHz): 3400
Maximum performance percentage: 100
Minimum performance percentage: 100
Minimum throttle percentage: 100","55","0",,"4","47","0","-9223372036854775808","3743","Microsoft-Windows-Kernel-Processor-Power","0f67e49f-fe51-4e9f-b490-6f2948cc6027","System","4","192","ServerDC2.ad.jasonsexperiments.com","S-1-5-18","4/9/2025 6:07:49 AM",,,"System","System.UInt32[]","System.Diagnostics.Eventing.Reader.EventBookmark","Information","Info",,"System.Collections.ObjectModel.ReadOnlyCollection`1[System.String]","System.Collections.Generic.List`1[System.Diagnostics.Eventing.Reader.EventProperty]"
"Processor 1 in group 0 exposes the following power management capabilities:

Idle state type: ACPI Idle (C) States (1 state(s))

Performance state type: None
Nominal Frequency (MHz): 3400
Maximum performance percentage: 100
Minimum performance percentage: 100
Minimum throttle percentage: 100","55","0",,"4","47","0","-9223372036854775808","3742","Microsoft-Windows-Kernel-Processor-Power","0f67e49f-fe51-4e9f-b490-6f2948cc6027","System","4","192","ServerDC2.ad.jasonsexperiments.com","S-1-5-18","4/9/2025 6:07:49 AM",,,"System","System.UInt32[]","System.Diagnostics.Eventing.Reader.EventBookmark","Information","Info",,"System.Collections.ObjectModel.ReadOnlyCollection`1[System.String]","System.Collections.Generic.List`1[System.Diagnostics.Eventing.Reader.EventProperty]"
"Processor 0 in group 0 exposes the following power management capabilities:

Idle state type: ACPI Idle (C) States (1 state(s))

Performance state type: None
Nominal Frequency (MHz): 3400
Maximum performance percentage: 100
Minimum performance percentage: 100
Minimum throttle percentage: 100","55","0",,"4","47","0","-9223372036854775808","3741","Microsoft-Windows-Kernel-Processor-Power","0f67e49f-fe51-4e9f-b490-6f2948cc6027","System","4","192","ServerDC2.ad.jasonsexperiments.com","S-1-5-18","4/9/2025 6:07:49 AM",,,"System","System.UInt32[]","System.Diagnostics.Eventing.Reader.EventBookmark","Information","Info",,"System.Collections.ObjectModel.ReadOnlyCollection`1[System.String]","System.Collections.Generic.List`1[System.Diagnostics.Eventing.Reader.EventProperty]"
"Connectivity state in standby: Disconnected, Reason: NIC compliance","172","0",,"4","203","0","-9223372036854774780","3740","Microsoft-Windows-Kernel-Power","331c3b3a-2005-44c2-ac5e-77220c37d6b4","System","4","276","ServerDC2.ad.jasonsexperiments.com","S-1-5-18","4/9/2025 6:07:48 AM",,,"System","System.UInt32[]","System.Diagnostics.Eventing.Reader.EventBookmark","Information","Info",,"System.Collections.ObjectModel.ReadOnlyCollection`1[System.String]","System.Collections.Generic.List`1[System.Diagnostics.Eventing.Reader.EventProperty]"
"File System Filter 'npsvctrig' (10.0, ?2037?-?02?-?23T01:11:04.000000000Z) has successfully loaded and registered with Filter Manager.","6","0",,"4","0","0","-9223372036854775808","3739","Microsoft-Windows-FilterManager","f3c5e28e-63f6-49c7-a204-e48a1bc4b09d","System","4","8","ServerDC2.ad.jasonsexperiments.com","S-1-5-18","4/9/2025 6:07:48 AM",,,"System","System.UInt32[]","System.Diagnostics.Eventing.Reader.EventBookmark","Information","Info",,"System.Collections.ObjectModel.ReadOnlyCollection`1[System.String]","System.Collections.Generic.List`1[System.Diagnostics.Eventing.Reader.EventProperty]"
"File System Filter 'DfsDriver' (10.0, ?1975?-?08?-?18T07:58:38.000000000Z) has successfully loaded and registered with Filter Manager.","6","0",,"4","0","0","-9223372036854775808","3738","Microsoft-Windows-FilterManager","f3c5e28e-63f6-49c7-a204-e48a1bc4b09d","System","4","8","ServerDC2.ad.jasonsexperiments.com","S-1-5-18","4/9/2025 6:07:48 AM",,,"System","System.UInt32[]","System.Diagnostics.Eventing.Reader.EventBookmark","Information","Info",,"System.Collections.ObjectModel.ReadOnlyCollection`1[System.String]","System.Collections.Generic.List`1[System.Diagnostics.Eventing.Reader.EventProperty]"
"File System Filter 'FileCrypt' (10.0, ?2034?-?08?-?13T09:30:12.000000000Z) has successfully loaded and registered with Filter Manager.","6","0",,"4","0","0","-9223372036854775808","3737","Microsoft-Windows-FilterManager","f3c5e28e-63f6-49c7-a204-e48a1bc4b09d","System","4","8","ServerDC2.ad.jasonsexperiments.com","S-1-5-18","4/9/2025 6:07:48 AM",,,"System","System.UInt32[]","System.Diagnostics.Eventing.Reader.EventBookmark","Information","Info",,"System.Collections.ObjectModel.ReadOnlyCollection`1[System.String]","System.Collections.Generic.List`1[System.Diagnostics.Eventing.Reader.EventProperty]"
"Volume C: (\Device\HarddiskVolume1) is healthy.  No action is needed.","98","0",,"4","0","0","-9223372036854775806","3736","Microsoft-Windows-Ntfs","3ff37a1c-a68d-4d6e-8c9b-f79e8b16c482","System","4","192","ServerDC2.ad.jasonsexperiments.com","S-1-5-18","4/9/2025 6:07:48 AM",,,"System","System.UInt32[]","System.Diagnostics.Eventing.Reader.EventBookmark","Information","Info",,"System.Collections.ObjectModel.ReadOnlyCollection`1[System.String]","System.Collections.Generic.List`1[System.Diagnostics.Eventing.Reader.EventProperty]"
"File System Filter 'WdFilter' (10.0, ?1976?-?06?-?15T18:49:27.000000000Z) has successfully loaded and registered with Filter Manager.","6","0",,"4","0","0","-9223372036854775808","3735","Microsoft-Windows-FilterManager","f3c5e28e-63f6-49c7-a204-e48a1bc4b09d","System","4","8","ServerDC2.ad.jasonsexperiments.com","S-1-5-18","4/9/2025 6:07:47 AM",,,"System","System.UInt32[]","System.Diagnostics.Eventing.Reader.EventBookmark","Information","Info",,"System.Collections.ObjectModel.ReadOnlyCollection`1[System.String]","System.Collections.Generic.List`1[System.Diagnostics.Eventing.Reader.EventProperty]"
"File System Filter 'DfsrRo' (10.0, ?2087?-?05?-?27T10:05:55.000000000Z) has successfully loaded and registered with Filter Manager.","6","0",,"4","0","0","-9223372036854775808","3734","Microsoft-Windows-FilterManager","f3c5e28e-63f6-49c7-a204-e48a1bc4b09d","System","4","8","ServerDC2.ad.jasonsexperiments.com","S-1-5-18","4/9/2025 6:07:47 AM",,,"System","System.UInt32[]","System.Diagnostics.Eventing.Reader.EventBookmark","Information","Info",,"System.Collections.ObjectModel.ReadOnlyCollection`1[System.String]","System.Collections.Generic.List`1[System.Diagnostics.Eventing.Reader.EventProperty]"
"File System Filter 'Wof' (10.0, ?2036?-?08?-?31T11:15:55.000000000Z) has successfully loaded and registered with Filter Manager.","6","0",,"4","0","0","-9223372036854775808","3733","Microsoft-Windows-FilterManager","f3c5e28e-63f6-49c7-a204-e48a1bc4b09d","System","4","8","ServerDC2.ad.jasonsexperiments.com","S-1-5-18","4/9/2025 6:07:47 AM",,,"System","System.UInt32[]","System.Diagnostics.Eventing.Reader.EventBookmark","Information","Info",,"System.Collections.ObjectModel.ReadOnlyCollection`1[System.String]","System.Collections.Generic.List`1[System.Diagnostics.Eventing.Reader.EventProperty]"
"The leap second configuration has been updated.
Reason: Leap second data initialized from registry during boot
Leap seconds enabled: true
New leap second count: 0
Old leap second count: 0","20","0",,"4","6","0","-9223372036854775792","3732","Microsoft-Windows-Kernel-General","a68ca8b7-004f-d7b6-a698-07e2de0f1f5d","System","4","8","ServerDC2.ad.jasonsexperiments.com","S-1-5-18","4/9/2025 6:07:47 AM",,,"System","System.UInt32[]","System.Diagnostics.Eventing.Reader.EventBookmark","Information","Info",,"System.Collections.ObjectModel.ReadOnlyCollection`1[System.String]","System.Collections.Generic.List`1[System.Diagnostics.Eventing.Reader.EventProperty]"
"The bootmgr spent 0 ms waiting for user input.","32","0",,"4","58","0","-9223372036854775808","3731","Microsoft-Windows-Kernel-Boot","15ca44ff-4d7a-4baa-bba5-0998955e531e","System","4","8","ServerDC2.ad.jasonsexperiments.com","S-1-5-18","4/9/2025 6:07:47 AM",,,"System","System.UInt32[]","System.Diagnostics.Eventing.Reader.EventBookmark","Information","Info",,"System.Collections.ObjectModel.ReadOnlyCollection`1[System.String]","System.Collections.Generic.List`1[System.Diagnostics.Eventing.Reader.EventProperty]"
"There are 0x1 boot options on this system.","18","0",,"4","57","0","-9223372036854775808","3730","Microsoft-Windows-Kernel-Boot","15ca44ff-4d7a-4baa-bba5-0998955e531e","System","4","8","ServerDC2.ad.jasonsexperiments.com","S-1-5-18","4/9/2025 6:07:47 AM",,,"System","System.UInt32[]","System.Diagnostics.Eventing.Reader.EventBookmark","Information","Info",,"System.Collections.ObjectModel.ReadOnlyCollection`1[System.String]","System.Collections.Generic.List`1[System.Diagnostics.Eventing.Reader.EventProperty]"
"The boot type was 0x0.","27","1",,"4","33","0","-9223372036854775808","3729","Microsoft-Windows-Kernel-Boot","15ca44ff-4d7a-4baa-bba5-0998955e531e","System","4","8","ServerDC2.ad.jasonsexperiments.com","S-1-5-18","4/9/2025 6:07:47 AM",,,"System","System.UInt32[]","System.Diagnostics.Eventing.Reader.EventBookmark","Information","Info",,"System.Collections.ObjectModel.ReadOnlyCollection`1[System.String]","System.Collections.Generic.List`1[System.Diagnostics.Eventing.Reader.EventProperty]"
"The boot menu policy was 0x0.","25","0",,"4","32","0","-9223372036854775808","3728","Microsoft-Windows-Kernel-Boot","15ca44ff-4d7a-4baa-bba5-0998955e531e","System","4","8","ServerDC2.ad.jasonsexperiments.com","S-1-5-18","4/9/2025 6:07:47 AM",,,"System","System.UInt32[]","System.Diagnostics.Eventing.Reader.EventBookmark","Information","Info",,"System.Collections.ObjectModel.ReadOnlyCollection`1[System.String]","System.Collections.Generic.List`1[System.Diagnostics.Eventing.Reader.EventProperty]"
"The last shutdown's success status was true. The last boot's success status was true.","20","1",,"4","31","0","-9223372036854775808","3727","Microsoft-Windows-Kernel-Boot","15ca44ff-4d7a-4baa-bba5-0998955e531e","System","4","8","ServerDC2.ad.jasonsexperiments.com","S-1-5-18","4/9/2025 6:07:47 AM",,,"System","System.UInt32[]","System.Diagnostics.Eventing.Reader.EventBookmark","Information","Info",,"System.Collections.ObjectModel.ReadOnlyCollection`1[System.String]","System.Collections.Generic.List`1[System.Diagnostics.Eventing.Reader.EventProperty]"
"Virtualization-based security (policies: 0) is disabled.","153","0",,"4","62","0","-9223372036854775808","3726","Microsoft-Windows-Kernel-Boot","15ca44ff-4d7a-4baa-bba5-0998955e531e","System","4","8","ServerDC2.ad.jasonsexperiments.com","S-1-5-18","4/9/2025 6:07:47 AM",,,"System","System.UInt32[]","System.Diagnostics.Eventing.Reader.EventBookmark","Information","Info",,"System.Collections.ObjectModel.ReadOnlyCollection`1[System.String]","System.Collections.Generic.List`1[System.Diagnostics.Eventing.Reader.EventProperty]"
"The operating system started at system time ?2025?-?04?-?09T11:07:46.500000000Z.","12","0",,"4","1","0","-9223372036854775680","3725","Microsoft-Windows-Kernel-General","a68ca8b7-004f-d7b6-a698-07e2de0f1f5d","System","4","8","ServerDC2.ad.jasonsexperiments.com","S-1-5-18","4/9/2025 6:07:47 AM",,,"System","System.UInt32[]","System.Diagnostics.Eventing.Reader.EventBookmark","Information","Info",,"System.Collections.ObjectModel.ReadOnlyCollection`1[System.String]","System.Collections.Generic.List`1[System.Diagnostics.Eventing.Reader.EventProperty]"
"The operating system is shutting down at system time ?2025?-?04?-?09T11:08:27.460309000Z.","13","0",,"4","2","0","-9223372036854775680","3724","Microsoft-Windows-Kernel-General","a68ca8b7-004f-d7b6-a698-07e2de0f1f5d","System","4","3720","ServerDC2.ad.jasonsexperiments.com",,"4/9/2025 6:08:27 AM",,,"System","System.UInt32[]","System.Diagnostics.Eventing.Reader.EventBookmark","Information","Info",,"System.Collections.ObjectModel.ReadOnlyCollection`1[System.String]","System.Collections.Generic.List`1[System.Diagnostics.Eventing.Reader.EventProperty]"
"The kernel power manager has initiated a shutdown transition.

Shutdown Reason: Kernel API","109","0",,"4","103","0","-9223301668110597116","3723","Microsoft-Windows-Kernel-Power","331c3b3a-2005-44c2-ac5e-77220c37d6b4","System","500","504","ServerDC2.ad.jasonsexperiments.com",,"4/9/2025 6:08:25 AM",,,"System","System.UInt32[]","System.Diagnostics.Eventing.Reader.EventBookmark","Information","Info",,"System.Collections.ObjectModel.ReadOnlyCollection`1[System.String]","System.Collections.Generic.List`1[System.Diagnostics.Eventing.Reader.EventProperty]"
"The Active Directory Domain Services service entered the stopped state.","7036","0","16384","4","0","0","-9187343239835811840","3722","Service Control Manager","555908d1-a6d7-4695-8e1e-26931d2012f4","System","644","6456","ServerDC2.ad.jasonsexperiments.com",,"4/9/2025 6:08:21 AM",,,"System","System.UInt32[]","System.Diagnostics.Eventing.Reader.EventBookmark","Information",,,"System.Collections.ObjectModel.ReadOnlyCollection`1[System.String]","System.Collections.Generic.List`1[System.Diagnostics.Eventing.Reader.EventProperty]"
"The Windows Defender Antivirus Service service entered the stopped state.","7036","0","16384","4","0","0","-9187343239835811840","3721","Service Control Manager","555908d1-a6d7-4695-8e1e-26931d2012f4","System","644","6456","ServerDC2.ad.jasonsexperiments.com",,"4/9/2025 6:08:20 AM",,,"System","System.UInt32[]","System.Diagnostics.Eventing.Reader.EventBookmark","Information",,,"System.Collections.ObjectModel.ReadOnlyCollection`1[System.String]","System.Collections.Generic.List`1[System.Diagnostics.Eventing.Reader.EventProperty]"
"The DNS Server service entered the stopped state.","7036","0","16384","4","0","0","-9187343239835811840","3720","Service Control Manager","555908d1-a6d7-4695-8e1e-26931d2012f4","System","644","6456","ServerDC2.ad.jasonsexperiments.com",,"4/9/2025 6:08:20 AM",,,"System","System.UInt32[]","System.Diagnostics.Eventing.Reader.EventBookmark","Information",,,"System.Collections.ObjectModel.ReadOnlyCollection`1[System.String]","System.Collections.Generic.List`1[System.Diagnostics.Eventing.Reader.EventProperty]"
"The DFS Replication service entered the stopped state.","7036","0","16384","4","0","0","-9187343239835811840","3719","Service Control Manager","555908d1-a6d7-4695-8e1e-26931d2012f4","System","644","6456","ServerDC2.ad.jasonsexperiments.com",,"4/9/2025 6:08:20 AM",,,"System","System.UInt32[]","System.Diagnostics.Eventing.Reader.EventBookmark","Information",,,"System.Collections.ObjectModel.ReadOnlyCollection`1[System.String]","System.Collections.Generic.List`1[System.Diagnostics.Eventing.Reader.EventProperty]"
"The Task Scheduler service entered the stopped state.","7036","0","16384","4","0","0","-9187343239835811840","3718","Service Control Manager","555908d1-a6d7-4695-8e1e-26931d2012f4","System","644","2140","ServerDC2.ad.jasonsexperiments.com",,"4/9/2025 6:08:20 AM",,,"System","System.UInt32[]","System.Diagnostics.Eventing.Reader.EventBookmark","Information",,,"System.Collections.ObjectModel.ReadOnlyCollection`1[System.String]","System.Collections.Generic.List`1[System.Diagnostics.Eventing.Reader.EventProperty]"
"The VirtualBox Guest Additions Service service entered the stopped state.","7036","0","16384","4","0","0","-9187343239835811840","3717","Service Control Manager","555908d1-a6d7-4695-8e1e-26931d2012f4","System","644","6456","ServerDC2.ad.jasonsexperiments.com",,"4/9/2025 6:08:20 AM",,,"System","System.UInt32[]","System.Diagnostics.Eventing.Reader.EventBookmark","Information",,,"System.Collections.ObjectModel.ReadOnlyCollection`1[System.String]","System.Collections.Generic.List`1[System.Diagnostics.Eventing.Reader.EventProperty]"
"The system uptime is 23 seconds.","6013",,"32768","4","0",,"36028797018963968","3716","EventLog",,"System",,,"ServerDC2.ad.jasonsexperiments.com",,"4/9/2025 6:08:09 AM",,,"System","System.UInt32[]","System.Diagnostics.Eventing.Reader.EventBookmark","Information",,,"System.Collections.ObjectModel.ReadOnlyCollection`1[System.String]","System.Collections.Generic.List`1[System.Diagnostics.Eventing.Reader.EventProperty]"
"The Event log service was started.","6005",,"32768","4","0",,"36028797018963968","3715","EventLog",,"System",,,"ServerDC2.ad.jasonsexperiments.com",,"4/9/2025 6:08:09 AM",,,"System","System.UInt32[]","System.Diagnostics.Eventing.Reader.EventBookmark","Information",,,"System.Collections.ObjectModel.ReadOnlyCollection`1[System.String]","System.Collections.Generic.List`1[System.Diagnostics.Eventing.Reader.EventProperty]"
"Microsoft (R) Windows (R) 10.00. 17763  Multiprocessor Free.","6009",,"32768","4","0",,"36028797018963968","3714","EventLog",,"System",,,"ServerDC2.ad.jasonsexperiments.com",,"4/9/2025 6:08:09 AM",,,"System","System.UInt32[]","System.Diagnostics.Eventing.Reader.EventBookmark","Information",,,"System.Collections.ObjectModel.ReadOnlyCollection`1[System.String]","System.Collections.Generic.List`1[System.Diagnostics.Eventing.Reader.EventProperty]"
"The Windows Event Log service entered the stopped state.","7036","0","16384","4","0","0","-9187343239835811840","3713","Service Control Manager","555908d1-a6d7-4695-8e1e-26931d2012f4","System","644","2140","ServerDC2.ad.jasonsexperiments.com",,"4/9/2025 6:08:20 AM",,,"System","System.UInt32[]","System.Diagnostics.Eventing.Reader.EventBookmark","Information",,,"System.Collections.ObjectModel.ReadOnlyCollection`1[System.String]","System.Collections.Generic.List`1[System.Diagnostics.Eventing.Reader.EventProperty]"
"The Diagnostic Policy Service service entered the stopped state.","7036","0","16384","4","0","0","-9187343239835811840","3712","Service Control Manager","555908d1-a6d7-4695-8e1e-26931d2012f4","System","644","2140","ServerDC2.ad.jasonsexperiments.com",,"4/9/2025 6:08:20 AM",,,"System","System.UInt32[]","System.Diagnostics.Eventing.Reader.EventBookmark","Information",,,"System.Collections.ObjectModel.ReadOnlyCollection`1[System.String]","System.Collections.Generic.List`1[System.Diagnostics.Eventing.Reader.EventProperty]"
"The Cryptographic Services service entered the stopped state.","7036","0","16384","4","0","0","-9187343239835811840","3711","Service Control Manager","555908d1-a6d7-4695-8e1e-26931d2012f4","System","644","2140","ServerDC2.ad.jasonsexperiments.com",,"4/9/2025 6:08:20 AM",,,"System","System.UInt32[]","System.Diagnostics.Eventing.Reader.EventBookmark","Information",,,"System.Collections.ObjectModel.ReadOnlyCollection`1[System.String]","System.Collections.Generic.List`1[System.Diagnostics.Eventing.Reader.EventProperty]"
"The Windows Connection Manager service entered the stopped state.","7036","0","16384","4","0","0","-9187343239835811840","3710","Service Control Manager","555908d1-a6d7-4695-8e1e-26931d2012f4","System","644","2140","ServerDC2.ad.jasonsexperiments.com",,"4/9/2025 6:08:20 AM",,,"System","System.UInt32[]","System.Diagnostics.Eventing.Reader.EventBookmark","Information",,,"System.Collections.ObjectModel.ReadOnlyCollection`1[System.String]","System.Collections.Generic.List`1[System.Diagnostics.Eventing.Reader.EventProperty]"
"The Remote Access Connection Manager service entered the stopped state.","7036","0","16384","4","0","0","-9187343239835811840","3709","Service Control Manager","555908d1-a6d7-4695-8e1e-26931d2012f4","System","644","2140","ServerDC2.ad.jasonsexperiments.com",,"4/9/2025 6:08:20 AM",,,"System","System.UInt32[]","System.Diagnostics.Eventing.Reader.EventBookmark","Information",,,"System.Collections.ObjectModel.ReadOnlyCollection`1[System.String]","System.Collections.Generic.List`1[System.Diagnostics.Eventing.Reader.EventProperty]"
"The Windows Remote Management (WS-Management) service entered the stopped state.","7036","0","16384","4","0","0","-9187343239835811840","3708","Service Control Manager","555908d1-a6d7-4695-8e1e-26931d2012f4","System","644","2140","ServerDC2.ad.jasonsexperiments.com",,"4/9/2025 6:08:20 AM",,,"System","System.UInt32[]","System.Diagnostics.Eventing.Reader.EventBookmark","Information",,,"System.Collections.ObjectModel.ReadOnlyCollection`1[System.String]","System.Collections.Generic.List`1[System.Diagnostics.Eventing.Reader.EventProperty]"
"The WinHTTP Web Proxy Auto-Discovery Service service entered the stopped state.","7036","0","16384","4","0","0","-9187343239835811840","3707","Service Control Manager","555908d1-a6d7-4695-8e1e-26931d2012f4","System","644","2140","ServerDC2.ad.jasonsexperiments.com",,"4/9/2025 6:08:20 AM",,,"System","System.UInt32[]","System.Diagnostics.Eventing.Reader.EventBookmark","Information",,,"System.Collections.ObjectModel.ReadOnlyCollection`1[System.String]","System.Collections.Generic.List`1[System.Diagnostics.Eventing.Reader.EventProperty]"
"The Device Setup Manager service entered the stopped state.","7036","0","16384","4","0","0","-9187343239835811840","3706","Service Control Manager","555908d1-a6d7-4695-8e1e-26931d2012f4","System","644","2140","ServerDC2.ad.jasonsexperiments.com",,"4/9/2025 6:08:20 AM",,,"System","System.UInt32[]","System.Diagnostics.Eventing.Reader.EventBookmark","Information",,,"System.Collections.ObjectModel.ReadOnlyCollection`1[System.String]","System.Collections.Generic.List`1[System.Diagnostics.Eventing.Reader.EventProperty]"
"The Virtual Disk service entered the stopped state.","7036","0","16384","4","0","0","-9187343239835811840","3705","Service Control Manager","555908d1-a6d7-4695-8e1e-26931d2012f4","System","644","2140","ServerDC2.ad.jasonsexperiments.com",,"4/9/2025 6:08:20 AM",,,"System","System.UInt32[]","System.Diagnostics.Eventing.Reader.EventBookmark","Information",,,"System.Collections.ObjectModel.ReadOnlyCollection`1[System.String]","System.Collections.Generic.List`1[System.Diagnostics.Eventing.Reader.EventProperty]"
"The Event log service was stopped.","6006",,"32768","4","0",,"36028797018963968","3704","EventLog",,"System",,,"ServerDC2.ad.jasonsexperiments.com",,"4/9/2025 6:08:20 AM",,,"System","System.UInt32[]","System.Diagnostics.Eventing.Reader.EventBookmark","Information",,,"System.Collections.ObjectModel.ReadOnlyCollection`1[System.String]","System.Collections.Generic.List`1[System.Diagnostics.Eventing.Reader.EventProperty]"
"The Program Compatibility Assistant Service service entered the stopped state.","7036","0","16384","4","0","0","-9187343239835811840","3703","Service Control Manager","555908d1-a6d7-4695-8e1e-26931d2012f4","System","644","2140","ServerDC2.ad.jasonsexperiments.com",,"4/9/2025 6:08:20 AM",,,"System","System.UInt32[]","System.Diagnostics.Eventing.Reader.EventBookmark","Information",,,"System.Collections.ObjectModel.ReadOnlyCollection`1[System.String]","System.Collections.Generic.List`1[System.Diagnostics.Eventing.Reader.EventProperty]"
"The DHCP Client service entered the stopped state.","7036","0","16384","4","0","0","-9187343239835811840","3702","Service Control Manager","555908d1-a6d7-4695-8e1e-26931d2012f4","System","644","2140","ServerDC2.ad.jasonsexperiments.com",,"4/9/2025 6:08:20 AM",,,"System","System.UInt32[]","System.Diagnostics.Eventing.Reader.EventBookmark","Information",,,"System.Collections.ObjectModel.ReadOnlyCollection`1[System.String]","System.Collections.Generic.List`1[System.Diagnostics.Eventing.Reader.EventProperty]"
"The Intersite Messaging service entered the stopped state.","7036","0","16384","4","0","0","-9187343239835811840","3701","Service Control Manager","555908d1-a6d7-4695-8e1e-26931d2012f4","System","644","2140","ServerDC2.ad.jasonsexperiments.com",,"4/9/2025 6:08:20 AM",,,"System","System.UInt32[]","System.Diagnostics.Eventing.Reader.EventBookmark","Information",,,"System.Collections.ObjectModel.ReadOnlyCollection`1[System.String]","System.Collections.Generic.List`1[System.Diagnostics.Eventing.Reader.EventProperty]"
"The Distributed Transaction Coordinator service entered the stopped state.","7036","0","16384","4","0","0","-9187343239835811840","3700","Service Control Manager","555908d1-a6d7-4695-8e1e-26931d2012f4","System","644","2140","ServerDC2.ad.jasonsexperiments.com",,"4/9/2025 6:08:20 AM",,,"System","System.UInt32[]","System.Diagnostics.Eventing.Reader.EventBookmark","Information",,,"System.Collections.ObjectModel.ReadOnlyCollection`1[System.String]","System.Collections.Generic.List`1[System.Diagnostics.Eventing.Reader.EventProperty]"
"The Secure Socket Tunneling Protocol Service service entered the stopped state.","7036","0","16384","4","0","0","-9187343239835811840","3699","Service Control Manager","555908d1-a6d7-4695-8e1e-26931d2012f4","System","644","2140","ServerDC2.ad.jasonsexperiments.com",,"4/9/2025 6:08:20 AM",,,"System","System.UInt32[]","System.Diagnostics.Eventing.Reader.EventBookmark","Information",,,"System.Collections.ObjectModel.ReadOnlyCollection`1[System.String]","System.Collections.Generic.List`1[System.Diagnostics.Eventing.Reader.EventProperty]"
"The State Repository Service service entered the stopped state.","7036","0","16384","4","0","0","-9187343239835811840","3698","Service Control Manager","555908d1-a6d7-4695-8e1e-26931d2012f4","System","644","7084","ServerDC2.ad.jasonsexperiments.com",,"4/9/2025 6:08:20 AM",,,"System","System.UInt32[]","System.Diagnostics.Eventing.Reader.EventBookmark","Information",,,"System.Collections.ObjectModel.ReadOnlyCollection`1[System.String]","System.Collections.Generic.List`1[System.Diagnostics.Eventing.Reader.EventProperty]"
"The Windows Management Instrumentation service entered the stopped state.","7036","0","16384","4","0","0","-9187343239835811840","3697","Service Control Manager","555908d1-a6d7-4695-8e1e-26931d2012f4","System","644","2140","ServerDC2.ad.jasonsexperiments.com",,"4/9/2025 6:08:20 AM",,,"System","System.UInt32[]","System.Diagnostics.Eventing.Reader.EventBookmark","Information",,,"System.Collections.ObjectModel.ReadOnlyCollection`1[System.String]","System.Collections.Generic.List`1[System.Diagnostics.Eventing.Reader.EventProperty]"
"The Windows Font Cache Service service entered the stopped state.","7036","0","16384","4","0","0","-9187343239835811840","3696","Service Control Manager","555908d1-a6d7-4695-8e1e-26931d2012f4","System","644","7028","ServerDC2.ad.jasonsexperiments.com",,"4/9/2025 6:08:20 AM",,,"System","System.UInt32[]","System.Diagnostics.Eventing.Reader.EventBookmark","Information",,,"System.Collections.ObjectModel.ReadOnlyCollection`1[System.String]","System.Collections.Generic.List`1[System.Diagnostics.Eventing.Reader.EventProperty]"
"DHCPv4 client service is stopped. ShutDown Flag value is 1","50037","0",,"4","4","69","2305843009213693952","3695","Microsoft-Windows-Dhcp-Client","15a7a4f8-0072-4eab-abad-f98a4d666aed","System","1236","1356","ServerDC2.ad.jasonsexperiments.com","S-1-5-19","4/9/2025 6:08:20 AM",,,"System","System.UInt32[]","System.Diagnostics.Eventing.Reader.EventBookmark","Information","ServiceStop","Service State Event","System.Collections.ObjectModel.ReadOnlyCollection`1[System.String]","System.Collections.Generic.List`1[System.Diagnostics.Eventing.Reader.EventProperty]"
"DHCPv4 is waiting on DHCPv6 service to stop","50106","0",,"4","4","129","2305843009213693952","3694","Microsoft-Windows-Dhcp-Client","15a7a4f8-0072-4eab-abad-f98a4d666aed","System","1236","1356","ServerDC2.ad.jasonsexperiments.com","S-1-5-19","4/9/2025 6:08:20 AM",,,"System","System.UInt32[]","System.Diagnostics.Eventing.Reader.EventBookmark","Information","ServiceShutdown","Service State Event","System.Collections.ObjectModel.ReadOnlyCollection`1[System.String]","System.Collections.Generic.List`1[System.Diagnostics.Eventing.Reader.EventProperty]"
"DHCPv6 client service stop is almost done.DHCP Context Ref count is 1","51057","0",,"4","4","104","2305843009213693952","3693","Microsoft-Windows-DHCPv6-Client","6a1f2b00-6a90-4c38-95a5-5cab3b056778","System","1236","1408","ServerDC2.ad.jasonsexperiments.com","S-1-5-19","4/9/2025 6:08:20 AM",,,"System","System.UInt32[]","System.Diagnostics.Eventing.Reader.EventBookmark","Information","ServiceStopWithRefCount","Service State Event","System.Collections.ObjectModel.ReadOnlyCollection`1[System.String]","System.Collections.Generic.List`1[System.Diagnostics.Eventing.Reader.EventProperty]"
"DHCPv6 client service is stopped. ShutDown Flag value is 1","51047","0",,"4","4","63","2305843009213693952","3692","Microsoft-Windows-DHCPv6-Client","6a1f2b00-6a90-4c38-95a5-5cab3b056778","System","1236","1408","ServerDC2.ad.jasonsexperiments.com","S-1-5-19","4/9/2025 6:08:20 AM",,,"System","System.UInt32[]","System.Diagnostics.Eventing.Reader.EventBookmark","Information","ServiceStop","Service State Event","System.Collections.ObjectModel.ReadOnlyCollection`1[System.String]","System.Collections.Generic.List`1[System.Diagnostics.Eventing.Reader.EventProperty]"
