"The Windows Update service entered the running state.","7036","0","16384","4","0","0","-9187343239835811840","5432","Service Control Manager","555908d1-a6d7-4695-8e1e-26931d2012f4","System","628","2652","ServerDC2.ad.jasonsexperiments.com",,"5/24/2025 10:53:21 AM",,,"System","System.UInt32[]","System.Diagnostics.Eventing.Reader.EventBookmark","Information",,,"System.Collections.ObjectModel.ReadOnlyCollection`1[System.String]","System.Collections.Generic.List`1[System.Diagnostics.Eventing.Reader.EventProperty]"
"The Software Protection service entered the running state.","7036","0","16384","4","0","0","-9187343239835811840","5431","Service Control Manager","555908d1-a6d7-4695-8e1e-26931d2012f4","System","628","2652","ServerDC2.ad.jasonsexperiments.com",,"5/24/2025 10:53:21 AM",,,"System","System.UInt32[]","System.Diagnostics.Eventing.Reader.EventBookmark","Information",,,"System.Collections.ObjectModel.ReadOnlyCollection`1[System.String]","System.Collections.Generic.List`1[System.Diagnostics.Eventing.Reader.EventProperty]"
"The Windows Update service entered the stopped state.","7036","0","16384","4","0","0","-9187343239835811840","5430","Service Control Manager","555908d1-a6d7-4695-8e1e-26931d2012f4","System","628","2200","ServerDC2.ad.jasonsexperiments.com",,"5/24/2025 10:43:59 AM",,,"System","System.UInt32[]","System.Diagnostics.Eventing.Reader.EventBookmark","Information",,,"System.Collections.ObjectModel.ReadOnlyCollection`1[System.String]","System.Collections.Generic.List`1[System.Diagnostics.Eventing.Reader.EventProperty]"
"The PDC completed an automatic trust scan operation for all trusts with no errors.

More information can be found at https://go.microsoft.com/fwlink/?linkid=2162089.","6148","0",,"4","0","0","-9223372036854775808","5429","LsaSrv","199fe037-2b82-40a9-82ac-e1d46c792b99","System","636","572","ServerDC2.ad.jasonsexperiments.com","S-1-5-18","5/24/2025 10:42:46 AM",,,"System","System.UInt32[]","System.Diagnostics.Eventing.Reader.EventBookmark","Information","Info",,"System.Collections.ObjectModel.ReadOnlyCollection`1[System.String]","System.Collections.Generic.List`1[System.Diagnostics.Eventing.Reader.EventProperty]"
"The Windows Modules Installer service entered the stopped state.","7036","0","16384","4","0","0","-9187343239835811840","5428","Service Control Manager","555908d1-a6d7-4695-8e1e-26931d2012f4","System","628","2200","ServerDC2.ad.jasonsexperiments.com",,"5/24/2025 10:41:40 AM",,,"System","System.UInt32[]","System.Diagnostics.Eventing.Reader.EventBookmark","Information",,,"System.Collections.ObjectModel.ReadOnlyCollection`1[System.String]","System.Collections.Generic.List`1[System.Diagnostics.Eventing.Reader.EventProperty]"
"The Optimize drives service entered the stopped state.","7036","0","16384","4","0","0","-9187343239835811840","5427","Service Control Manager","555908d1-a6d7-4695-8e1e-26931d2012f4","System","628","2200","ServerDC2.ad.jasonsexperiments.com",,"5/24/2025 10:41:19 AM",,,"System","System.UInt32[]","System.Diagnostics.Eventing.Reader.EventBookmark","Information",,,"System.Collections.ObjectModel.ReadOnlyCollection`1[System.String]","System.Collections.Generic.List`1[System.Diagnostics.Eventing.Reader.EventProperty]"
"The start type of the Windows Modules Installer service was changed from auto start to demand start.","7040","0","16384","4","0","0","-9187343239835811840","5426","Service Control Manager","555908d1-a6d7-4695-8e1e-26931d2012f4","System","628","1280","ServerDC2.ad.jasonsexperiments.com","S-1-5-18","5/24/2025 10:39:39 AM",,,"System","System.UInt32[]","System.Diagnostics.Eventing.Reader.EventBookmark","Information",,,"System.Collections.ObjectModel.ReadOnlyCollection`1[System.String]","System.Collections.Generic.List`1[System.Diagnostics.Eventing.Reader.EventProperty]"
"Hive \??\C:\Windows\System32\SMI\Store\Machine\SCHEMA.DAT was reorganized with a starting size of 14827520 bytes and an ending size of 11722752 bytes.","15","0",,"4","0","0","-9223372036854775808","5425","Microsoft-Windows-Kernel-General","a68ca8b7-004f-d7b6-a698-07e2de0f1f5d","System","3008","4228","ServerDC2.ad.jasonsexperiments.com","S-1-5-18","5/24/2025 10:39:02 AM",,,"System","System.UInt32[]","System.Diagnostics.Eventing.Reader.EventBookmark","Information","Info",,"System.Collections.ObjectModel.ReadOnlyCollection`1[System.String]","System.Collections.Generic.List`1[System.Diagnostics.Eventing.Reader.EventProperty]"
"Hive \??\C:\Windows\System32\config\COMPONENTS was reorganized with a starting size of 78462976 bytes and an ending size of 77639680 bytes.","15","0",,"4","0","0","-9223372036854775808","5424","Microsoft-Windows-Kernel-General","a68ca8b7-004f-d7b6-a698-07e2de0f1f5d","System","3008","4228","ServerDC2.ad.jasonsexperiments.com","S-1-5-18","5/24/2025 10:39:00 AM",,,"System","System.UInt32[]","System.Diagnostics.Eventing.Reader.EventBookmark","Information","Info",,"System.Collections.ObjectModel.ReadOnlyCollection`1[System.String]","System.Collections.Generic.List`1[System.Diagnostics.Eventing.Reader.EventProperty]"
"The Capability Access Manager Service service entered the stopped state.","7036","0","16384","4","0","0","-9187343239835811840","5423","Service Control Manager","555908d1-a6d7-4695-8e1e-26931d2012f4","System","628","4744","ServerDC2.ad.jasonsexperiments.com",,"5/24/2025 10:38:54 AM",,,"System","System.UInt32[]","System.Diagnostics.Eventing.Reader.EventBookmark","Information",,,"System.Collections.ObjectModel.ReadOnlyCollection`1[System.String]","System.Collections.Generic.List`1[System.Diagnostics.Eventing.Reader.EventProperty]"
"The Microsoft Account Sign-in Assistant service entered the stopped state.","7036","0","16384","4","0","0","-9187343239835811840","5422","Service Control Manager","555908d1-a6d7-4695-8e1e-26931d2012f4","System","628","4744","ServerDC2.ad.jasonsexperiments.com",,"5/24/2025 10:38:31 AM",,,"System","System.UInt32[]","System.Diagnostics.Eventing.Reader.EventBookmark","Information",,,"System.Collections.ObjectModel.ReadOnlyCollection`1[System.String]","System.Collections.Generic.List`1[System.Diagnostics.Eventing.Reader.EventProperty]"
"The Optimize drives service entered the running state.","7036","0","16384","4","0","0","-9187343239835811840","5421","Service Control Manager","555908d1-a6d7-4695-8e1e-26931d2012f4","System","628","4744","ServerDC2.ad.jasonsexperiments.com",,"5/24/2025 10:38:13 AM",,,"System","System.UInt32[]","System.Diagnostics.Eventing.Reader.EventBookmark","Information",,,"System.Collections.ObjectModel.ReadOnlyCollection`1[System.String]","System.Collections.Generic.List`1[System.Diagnostics.Eventing.Reader.EventProperty]"
"The Data Sharing Service service entered the running state.","7036","0","16384","4","0","0","-9187343239835811840","5420","Service Control Manager","555908d1-a6d7-4695-8e1e-26931d2012f4","System","628","4744","ServerDC2.ad.jasonsexperiments.com",,"5/24/2025 10:38:12 AM",,,"System","System.UInt32[]","System.Diagnostics.Eventing.Reader.EventBookmark","Information",,,"System.Collections.ObjectModel.ReadOnlyCollection`1[System.String]","System.Collections.Generic.List`1[System.Diagnostics.Eventing.Reader.EventProperty]"
"The start type of the Windows Modules Installer service was changed from demand start to auto start.","7040","0","16384","4","0","0","-9187343239835811840","5419","Service Control Manager","555908d1-a6d7-4695-8e1e-26931d2012f4","System","628","1280","ServerDC2.ad.jasonsexperiments.com","S-1-5-18","5/24/2025 10:38:12 AM",,,"System","System.UInt32[]","System.Diagnostics.Eventing.Reader.EventBookmark","Information",,,"System.Collections.ObjectModel.ReadOnlyCollection`1[System.String]","System.Collections.Generic.List`1[System.Diagnostics.Eventing.Reader.EventProperty]"
"The Windows Modules Installer service entered the running state.","7036","0","16384","4","0","0","-9187343239835811840","5418","Service Control Manager","555908d1-a6d7-4695-8e1e-26931d2012f4","System","628","4164","ServerDC2.ad.jasonsexperiments.com",,"5/24/2025 10:38:12 AM",,,"System","System.UInt32[]","System.Diagnostics.Eventing.Reader.EventBookmark","Information",,,"System.Collections.ObjectModel.ReadOnlyCollection`1[System.String]","System.Collections.Generic.List`1[System.Diagnostics.Eventing.Reader.EventProperty]"
"The Remote Registry service entered the stopped state.","7036","0","16384","4","0","0","-9187343239835811840","5417","Service Control Manager","555908d1-a6d7-4695-8e1e-26931d2012f4","System","628","4164","ServerDC2.ad.jasonsexperiments.com",,"5/24/2025 10:38:09 AM",,,"System","System.UInt32[]","System.Diagnostics.Eventing.Reader.EventBookmark","Information",,,"System.Collections.ObjectModel.ReadOnlyCollection`1[System.String]","System.Collections.Generic.List`1[System.Diagnostics.Eventing.Reader.EventProperty]"
"The Windows Modules Installer service entered the stopped state.","7036","0","16384","4","0","0","-9187343239835811840","5416","Service Control Manager","555908d1-a6d7-4695-8e1e-26931d2012f4","System","628","4164","ServerDC2.ad.jasonsexperiments.com",,"5/24/2025 10:35:57 AM",,,"System","System.UInt32[]","System.Diagnostics.Eventing.Reader.EventBookmark","Information",,,"System.Collections.ObjectModel.ReadOnlyCollection`1[System.String]","System.Collections.Generic.List`1[System.Diagnostics.Eventing.Reader.EventProperty]"
"The Windows Update Medic Service service entered the stopped state.","7036","0","16384","4","0","0","-9187343239835811840","5415","Service Control Manager","555908d1-a6d7-4695-8e1e-26931d2012f4","System","628","1280","ServerDC2.ad.jasonsexperiments.com",,"5/24/2025 10:34:52 AM",,,"System","System.UInt32[]","System.Diagnostics.Eventing.Reader.EventBookmark","Information",,,"System.Collections.ObjectModel.ReadOnlyCollection`1[System.String]","System.Collections.Generic.List`1[System.Diagnostics.Eventing.Reader.EventProperty]"
"The Software Protection service entered the stopped state.","7036","0","16384","4","0","0","-9187343239835811840","5414","Service Control Manager","555908d1-a6d7-4695-8e1e-26931d2012f4","System","628","1280","ServerDC2.ad.jasonsexperiments.com",,"5/24/2025 10:34:26 AM",,,"System","System.UInt32[]","System.Diagnostics.Eventing.Reader.EventBookmark","Information",,,"System.Collections.ObjectModel.ReadOnlyCollection`1[System.String]","System.Collections.Generic.List`1[System.Diagnostics.Eventing.Reader.EventProperty]"
"The Windows Modules Installer service entered the running state.","7036","0","16384","4","0","0","-9187343239835811840","5413","Service Control Manager","555908d1-a6d7-4695-8e1e-26931d2012f4","System","628","1280","ServerDC2.ad.jasonsexperiments.com",,"5/24/2025 10:33:55 AM",,,"System","System.UInt32[]","System.Diagnostics.Eventing.Reader.EventBookmark","Information",,,"System.Collections.ObjectModel.ReadOnlyCollection`1[System.String]","System.Collections.Generic.List`1[System.Diagnostics.Eventing.Reader.EventProperty]"
"The Capability Access Manager Service service entered the running state.","7036","0","16384","4","0","0","-9187343239835811840","5412","Service Control Manager","555908d1-a6d7-4695-8e1e-26931d2012f4","System","628","1280","ServerDC2.ad.jasonsexperiments.com",,"5/24/2025 10:33:53 AM",,,"System","System.UInt32[]","System.Diagnostics.Eventing.Reader.EventBookmark","Information",,,"System.Collections.ObjectModel.ReadOnlyCollection`1[System.String]","System.Collections.Generic.List`1[System.Diagnostics.Eventing.Reader.EventProperty]"
"The Microsoft Account Sign-in Assistant service entered the running state.","7036","0","16384","4","0","0","-9187343239835811840","5411","Service Control Manager","555908d1-a6d7-4695-8e1e-26931d2012f4","System","628","5012","ServerDC2.ad.jasonsexperiments.com",,"5/24/2025 10:33:52 AM",,,"System","System.UInt32[]","System.Diagnostics.Eventing.Reader.EventBookmark","Information",,,"System.Collections.ObjectModel.ReadOnlyCollection`1[System.String]","System.Collections.Generic.List`1[System.Diagnostics.Eventing.Reader.EventProperty]"
"The Software Protection service entered the running state.","7036","0","16384","4","0","0","-9187343239835811840","5410","Service Control Manager","555908d1-a6d7-4695-8e1e-26931d2012f4","System","628","5012","ServerDC2.ad.jasonsexperiments.com",,"5/24/2025 10:33:52 AM",,,"System","System.UInt32[]","System.Diagnostics.Eventing.Reader.EventBookmark","Information",,,"System.Collections.ObjectModel.ReadOnlyCollection`1[System.String]","System.Collections.Generic.List`1[System.Diagnostics.Eventing.Reader.EventProperty]"
"The Windows Update Medic Service service entered the running state.","7036","0","16384","4","0","0","-9187343239835811840","5409","Service Control Manager","555908d1-a6d7-4695-8e1e-26931d2012f4","System","628","4200","ServerDC2.ad.jasonsexperiments.com",,"5/24/2025 10:33:52 AM",,,"System","System.UInt32[]","System.Diagnostics.Eventing.Reader.EventBookmark","Information",,,"System.Collections.ObjectModel.ReadOnlyCollection`1[System.String]","System.Collections.Generic.List`1[System.Diagnostics.Eventing.Reader.EventProperty]"
"The Microsoft Account Sign-in Assistant service entered the stopped state.","7036","0","16384","4","0","0","-9187343239835811840","5408","Service Control Manager","555908d1-a6d7-4695-8e1e-26931d2012f4","System","628","5012","ServerDC2.ad.jasonsexperiments.com",,"5/24/2025 10:33:27 AM",,,"System","System.UInt32[]","System.Diagnostics.Eventing.Reader.EventBookmark","Information",,,"System.Collections.ObjectModel.ReadOnlyCollection`1[System.String]","System.Collections.Generic.List`1[System.Diagnostics.Eventing.Reader.EventProperty]"
"The Network Setup Service service entered the stopped state.","7036","0","16384","4","0","0","-9187343239835811840","5407","Service Control Manager","555908d1-a6d7-4695-8e1e-26931d2012f4","System","628","4200","ServerDC2.ad.jasonsexperiments.com",,"5/24/2025 10:30:56 AM",,,"System","System.UInt32[]","System.Diagnostics.Eventing.Reader.EventBookmark","Information",,,"System.Collections.ObjectModel.ReadOnlyCollection`1[System.String]","System.Collections.Generic.List`1[System.Diagnostics.Eventing.Reader.EventProperty]"
"The Software Protection service entered the stopped state.","7036","0","16384","4","0","0","-9187343239835811840","5406","Service Control Manager","555908d1-a6d7-4695-8e1e-26931d2012f4","System","628","4200","ServerDC2.ad.jasonsexperiments.com",,"5/24/2025 10:30:38 AM",,,"System","System.UInt32[]","System.Diagnostics.Eventing.Reader.EventBookmark","Information",,,"System.Collections.ObjectModel.ReadOnlyCollection`1[System.String]","System.Collections.Generic.List`1[System.Diagnostics.Eventing.Reader.EventProperty]"
"The Portable Device Enumerator Service service entered the stopped state.","7036","0","16384","4","0","0","-9187343239835811840","5405","Service Control Manager","555908d1-a6d7-4695-8e1e-26931d2012f4","System","628","4700","ServerDC2.ad.jasonsexperiments.com",,"5/24/2025 10:30:31 AM",,,"System","System.UInt32[]","System.Diagnostics.Eventing.Reader.EventBookmark","Information",,,"System.Collections.ObjectModel.ReadOnlyCollection`1[System.String]","System.Collections.Generic.List`1[System.Diagnostics.Eventing.Reader.EventProperty]"
"The Connected Devices Platform Service service entered the running state.","7036","0","16384","4","0","0","-9187343239835811840","5404","Service Control Manager","555908d1-a6d7-4695-8e1e-26931d2012f4","System","628","4200","ServerDC2.ad.jasonsexperiments.com",,"5/24/2025 10:30:16 AM",,,"System","System.UInt32[]","System.Diagnostics.Eventing.Reader.EventBookmark","Information",,,"System.Collections.ObjectModel.ReadOnlyCollection`1[System.String]","System.Collections.Generic.List`1[System.Diagnostics.Eventing.Reader.EventProperty]"
"The CNG Key Isolation service entered the running state.","7036","0","16384","4","0","0","-9187343239835811840","5403","Service Control Manager","555908d1-a6d7-4695-8e1e-26931d2012f4","System","628","4200","ServerDC2.ad.jasonsexperiments.com",,"5/24/2025 10:30:16 AM",,,"System","System.UInt32[]","System.Diagnostics.Eventing.Reader.EventBookmark","Information",,,"System.Collections.ObjectModel.ReadOnlyCollection`1[System.String]","System.Collections.Generic.List`1[System.Diagnostics.Eventing.Reader.EventProperty]"
"The Update Orchestrator Service service entered the running state.","7036","0","16384","4","0","0","-9187343239835811840","5402","Service Control Manager","555908d1-a6d7-4695-8e1e-26931d2012f4","System","628","5012","ServerDC2.ad.jasonsexperiments.com",,"5/24/2025 10:30:16 AM",,,"System","System.UInt32[]","System.Diagnostics.Eventing.Reader.EventBookmark","Information",,,"System.Collections.ObjectModel.ReadOnlyCollection`1[System.String]","System.Collections.Generic.List`1[System.Diagnostics.Eventing.Reader.EventProperty]"
"The User Access Logging Service service entered the running state.","7036","0","16384","4","0","0","-9187343239835811840","5401","Service Control Manager","555908d1-a6d7-4695-8e1e-26931d2012f4","System","628","4200","ServerDC2.ad.jasonsexperiments.com",,"5/24/2025 10:30:15 AM",,,"System","System.UInt32[]","System.Diagnostics.Eventing.Reader.EventBookmark","Information",,,"System.Collections.ObjectModel.ReadOnlyCollection`1[System.String]","System.Collections.Generic.List`1[System.Diagnostics.Eventing.Reader.EventProperty]"
"The Network Setup Service service entered the running state.","7036","0","16384","4","0","0","-9187343239835811840","5400","Service Control Manager","555908d1-a6d7-4695-8e1e-26931d2012f4","System","628","4200","ServerDC2.ad.jasonsexperiments.com",,"5/24/2025 10:30:14 AM",,,"System","System.UInt32[]","System.Diagnostics.Eventing.Reader.EventBookmark","Information",,,"System.Collections.ObjectModel.ReadOnlyCollection`1[System.String]","System.Collections.Generic.List`1[System.Diagnostics.Eventing.Reader.EventProperty]"
"The Software Protection service entered the running state.","7036","0","16384","4","0","0","-9187343239835811840","5399","Service Control Manager","555908d1-a6d7-4695-8e1e-26931d2012f4","System","628","5012","ServerDC2.ad.jasonsexperiments.com",,"5/24/2025 10:30:14 AM",,,"System","System.UInt32[]","System.Diagnostics.Eventing.Reader.EventBookmark","Information",,,"System.Collections.ObjectModel.ReadOnlyCollection`1[System.String]","System.Collections.Generic.List`1[System.Diagnostics.Eventing.Reader.EventProperty]"
"The Distributed Transaction Coordinator service entered the running state.","7036","0","16384","4","0","0","-9187343239835811840","5398","Service Control Manager","555908d1-a6d7-4695-8e1e-26931d2012f4","System","628","5012","ServerDC2.ad.jasonsexperiments.com",,"5/24/2025 10:30:14 AM",,,"System","System.UInt32[]","System.Diagnostics.Eventing.Reader.EventBookmark","Information",,,"System.Collections.ObjectModel.ReadOnlyCollection`1[System.String]","System.Collections.Generic.List`1[System.Diagnostics.Eventing.Reader.EventProperty]"
"The Diagnostic Policy Service service entered the running state.","7036","0","16384","4","0","0","-9187343239835811840","5397","Service Control Manager","555908d1-a6d7-4695-8e1e-26931d2012f4","System","628","5012","ServerDC2.ad.jasonsexperiments.com",,"5/24/2025 10:30:14 AM",,,"System","System.UInt32[]","System.Diagnostics.Eventing.Reader.EventBookmark","Information",,,"System.Collections.ObjectModel.ReadOnlyCollection`1[System.String]","System.Collections.Generic.List`1[System.Diagnostics.Eventing.Reader.EventProperty]"
"Hive \SystemRoot\System32\config\DRIVERS was reorganized with a starting size of 3973120 bytes and an ending size of 3817472 bytes.","15","0",,"4","0","0","-9223372036854775808","5396","Microsoft-Windows-Kernel-General","a68ca8b7-004f-d7b6-a698-07e2de0f1f5d","System","4","260","ServerDC2.ad.jasonsexperiments.com","S-1-5-18","5/24/2025 10:30:13 AM",,,"System","System.UInt32[]","System.Diagnostics.Eventing.Reader.EventBookmark","Information","Info",,"System.Collections.ObjectModel.ReadOnlyCollection`1[System.String]","System.Collections.Generic.List`1[System.Diagnostics.Eventing.Reader.EventProperty]"
"The Windows Update service entered the running state.","7036","0","16384","4","0","0","-9187343239835811840","5395","Service Control Manager","555908d1-a6d7-4695-8e1e-26931d2012f4","System","628","780","ServerDC2.ad.jasonsexperiments.com",,"5/24/2025 10:28:34 AM",,,"System","System.UInt32[]","System.Diagnostics.Eventing.Reader.EventBookmark","Information",,,"System.Collections.ObjectModel.ReadOnlyCollection`1[System.String]","System.Collections.Generic.List`1[System.Diagnostics.Eventing.Reader.EventProperty]"
"The Delivery Optimization service entered the stopped state.","7036","0","16384","4","0","0","-9187343239835811840","5394","Service Control Manager","555908d1-a6d7-4695-8e1e-26931d2012f4","System","628","780","ServerDC2.ad.jasonsexperiments.com",,"5/24/2025 10:28:34 AM",,,"System","System.UInt32[]","System.Diagnostics.Eventing.Reader.EventBookmark","Information",,,"System.Collections.ObjectModel.ReadOnlyCollection`1[System.String]","System.Collections.Generic.List`1[System.Diagnostics.Eventing.Reader.EventProperty]"
"The access history in hive \??\C:\Windows\ServiceProfiles\NetworkService\AppData\Local\Microsoft\Windows\DeliveryOptimization\State\dosvcState.dat was cleared updating 4 keys and creating 1 modified pages.","16","0",,"4","0","0","-9223372036854775808","5393","Microsoft-Windows-Kernel-General","a68ca8b7-004f-d7b6-a698-07e2de0f1f5d","System","4412","4464","ServerDC2.ad.jasonsexperiments.com","S-1-5-18","5/24/2025 10:28:34 AM",,,"System","System.UInt32[]","System.Diagnostics.Eventing.Reader.EventBookmark","Information","Info",,"System.Collections.ObjectModel.ReadOnlyCollection`1[System.String]","System.Collections.Generic.List`1[System.Diagnostics.Eventing.Reader.EventProperty]"
"The Delivery Optimization service entered the running state.","7036","0","16384","4","0","0","-9187343239835811840","5392","Service Control Manager","555908d1-a6d7-4695-8e1e-26931d2012f4","System","628","968","ServerDC2.ad.jasonsexperiments.com",,"5/24/2025 10:28:34 AM",,,"System","System.UInt32[]","System.Diagnostics.Eventing.Reader.EventBookmark","Information",,,"System.Collections.ObjectModel.ReadOnlyCollection`1[System.String]","System.Collections.Generic.List`1[System.Diagnostics.Eventing.Reader.EventProperty]"
"The access history in hive \??\C:\Windows\ServiceProfiles\NetworkService\AppData\Local\Microsoft\Windows\DeliveryOptimization\State\migration.dat was cleared updating 4 keys and creating 1 modified pages.","16","0",,"4","0","0","-9223372036854775808","5391","Microsoft-Windows-Kernel-General","a68ca8b7-004f-d7b6-a698-07e2de0f1f5d","System","4412","4464","ServerDC2.ad.jasonsexperiments.com","S-1-5-18","5/24/2025 10:28:34 AM",,,"System","System.UInt32[]","System.Diagnostics.Eventing.Reader.EventBookmark","Information","Info",,"System.Collections.ObjectModel.ReadOnlyCollection`1[System.String]","System.Collections.Generic.List`1[System.Diagnostics.Eventing.Reader.EventProperty]"
"The Network Connectivity Assistant service entered the stopped state.","7036","0","16384","4","0","0","-9187343239835811840","5390","Service Control Manager","555908d1-a6d7-4695-8e1e-26931d2012f4","System","628","968","ServerDC2.ad.jasonsexperiments.com",,"5/24/2025 10:28:34 AM",,,"System","System.UInt32[]","System.Diagnostics.Eventing.Reader.EventBookmark","Information",,,"System.Collections.ObjectModel.ReadOnlyCollection`1[System.String]","System.Collections.Generic.List`1[System.Diagnostics.Eventing.Reader.EventProperty]"
"Name resolution for the name ad.jasonsexperiments.com timed out after none of the configured DNS servers responded.","1014","0",,"3","1014","0","4611686018695823360","5389","Microsoft-Windows-DNS-Client","1c95126e-7eea-49a9-a3fe-a378b03ddb4d","System","636","4280","ServerDC2.ad.jasonsexperiments.com","S-1-5-18","5/24/2025 10:28:33 AM",,,"System","System.UInt32[]","System.Diagnostics.Eventing.Reader.EventBookmark","Warning","Info",,"System.Collections.ObjectModel.ReadOnlyCollection`1[System.String]","System.Collections.Generic.List`1[System.Diagnostics.Eventing.Reader.EventProperty]"
"The DNS service entered the running state.","7036","0","16384","4","0","0","-9187343239835811840","5388","Service Control Manager","555908d1-a6d7-4695-8e1e-26931d2012f4","System","628","1084","ServerDC2.ad.jasonsexperiments.com",,"5/24/2025 10:28:33 AM",,,"System","System.UInt32[]","System.Diagnostics.Eventing.Reader.EventBookmark","Information",,,"System.Collections.ObjectModel.ReadOnlyCollection`1[System.String]","System.Collections.Generic.List`1[System.Diagnostics.Eventing.Reader.EventProperty]"
"The sppsvc service entered the stopped state.","7036","0","16384","4","0","0","-9187343239835811840","5387","Service Control Manager","555908d1-a6d7-4695-8e1e-26931d2012f4","System","628","1084","ServerDC2.ad.jasonsexperiments.com",,"5/24/2025 10:28:28 AM",,,"System","System.UInt32[]","System.Diagnostics.Eventing.Reader.EventBookmark","Information",,,"System.Collections.ObjectModel.ReadOnlyCollection`1[System.String]","System.Collections.Generic.List`1[System.Diagnostics.Eventing.Reader.EventProperty]"
"The W32Time service entered the running state.","7036","0","16384","4","0","0","-9187343239835811840","5386","Service Control Manager","555908d1-a6d7-4695-8e1e-26931d2012f4","System","628","1084","ServerDC2.ad.jasonsexperiments.com",,"5/24/2025 10:28:24 AM",,,"System","System.UInt32[]","System.Diagnostics.Eventing.Reader.EventBookmark","Information",,,"System.Collections.ObjectModel.ReadOnlyCollection`1[System.String]","System.Collections.Generic.List`1[System.Diagnostics.Eventing.Reader.EventProperty]"
"Time Provider NtpClient: This machine is configured to use the domain hierarchy to determine its time source, but it is the AD PDC emulator for the domain at the root of the forest, so there is no machine above it in the domain hierarchy to use as a time source. It is recommended that you either configure a reliable time service in the root domain, or manually configure the AD PDC to synchronize with an external time source. Otherwise, this machine will function as the authoritative time source in the domain hierarchy. If an external time source is not configured or used for this computer, you may choose to disable the NtpClient.","12","0",,"3","0","0","-9223372036854775808","5385","Microsoft-Windows-Time-Service","06edcfeb-0fd0-4e53-acca-a6f8bbf81bcb","System","948","1180","ServerDC2.ad.jasonsexperiments.com","S-1-5-19","5/24/2025 10:28:24 AM",,,"System","System.UInt32[]","System.Diagnostics.Eventing.Reader.EventBookmark","Warning","Info",,"System.Collections.ObjectModel.ReadOnlyCollection`1[System.String]","System.Collections.Generic.List`1[System.Diagnostics.Eventing.Reader.EventProperty]"
"The WinRM service failed to create the following SPNs: WSMAN/ServerDC2.ad.jasonsexperiments.com; WSMAN/ServerDC2. 

 Additional Data 
 The error received was 1355: %%1355.

 User Action 
 The SPNs can be created by an administrator using setspn.exe utility.","10154","0","7","3","0","0","36028797018963968","5384","Microsoft-Windows-WinRM","a7975c8f-ac13-49f1-87da-5a984a4ab417","System","0","0","ServerDC2.ad.jasonsexperiments.com",,"5/24/2025 10:28:24 AM",,,"System","System.UInt32[]","System.Diagnostics.Eventing.Reader.EventBookmark","Warning","Info",,"System.Collections.ObjectModel.ReadOnlyCollection`1[System.String]","System.Collections.Generic.List`1[System.Diagnostics.Eventing.Reader.EventProperty]"
"The Trusted Platform Module (TPM) hardware on this computer cannot be provisioned for use automatically.  To set up the TPM interactively use the TPM management console (Start->tpm.msc) and use the action to make the TPM ready.

Error: TPM 1.2: The command was received in the wrong sequence relative to TPM_Init and a subsequent TPM_Startup.
Additional Information: 0x900020","1026","0",,"4","0","0","-9223372036854775808","5383","Microsoft-Windows-TPM-WMI","7d5387b0-cbe0-11da-a94d-0800200c9a66","System","3872","2932","ServerDC2.ad.jasonsexperiments.com","S-1-5-18","5/24/2025 10:28:14 AM",,,"System","System.UInt32[]","System.Diagnostics.Eventing.Reader.EventBookmark","Information","Info",,"System.Collections.ObjectModel.ReadOnlyCollection`1[System.String]","System.Collections.Generic.List`1[System.Diagnostics.Eventing.Reader.EventProperty]"
"The Microsoft Account Sign-in Assistant service entered the running state.","7036","0","16384","4","0","0","-9187343239835811840","5382","Service Control Manager","555908d1-a6d7-4695-8e1e-26931d2012f4","System","628","1084","ServerDC2.ad.jasonsexperiments.com",,"5/24/2025 10:28:13 AM",,,"System","System.UInt32[]","System.Diagnostics.Eventing.Reader.EventBookmark","Information",,,"System.Collections.ObjectModel.ReadOnlyCollection`1[System.String]","System.Collections.Generic.List`1[System.Diagnostics.Eventing.Reader.EventProperty]"
"The time service has started advertising as a good time source.","143","0",,"4","0","0","-9223372036854775808","5381","Microsoft-Windows-Time-Service","06edcfeb-0fd0-4e53-acca-a6f8bbf81bcb","System","948","2236","ServerDC2.ad.jasonsexperiments.com","S-1-5-19","5/24/2025 10:28:13 AM",,,"System","System.UInt32[]","System.Diagnostics.Eventing.Reader.EventBookmark","Information","Info",,"System.Collections.ObjectModel.ReadOnlyCollection`1[System.String]","System.Collections.Generic.List`1[System.Diagnostics.Eventing.Reader.EventProperty]"
"The time service has started advertising as a time source.","139","0",,"4","0","0","-9223372036854775808","5380","Microsoft-Windows-Time-Service","06edcfeb-0fd0-4e53-acca-a6f8bbf81bcb","System","948","2236","ServerDC2.ad.jasonsexperiments.com","S-1-5-19","5/24/2025 10:28:13 AM",,,"System","System.UInt32[]","System.Diagnostics.Eventing.Reader.EventBookmark","Information","Info",,"System.Collections.ObjectModel.ReadOnlyCollection`1[System.String]","System.Collections.Generic.List`1[System.Diagnostics.Eventing.Reader.EventProperty]"
"The access history in hive \??\C:\Windows\AppCompat\Programs\Amcache.hve was cleared updating 718 keys and creating 250 modified pages.","16","0",,"4","0","0","-9223372036854775808","5379","Microsoft-Windows-Kernel-General","a68ca8b7-004f-d7b6-a698-07e2de0f1f5d","System","2944","3908","ServerDC2.ad.jasonsexperiments.com","S-1-5-18","5/24/2025 10:28:12 AM",,,"System","System.UInt32[]","System.Diagnostics.Eventing.Reader.EventBookmark","Information","Info",,"System.Collections.ObjectModel.ReadOnlyCollection`1[System.String]","System.Collections.Generic.List`1[System.Diagnostics.Eventing.Reader.EventProperty]"
"The DiagTrack service entered the running state.","7036","0","16384","4","0","0","-9187343239835811840","5378","Service Control Manager","555908d1-a6d7-4695-8e1e-26931d2012f4","System","628","1084","ServerDC2.ad.jasonsexperiments.com",,"5/24/2025 10:28:11 AM",,,"System","System.UInt32[]","System.Diagnostics.Eventing.Reader.EventBookmark","Information",,,"System.Collections.ObjectModel.ReadOnlyCollection`1[System.String]","System.Collections.Generic.List`1[System.Diagnostics.Eventing.Reader.EventProperty]"
"This event triggers the Trusted Platform Module (TPM) provisioning/status check to run.","18","0",,"4","0","0","-9223372036854775808","5377","TPM","1b6b0772-251b-4d42-917d-faca166bc059","System","4","320","ServerDC2.ad.jasonsexperiments.com","S-1-5-18","5/24/2025 10:28:11 AM",,,"System","System.UInt32[]","System.Diagnostics.Eventing.Reader.EventBookmark","Information","Info",,"System.Collections.ObjectModel.ReadOnlyCollection`1[System.String]","System.Collections.Generic.List`1[System.Diagnostics.Eventing.Reader.EventProperty]"
"The following boot-start or system-start driver(s) did not load: 
dam","7026","0","49152","4","0","0","-9187343239835811840","5376","Service Control Manager","555908d1-a6d7-4695-8e1e-26931d2012f4","System","628","632","ServerDC2.ad.jasonsexperiments.com",,"5/24/2025 10:28:11 AM",,,"System","System.UInt32[]","System.Diagnostics.Eventing.Reader.EventBookmark","Information",,,"System.Collections.ObjectModel.ReadOnlyCollection`1[System.String]","System.Collections.Generic.List`1[System.Diagnostics.Eventing.Reader.EventProperty]"
"The ADWS service entered the running state.","7036","0","16384","4","0","0","-9187343239835811840","5375","Service Control Manager","555908d1-a6d7-4695-8e1e-26931d2012f4","System","628","780","ServerDC2.ad.jasonsexperiments.com",,"5/24/2025 10:28:11 AM",,,"System","System.UInt32[]","System.Diagnostics.Eventing.Reader.EventBookmark","Information",,,"System.Collections.ObjectModel.ReadOnlyCollection`1[System.String]","System.Collections.Generic.List`1[System.Diagnostics.Eventing.Reader.EventProperty]"
"The vds service entered the running state.","7036","0","16384","4","0","0","-9187343239835811840","5374","Service Control Manager","555908d1-a6d7-4695-8e1e-26931d2012f4","System","628","780","ServerDC2.ad.jasonsexperiments.com",,"5/24/2025 10:28:11 AM",,,"System","System.UInt32[]","System.Diagnostics.Eventing.Reader.EventBookmark","Information",,,"System.Collections.ObjectModel.ReadOnlyCollection`1[System.String]","System.Collections.Generic.List`1[System.Diagnostics.Eventing.Reader.EventProperty]"
"Service started.","3",,"16896","4","0",,"36028797018963968","5373","Virtual Disk Service",,"System",,,"ServerDC2.ad.jasonsexperiments.com",,"5/24/2025 10:28:11 AM",,,"System","System.UInt32[]","System.Diagnostics.Eventing.Reader.EventBookmark","Information",,,"System.Collections.ObjectModel.ReadOnlyCollection`1[System.String]","System.Collections.Generic.List`1[System.Diagnostics.Eventing.Reader.EventProperty]"
"The RasMan service entered the running state.","7036","0","16384","4","0","0","-9187343239835811840","5372","Service Control Manager","555908d1-a6d7-4695-8e1e-26931d2012f4","System","628","1084","ServerDC2.ad.jasonsexperiments.com",,"5/24/2025 10:28:11 AM",,,"System","System.UInt32[]","System.Diagnostics.Eventing.Reader.EventBookmark","Information",,,"System.Collections.ObjectModel.ReadOnlyCollection`1[System.String]","System.Collections.Generic.List`1[System.Diagnostics.Eventing.Reader.EventProperty]"
